[ 2015-07-18T10:52:42+08:00 ] 0.0.0.0 /~changzhao619/2015/web/login.php?m=Index&a=adminindex
INFO: [ app_begin ] --START--
INFO: ReadHtmlCache Behavior ::run [ RunTime:0.000255s ]
INFO: [ app_begin ] --END-- [ RunTime:0.000304s ]
NOTIC: [8] Undefined index: type_link /Users/changzhao619/Sites/2015/web/protected/admin/Lib/Action/IndexAction.class.php 第 46 行.
INFO: [ view_parse ] --START--
INFO: ParseTemplate Behavior ::run [ RunTime:0.011833s ]
INFO: [ view_parse ] --END-- [ RunTime:0.011912s ]
INFO: [ view_filter ] --START--
INFO: ContentReplace Behavior ::run [ RunTime:0.000399s ]
INFO: TokenBuild Behavior ::run [ RunTime:0.000326s ]
INFO: WriteHtmlCache Behavior ::run [ RunTime:0.000215s ]
INFO: ShowRuntime Behavior ::run [ RunTime:0.000383s ]
INFO: [ view_filter ] --END-- [ RunTime:0.001484s ]
INFO: [ view_end ] --START--
INFO: ShowPageTrace Behavior ::run [ RunTime:0.001023s ]
INFO: [ view_end ] --END-- [ RunTime:0.001102s ]

[ 2015-07-18T10:52:42+08:00 ] 0.0.0.0 /~changzhao619/2015/web/login.php?m=Index&a=defaultpage
INFO: [ app_begin ] --START--
INFO: ReadHtmlCache Behavior ::run [ RunTime:0.000580s ]
INFO: [ app_begin ] --END-- [ RunTime:0.000674s ]
INFO: [ view_parse ] --START--
INFO: ParseTemplate Behavior ::run [ RunTime:0.005918s ]
INFO: [ view_parse ] --END-- [ RunTime:0.006019s ]
INFO: [ view_filter ] --START--
INFO: ContentReplace Behavior ::run [ RunTime:0.000312s ]
INFO: TokenBuild Behavior ::run [ RunTime:0.000291s ]
INFO: WriteHtmlCache Behavior ::run [ RunTime:0.000180s ]
INFO: ShowRuntime Behavior ::run [ RunTime:0.000329s ]
INFO: [ view_filter ] --END-- [ RunTime:0.001284s ]
INFO: [ view_end ] --START--
INFO: ShowPageTrace Behavior ::run [ RunTime:0.000461s ]
INFO: [ view_end ] --END-- [ RunTime:0.000510s ]

[ 2015-07-18T10:52:44+08:00 ] 0.0.0.0 /~changzhao619/2015/web/login.php?m=Index&a=adminIndex&type_link=1
INFO: [ app_begin ] --START--
INFO: ReadHtmlCache Behavior ::run [ RunTime:0.000240s ]
INFO: [ app_begin ] --END-- [ RunTime:0.000280s ]
INFO: [ view_parse ] --START--
INFO: ParseTemplate Behavior ::run [ RunTime:0.011638s ]
INFO: [ view_parse ] --END-- [ RunTime:0.011720s ]
INFO: [ view_filter ] --START--
INFO: ContentReplace Behavior ::run [ RunTime:0.000349s ]
INFO: TokenBuild Behavior ::run [ RunTime:0.000315s ]
INFO: WriteHtmlCache Behavior ::run [ RunTime:0.000199s ]
INFO: ShowRuntime Behavior ::run [ RunTime:0.000416s ]
INFO: [ view_filter ] --END-- [ RunTime:0.001446s ]
INFO: [ view_end ] --START--
INFO: ShowPageTrace Behavior ::run [ RunTime:0.000715s ]
INFO: [ view_end ] --END-- [ RunTime:0.000767s ]

[ 2015-07-18T10:52:45+08:00 ] 0.0.0.0 /~changzhao619/2015/web/login.php?m=Index&a=m1_sub1
INFO: [ app_begin ] --START--
INFO: ReadHtmlCache Behavior ::run [ RunTime:0.000268s ]
INFO: [ app_begin ] --END-- [ RunTime:0.000309s ]
SQL: SHOW COLUMNS FROM `think_articlemodel` [ RunTime:0.012079s ]
SQL: SELECT COUNT(*) AS tp_count FROM `think_articlemodel` LIMIT 1   [ RunTime:0.000405s ]
SQL: SELECT * FROM `think_articlemodel` ORDER BY id LIMIT 0,20   [ RunTime:0.000414s ]
INFO: [ view_parse ] --START--
INFO: ParseTemplate Behavior ::run [ RunTime:0.010931s ]
INFO: [ view_parse ] --END-- [ RunTime:0.011013s ]
INFO: [ view_filter ] --START--
INFO: ContentReplace Behavior ::run [ RunTime:0.000338s ]
INFO: TokenBuild Behavior ::run [ RunTime:0.000305s ]
INFO: WriteHtmlCache Behavior ::run [ RunTime:0.000197s ]
INFO: ShowRuntime Behavior ::run [ RunTime:0.000371s ]
INFO: [ view_filter ] --END-- [ RunTime:0.001367s ]
INFO: [ view_end ] --START--
INFO: ShowPageTrace Behavior ::run [ RunTime:0.000557s ]
INFO: [ view_end ] --END-- [ RunTime:0.000632s ]

[ 2015-07-18T11:02:54+08:00 ] 0.0.0.0 /~changzhao619/2015/web/login.php?m=Index&a=adminindex
INFO: [ app_begin ] --START--
INFO: ReadHtmlCache Behavior ::run [ RunTime:0.000467s ]
INFO: [ app_begin ] --END-- [ RunTime:0.000548s ]
NOTIC: [8] Undefined index: type_link /Users/changzhao619/Sites/2015/web/protected/admin/Lib/Action/IndexAction.class.php 第 46 行.
INFO: [ view_parse ] --START--
INFO: ParseTemplate Behavior ::run [ RunTime:0.019525s ]
INFO: [ view_parse ] --END-- [ RunTime:0.019614s ]
INFO: [ view_filter ] --START--
INFO: ContentReplace Behavior ::run [ RunTime:0.000365s ]
INFO: TokenBuild Behavior ::run [ RunTime:0.000278s ]
INFO: WriteHtmlCache Behavior ::run [ RunTime:0.000177s ]
INFO: ShowRuntime Behavior ::run [ RunTime:0.000465s ]
INFO: [ view_filter ] --END-- [ RunTime:0.001474s ]
INFO: [ view_end ] --START--
INFO: ShowPageTrace Behavior ::run [ RunTime:0.000788s ]
INFO: [ view_end ] --END-- [ RunTime:0.000847s ]

[ 2015-07-18T11:02:54+08:00 ] 0.0.0.0 /~changzhao619/2015/web/login.php?m=Index&a=defaultpage
INFO: [ app_begin ] --START--
INFO: ReadHtmlCache Behavior ::run [ RunTime:0.000473s ]
INFO: [ app_begin ] --END-- [ RunTime:0.000560s ]
INFO: [ view_parse ] --START--
INFO: ParseTemplate Behavior ::run [ RunTime:0.006481s ]
INFO: [ view_parse ] --END-- [ RunTime:0.006598s ]
INFO: [ view_filter ] --START--
INFO: ContentReplace Behavior ::run [ RunTime:0.000296s ]
INFO: TokenBuild Behavior ::run [ RunTime:0.000282s ]
INFO: WriteHtmlCache Behavior ::run [ RunTime:0.000234s ]
INFO: ShowRuntime Behavior ::run [ RunTime:0.000363s ]
INFO: [ view_filter ] --END-- [ RunTime:0.001342s ]
INFO: [ view_end ] --START--
INFO: ShowPageTrace Behavior ::run [ RunTime:0.000521s ]
INFO: [ view_end ] --END-- [ RunTime:0.000568s ]

[ 2015-07-18T11:04:56+08:00 ] 0.0.0.0 /~changzhao619/2015/web/login.php?m=Index&a=adminIndex&type_link=1
INFO: [ app_begin ] --START--
INFO: ReadHtmlCache Behavior ::run [ RunTime:0.000304s ]
INFO: [ app_begin ] --END-- [ RunTime:0.000362s ]
INFO: [ view_parse ] --START--
INFO: ParseTemplate Behavior ::run [ RunTime:0.009592s ]
INFO: [ view_parse ] --END-- [ RunTime:0.009652s ]
INFO: [ view_filter ] --START--
INFO: ContentReplace Behavior ::run [ RunTime:0.000215s ]
INFO: TokenBuild Behavior ::run [ RunTime:0.000194s ]
INFO: WriteHtmlCache Behavior ::run [ RunTime:0.000113s ]
INFO: ShowRuntime Behavior ::run [ RunTime:0.000268s ]
INFO: [ view_filter ] --END-- [ RunTime:0.000889s ]
INFO: [ view_end ] --START--
INFO: ShowPageTrace Behavior ::run [ RunTime:0.000351s ]
INFO: [ view_end ] --END-- [ RunTime:0.000387s ]

[ 2015-07-18T11:04:57+08:00 ] 0.0.0.0 /~changzhao619/2015/web/login.php?m=Index&a=m1_sub1
INFO: [ app_begin ] --START--
INFO: ReadHtmlCache Behavior ::run [ RunTime:0.000348s ]
INFO: [ app_begin ] --END-- [ RunTime:0.000418s ]
SQL: SHOW COLUMNS FROM `think_articlemodel` [ RunTime:0.024832s ]
SQL: SELECT COUNT(*) AS tp_count FROM `think_articlemodel` LIMIT 1   [ RunTime:0.000281s ]
SQL: SELECT * FROM `think_articlemodel` ORDER BY id LIMIT 0,20   [ RunTime:0.000318s ]
INFO: [ view_parse ] --START--
INFO: ParseTemplate Behavior ::run [ RunTime:0.011048s ]
INFO: [ view_parse ] --END-- [ RunTime:0.011140s ]
INFO: [ view_filter ] --START--
INFO: ContentReplace Behavior ::run [ RunTime:0.000391s ]
INFO: TokenBuild Behavior ::run [ RunTime:0.000329s ]
INFO: WriteHtmlCache Behavior ::run [ RunTime:0.000251s ]
INFO: ShowRuntime Behavior ::run [ RunTime:0.000653s ]
INFO: [ view_filter ] --END-- [ RunTime:0.001806s ]
INFO: [ view_end ] --START--
INFO: ShowPageTrace Behavior ::run [ RunTime:0.000933s ]
INFO: [ view_end ] --END-- [ RunTime:0.001042s ]

[ 2015-07-18T11:05:00+08:00 ] 0.0.0.0 /~changzhao619/2015/web/login.php?m=Index&a=m1_sub1
INFO: [ app_begin ] --START--
INFO: ReadHtmlCache Behavior ::run [ RunTime:0.000246s ]
INFO: [ app_begin ] --END-- [ RunTime:0.000292s ]
SQL: SHOW COLUMNS FROM `think_articlemodel` [ RunTime:0.025045s ]
SQL: SELECT COUNT(*) AS tp_count FROM `think_articlemodel` LIMIT 1   [ RunTime:0.000422s ]
SQL: SELECT * FROM `think_articlemodel` ORDER BY id LIMIT 0,20   [ RunTime:0.000362s ]
INFO: [ view_parse ] --START--
INFO: ParseTemplate Behavior ::run [ RunTime:0.012217s ]
INFO: [ view_parse ] --END-- [ RunTime:0.012314s ]
INFO: [ view_filter ] --START--
INFO: ContentReplace Behavior ::run [ RunTime:0.000342s ]
INFO: TokenBuild Behavior ::run [ RunTime:0.000211s ]
INFO: WriteHtmlCache Behavior ::run [ RunTime:0.000134s ]
INFO: ShowRuntime Behavior ::run [ RunTime:0.000257s ]
INFO: [ view_filter ] --END-- [ RunTime:0.001059s ]
INFO: [ view_end ] --START--
INFO: ShowPageTrace Behavior ::run [ RunTime:0.000583s ]
INFO: [ view_end ] --END-- [ RunTime:0.000643s ]

[ 2015-07-18T11:05:05+08:00 ] 0.0.0.0 /~changzhao619/2015/web/login.php?m=Index&a=m1_sub1_add&id=1
INFO: [ app_begin ] --START--
INFO: ReadHtmlCache Behavior ::run [ RunTime:0.000372s ]
INFO: [ app_begin ] --END-- [ RunTime:0.000433s ]
NOTIC: [8] Undefined index: submit /Users/changzhao619/Sites/2015/web/protected/admin/Lib/Action/IndexAction.class.php 第 140 行.
NOTIC: [8] Undefined index: updata /Users/changzhao619/Sites/2015/web/protected/admin/Lib/Action/IndexAction.class.php 第 152 行.
SQL: SHOW COLUMNS FROM `think_articlemodel` [ RunTime:0.007537s ]
SQL: SELECT * FROM `think_articlemodel` WHERE ( id ="1" ) LIMIT 1   [ RunTime:0.000383s ]
INFO: [ view_parse ] --START--
INFO: ParseTemplate Behavior ::run [ RunTime:0.008124s ]
INFO: [ view_parse ] --END-- [ RunTime:0.008199s ]
INFO: [ view_filter ] --START--
INFO: ContentReplace Behavior ::run [ RunTime:0.000280s ]
INFO: TokenBuild Behavior ::run [ RunTime:0.000182s ]
INFO: WriteHtmlCache Behavior ::run [ RunTime:0.000115s ]
INFO: ShowRuntime Behavior ::run [ RunTime:0.000212s ]
INFO: [ view_filter ] --END-- [ RunTime:0.000879s ]
INFO: [ view_end ] --START--
INFO: ShowPageTrace Behavior ::run [ RunTime:0.000282s ]
INFO: [ view_end ] --END-- [ RunTime:0.000310s ]

[ 2015-07-18T11:05:10+08:00 ] 0.0.0.0 /~changzhao619/2015/web/login.php?m=Index&a=m1_sub1
INFO: [ app_begin ] --START--
INFO: ReadHtmlCache Behavior ::run [ RunTime:0.000407s ]
INFO: [ app_begin ] --END-- [ RunTime:0.000513s ]
SQL: SHOW COLUMNS FROM `think_articlemodel` [ RunTime:0.013177s ]
SQL: SELECT COUNT(*) AS tp_count FROM `think_articlemodel` LIMIT 1   [ RunTime:0.000362s ]
SQL: SELECT * FROM `think_articlemodel` ORDER BY id LIMIT 0,20   [ RunTime:0.000470s ]
INFO: [ view_parse ] --START--
INFO: ParseTemplate Behavior ::run [ RunTime:0.007817s ]
INFO: [ view_parse ] --END-- [ RunTime:0.007895s ]
INFO: [ view_filter ] --START--
INFO: ContentReplace Behavior ::run [ RunTime:0.000189s ]
INFO: TokenBuild Behavior ::run [ RunTime:0.000155s ]
INFO: WriteHtmlCache Behavior ::run [ RunTime:0.000098s ]
INFO: ShowRuntime Behavior ::run [ RunTime:0.000232s ]
INFO: [ view_filter ] --END-- [ RunTime:0.000766s ]
INFO: [ view_end ] --START--
INFO: ShowPageTrace Behavior ::run [ RunTime:0.000470s ]
INFO: [ view_end ] --END-- [ RunTime:0.000517s ]

[ 2015-07-18T11:05:11+08:00 ] 0.0.0.0 /~changzhao619/2015/web/login.php?m=Index&a=adminIndex&type_link=2
INFO: [ app_begin ] --START--
INFO: ReadHtmlCache Behavior ::run [ RunTime:0.000428s ]
INFO: [ app_begin ] --END-- [ RunTime:0.000488s ]
SQL: SHOW COLUMNS FROM `think_articlemodel` [ RunTime:0.011165s ]
SQL: SELECT * FROM `think_articlemodel`  [ RunTime:0.000362s ]
INFO: [ view_parse ] --START--
INFO: ParseTemplate Behavior ::run [ RunTime:0.004610s ]
INFO: [ view_parse ] --END-- [ RunTime:0.004655s ]
INFO: [ view_filter ] --START--
INFO: ContentReplace Behavior ::run [ RunTime:0.000171s ]
INFO: TokenBuild Behavior ::run [ RunTime:0.000150s ]
INFO: WriteHtmlCache Behavior ::run [ RunTime:0.000094s ]
INFO: ShowRuntime Behavior ::run [ RunTime:0.000189s ]
INFO: [ view_filter ] --END-- [ RunTime:0.000677s ]
INFO: [ view_end ] --START--
INFO: ShowPageTrace Behavior ::run [ RunTime:0.000271s ]
INFO: [ view_end ] --END-- [ RunTime:0.000295s ]

[ 2015-07-18T11:05:12+08:00 ] 0.0.0.0 /~changzhao619/2015/web/login.php?m=Index&a=m2_articlelist&enname=jiuyexinwen
INFO: [ app_begin ] --START--
INFO: ReadHtmlCache Behavior ::run [ RunTime:0.000321s ]
INFO: [ app_begin ] --END-- [ RunTime:0.000379s ]
SQL: SHOW COLUMNS FROM `think_article` [ RunTime:0.011579s ]
SQL: SELECT COUNT(*) AS tp_count FROM `think_article` LIMIT 1   [ RunTime:0.000282s ]
SQL: SELECT * FROM `think_article` WHERE ( entype = "jiuyexinwen" ) ORDER BY createtime desc LIMIT 0,22   [ RunTime:0.000394s ]
INFO: [ view_parse ] --START--
NOTIC: [8] Undefined variable: page /Users/changzhao619/Sites/2015/web/protected/admin/Runtime/Cache/16553e3802d13786c90618cba355afb2.php 第 74 行.
INFO: ParseTemplate Behavior ::run [ RunTime:0.006197s ]
INFO: [ view_parse ] --END-- [ RunTime:0.006246s ]
INFO: [ view_filter ] --START--
INFO: ContentReplace Behavior ::run [ RunTime:0.000208s ]
INFO: TokenBuild Behavior ::run [ RunTime:0.000177s ]
INFO: WriteHtmlCache Behavior ::run [ RunTime:0.000113s ]
INFO: ShowRuntime Behavior ::run [ RunTime:0.000218s ]
INFO: [ view_filter ] --END-- [ RunTime:0.000804s ]
INFO: [ view_end ] --START--
INFO: ShowPageTrace Behavior ::run [ RunTime:0.000315s ]
INFO: [ view_end ] --END-- [ RunTime:0.000345s ]

[ 2015-07-18T11:05:15+08:00 ] 0.0.0.0 /~changzhao619/2015/web/login.php?m=Index&a=m2_articlelist&enname=tongzhigonggao
INFO: [ app_begin ] --START--
INFO: ReadHtmlCache Behavior ::run [ RunTime:0.000564s ]
INFO: [ app_begin ] --END-- [ RunTime:0.000735s ]
SQL: SHOW COLUMNS FROM `think_article` [ RunTime:0.018993s ]
SQL: SELECT COUNT(*) AS tp_count FROM `think_article` LIMIT 1   [ RunTime:0.000906s ]
SQL: SELECT * FROM `think_article` WHERE ( entype = "tongzhigonggao" ) ORDER BY createtime desc LIMIT 0,22   [ RunTime:0.000352s ]
INFO: [ view_parse ] --START--
NOTIC: [8] Undefined variable: page /Users/changzhao619/Sites/2015/web/protected/admin/Runtime/Cache/16553e3802d13786c90618cba355afb2.php 第 74 行.
INFO: ParseTemplate Behavior ::run [ RunTime:0.011586s ]
INFO: [ view_parse ] --END-- [ RunTime:0.011634s ]
INFO: [ view_filter ] --START--
INFO: ContentReplace Behavior ::run [ RunTime:0.000252s ]
INFO: TokenBuild Behavior ::run [ RunTime:0.000217s ]
INFO: WriteHtmlCache Behavior ::run [ RunTime:0.000139s ]
INFO: ShowRuntime Behavior ::run [ RunTime:0.000274s ]
INFO: [ view_filter ] --END-- [ RunTime:0.000990s ]
INFO: [ view_end ] --START--
INFO: ShowPageTrace Behavior ::run [ RunTime:0.000379s ]
INFO: [ view_end ] --END-- [ RunTime:0.000416s ]

[ 2015-07-18T11:05:16+08:00 ] 0.0.0.0 /~changzhao619/2015/web/login.php?m=Index&a=m2_articlelist&enname=xiaoyuanzhaopin
INFO: [ app_begin ] --START--
INFO: ReadHtmlCache Behavior ::run [ RunTime:0.000238s ]
INFO: [ app_begin ] --END-- [ RunTime:0.000283s ]
SQL: SHOW COLUMNS FROM `think_article` [ RunTime:0.012120s ]
SQL: SELECT COUNT(*) AS tp_count FROM `think_article` LIMIT 1   [ RunTime:0.000313s ]
SQL: SELECT * FROM `think_article` WHERE ( entype = "xiaoyuanzhaopin" ) ORDER BY createtime desc LIMIT 0,22   [ RunTime:0.000386s ]
INFO: [ view_parse ] --START--
NOTIC: [8] Undefined variable: page /Users/changzhao619/Sites/2015/web/protected/admin/Runtime/Cache/16553e3802d13786c90618cba355afb2.php 第 74 行.
INFO: ParseTemplate Behavior ::run [ RunTime:0.006480s ]
INFO: [ view_parse ] --END-- [ RunTime:0.006523s ]
INFO: [ view_filter ] --START--
INFO: ContentReplace Behavior ::run [ RunTime:0.000215s ]
INFO: TokenBuild Behavior ::run [ RunTime:0.000169s ]
INFO: WriteHtmlCache Behavior ::run [ RunTime:0.000120s ]
INFO: ShowRuntime Behavior ::run [ RunTime:0.000212s ]
INFO: [ view_filter ] --END-- [ RunTime:0.000800s ]
INFO: [ view_end ] --START--
INFO: ShowPageTrace Behavior ::run [ RunTime:0.000317s ]
INFO: [ view_end ] --END-- [ RunTime:0.000364s ]

[ 2015-07-18T11:05:17+08:00 ] 0.0.0.0 /~changzhao619/2015/web/login.php?m=Index&a=m2_articlelist&enname=jiuyezhengce
INFO: [ app_begin ] --START--
INFO: ReadHtmlCache Behavior ::run [ RunTime:0.000379s ]
INFO: [ app_begin ] --END-- [ RunTime:0.000445s ]
SQL: SHOW COLUMNS FROM `think_article` [ RunTime:0.011441s ]
SQL: SELECT COUNT(*) AS tp_count FROM `think_article` LIMIT 1   [ RunTime:0.000290s ]
SQL: SELECT * FROM `think_article` WHERE ( entype = "jiuyezhengce" ) ORDER BY createtime desc LIMIT 0,22   [ RunTime:0.000516s ]
INFO: [ view_parse ] --START--
NOTIC: [8] Undefined variable: page /Users/changzhao619/Sites/2015/web/protected/admin/Runtime/Cache/16553e3802d13786c90618cba355afb2.php 第 74 行.
INFO: ParseTemplate Behavior ::run [ RunTime:0.008851s ]
INFO: [ view_parse ] --END-- [ RunTime:0.008899s ]
INFO: [ view_filter ] --START--
INFO: ContentReplace Behavior ::run [ RunTime:0.000238s ]
INFO: TokenBuild Behavior ::run [ RunTime:0.000240s ]
INFO: WriteHtmlCache Behavior ::run [ RunTime:0.000116s ]
INFO: ShowRuntime Behavior ::run [ RunTime:0.000237s ]
INFO: [ view_filter ] --END-- [ RunTime:0.000938s ]
INFO: [ view_end ] --START--
INFO: ShowPageTrace Behavior ::run [ RunTime:0.000311s ]
INFO: [ view_end ] --END-- [ RunTime:0.000341s ]

[ 2015-07-18T11:05:19+08:00 ] 0.0.0.0 /~changzhao619/2015/web/login.php?m=Index&a=m2_articlelist&enname=xiaowaizhaopin
INFO: [ app_begin ] --START--
INFO: ReadHtmlCache Behavior ::run [ RunTime:0.000290s ]
INFO: [ app_begin ] --END-- [ RunTime:0.000349s ]
SQL: SHOW COLUMNS FROM `think_article` [ RunTime:0.017658s ]
SQL: SELECT COUNT(*) AS tp_count FROM `think_article` LIMIT 1   [ RunTime:0.000330s ]
SQL: SELECT * FROM `think_article` WHERE ( entype = "xiaowaizhaopin" ) ORDER BY createtime desc LIMIT 0,22   [ RunTime:0.000497s ]
INFO: [ view_parse ] --START--
NOTIC: [8] Undefined variable: page /Users/changzhao619/Sites/2015/web/protected/admin/Runtime/Cache/16553e3802d13786c90618cba355afb2.php 第 74 行.
INFO: ParseTemplate Behavior ::run [ RunTime:0.011159s ]
INFO: [ view_parse ] --END-- [ RunTime:0.011244s ]
INFO: [ view_filter ] --START--
INFO: ContentReplace Behavior ::run [ RunTime:0.000369s ]
INFO: TokenBuild Behavior ::run [ RunTime:0.000335s ]
INFO: WriteHtmlCache Behavior ::run [ RunTime:0.000207s ]
INFO: ShowRuntime Behavior ::run [ RunTime:0.000411s ]
INFO: [ view_filter ] --END-- [ RunTime:0.001498s ]
INFO: [ view_end ] --START--
INFO: ShowPageTrace Behavior ::run [ RunTime:0.000572s ]
INFO: [ view_end ] --END-- [ RunTime:0.000629s ]

[ 2015-07-18T11:05:20+08:00 ] 0.0.0.0 /~changzhao619/2015/web/login.php?m=Index&a=m2_articlelist&enname=xiaoyuanzhaopin
INFO: [ app_begin ] --START--
INFO: ReadHtmlCache Behavior ::run [ RunTime:0.000350s ]
INFO: [ app_begin ] --END-- [ RunTime:0.000432s ]
SQL: SHOW COLUMNS FROM `think_article` [ RunTime:0.011664s ]
SQL: SELECT COUNT(*) AS tp_count FROM `think_article` LIMIT 1   [ RunTime:0.000269s ]
SQL: SELECT * FROM `think_article` WHERE ( entype = "xiaoyuanzhaopin" ) ORDER BY createtime desc LIMIT 0,22   [ RunTime:0.000316s ]
INFO: [ view_parse ] --START--
NOTIC: [8] Undefined variable: page /Users/changzhao619/Sites/2015/web/protected/admin/Runtime/Cache/16553e3802d13786c90618cba355afb2.php 第 74 行.
INFO: ParseTemplate Behavior ::run [ RunTime:0.012182s ]
INFO: [ view_parse ] --END-- [ RunTime:0.012255s ]
INFO: [ view_filter ] --START--
INFO: ContentReplace Behavior ::run [ RunTime:0.000299s ]
INFO: TokenBuild Behavior ::run [ RunTime:0.000221s ]
INFO: WriteHtmlCache Behavior ::run [ RunTime:0.000139s ]
INFO: ShowRuntime Behavior ::run [ RunTime:0.000260s ]
INFO: [ view_filter ] --END-- [ RunTime:0.001030s ]
INFO: [ view_end ] --START--
INFO: ShowPageTrace Behavior ::run [ RunTime:0.000439s ]
INFO: [ view_end ] --END-- [ RunTime:0.000488s ]

[ 2015-07-18T11:05:20+08:00 ] 0.0.0.0 /~changzhao619/2015/web/login.php?m=Index&a=m2_articlelist&enname=tongzhigonggao
INFO: [ app_begin ] --START--
INFO: ReadHtmlCache Behavior ::run [ RunTime:0.000327s ]
INFO: [ app_begin ] --END-- [ RunTime:0.000378s ]
SQL: SHOW COLUMNS FROM `think_article` [ RunTime:0.001499s ]
SQL: SELECT COUNT(*) AS tp_count FROM `think_article` LIMIT 1   [ RunTime:0.000301s ]
SQL: SELECT * FROM `think_article` WHERE ( entype = "tongzhigonggao" ) ORDER BY createtime desc LIMIT 0,22   [ RunTime:0.000350s ]
INFO: [ view_parse ] --START--
NOTIC: [8] Undefined variable: page /Users/changzhao619/Sites/2015/web/protected/admin/Runtime/Cache/16553e3802d13786c90618cba355afb2.php 第 74 行.
INFO: ParseTemplate Behavior ::run [ RunTime:0.012672s ]
INFO: [ view_parse ] --END-- [ RunTime:0.012729s ]
INFO: [ view_filter ] --START--
INFO: ContentReplace Behavior ::run [ RunTime:0.000237s ]
INFO: TokenBuild Behavior ::run [ RunTime:0.000183s ]
INFO: WriteHtmlCache Behavior ::run [ RunTime:0.000117s ]
INFO: ShowRuntime Behavior ::run [ RunTime:0.000226s ]
INFO: [ view_filter ] --END-- [ RunTime:0.000865s ]
INFO: [ view_end ] --START--
INFO: ShowPageTrace Behavior ::run [ RunTime:0.000360s ]
INFO: [ view_end ] --END-- [ RunTime:0.000402s ]

[ 2015-07-18T11:05:21+08:00 ] 0.0.0.0 /~changzhao619/2015/web/login.php?m=Index&a=m2_articlelist&enname=jiuyexinwen
INFO: [ app_begin ] --START--
INFO: ReadHtmlCache Behavior ::run [ RunTime:0.000317s ]
INFO: [ app_begin ] --END-- [ RunTime:0.000372s ]
SQL: SHOW COLUMNS FROM `think_article` [ RunTime:0.018446s ]
SQL: SELECT COUNT(*) AS tp_count FROM `think_article` LIMIT 1   [ RunTime:0.000290s ]
SQL: SELECT * FROM `think_article` WHERE ( entype = "jiuyexinwen" ) ORDER BY createtime desc LIMIT 0,22   [ RunTime:0.000360s ]
INFO: [ view_parse ] --START--
NOTIC: [8] Undefined variable: page /Users/changzhao619/Sites/2015/web/protected/admin/Runtime/Cache/16553e3802d13786c90618cba355afb2.php 第 74 行.
INFO: ParseTemplate Behavior ::run [ RunTime:0.011574s ]
INFO: [ view_parse ] --END-- [ RunTime:0.011630s ]
INFO: [ view_filter ] --START--
INFO: ContentReplace Behavior ::run [ RunTime:0.000300s ]
INFO: TokenBuild Behavior ::run [ RunTime:0.000283s ]
INFO: WriteHtmlCache Behavior ::run [ RunTime:0.000204s ]
INFO: ShowRuntime Behavior ::run [ RunTime:0.000599s ]
INFO: [ view_filter ] --END-- [ RunTime:0.001582s ]
INFO: [ view_end ] --START--
INFO: ShowPageTrace Behavior ::run [ RunTime:0.000685s ]
INFO: [ view_end ] --END-- [ RunTime:0.000732s ]

[ 2015-07-18T11:05:25+08:00 ] 0.0.0.0 /~changzhao619/2015/web/login.php?m=Index&a=adminIndex&type_link=studentManage
INFO: [ app_begin ] --START--
INFO: ReadHtmlCache Behavior ::run [ RunTime:0.000275s ]
INFO: [ app_begin ] --END-- [ RunTime:0.000319s ]
INFO: [ view_parse ] --START--
INFO: ParseTemplate Behavior ::run [ RunTime:0.015044s ]
INFO: [ view_parse ] --END-- [ RunTime:0.015121s ]
INFO: [ view_filter ] --START--
INFO: ContentReplace Behavior ::run [ RunTime:0.000348s ]
INFO: TokenBuild Behavior ::run [ RunTime:0.000306s ]
INFO: WriteHtmlCache Behavior ::run [ RunTime:0.000193s ]
INFO: ShowRuntime Behavior ::run [ RunTime:0.000406s ]
INFO: [ view_filter ] --END-- [ RunTime:0.001388s ]
INFO: [ view_end ] --START--
INFO: ShowPageTrace Behavior ::run [ RunTime:0.000405s ]
INFO: [ view_end ] --END-- [ RunTime:0.000441s ]

[ 2015-07-18T11:06:06+08:00 ] 0.0.0.0 /~changzhao619/2015/web/login.php?m=Index&a=adminIndex&type_link=studentManage
INFO: [ app_begin ] --START--
INFO: ReadHtmlCache Behavior ::run [ RunTime:0.000310s ]
INFO: [ app_begin ] --END-- [ RunTime:0.000359s ]
INFO: [ view_parse ] --START--
INFO: ParseTemplate Behavior ::run [ RunTime:0.003399s ]
INFO: [ view_parse ] --END-- [ RunTime:0.003455s ]
INFO: [ view_filter ] --START--
INFO: ContentReplace Behavior ::run [ RunTime:0.000227s ]
INFO: TokenBuild Behavior ::run [ RunTime:0.000155s ]
INFO: WriteHtmlCache Behavior ::run [ RunTime:0.000132s ]
INFO: ShowRuntime Behavior ::run [ RunTime:0.000209s ]
INFO: [ view_filter ] --END-- [ RunTime:0.000819s ]
INFO: [ view_end ] --START--
INFO: ShowPageTrace Behavior ::run [ RunTime:0.000291s ]
INFO: [ view_end ] --END-- [ RunTime:0.000317s ]

[ 2015-07-18T11:06:07+08:00 ] 0.0.0.0 /~changzhao619/2015/web/login.php?m=Index&a=adminIndex&type_link=2
INFO: [ app_begin ] --START--
INFO: ReadHtmlCache Behavior ::run [ RunTime:0.000333s ]
INFO: [ app_begin ] --END-- [ RunTime:0.000406s ]
SQL: SHOW COLUMNS FROM `think_articlemodel` [ RunTime:0.009643s ]
SQL: SELECT * FROM `think_articlemodel`  [ RunTime:0.000426s ]
INFO: [ view_parse ] --START--
INFO: ParseTemplate Behavior ::run [ RunTime:0.006870s ]
INFO: [ view_parse ] --END-- [ RunTime:0.006942s ]
INFO: [ view_filter ] --START--
INFO: ContentReplace Behavior ::run [ RunTime:0.000237s ]
INFO: TokenBuild Behavior ::run [ RunTime:0.000229s ]
INFO: WriteHtmlCache Behavior ::run [ RunTime:0.000139s ]
INFO: ShowRuntime Behavior ::run [ RunTime:0.000278s ]
INFO: [ view_filter ] --END-- [ RunTime:0.000995s ]
INFO: [ view_end ] --START--
INFO: ShowPageTrace Behavior ::run [ RunTime:0.000382s ]
INFO: [ view_end ] --END-- [ RunTime:0.000414s ]

[ 2015-07-18T11:06:08+08:00 ] 0.0.0.0 /~changzhao619/2015/web/login.php?m=Index&a=m2_articlelist&enname=jiuyexinwen
INFO: [ app_begin ] --START--
INFO: ReadHtmlCache Behavior ::run [ RunTime:0.000375s ]
INFO: [ app_begin ] --END-- [ RunTime:0.000444s ]
SQL: SHOW COLUMNS FROM `think_article` [ RunTime:0.009589s ]
SQL: SELECT COUNT(*) AS tp_count FROM `think_article` LIMIT 1   [ RunTime:0.000327s ]
SQL: SELECT * FROM `think_article` WHERE ( entype = "jiuyexinwen" ) ORDER BY createtime desc LIMIT 0,22   [ RunTime:0.000493s ]
INFO: [ view_parse ] --START--
NOTIC: [8] Undefined variable: page /Users/changzhao619/Sites/2015/web/protected/admin/Runtime/Cache/16553e3802d13786c90618cba355afb2.php 第 74 行.
INFO: ParseTemplate Behavior ::run [ RunTime:0.006804s ]
INFO: [ view_parse ] --END-- [ RunTime:0.006860s ]
INFO: [ view_filter ] --START--
INFO: ContentReplace Behavior ::run [ RunTime:0.000212s ]
INFO: TokenBuild Behavior ::run [ RunTime:0.000178s ]
INFO: WriteHtmlCache Behavior ::run [ RunTime:0.000115s ]
INFO: ShowRuntime Behavior ::run [ RunTime:0.000218s ]
INFO: [ view_filter ] --END-- [ RunTime:0.000809s ]
INFO: [ view_end ] --START--
INFO: ShowPageTrace Behavior ::run [ RunTime:0.000310s ]
INFO: [ view_end ] --END-- [ RunTime:0.000341s ]

[ 2015-07-18T11:06:29+08:00 ] 0.0.0.0 /~changzhao619/2015/web/login.php?m=Index&a=m2_add&id=13&enname=
INFO: [ app_begin ] --START--
INFO: ReadHtmlCache Behavior ::run [ RunTime:0.000551s ]
INFO: [ app_begin ] --END-- [ RunTime:0.000646s ]
NOTIC: [8] Undefined index: submit /Users/changzhao619/Sites/2015/web/protected/admin/Lib/Action/IndexAction.class.php 第 221 行.
NOTIC: [8] Undefined index: updata /Users/changzhao619/Sites/2015/web/protected/admin/Lib/Action/IndexAction.class.php 第 246 行.
SQL: SHOW COLUMNS FROM `think_article` [ RunTime:0.001834s ]
SQL: SELECT * FROM `think_article` WHERE ( id ="13" ) LIMIT 1   [ RunTime:0.000356s ]
SQL: SHOW COLUMNS FROM `think_articlemodel` [ RunTime:0.001428s ]
SQL: SELECT * FROM `think_articlemodel` WHERE ( enname ="" ) LIMIT 1   [ RunTime:0.000283s ]
INFO: [ view_parse ] --START--
INFO: ParseTemplate Behavior ::run [ RunTime:0.006903s ]
INFO: [ view_parse ] --END-- [ RunTime:0.006951s ]
INFO: [ view_filter ] --START--
INFO: ContentReplace Behavior ::run [ RunTime:0.000186s ]
INFO: TokenBuild Behavior ::run [ RunTime:0.000157s ]
INFO: WriteHtmlCache Behavior ::run [ RunTime:0.000100s ]
INFO: ShowRuntime Behavior ::run [ RunTime:0.000195s ]
INFO: [ view_filter ] --END-- [ RunTime:0.000718s ]
INFO: [ view_end ] --START--
INFO: ShowPageTrace Behavior ::run [ RunTime:0.000294s ]
INFO: [ view_end ] --END-- [ RunTime:0.000322s ]

[ 2015-07-18T11:06:35+08:00 ] 0.0.0.0 /~changzhao619/2015/web/login.php?m=Index&a=m2_articlelist&enname=
INFO: [ app_begin ] --START--
INFO: ReadHtmlCache Behavior ::run [ RunTime:0.000316s ]
INFO: [ app_begin ] --END-- [ RunTime:0.000369s ]
SQL: SHOW COLUMNS FROM `think_article` [ RunTime:0.006944s ]
SQL: SELECT COUNT(*) AS tp_count FROM `think_article` LIMIT 1   [ RunTime:0.000314s ]
SQL: SELECT * FROM `think_article` WHERE ( entype = "" ) ORDER BY createtime desc LIMIT 0,22   [ RunTime:0.000274s ]
INFO: [ view_parse ] --START--
NOTIC: [8] Undefined variable: page /Users/changzhao619/Sites/2015/web/protected/admin/Runtime/Cache/16553e3802d13786c90618cba355afb2.php 第 74 行.
INFO: ParseTemplate Behavior ::run [ RunTime:0.007120s ]
INFO: [ view_parse ] --END-- [ RunTime:0.007165s ]
INFO: [ view_filter ] --START--
INFO: ContentReplace Behavior ::run [ RunTime:0.000209s ]
INFO: TokenBuild Behavior ::run [ RunTime:0.000177s ]
INFO: WriteHtmlCache Behavior ::run [ RunTime:0.000182s ]
INFO: ShowRuntime Behavior ::run [ RunTime:0.000217s ]
INFO: [ view_filter ] --END-- [ RunTime:0.000880s ]
INFO: [ view_end ] --START--
INFO: ShowPageTrace Behavior ::run [ RunTime:0.000350s ]
INFO: [ view_end ] --END-- [ RunTime:0.000382s ]

[ 2015-07-18T11:06:37+08:00 ] 0.0.0.0 /~changzhao619/2015/web/login.php?m=Index&a=m2_articlelist&enname=jiuyexinwen
INFO: [ app_begin ] --START--
INFO: ReadHtmlCache Behavior ::run [ RunTime:0.000255s ]
INFO: [ app_begin ] --END-- [ RunTime:0.000302s ]
SQL: SHOW COLUMNS FROM `think_article` [ RunTime:0.001585s ]
SQL: SELECT COUNT(*) AS tp_count FROM `think_article` LIMIT 1   [ RunTime:0.000318s ]
SQL: SELECT * FROM `think_article` WHERE ( entype = "jiuyexinwen" ) ORDER BY createtime desc LIMIT 0,22   [ RunTime:0.000301s ]
INFO: [ view_parse ] --START--
NOTIC: [8] Undefined variable: page /Users/changzhao619/Sites/2015/web/protected/admin/Runtime/Cache/16553e3802d13786c90618cba355afb2.php 第 74 行.
INFO: ParseTemplate Behavior ::run [ RunTime:0.006039s ]
INFO: [ view_parse ] --END-- [ RunTime:0.006081s ]
INFO: [ view_filter ] --START--
INFO: ContentReplace Behavior ::run [ RunTime:0.000176s ]
INFO: TokenBuild Behavior ::run [ RunTime:0.000154s ]
INFO: WriteHtmlCache Behavior ::run [ RunTime:0.000101s ]
INFO: ShowRuntime Behavior ::run [ RunTime:0.000192s ]
INFO: [ view_filter ] --END-- [ RunTime:0.000702s ]
INFO: [ view_end ] --START--
INFO: ShowPageTrace Behavior ::run [ RunTime:0.000294s ]
INFO: [ view_end ] --END-- [ RunTime:0.000333s ]

[ 2015-07-18T11:06:39+08:00 ] 0.0.0.0 /~changzhao619/2015/web/login.php?m=Index&a=m2_add&id=13&enname=
INFO: [ app_begin ] --START--
INFO: ReadHtmlCache Behavior ::run [ RunTime:0.000458s ]
INFO: [ app_begin ] --END-- [ RunTime:0.000545s ]
NOTIC: [8] Undefined index: submit /Users/changzhao619/Sites/2015/web/protected/admin/Lib/Action/IndexAction.class.php 第 221 行.
NOTIC: [8] Undefined index: updata /Users/changzhao619/Sites/2015/web/protected/admin/Lib/Action/IndexAction.class.php 第 246 行.
SQL: SHOW COLUMNS FROM `think_article` [ RunTime:0.002318s ]
SQL: SELECT * FROM `think_article` WHERE ( id ="13" ) LIMIT 1   [ RunTime:0.000410s ]
SQL: SHOW COLUMNS FROM `think_articlemodel` [ RunTime:0.002119s ]
SQL: SELECT * FROM `think_articlemodel` WHERE ( enname ="" ) LIMIT 1   [ RunTime:0.000368s ]
INFO: [ view_parse ] --START--
INFO: ParseTemplate Behavior ::run [ RunTime:0.007231s ]
INFO: [ view_parse ] --END-- [ RunTime:0.007301s ]
INFO: [ view_filter ] --START--
INFO: ContentReplace Behavior ::run [ RunTime:0.000245s ]
INFO: TokenBuild Behavior ::run [ RunTime:0.000245s ]
INFO: WriteHtmlCache Behavior ::run [ RunTime:0.000190s ]
INFO: ShowRuntime Behavior ::run [ RunTime:0.000242s ]
INFO: [ view_filter ] --END-- [ RunTime:0.001035s ]
INFO: [ view_end ] --START--
INFO: ShowPageTrace Behavior ::run [ RunTime:0.000378s ]
INFO: [ view_end ] --END-- [ RunTime:0.000410s ]

[ 2015-07-18T11:06:41+08:00 ] 0.0.0.0 /~changzhao619/2015/web/login.php?m=Index&a=m2_articlelist&enname=
INFO: [ app_begin ] --START--
INFO: ReadHtmlCache Behavior ::run [ RunTime:0.000242s ]
INFO: [ app_begin ] --END-- [ RunTime:0.000284s ]
SQL: SHOW COLUMNS FROM `think_article` [ RunTime:0.002665s ]
SQL: SELECT COUNT(*) AS tp_count FROM `think_article` LIMIT 1   [ RunTime:0.000301s ]
SQL: SELECT * FROM `think_article` WHERE ( entype = "" ) ORDER BY createtime desc LIMIT 0,22   [ RunTime:0.000386s ]
INFO: [ view_parse ] --START--
NOTIC: [8] Undefined variable: page /Users/changzhao619/Sites/2015/web/protected/admin/Runtime/Cache/16553e3802d13786c90618cba355afb2.php 第 74 行.
INFO: ParseTemplate Behavior ::run [ RunTime:0.006537s ]
INFO: [ view_parse ] --END-- [ RunTime:0.006579s ]
INFO: [ view_filter ] --START--
INFO: ContentReplace Behavior ::run [ RunTime:0.000180s ]
INFO: TokenBuild Behavior ::run [ RunTime:0.000231s ]
INFO: WriteHtmlCache Behavior ::run [ RunTime:0.000116s ]
INFO: ShowRuntime Behavior ::run [ RunTime:0.000265s ]
INFO: [ view_filter ] --END-- [ RunTime:0.000891s ]
INFO: [ view_end ] --START--
INFO: ShowPageTrace Behavior ::run [ RunTime:0.000292s ]
INFO: [ view_end ] --END-- [ RunTime:0.000319s ]

[ 2015-07-18T11:06:42+08:00 ] 0.0.0.0 /~changzhao619/2015/web/login.php?m=Index&a=m2_articlelist&enname=jiuyexinwen
INFO: [ app_begin ] --START--
INFO: ReadHtmlCache Behavior ::run [ RunTime:0.000304s ]
INFO: [ app_begin ] --END-- [ RunTime:0.000355s ]
SQL: SHOW COLUMNS FROM `think_article` [ RunTime:0.001408s ]
SQL: SELECT COUNT(*) AS tp_count FROM `think_article` LIMIT 1   [ RunTime:0.000436s ]
SQL: SELECT * FROM `think_article` WHERE ( entype = "jiuyexinwen" ) ORDER BY createtime desc LIMIT 0,22   [ RunTime:0.000427s ]
INFO: [ view_parse ] --START--
NOTIC: [8] Undefined variable: page /Users/changzhao619/Sites/2015/web/protected/admin/Runtime/Cache/16553e3802d13786c90618cba355afb2.php 第 74 行.
INFO: ParseTemplate Behavior ::run [ RunTime:0.007793s ]
INFO: [ view_parse ] --END-- [ RunTime:0.007846s ]
INFO: [ view_filter ] --START--
INFO: ContentReplace Behavior ::run [ RunTime:0.000307s ]
INFO: TokenBuild Behavior ::run [ RunTime:0.000279s ]
INFO: WriteHtmlCache Behavior ::run [ RunTime:0.000177s ]
INFO: ShowRuntime Behavior ::run [ RunTime:0.000359s ]
INFO: [ view_filter ] --END-- [ RunTime:0.001273s ]
INFO: [ view_end ] --START--
INFO: ShowPageTrace Behavior ::run [ RunTime:0.000495s ]
INFO: [ view_end ] --END-- [ RunTime:0.000543s ]

[ 2015-07-18T11:06:45+08:00 ] 0.0.0.0 /~changzhao619/2015/web/login.php?m=Index&a=m2_add&id=13&enname=jiuyexinwen
INFO: [ app_begin ] --START--
INFO: ReadHtmlCache Behavior ::run [ RunTime:0.000410s ]
INFO: [ app_begin ] --END-- [ RunTime:0.000471s ]
NOTIC: [8] Undefined index: submit /Users/changzhao619/Sites/2015/web/protected/admin/Lib/Action/IndexAction.class.php 第 221 行.
NOTIC: [8] Undefined index: updata /Users/changzhao619/Sites/2015/web/protected/admin/Lib/Action/IndexAction.class.php 第 246 行.
SQL: SHOW COLUMNS FROM `think_article` [ RunTime:0.011754s ]
SQL: SELECT * FROM `think_article` WHERE ( id ="13" ) LIMIT 1   [ RunTime:0.000356s ]
SQL: SHOW COLUMNS FROM `think_articlemodel` [ RunTime:0.001156s ]
SQL: SELECT * FROM `think_articlemodel` WHERE ( enname ="jiuyexinwen" ) LIMIT 1   [ RunTime:0.000309s ]
INFO: [ view_parse ] --START--
INFO: ParseTemplate Behavior ::run [ RunTime:0.005426s ]
INFO: [ view_parse ] --END-- [ RunTime:0.005484s ]
INFO: [ view_filter ] --START--
INFO: ContentReplace Behavior ::run [ RunTime:0.000169s ]
INFO: TokenBuild Behavior ::run [ RunTime:0.000151s ]
INFO: WriteHtmlCache Behavior ::run [ RunTime:0.000095s ]
INFO: ShowRuntime Behavior ::run [ RunTime:0.000221s ]
INFO: [ view_filter ] --END-- [ RunTime:0.000735s ]
INFO: [ view_end ] --START--
INFO: ShowPageTrace Behavior ::run [ RunTime:0.000282s ]
INFO: [ view_end ] --END-- [ RunTime:0.000309s ]

[ 2015-07-18T11:06:49+08:00 ] 0.0.0.0 /~changzhao619/2015/web/login.php?m=Index&a=m2_articlelist&enname=jiuyexinwen
INFO: [ app_begin ] --START--
INFO: ReadHtmlCache Behavior ::run [ RunTime:0.000253s ]
INFO: [ app_begin ] --END-- [ RunTime:0.000298s ]
SQL: SHOW COLUMNS FROM `think_article` [ RunTime:0.002550s ]
SQL: SELECT COUNT(*) AS tp_count FROM `think_article` LIMIT 1   [ RunTime:0.000289s ]
SQL: SELECT * FROM `think_article` WHERE ( entype = "jiuyexinwen" ) ORDER BY createtime desc LIMIT 0,22   [ RunTime:0.000369s ]
INFO: [ view_parse ] --START--
NOTIC: [8] Undefined variable: page /Users/changzhao619/Sites/2015/web/protected/admin/Runtime/Cache/16553e3802d13786c90618cba355afb2.php 第 74 行.
INFO: ParseTemplate Behavior ::run [ RunTime:0.006745s ]
INFO: [ view_parse ] --END-- [ RunTime:0.006799s ]
INFO: [ view_filter ] --START--
INFO: ContentReplace Behavior ::run [ RunTime:0.000181s ]
INFO: TokenBuild Behavior ::run [ RunTime:0.000179s ]
INFO: WriteHtmlCache Behavior ::run [ RunTime:0.000113s ]
INFO: ShowRuntime Behavior ::run [ RunTime:0.000190s ]
INFO: [ view_filter ] --END-- [ RunTime:0.000742s ]
INFO: [ view_end ] --START--
INFO: ShowPageTrace Behavior ::run [ RunTime:0.000277s ]
INFO: [ view_end ] --END-- [ RunTime:0.000305s ]

[ 2015-07-18T11:30:38+08:00 ] 0.0.0.0 /~changzhao619/2015/web/login.php?m=Index&a=adminIndex&type_link=studentManage
INFO: [ app_begin ] --START--
INFO: ReadHtmlCache Behavior ::run [ RunTime:0.000356s ]
INFO: [ app_begin ] --END-- [ RunTime:0.000415s ]
INFO: [ view_parse ] --START--
INFO: ParseTemplate Behavior ::run [ RunTime:0.019042s ]
INFO: [ view_parse ] --END-- [ RunTime:0.019151s ]
INFO: [ view_filter ] --START--
INFO: ContentReplace Behavior ::run [ RunTime:0.000366s ]
INFO: TokenBuild Behavior ::run [ RunTime:0.000309s ]
INFO: WriteHtmlCache Behavior ::run [ RunTime:0.000138s ]
INFO: ShowRuntime Behavior ::run [ RunTime:0.000264s ]
INFO: [ view_filter ] --END-- [ RunTime:0.001192s ]
INFO: [ view_end ] --START--
INFO: ShowPageTrace Behavior ::run [ RunTime:0.000378s ]
INFO: [ view_end ] --END-- [ RunTime:0.000411s ]

[ 2015-07-18T11:30:39+08:00 ] 0.0.0.0 /~changzhao619/2015/web/login.php?m=Index&a=adminIndex&type_link=memberManage
INFO: [ app_begin ] --START--
INFO: ReadHtmlCache Behavior ::run [ RunTime:0.000283s ]
INFO: [ app_begin ] --END-- [ RunTime:0.000335s ]
INFO: [ view_parse ] --START--
INFO: ParseTemplate Behavior ::run [ RunTime:0.007212s ]
INFO: [ view_parse ] --END-- [ RunTime:0.007267s ]
INFO: [ view_filter ] --START--
INFO: ContentReplace Behavior ::run [ RunTime:0.000209s ]
INFO: TokenBuild Behavior ::run [ RunTime:0.000185s ]
INFO: WriteHtmlCache Behavior ::run [ RunTime:0.000114s ]
INFO: ShowRuntime Behavior ::run [ RunTime:0.000220s ]
INFO: [ view_filter ] --END-- [ RunTime:0.000820s ]
INFO: [ view_end ] --START--
INFO: ShowPageTrace Behavior ::run [ RunTime:0.000329s ]
INFO: [ view_end ] --END-- [ RunTime:0.000357s ]

[ 2015-07-18T11:31:31+08:00 ] 0.0.0.0 /~changzhao619/2015/web/login.php?m=Index&a=adminIndex&type_link=studentManage
INFO: [ app_begin ] --START--
INFO: ReadHtmlCache Behavior ::run [ RunTime:0.000322s ]
INFO: [ app_begin ] --END-- [ RunTime:0.000371s ]
INFO: [ view_parse ] --START--
INFO: ParseTemplate Behavior ::run [ RunTime:0.003326s ]
INFO: [ view_parse ] --END-- [ RunTime:0.003369s ]
INFO: [ view_filter ] --START--
INFO: ContentReplace Behavior ::run [ RunTime:0.000202s ]
INFO: TokenBuild Behavior ::run [ RunTime:0.000180s ]
INFO: WriteHtmlCache Behavior ::run [ RunTime:0.000125s ]
INFO: ShowRuntime Behavior ::run [ RunTime:0.000232s ]
INFO: [ view_filter ] --END-- [ RunTime:0.000830s ]
INFO: [ view_end ] --START--
INFO: ShowPageTrace Behavior ::run [ RunTime:0.000336s ]
INFO: [ view_end ] --END-- [ RunTime:0.000361s ]

[ 2015-07-18T11:31:31+08:00 ] 0.0.0.0 /~changzhao619/2015/web/login.php?m=Index&a=adminIndex&type_link=memberManage
INFO: [ app_begin ] --START--
INFO: ReadHtmlCache Behavior ::run [ RunTime:0.000255s ]
INFO: [ app_begin ] --END-- [ RunTime:0.000311s ]
INFO: [ view_parse ] --START--
INFO: ParseTemplate Behavior ::run [ RunTime:0.011655s ]
INFO: [ view_parse ] --END-- [ RunTime:0.011722s ]
INFO: [ view_filter ] --START--
INFO: ContentReplace Behavior ::run [ RunTime:0.000281s ]
INFO: TokenBuild Behavior ::run [ RunTime:0.000221s ]
INFO: WriteHtmlCache Behavior ::run [ RunTime:0.000135s ]
INFO: ShowRuntime Behavior ::run [ RunTime:0.000279s ]
INFO: [ view_filter ] --END-- [ RunTime:0.001019s ]
INFO: [ view_end ] --START--
INFO: ShowPageTrace Behavior ::run [ RunTime:0.000422s ]
INFO: [ view_end ] --END-- [ RunTime:0.000455s ]

[ 2015-07-18T11:31:32+08:00 ] 0.0.0.0 /~changzhao619/2015/web/login.php?m=Index&a=adminIndex&type_link=personInfo
INFO: [ app_begin ] --START--
INFO: ReadHtmlCache Behavior ::run [ RunTime:0.000315s ]
INFO: [ app_begin ] --END-- [ RunTime:0.000361s ]
INFO: [ view_parse ] --START--
INFO: ParseTemplate Behavior ::run [ RunTime:0.003554s ]
INFO: [ view_parse ] --END-- [ RunTime:0.003594s ]
INFO: [ view_filter ] --START--
INFO: ContentReplace Behavior ::run [ RunTime:0.000156s ]
INFO: TokenBuild Behavior ::run [ RunTime:0.000152s ]
INFO: WriteHtmlCache Behavior ::run [ RunTime:0.000096s ]
INFO: ShowRuntime Behavior ::run [ RunTime:0.000185s ]
INFO: [ view_filter ] --END-- [ RunTime:0.000660s ]
INFO: [ view_end ] --START--
INFO: ShowPageTrace Behavior ::run [ RunTime:0.000268s ]
INFO: [ view_end ] --END-- [ RunTime:0.000292s ]

[ 2015-07-18T11:31:33+08:00 ] 0.0.0.0 /~changzhao619/2015/web/login.php?m=Index&a=adminIndex&type_link=memberManage
INFO: [ app_begin ] --START--
INFO: ReadHtmlCache Behavior ::run [ RunTime:0.000274s ]
INFO: [ app_begin ] --END-- [ RunTime:0.000316s ]
INFO: [ view_parse ] --START--
INFO: ParseTemplate Behavior ::run [ RunTime:0.011685s ]
INFO: [ view_parse ] --END-- [ RunTime:0.011772s ]
INFO: [ view_filter ] --START--
INFO: ContentReplace Behavior ::run [ RunTime:0.000385s ]
INFO: TokenBuild Behavior ::run [ RunTime:0.000236s ]
INFO: WriteHtmlCache Behavior ::run [ RunTime:0.000145s ]
INFO: ShowRuntime Behavior ::run [ RunTime:0.000267s ]
INFO: [ view_filter ] --END-- [ RunTime:0.001157s ]
INFO: [ view_end ] --START--
INFO: ShowPageTrace Behavior ::run [ RunTime:0.000393s ]
INFO: [ view_end ] --END-- [ RunTime:0.000426s ]

[ 2015-07-18T11:31:34+08:00 ] 0.0.0.0 /~changzhao619/2015/web/login.php?m=Index&a=adminIndex&type_link=studentManage
INFO: [ app_begin ] --START--
INFO: ReadHtmlCache Behavior ::run [ RunTime:0.000330s ]
INFO: [ app_begin ] --END-- [ RunTime:0.000387s ]
INFO: [ view_parse ] --START--
INFO: ParseTemplate Behavior ::run [ RunTime:0.012375s ]
INFO: [ view_parse ] --END-- [ RunTime:0.012457s ]
INFO: [ view_filter ] --START--
INFO: ContentReplace Behavior ::run [ RunTime:0.000374s ]
INFO: TokenBuild Behavior ::run [ RunTime:0.000314s ]
INFO: WriteHtmlCache Behavior ::run [ RunTime:0.000197s ]
INFO: ShowRuntime Behavior ::run [ RunTime:0.000449s ]
INFO: [ view_filter ] --END-- [ RunTime:0.001507s ]
INFO: [ view_end ] --START--
INFO: ShowPageTrace Behavior ::run [ RunTime:0.000715s ]
INFO: [ view_end ] --END-- [ RunTime:0.000775s ]

[ 2015-07-18T11:31:36+08:00 ] 0.0.0.0 /~changzhao619/2015/web/login.php?m=Index&a=adminIndex&type_link=memberManage
INFO: [ app_begin ] --START--
INFO: ReadHtmlCache Behavior ::run [ RunTime:0.000315s ]
INFO: [ app_begin ] --END-- [ RunTime:0.000357s ]
INFO: [ view_parse ] --START--
INFO: ParseTemplate Behavior ::run [ RunTime:0.012182s ]
INFO: [ view_parse ] --END-- [ RunTime:0.012344s ]
INFO: [ view_filter ] --START--
INFO: ContentReplace Behavior ::run [ RunTime:0.000283s ]
INFO: TokenBuild Behavior ::run [ RunTime:0.000219s ]
INFO: WriteHtmlCache Behavior ::run [ RunTime:0.000139s ]
INFO: ShowRuntime Behavior ::run [ RunTime:0.000246s ]
INFO: [ view_filter ] --END-- [ RunTime:0.000981s ]
INFO: [ view_end ] --START--
INFO: ShowPageTrace Behavior ::run [ RunTime:0.000337s ]
INFO: [ view_end ] --END-- [ RunTime:0.000364s ]

[ 2015-07-18T12:09:29+08:00 ] 0.0.0.0 /~changzhao619/2015/web/login.php?m=Index&a=adminindex
INFO: [ app_begin ] --START--
INFO: ReadHtmlCache Behavior ::run [ RunTime:0.001078s ]
INFO: [ app_begin ] --END-- [ RunTime:0.001178s ]
NOTIC: [8] Undefined index: type_link /Users/changzhao619/Sites/2015/web/protected/admin/Lib/Action/IndexAction.class.php 第 46 行.
INFO: [ view_parse ] --START--
INFO: ParseTemplate Behavior ::run [ RunTime:0.009066s ]
INFO: [ view_parse ] --END-- [ RunTime:0.009160s ]
INFO: [ view_filter ] --START--
INFO: ContentReplace Behavior ::run [ RunTime:0.000952s ]
INFO: TokenBuild Behavior ::run [ RunTime:0.001012s ]
INFO: WriteHtmlCache Behavior ::run [ RunTime:0.000759s ]
INFO: ShowRuntime Behavior ::run [ RunTime:0.000977s ]
INFO: [ view_filter ] --END-- [ RunTime:0.003943s ]
INFO: [ view_end ] --START--
INFO: ShowPageTrace Behavior ::run [ RunTime:0.001130s ]
INFO: [ view_end ] --END-- [ RunTime:0.001201s ]

[ 2015-07-18T12:09:29+08:00 ] 0.0.0.0 /~changzhao619/2015/web/login.php?m=Index&a=defaultpage
INFO: [ app_begin ] --START--
INFO: ReadHtmlCache Behavior ::run [ RunTime:0.000545s ]
INFO: [ app_begin ] --END-- [ RunTime:0.000677s ]
INFO: [ view_parse ] --START--
INFO: ParseTemplate Behavior ::run [ RunTime:0.009355s ]
INFO: [ view_parse ] --END-- [ RunTime:0.009451s ]
INFO: [ view_filter ] --START--
INFO: ContentReplace Behavior ::run [ RunTime:0.000320s ]
INFO: TokenBuild Behavior ::run [ RunTime:0.000271s ]
INFO: WriteHtmlCache Behavior ::run [ RunTime:0.000147s ]
INFO: ShowRuntime Behavior ::run [ RunTime:0.000309s ]
INFO: [ view_filter ] --END-- [ RunTime:0.001195s ]
INFO: [ view_end ] --START--
INFO: ShowPageTrace Behavior ::run [ RunTime:0.000666s ]
INFO: [ view_end ] --END-- [ RunTime:0.000724s ]

[ 2015-07-18T12:09:31+08:00 ] 0.0.0.0 /~changzhao619/2015/web/login.php?m=Index&a=adminIndex&type_link=2
INFO: [ app_begin ] --START--
INFO: ReadHtmlCache Behavior ::run [ RunTime:0.000244s ]
INFO: [ app_begin ] --END-- [ RunTime:0.000284s ]
SQL: SHOW COLUMNS FROM `think_articlemodel` [ RunTime:0.001306s ]
SQL: SELECT * FROM `think_articlemodel`  [ RunTime:0.000316s ]
INFO: [ view_parse ] --START--
INFO: ParseTemplate Behavior ::run [ RunTime:0.006664s ]
INFO: [ view_parse ] --END-- [ RunTime:0.006728s ]
INFO: [ view_filter ] --START--
INFO: ContentReplace Behavior ::run [ RunTime:0.000222s ]
INFO: TokenBuild Behavior ::run [ RunTime:0.000182s ]
INFO: WriteHtmlCache Behavior ::run [ RunTime:0.000116s ]
INFO: ShowRuntime Behavior ::run [ RunTime:0.000225s ]
INFO: [ view_filter ] --END-- [ RunTime:0.000834s ]
INFO: [ view_end ] --START--
INFO: ShowPageTrace Behavior ::run [ RunTime:0.000417s ]
INFO: [ view_end ] --END-- [ RunTime:0.000444s ]

[ 2015-07-18T12:57:15+08:00 ] 0.0.0.0 /~changzhao619/2015/web/login.php?m=Index&a=adminindex
INFO: [ app_begin ] --START--
INFO: ReadHtmlCache Behavior ::run [ RunTime:0.000647s ]
INFO: [ app_begin ] --END-- [ RunTime:0.000748s ]
NOTIC: [8] Undefined index: type_link /Users/changzhao619/Sites/2015/web/protected/admin/Lib/Action/IndexAction.class.php 第 46 行.
INFO: [ view_parse ] --START--
INFO: ParseTemplate Behavior ::run [ RunTime:0.006709s ]
INFO: [ view_parse ] --END-- [ RunTime:0.006780s ]
INFO: [ view_filter ] --START--
INFO: ContentReplace Behavior ::run [ RunTime:0.000194s ]
INFO: TokenBuild Behavior ::run [ RunTime:0.000165s ]
INFO: WriteHtmlCache Behavior ::run [ RunTime:0.000103s ]
INFO: ShowRuntime Behavior ::run [ RunTime:0.000228s ]
INFO: [ view_filter ] --END-- [ RunTime:0.000773s ]
INFO: [ view_end ] --START--
INFO: ShowPageTrace Behavior ::run [ RunTime:0.000477s ]
INFO: [ view_end ] --END-- [ RunTime:0.000515s ]

[ 2015-07-18T12:57:15+08:00 ] 0.0.0.0 /~changzhao619/2015/web/login.php?m=Index&a=defaultpage
INFO: [ app_begin ] --START--
INFO: ReadHtmlCache Behavior ::run [ RunTime:0.000299s ]
INFO: [ app_begin ] --END-- [ RunTime:0.000353s ]
INFO: [ view_parse ] --START--
INFO: ParseTemplate Behavior ::run [ RunTime:0.015682s ]
INFO: [ view_parse ] --END-- [ RunTime:0.015743s ]
INFO: [ view_filter ] --START--
INFO: ContentReplace Behavior ::run [ RunTime:0.000250s ]
INFO: TokenBuild Behavior ::run [ RunTime:0.000388s ]
INFO: WriteHtmlCache Behavior ::run [ RunTime:0.000340s ]
INFO: ShowRuntime Behavior ::run [ RunTime:0.000376s ]
INFO: [ view_filter ] --END-- [ RunTime:0.001621s ]
INFO: [ view_end ] --START--
INFO: ShowPageTrace Behavior ::run [ RunTime:0.001269s ]
INFO: [ view_end ] --END-- [ RunTime:0.001460s ]

[ 2015-07-18T12:57:15+08:00 ] 0.0.0.0 /~changzhao619/2015/web/login.php?m=Index&a=adminIndex&type_link=2
INFO: [ app_begin ] --START--
INFO: ReadHtmlCache Behavior ::run [ RunTime:0.000287s ]
INFO: [ app_begin ] --END-- [ RunTime:0.000336s ]
SQL: SHOW COLUMNS FROM `think_articlemodel` [ RunTime:0.019271s ]
SQL: SELECT * FROM `think_articlemodel`  [ RunTime:0.000472s ]
INFO: [ view_parse ] --START--
INFO: ParseTemplate Behavior ::run [ RunTime:0.007008s ]
INFO: [ view_parse ] --END-- [ RunTime:0.007067s ]
INFO: [ view_filter ] --START--
INFO: ContentReplace Behavior ::run [ RunTime:0.000249s ]
INFO: TokenBuild Behavior ::run [ RunTime:0.000209s ]
INFO: WriteHtmlCache Behavior ::run [ RunTime:0.000132s ]
INFO: ShowRuntime Behavior ::run [ RunTime:0.000258s ]
INFO: [ view_filter ] --END-- [ RunTime:0.000950s ]
INFO: [ view_end ] --START--
INFO: ShowPageTrace Behavior ::run [ RunTime:0.000367s ]
INFO: [ view_end ] --END-- [ RunTime:0.000399s ]

[ 2015-07-18T12:57:16+08:00 ] 0.0.0.0 /~changzhao619/2015/web/login.php?m=Index&a=m2_articlelist&enname=jiuyexinwen
INFO: [ app_begin ] --START--
INFO: ReadHtmlCache Behavior ::run [ RunTime:0.000242s ]
INFO: [ app_begin ] --END-- [ RunTime:0.000285s ]
SQL: SHOW COLUMNS FROM `think_article` [ RunTime:0.006423s ]
SQL: SELECT COUNT(*) AS tp_count FROM `think_article` LIMIT 1   [ RunTime:0.000272s ]
SQL: SELECT * FROM `think_article` WHERE ( entype = "jiuyexinwen" ) ORDER BY createtime desc LIMIT 0,22   [ RunTime:0.000411s ]
INFO: [ view_parse ] --START--
NOTIC: [8] Undefined variable: page /Users/changzhao619/Sites/2015/web/protected/admin/Runtime/Cache/16553e3802d13786c90618cba355afb2.php 第 74 行.
INFO: ParseTemplate Behavior ::run [ RunTime:0.007387s ]
INFO: [ view_parse ] --END-- [ RunTime:0.007435s ]
INFO: [ view_filter ] --START--
INFO: ContentReplace Behavior ::run [ RunTime:0.000170s ]
INFO: TokenBuild Behavior ::run [ RunTime:0.000154s ]
INFO: WriteHtmlCache Behavior ::run [ RunTime:0.000100s ]
INFO: ShowRuntime Behavior ::run [ RunTime:0.000206s ]
INFO: [ view_filter ] --END-- [ RunTime:0.000716s ]
INFO: [ view_end ] --START--
INFO: ShowPageTrace Behavior ::run [ RunTime:0.000289s ]
INFO: [ view_end ] --END-- [ RunTime:0.000319s ]

[ 2015-07-18T13:56:27+08:00 ] 0.0.0.0 /~changzhao619/2015/web/login.php?m=Index&a=m2_articlelist&enname=xiaowaizhaopin
INFO: [ app_begin ] --START--
INFO: ReadHtmlCache Behavior ::run [ RunTime:0.000295s ]
INFO: [ app_begin ] --END-- [ RunTime:0.000367s ]
SQL: SHOW COLUMNS FROM `think_article` [ RunTime:0.010374s ]
SQL: SELECT COUNT(*) AS tp_count FROM `think_article` LIMIT 1   [ RunTime:0.000330s ]
SQL: SELECT * FROM `think_article` WHERE ( entype = "xiaowaizhaopin" ) ORDER BY createtime desc LIMIT 0,22   [ RunTime:0.000345s ]
INFO: [ view_parse ] --START--
NOTIC: [8] Undefined variable: page /Users/changzhao619/Sites/2015/web/protected/admin/Runtime/Cache/16553e3802d13786c90618cba355afb2.php 第 74 行.
INFO: ParseTemplate Behavior ::run [ RunTime:0.006670s ]
INFO: [ view_parse ] --END-- [ RunTime:0.006759s ]
INFO: [ view_filter ] --START--
INFO: ContentReplace Behavior ::run [ RunTime:0.000405s ]
INFO: TokenBuild Behavior ::run [ RunTime:0.000336s ]
INFO: WriteHtmlCache Behavior ::run [ RunTime:0.000165s ]
INFO: ShowRuntime Behavior ::run [ RunTime:0.000326s ]
INFO: [ view_filter ] --END-- [ RunTime:0.001395s ]
INFO: [ view_end ] --START--
INFO: ShowPageTrace Behavior ::run [ RunTime:0.000964s ]
INFO: [ view_end ] --END-- [ RunTime:0.001089s ]

[ 2015-07-18T13:56:30+08:00 ] 0.0.0.0 /~changzhao619/2015/web/login.php?m=Index&a=m2_articlelist&enname=xiaoyuanzhaopin
INFO: [ app_begin ] --START--
INFO: ReadHtmlCache Behavior ::run [ RunTime:0.000535s ]
INFO: [ app_begin ] --END-- [ RunTime:0.000621s ]
SQL: SHOW COLUMNS FROM `think_article` [ RunTime:0.008805s ]
SQL: SELECT COUNT(*) AS tp_count FROM `think_article` LIMIT 1   [ RunTime:0.000361s ]
SQL: SELECT * FROM `think_article` WHERE ( entype = "xiaoyuanzhaopin" ) ORDER BY createtime desc LIMIT 0,22   [ RunTime:0.000497s ]
INFO: [ view_parse ] --START--
NOTIC: [8] Undefined variable: page /Users/changzhao619/Sites/2015/web/protected/admin/Runtime/Cache/16553e3802d13786c90618cba355afb2.php 第 74 行.
INFO: ParseTemplate Behavior ::run [ RunTime:0.007469s ]
INFO: [ view_parse ] --END-- [ RunTime:0.007516s ]
INFO: [ view_filter ] --START--
INFO: ContentReplace Behavior ::run [ RunTime:0.000236s ]
INFO: TokenBuild Behavior ::run [ RunTime:0.000182s ]
INFO: WriteHtmlCache Behavior ::run [ RunTime:0.000117s ]
INFO: ShowRuntime Behavior ::run [ RunTime:0.000221s ]
INFO: [ view_filter ] --END-- [ RunTime:0.000847s ]
INFO: [ view_end ] --START--
INFO: ShowPageTrace Behavior ::run [ RunTime:0.000323s ]
INFO: [ view_end ] --END-- [ RunTime:0.000354s ]

[ 2015-07-18T13:56:33+08:00 ] 0.0.0.0 /~changzhao619/2015/web/login.php?m=Index&a=m2_add&id=12&enname=xiaoyuanzhaopin
INFO: [ app_begin ] --START--
INFO: ReadHtmlCache Behavior ::run [ RunTime:0.000618s ]
INFO: [ app_begin ] --END-- [ RunTime:0.000710s ]
NOTIC: [8] Undefined index: submit /Users/changzhao619/Sites/2015/web/protected/admin/Lib/Action/IndexAction.class.php 第 221 行.
NOTIC: [8] Undefined index: updata /Users/changzhao619/Sites/2015/web/protected/admin/Lib/Action/IndexAction.class.php 第 246 行.
SQL: SHOW COLUMNS FROM `think_article` [ RunTime:0.002527s ]
SQL: SELECT * FROM `think_article` WHERE ( id ="12" ) LIMIT 1   [ RunTime:0.000610s ]
SQL: SHOW COLUMNS FROM `think_articlemodel` [ RunTime:0.002094s ]
SQL: SELECT * FROM `think_articlemodel` WHERE ( enname ="xiaoyuanzhaopin" ) LIMIT 1   [ RunTime:0.000382s ]
INFO: [ view_parse ] --START--
INFO: ParseTemplate Behavior ::run [ RunTime:0.008230s ]
INFO: [ view_parse ] --END-- [ RunTime:0.008305s ]
INFO: [ view_filter ] --START--
INFO: ContentReplace Behavior ::run [ RunTime:0.000326s ]
INFO: TokenBuild Behavior ::run [ RunTime:0.000260s ]
INFO: WriteHtmlCache Behavior ::run [ RunTime:0.000150s ]
INFO: ShowRuntime Behavior ::run [ RunTime:0.000287s ]
INFO: [ view_filter ] --END-- [ RunTime:0.001163s ]
INFO: [ view_end ] --START--
INFO: ShowPageTrace Behavior ::run [ RunTime:0.000413s ]
INFO: [ view_end ] --END-- [ RunTime:0.000453s ]

[ 2015-07-18T13:57:06+08:00 ] 0.0.0.0 /~changzhao619/2015/web/login.php?m=Index&a=m2_add
INFO: [ app_begin ] --START--
INFO: ReadHtmlCache Behavior ::run [ RunTime:0.000447s ]
INFO: [ app_begin ] --END-- [ RunTime:0.000518s ]
NOTIC: [8] Undefined index: submit /Users/changzhao619/Sites/2015/web/protected/admin/Lib/Action/IndexAction.class.php 第 221 行.
SQL: SHOW COLUMNS FROM `think_article` [ RunTime:0.010100s ]
SQL: SHOW COLUMNS FROM `think_articlemodel` [ RunTime:0.001523s ]
SQL: UPDATE `think_article` SET `title`='r',`author`='招生就业处',`content`='<pre class=\"brush:php;toolbar:false\">&lt;?php&nbsp;echo&nbsp;&quot;hello&quot;;&nbsp;?&gt;</pre><pre class=\"brush:php;toolbar:false\">&lt;?php&nbsp;echo&nbsp;&#39;hello&nbsp;world&#39;;&nbsp;?&gt;</pre><p><br/></p>',`createtime`='2015-07-16' WHERE ( id = "12" ) [ RunTime:0.004320s ]
INFO: [ view_parse ] --START--
INFO: ParseTemplate Behavior ::run [ RunTime:0.006690s ]
INFO: [ view_parse ] --END-- [ RunTime:0.006751s ]
INFO: [ view_filter ] --START--
INFO: ContentReplace Behavior ::run [ RunTime:0.000248s ]
INFO: TokenBuild Behavior ::run [ RunTime:0.000190s ]
INFO: WriteHtmlCache Behavior ::run [ RunTime:0.000124s ]
INFO: ShowRuntime Behavior ::run [ RunTime:0.000200s ]
INFO: [ view_filter ] --END-- [ RunTime:0.000850s ]
INFO: [ view_end ] --START--
INFO: ShowPageTrace Behavior ::run [ RunTime:0.000305s ]
INFO: [ view_end ] --END-- [ RunTime:0.000332s ]

[ 2015-07-18T13:57:07+08:00 ] 0.0.0.0 /~changzhao619/2015/web/login.php?m=Index&a=m1_sub1_layerclose
INFO: [ app_begin ] --START--
INFO: ReadHtmlCache Behavior ::run [ RunTime:0.000242s ]
INFO: [ app_begin ] --END-- [ RunTime:0.000286s ]
INFO: [ view_parse ] --START--
INFO: ParseTemplate Behavior ::run [ RunTime:0.014239s ]
INFO: [ view_parse ] --END-- [ RunTime:0.014331s ]
INFO: [ view_filter ] --START--
INFO: ContentReplace Behavior ::run [ RunTime:0.000669s ]
INFO: TokenBuild Behavior ::run [ RunTime:0.000337s ]
INFO: WriteHtmlCache Behavior ::run [ RunTime:0.000206s ]
INFO: ShowRuntime Behavior ::run [ RunTime:0.000410s ]
INFO: [ view_filter ] --END-- [ RunTime:0.001835s ]
INFO: [ view_end ] --START--
INFO: ShowPageTrace Behavior ::run [ RunTime:0.000565s ]
INFO: [ view_end ] --END-- [ RunTime:0.000622s ]

[ 2015-07-18T13:57:07+08:00 ] 0.0.0.0 /~changzhao619/2015/web/login.php?m=Index&a=m2_articlelist&enname=xiaoyuanzhaopin
INFO: [ app_begin ] --START--
INFO: ReadHtmlCache Behavior ::run [ RunTime:0.000284s ]
INFO: [ app_begin ] --END-- [ RunTime:0.000337s ]
SQL: SHOW COLUMNS FROM `think_article` [ RunTime:0.002185s ]
SQL: SELECT COUNT(*) AS tp_count FROM `think_article` LIMIT 1   [ RunTime:0.000350s ]
SQL: SELECT * FROM `think_article` WHERE ( entype = "xiaoyuanzhaopin" ) ORDER BY createtime desc LIMIT 0,22   [ RunTime:0.000407s ]
INFO: [ view_parse ] --START--
NOTIC: [8] Undefined variable: page /Users/changzhao619/Sites/2015/web/protected/admin/Runtime/Cache/16553e3802d13786c90618cba355afb2.php 第 74 行.
INFO: ParseTemplate Behavior ::run [ RunTime:0.008986s ]
INFO: [ view_parse ] --END-- [ RunTime:0.009026s ]
INFO: [ view_filter ] --START--
INFO: ContentReplace Behavior ::run [ RunTime:0.000186s ]
INFO: TokenBuild Behavior ::run [ RunTime:0.000156s ]
INFO: WriteHtmlCache Behavior ::run [ RunTime:0.000100s ]
INFO: ShowRuntime Behavior ::run [ RunTime:0.000286s ]
INFO: [ view_filter ] --END-- [ RunTime:0.000809s ]
INFO: [ view_end ] --START--
INFO: ShowPageTrace Behavior ::run [ RunTime:0.000288s ]
INFO: [ view_end ] --END-- [ RunTime:0.000316s ]

[ 2015-07-18T13:57:10+08:00 ] 0.0.0.0 /~changzhao619/2015/web/login.php?m=Index&a=m2_articlelist&enname=xiaowaizhaopin
INFO: [ app_begin ] --START--
INFO: ReadHtmlCache Behavior ::run [ RunTime:0.000473s ]
INFO: [ app_begin ] --END-- [ RunTime:0.000545s ]
SQL: SHOW COLUMNS FROM `think_article` [ RunTime:0.010786s ]
SQL: SELECT COUNT(*) AS tp_count FROM `think_article` LIMIT 1   [ RunTime:0.000354s ]
SQL: SELECT * FROM `think_article` WHERE ( entype = "xiaowaizhaopin" ) ORDER BY createtime desc LIMIT 0,22   [ RunTime:0.000565s ]
INFO: [ view_parse ] --START--
NOTIC: [8] Undefined variable: page /Users/changzhao619/Sites/2015/web/protected/admin/Runtime/Cache/16553e3802d13786c90618cba355afb2.php 第 74 行.
INFO: ParseTemplate Behavior ::run [ RunTime:0.006320s ]
INFO: [ view_parse ] --END-- [ RunTime:0.006378s ]
INFO: [ view_filter ] --START--
INFO: ContentReplace Behavior ::run [ RunTime:0.000177s ]
INFO: TokenBuild Behavior ::run [ RunTime:0.000155s ]
INFO: WriteHtmlCache Behavior ::run [ RunTime:0.000101s ]
INFO: ShowRuntime Behavior ::run [ RunTime:0.000191s ]
INFO: [ view_filter ] --END-- [ RunTime:0.000705s ]
INFO: [ view_end ] --START--
INFO: ShowPageTrace Behavior ::run [ RunTime:0.000278s ]
INFO: [ view_end ] --END-- [ RunTime:0.000305s ]

[ 2015-07-18T13:57:13+08:00 ] 0.0.0.0 /~changzhao619/2015/web/login.php?m=Index&a=m2_add&id=9&enname=xiaowaizhaopin
INFO: [ app_begin ] --START--
INFO: ReadHtmlCache Behavior ::run [ RunTime:0.000546s ]
INFO: [ app_begin ] --END-- [ RunTime:0.000643s ]
NOTIC: [8] Undefined index: submit /Users/changzhao619/Sites/2015/web/protected/admin/Lib/Action/IndexAction.class.php 第 221 行.
NOTIC: [8] Undefined index: updata /Users/changzhao619/Sites/2015/web/protected/admin/Lib/Action/IndexAction.class.php 第 246 行.
SQL: SHOW COLUMNS FROM `think_article` [ RunTime:0.010300s ]
SQL: SELECT * FROM `think_article` WHERE ( id ="9" ) LIMIT 1   [ RunTime:0.001192s ]
SQL: SHOW COLUMNS FROM `think_articlemodel` [ RunTime:0.003021s ]
SQL: SELECT * FROM `think_articlemodel` WHERE ( enname ="xiaowaizhaopin" ) LIMIT 1   [ RunTime:0.000328s ]
INFO: [ view_parse ] --START--
INFO: ParseTemplate Behavior ::run [ RunTime:0.008533s ]
INFO: [ view_parse ] --END-- [ RunTime:0.008613s ]
INFO: [ view_filter ] --START--
INFO: ContentReplace Behavior ::run [ RunTime:0.000327s ]
INFO: TokenBuild Behavior ::run [ RunTime:0.000285s ]
INFO: WriteHtmlCache Behavior ::run [ RunTime:0.000163s ]
INFO: ShowRuntime Behavior ::run [ RunTime:0.000302s ]
INFO: [ view_filter ] --END-- [ RunTime:0.001224s ]
INFO: [ view_end ] --START--
INFO: ShowPageTrace Behavior ::run [ RunTime:0.001515s ]
INFO: [ view_end ] --END-- [ RunTime:0.001777s ]

[ 2015-07-18T13:57:22+08:00 ] 0.0.0.0 /~changzhao619/2015/web/login.php?m=Index&a=m2_add
INFO: [ app_begin ] --START--
INFO: ReadHtmlCache Behavior ::run [ RunTime:0.000466s ]
INFO: [ app_begin ] --END-- [ RunTime:0.000533s ]
NOTIC: [8] Undefined index: submit /Users/changzhao619/Sites/2015/web/protected/admin/Lib/Action/IndexAction.class.php 第 221 行.
SQL: SHOW COLUMNS FROM `think_article` [ RunTime:0.009876s ]
SQL: SHOW COLUMNS FROM `think_articlemodel` [ RunTime:0.002156s ]
SQL: UPDATE `think_article` SET `title`='1',`author`='招生就业处',`content`='<p>1</p>',`createtime`='2015-07-16' WHERE ( id = "9" ) [ RunTime:0.000660s ]
INFO: [ view_parse ] --START--
INFO: ParseTemplate Behavior ::run [ RunTime:0.007495s ]
INFO: [ view_parse ] --END-- [ RunTime:0.007592s ]
INFO: [ view_filter ] --START--
INFO: ContentReplace Behavior ::run [ RunTime:0.000375s ]
INFO: TokenBuild Behavior ::run [ RunTime:0.000265s ]
INFO: WriteHtmlCache Behavior ::run [ RunTime:0.000146s ]
INFO: ShowRuntime Behavior ::run [ RunTime:0.000269s ]
INFO: [ view_filter ] --END-- [ RunTime:0.001191s ]
INFO: [ view_end ] --START--
INFO: ShowPageTrace Behavior ::run [ RunTime:0.000381s ]
INFO: [ view_end ] --END-- [ RunTime:0.000419s ]

[ 2015-07-18T13:57:23+08:00 ] 0.0.0.0 /~changzhao619/2015/web/login.php?m=Index&a=m1_sub1_layerclose
INFO: [ app_begin ] --START--
INFO: ReadHtmlCache Behavior ::run [ RunTime:0.000265s ]
INFO: [ app_begin ] --END-- [ RunTime:0.000314s ]
INFO: [ view_parse ] --START--
INFO: ParseTemplate Behavior ::run [ RunTime:0.011434s ]
INFO: [ view_parse ] --END-- [ RunTime:0.011525s ]
INFO: [ view_filter ] --START--
INFO: ContentReplace Behavior ::run [ RunTime:0.000885s ]
INFO: TokenBuild Behavior ::run [ RunTime:0.000276s ]
INFO: WriteHtmlCache Behavior ::run [ RunTime:0.000173s ]
INFO: ShowRuntime Behavior ::run [ RunTime:0.000274s ]
INFO: [ view_filter ] --END-- [ RunTime:0.001743s ]
INFO: [ view_end ] --START--
INFO: ShowPageTrace Behavior ::run [ RunTime:0.000399s ]
INFO: [ view_end ] --END-- [ RunTime:0.000438s ]

[ 2015-07-18T13:57:23+08:00 ] 0.0.0.0 /~changzhao619/2015/web/login.php?m=Index&a=m2_articlelist&enname=xiaowaizhaopin
INFO: [ app_begin ] --START--
INFO: ReadHtmlCache Behavior ::run [ RunTime:0.000284s ]
INFO: [ app_begin ] --END-- [ RunTime:0.000338s ]
SQL: SHOW COLUMNS FROM `think_article` [ RunTime:0.001522s ]
SQL: SELECT COUNT(*) AS tp_count FROM `think_article` LIMIT 1   [ RunTime:0.000537s ]
SQL: SELECT * FROM `think_article` WHERE ( entype = "xiaowaizhaopin" ) ORDER BY createtime desc LIMIT 0,22   [ RunTime:0.000455s ]
INFO: [ view_parse ] --START--
NOTIC: [8] Undefined variable: page /Users/changzhao619/Sites/2015/web/protected/admin/Runtime/Cache/16553e3802d13786c90618cba355afb2.php 第 74 行.
INFO: ParseTemplate Behavior ::run [ RunTime:0.007934s ]
INFO: [ view_parse ] --END-- [ RunTime:0.008009s ]
INFO: [ view_filter ] --START--
INFO: ContentReplace Behavior ::run [ RunTime:0.000472s ]
INFO: TokenBuild Behavior ::run [ RunTime:0.000237s ]
INFO: WriteHtmlCache Behavior ::run [ RunTime:0.000145s ]
INFO: ShowRuntime Behavior ::run [ RunTime:0.000265s ]
INFO: [ view_filter ] --END-- [ RunTime:0.001254s ]
INFO: [ view_end ] --START--
INFO: ShowPageTrace Behavior ::run [ RunTime:0.000446s ]
INFO: [ view_end ] --END-- [ RunTime:0.000486s ]

[ 2015-07-18T14:26:18+08:00 ] 0.0.0.0 /~changzhao619/2015/web/login.php?m=Index&a=m2_articlelist&enname=jiuyexinwen
INFO: [ app_begin ] --START--
INFO: ReadHtmlCache Behavior ::run [ RunTime:0.000298s ]
INFO: [ app_begin ] --END-- [ RunTime:0.000348s ]
SQL: SHOW COLUMNS FROM `think_article` [ RunTime:0.011289s ]
SQL: SELECT COUNT(*) AS tp_count FROM `think_article` LIMIT 1   [ RunTime:0.000414s ]
SQL: SELECT * FROM `think_article` WHERE ( entype = "jiuyexinwen" ) ORDER BY createtime desc LIMIT 0,22   [ RunTime:0.000500s ]
INFO: [ view_parse ] --START--
NOTIC: [8] Undefined variable: page /Users/changzhao619/Sites/2015/web/protected/admin/Runtime/Cache/16553e3802d13786c90618cba355afb2.php 第 74 行.
INFO: ParseTemplate Behavior ::run [ RunTime:0.008453s ]
INFO: [ view_parse ] --END-- [ RunTime:0.008509s ]
INFO: [ view_filter ] --START--
INFO: ContentReplace Behavior ::run [ RunTime:0.000234s ]
INFO: TokenBuild Behavior ::run [ RunTime:0.000211s ]
INFO: WriteHtmlCache Behavior ::run [ RunTime:0.000138s ]
INFO: ShowRuntime Behavior ::run [ RunTime:0.000260s ]
INFO: [ view_filter ] --END-- [ RunTime:0.000950s ]
INFO: [ view_end ] --START--
INFO: ShowPageTrace Behavior ::run [ RunTime:0.000381s ]
INFO: [ view_end ] --END-- [ RunTime:0.000417s ]

[ 2015-07-18T14:26:24+08:00 ] 0.0.0.0 /~changzhao619/2015/web/login.php?m=Index&a=m2_add&enname=jiuyexinwen
INFO: [ app_begin ] --START--
INFO: ReadHtmlCache Behavior ::run [ RunTime:0.000331s ]
INFO: [ app_begin ] --END-- [ RunTime:0.000386s ]
NOTIC: [8] Undefined index: submit /Users/changzhao619/Sites/2015/web/protected/admin/Lib/Action/IndexAction.class.php 第 221 行.
NOTIC: [8] Undefined index: updata /Users/changzhao619/Sites/2015/web/protected/admin/Lib/Action/IndexAction.class.php 第 246 行.
NOTIC: [8] Undefined index: id /Users/changzhao619/Sites/2015/web/protected/admin/Lib/Action/IndexAction.class.php 第 262 行.
SQL: SHOW COLUMNS FROM `think_articlemodel` [ RunTime:0.011675s ]
SQL: SELECT * FROM `think_articlemodel` WHERE ( enname ="jiuyexinwen" ) LIMIT 1   [ RunTime:0.000439s ]
INFO: [ view_parse ] --START--
NOTIC: [8] Undefined variable: value /Users/changzhao619/Sites/2015/web/protected/admin/Runtime/Cache/f9eccd9554fbabd58c6b00687d87670f.php 第 25 行.
NOTIC: [8] Undefined variable: value /Users/changzhao619/Sites/2015/web/protected/admin/Runtime/Cache/f9eccd9554fbabd58c6b00687d87670f.php 第 26 行.
NOTIC: [8] Undefined variable: value /Users/changzhao619/Sites/2015/web/protected/admin/Runtime/Cache/f9eccd9554fbabd58c6b00687d87670f.php 第 27 行.
NOTIC: [8] Undefined variable: value /Users/changzhao619/Sites/2015/web/protected/admin/Runtime/Cache/f9eccd9554fbabd58c6b00687d87670f.php 第 28 行.
NOTIC: [8] Undefined variable: value /Users/changzhao619/Sites/2015/web/protected/admin/Runtime/Cache/f9eccd9554fbabd58c6b00687d87670f.php 第 32 行.
NOTIC: [8] Undefined variable: value /Users/changzhao619/Sites/2015/web/protected/admin/Runtime/Cache/f9eccd9554fbabd58c6b00687d87670f.php 第 46 行.
NOTIC: [8] Undefined variable: value /Users/changzhao619/Sites/2015/web/protected/admin/Runtime/Cache/f9eccd9554fbabd58c6b00687d87670f.php 第 50 行.
INFO: ParseTemplate Behavior ::run [ RunTime:0.005340s ]
INFO: [ view_parse ] --END-- [ RunTime:0.005382s ]
INFO: [ view_filter ] --START--
INFO: ContentReplace Behavior ::run [ RunTime:0.000166s ]
INFO: TokenBuild Behavior ::run [ RunTime:0.000180s ]
INFO: WriteHtmlCache Behavior ::run [ RunTime:0.000097s ]
INFO: ShowRuntime Behavior ::run [ RunTime:0.000190s ]
INFO: [ view_filter ] --END-- [ RunTime:0.000711s ]
INFO: [ view_end ] --START--
INFO: ShowPageTrace Behavior ::run [ RunTime:0.000277s ]
INFO: [ view_end ] --END-- [ RunTime:0.000303s ]

[ 2015-07-18T14:27:00+08:00 ] 0.0.0.0 /~changzhao619/2015/web/login.php?m=Index&a=m2_add
INFO: [ app_begin ] --START--
INFO: ReadHtmlCache Behavior ::run [ RunTime:0.000247s ]
INFO: [ app_begin ] --END-- [ RunTime:0.000291s ]
SQL: SHOW COLUMNS FROM `think_article` [ RunTime:0.011247s ]
SQL: SHOW COLUMNS FROM `think_articlemodel` [ RunTime:0.007141s ]
SQL: SELECT * FROM `think_articlemodel` WHERE ( enname ="jiuyexinwen" ) LIMIT 1   [ RunTime:0.000441s ]
SQL: INSERT INTO `think_article` (`zhtype`,`entype`,`authority`,`ipcontrol`,`title`,`author`,`content`,`createtime`,`time`) VALUES ('就业新闻','jiuyexinwen','all','all','22222','招生就业处','<p>&nbsp; &nbsp; &nbsp; &nbsp; &nbsp; &nbsp;$Data = M(&#39;Article&#39;); &nbsp; &nbsp; &nbsp; &nbsp; &nbsp;</p><p>&nbsp; &nbsp; &nbsp; &nbsp; &nbsp; &nbsp; import(&#39;ORG.Util.Page&#39;);// 导入分页类</p><p>&nbsp; &nbsp; &nbsp; &nbsp; &nbsp; &nbsp; $count &nbsp; &nbsp; &nbsp;= $Data-&gt;count();// 查询满足要求的总记录数</p><p>&nbsp; &nbsp; &nbsp; &nbsp; &nbsp; &nbsp; $Page &nbsp; &nbsp; &nbsp; = new Page($count,$num);// 实例化分页类 传入总记录数</p><p>&nbsp; &nbsp; &nbsp; &nbsp; &nbsp; &nbsp; &nbsp; &nbsp; // 进行分页数据查询 注意page方法的参数的前面部分是当前的页数使用 $_GET[p]获取</p><p>&nbsp; &nbsp; &nbsp; &nbsp; &nbsp; &nbsp; $nowPage = isset($_GET[&#39;p&#39;])?$_GET[&#39;p&#39;]:1;</p><p>&nbsp; &nbsp; &nbsp; &nbsp; &nbsp; &nbsp; $list = $Data-&gt;order(&#39;createtime desc&#39;)-&gt;where(&#39;entype = &quot;&#39;.$entype.&#39;&quot;&#39;)-&gt;page($nowPage.&#39;,&#39;.$Page-&gt;listRows)-&gt;select();</p><p>&nbsp; &nbsp; &nbsp; &nbsp; &nbsp; &nbsp; $show &nbsp; &nbsp; &nbsp; = $Page-&gt;show();// 分页显示输出</p><p>&nbsp; &nbsp; &nbsp; &nbsp; &nbsp; &nbsp; $array[&#39;list&#39;] = $list;</p><p>&nbsp; &nbsp; &nbsp; &nbsp; &nbsp; &nbsp; $array[&#39;show&#39;] = $show;</p><p>&nbsp; &nbsp; &nbsp; &nbsp; &nbsp; &nbsp; return $array;</p><p><br/></p>','2015-07-16',0) [ RunTime:0.000652s ]
INFO: [ view_parse ] --START--
INFO: ParseTemplate Behavior ::run [ RunTime:0.005413s ]
INFO: [ view_parse ] --END-- [ RunTime:0.005476s ]
INFO: [ view_filter ] --START--
INFO: ContentReplace Behavior ::run [ RunTime:0.000216s ]
INFO: TokenBuild Behavior ::run [ RunTime:0.000207s ]
INFO: WriteHtmlCache Behavior ::run [ RunTime:0.000131s ]
INFO: ShowRuntime Behavior ::run [ RunTime:0.000256s ]
INFO: [ view_filter ] --END-- [ RunTime:0.000921s ]
INFO: [ view_end ] --START--
INFO: ShowPageTrace Behavior ::run [ RunTime:0.000368s ]
INFO: [ view_end ] --END-- [ RunTime:0.000405s ]

[ 2015-07-18T14:27:01+08:00 ] 0.0.0.0 /~changzhao619/2015/web/login.php?m=Index&a=m1_sub1_layerclose
INFO: [ app_begin ] --START--
INFO: ReadHtmlCache Behavior ::run [ RunTime:0.000258s ]
INFO: [ app_begin ] --END-- [ RunTime:0.000301s ]
INFO: [ view_parse ] --START--
INFO: ParseTemplate Behavior ::run [ RunTime:0.011279s ]
INFO: [ view_parse ] --END-- [ RunTime:0.011363s ]
INFO: [ view_filter ] --START--
INFO: ContentReplace Behavior ::run [ RunTime:0.000355s ]
INFO: TokenBuild Behavior ::run [ RunTime:0.000312s ]
INFO: WriteHtmlCache Behavior ::run [ RunTime:0.000194s ]
INFO: ShowRuntime Behavior ::run [ RunTime:0.000370s ]
INFO: [ view_filter ] --END-- [ RunTime:0.001390s ]
INFO: [ view_end ] --START--
INFO: ShowPageTrace Behavior ::run [ RunTime:0.000552s ]
INFO: [ view_end ] --END-- [ RunTime:0.000605s ]

[ 2015-07-18T14:27:01+08:00 ] 0.0.0.0 /~changzhao619/2015/web/login.php?m=Index&a=m2_articlelist&enname=jiuyexinwen
INFO: [ app_begin ] --START--
INFO: ReadHtmlCache Behavior ::run [ RunTime:0.000240s ]
INFO: [ app_begin ] --END-- [ RunTime:0.000284s ]
SQL: SHOW COLUMNS FROM `think_article` [ RunTime:0.001285s ]
SQL: SELECT COUNT(*) AS tp_count FROM `think_article` LIMIT 1   [ RunTime:0.000285s ]
SQL: SELECT * FROM `think_article` WHERE ( entype = "jiuyexinwen" ) ORDER BY createtime desc LIMIT 0,22   [ RunTime:0.000388s ]
INFO: [ view_parse ] --START--
NOTIC: [8] Undefined variable: page /Users/changzhao619/Sites/2015/web/protected/admin/Runtime/Cache/16553e3802d13786c90618cba355afb2.php 第 74 行.
INFO: ParseTemplate Behavior ::run [ RunTime:0.006002s ]
INFO: [ view_parse ] --END-- [ RunTime:0.006043s ]
INFO: [ view_filter ] --START--
INFO: ContentReplace Behavior ::run [ RunTime:0.000168s ]
INFO: TokenBuild Behavior ::run [ RunTime:0.000149s ]
INFO: WriteHtmlCache Behavior ::run [ RunTime:0.000115s ]
INFO: ShowRuntime Behavior ::run [ RunTime:0.000189s ]
INFO: [ view_filter ] --END-- [ RunTime:0.000722s ]
INFO: [ view_end ] --START--
INFO: ShowPageTrace Behavior ::run [ RunTime:0.000268s ]
INFO: [ view_end ] --END-- [ RunTime:0.000295s ]

[ 2015-07-18T14:27:34+08:00 ] 0.0.0.0 /~changzhao619/2015/web/login.php?m=Index&a=m2_add&id=17&enname=jiuyexinwen
INFO: [ app_begin ] --START--
INFO: ReadHtmlCache Behavior ::run [ RunTime:0.000313s ]
INFO: [ app_begin ] --END-- [ RunTime:0.000367s ]
NOTIC: [8] Undefined index: submit /Users/changzhao619/Sites/2015/web/protected/admin/Lib/Action/IndexAction.class.php 第 221 行.
NOTIC: [8] Undefined index: updata /Users/changzhao619/Sites/2015/web/protected/admin/Lib/Action/IndexAction.class.php 第 246 行.
SQL: SHOW COLUMNS FROM `think_article` [ RunTime:0.011423s ]
SQL: SELECT * FROM `think_article` WHERE ( id ="17" ) LIMIT 1   [ RunTime:0.000447s ]
SQL: SHOW COLUMNS FROM `think_articlemodel` [ RunTime:0.006479s ]
SQL: SELECT * FROM `think_articlemodel` WHERE ( enname ="jiuyexinwen" ) LIMIT 1   [ RunTime:0.000434s ]
INFO: [ view_parse ] --START--
INFO: ParseTemplate Behavior ::run [ RunTime:0.005786s ]
INFO: [ view_parse ] --END-- [ RunTime:0.005848s ]
INFO: [ view_filter ] --START--
INFO: ContentReplace Behavior ::run [ RunTime:0.000194s ]
INFO: TokenBuild Behavior ::run [ RunTime:0.000152s ]
INFO: WriteHtmlCache Behavior ::run [ RunTime:0.000096s ]
INFO: ShowRuntime Behavior ::run [ RunTime:0.000190s ]
INFO: [ view_filter ] --END-- [ RunTime:0.000713s ]
INFO: [ view_end ] --START--
INFO: ShowPageTrace Behavior ::run [ RunTime:0.000281s ]
INFO: [ view_end ] --END-- [ RunTime:0.000307s ]

[ 2015-07-18T15:30:27+08:00 ] 192.168.22.241 /~changzhao619/2015/web/login.php?m=Index&a=adminindex
INFO: [ app_begin ] --START--
INFO: ReadHtmlCache Behavior ::run [ RunTime:0.001061s ]
INFO: [ app_begin ] --END-- [ RunTime:0.001197s ]
NOTIC: [8] Undefined index: username /Users/changzhao619/Sites/2015/web/protected/admin/Lib/Action/IndexAction.class.php 第 298 行.
INFO: [ view_parse ] --START--
INFO: ParseTemplate Behavior ::run [ RunTime:0.010350s ]
INFO: [ view_parse ] --END-- [ RunTime:0.010438s ]
INFO: [ view_filter ] --START--
INFO: ContentReplace Behavior ::run [ RunTime:0.000728s ]
INFO: TokenBuild Behavior ::run [ RunTime:0.000918s ]
INFO: WriteHtmlCache Behavior ::run [ RunTime:0.000840s ]
INFO: ShowRuntime Behavior ::run [ RunTime:0.000982s ]
INFO: [ view_filter ] --END-- [ RunTime:0.003705s ]
INFO: [ view_end ] --START--
INFO: ShowPageTrace Behavior ::run [ RunTime:0.001138s ]
INFO: [ view_end ] --END-- [ RunTime:0.001210s ]

[ 2015-07-18T15:30:30+08:00 ] 192.168.22.241 /~changzhao619/2015/web/login.php?m=Index&a=index
INFO: [ app_begin ] --START--
INFO: ReadHtmlCache Behavior ::run [ RunTime:0.000311s ]
INFO: [ app_begin ] --END-- [ RunTime:0.000362s ]
INFO: [ view_parse ] --START--
INFO: ParseTemplate Behavior ::run [ RunTime:0.012382s ]
INFO: [ view_parse ] --END-- [ RunTime:0.012453s ]
INFO: [ view_filter ] --START--
INFO: ContentReplace Behavior ::run [ RunTime:0.000286s ]
INFO: TokenBuild Behavior ::run [ RunTime:0.000242s ]
INFO: WriteHtmlCache Behavior ::run [ RunTime:0.000144s ]
INFO: ShowRuntime Behavior ::run [ RunTime:0.000277s ]
INFO: [ view_filter ] --END-- [ RunTime:0.001083s ]
INFO: [ view_end ] --START--
INFO: ShowPageTrace Behavior ::run [ RunTime:0.000433s ]
INFO: [ view_end ] --END-- [ RunTime:0.000473s ]

[ 2015-07-18T15:30:30+08:00 ] 192.168.22.241 /~changzhao619/2015/web/login.php/Index/verify
INFO: [ route_check ] --START--
INFO: CheckRoute Behavior ::run [ RunTime:0.006647s ]
INFO: [ route_check ] --END-- [ RunTime:0.006741s ]
INFO: [ app_begin ] --START--
INFO: ReadHtmlCache Behavior ::run [ RunTime:0.000479s ]
INFO: [ app_begin ] --END-- [ RunTime:0.000548s ]

[ 2015-07-18T15:30:50+08:00 ] 192.168.22.250 /~changzhao619/2015/web/login.php?m=Index&a=index
INFO: [ app_begin ] --START--
INFO: ReadHtmlCache Behavior ::run [ RunTime:0.000249s ]
INFO: [ app_begin ] --END-- [ RunTime:0.000292s ]
INFO: [ view_parse ] --START--
INFO: ParseTemplate Behavior ::run [ RunTime:0.010781s ]
INFO: [ view_parse ] --END-- [ RunTime:0.010886s ]
INFO: [ view_filter ] --START--
INFO: ContentReplace Behavior ::run [ RunTime:0.000382s ]
INFO: TokenBuild Behavior ::run [ RunTime:0.000482s ]
INFO: WriteHtmlCache Behavior ::run [ RunTime:0.000316s ]
INFO: ShowRuntime Behavior ::run [ RunTime:0.000627s ]
INFO: [ view_filter ] --END-- [ RunTime:0.002050s ]
INFO: [ view_end ] --START--
INFO: ShowPageTrace Behavior ::run [ RunTime:0.000774s ]
INFO: [ view_end ] --END-- [ RunTime:0.000859s ]

[ 2015-07-18T15:30:50+08:00 ] 192.168.22.250 /~changzhao619/2015/web/login.php/Index/verify
INFO: [ route_check ] --START--
INFO: CheckRoute Behavior ::run [ RunTime:0.000506s ]
INFO: [ route_check ] --END-- [ RunTime:0.000565s ]
INFO: [ app_begin ] --START--
INFO: ReadHtmlCache Behavior ::run [ RunTime:0.000319s ]
INFO: [ app_begin ] --END-- [ RunTime:0.000365s ]

[ 2015-07-18T15:31:06+08:00 ] 192.168.22.250 /~changzhao619/2015/web/login.php?m=Index&a=loginVertify
INFO: [ app_begin ] --START--
INFO: ReadHtmlCache Behavior ::run [ RunTime:0.000241s ]
INFO: [ app_begin ] --END-- [ RunTime:0.000283s ]
SQL: SHOW COLUMNS FROM `think_admin` [ RunTime:0.001795s ]
SQL: SELECT * FROM `think_admin` WHERE ( username = "test" ) LIMIT 1   [ RunTime:0.000359s ]
INFO: [ view_parse ] --START--
INFO: ParseTemplate Behavior ::run [ RunTime:0.004368s ]
INFO: [ view_parse ] --END-- [ RunTime:0.004436s ]
INFO: [ view_filter ] --START--
INFO: ContentReplace Behavior ::run [ RunTime:0.000162s ]
INFO: TokenBuild Behavior ::run [ RunTime:0.000154s ]
INFO: WriteHtmlCache Behavior ::run [ RunTime:0.000119s ]
INFO: ShowRuntime Behavior ::run [ RunTime:0.000213s ]
INFO: [ view_filter ] --END-- [ RunTime:0.000761s ]
INFO: [ view_end ] --START--
INFO: ShowPageTrace Behavior ::run [ RunTime:0.000339s ]
INFO: [ view_end ] --END-- [ RunTime:0.000378s ]

[ 2015-07-18T15:31:07+08:00 ] 192.168.22.250 /~changzhao619/2015/web/login.php?m=Index&a=adminindex
INFO: [ app_begin ] --START--
INFO: ReadHtmlCache Behavior ::run [ RunTime:0.000239s ]
INFO: [ app_begin ] --END-- [ RunTime:0.000280s ]
NOTIC: [8] Undefined index: type_link /Users/changzhao619/Sites/2015/web/protected/admin/Lib/Action/IndexAction.class.php 第 46 行.
INFO: [ view_parse ] --START--
INFO: ParseTemplate Behavior ::run [ RunTime:0.013509s ]
INFO: [ view_parse ] --END-- [ RunTime:0.013573s ]
INFO: [ view_filter ] --START--
INFO: ContentReplace Behavior ::run [ RunTime:0.000253s ]
INFO: TokenBuild Behavior ::run [ RunTime:0.000218s ]
INFO: WriteHtmlCache Behavior ::run [ RunTime:0.000137s ]
INFO: ShowRuntime Behavior ::run [ RunTime:0.000264s ]
INFO: [ view_filter ] --END-- [ RunTime:0.000982s ]
INFO: [ view_end ] --START--
INFO: ShowPageTrace Behavior ::run [ RunTime:0.000385s ]
INFO: [ view_end ] --END-- [ RunTime:0.000426s ]

[ 2015-07-18T15:31:08+08:00 ] 192.168.22.250 /~changzhao619/2015/web/login.php?m=Index&a=defaultpage
INFO: [ app_begin ] --START--
INFO: ReadHtmlCache Behavior ::run [ RunTime:0.000244s ]
INFO: [ app_begin ] --END-- [ RunTime:0.000288s ]
INFO: [ view_parse ] --START--
INFO: ParseTemplate Behavior ::run [ RunTime:0.003429s ]
INFO: [ view_parse ] --END-- [ RunTime:0.003478s ]
INFO: [ view_filter ] --START--
INFO: ContentReplace Behavior ::run [ RunTime:0.000163s ]
INFO: TokenBuild Behavior ::run [ RunTime:0.000158s ]
INFO: WriteHtmlCache Behavior ::run [ RunTime:0.000126s ]
INFO: ShowRuntime Behavior ::run [ RunTime:0.000193s ]
INFO: [ view_filter ] --END-- [ RunTime:0.000720s ]
INFO: [ view_end ] --START--
INFO: ShowPageTrace Behavior ::run [ RunTime:0.000279s ]
INFO: [ view_end ] --END-- [ RunTime:0.000305s ]

[ 2015-07-18T15:31:13+08:00 ] 192.168.22.250 /~changzhao619/2015/web/login.php?m=Index&a=adminIndex&type_link=2
INFO: [ app_begin ] --START--
INFO: ReadHtmlCache Behavior ::run [ RunTime:0.000352s ]
INFO: [ app_begin ] --END-- [ RunTime:0.000452s ]
SQL: SHOW COLUMNS FROM `think_articlemodel` [ RunTime:0.009436s ]
SQL: SELECT * FROM `think_articlemodel`  [ RunTime:0.000458s ]
INFO: [ view_parse ] --START--
INFO: ParseTemplate Behavior ::run [ RunTime:0.008138s ]
INFO: [ view_parse ] --END-- [ RunTime:0.008262s ]
INFO: [ view_filter ] --START--
INFO: ContentReplace Behavior ::run [ RunTime:0.000209s ]
INFO: TokenBuild Behavior ::run [ RunTime:0.000179s ]
INFO: WriteHtmlCache Behavior ::run [ RunTime:0.000134s ]
INFO: ShowRuntime Behavior ::run [ RunTime:0.000253s ]
INFO: [ view_filter ] --END-- [ RunTime:0.000884s ]
INFO: [ view_end ] --START--
INFO: ShowPageTrace Behavior ::run [ RunTime:0.000394s ]
INFO: [ view_end ] --END-- [ RunTime:0.000432s ]

[ 2015-07-18T15:31:15+08:00 ] 192.168.22.250 /~changzhao619/2015/web/login.php?m=Index&a=m2_articlelist&enname=jiuyexinwen
INFO: [ app_begin ] --START--
INFO: ReadHtmlCache Behavior ::run [ RunTime:0.000336s ]
INFO: [ app_begin ] --END-- [ RunTime:0.000388s ]
SQL: SHOW COLUMNS FROM `think_article` [ RunTime:0.010351s ]
SQL: SELECT COUNT(*) AS tp_count FROM `think_article` LIMIT 1   [ RunTime:0.000609s ]
SQL: SELECT * FROM `think_article` WHERE ( entype = "jiuyexinwen" ) ORDER BY createtime desc LIMIT 0,22   [ RunTime:0.000502s ]
INFO: [ view_parse ] --START--
NOTIC: [8] Undefined variable: page /Users/changzhao619/Sites/2015/web/protected/admin/Runtime/Cache/16553e3802d13786c90618cba355afb2.php 第 74 行.
INFO: ParseTemplate Behavior ::run [ RunTime:0.007774s ]
INFO: [ view_parse ] --END-- [ RunTime:0.007824s ]
INFO: [ view_filter ] --START--
INFO: ContentReplace Behavior ::run [ RunTime:0.000214s ]
INFO: TokenBuild Behavior ::run [ RunTime:0.000152s ]
INFO: WriteHtmlCache Behavior ::run [ RunTime:0.000099s ]
INFO: ShowRuntime Behavior ::run [ RunTime:0.000229s ]
INFO: [ view_filter ] --END-- [ RunTime:0.000781s ]
INFO: [ view_end ] --START--
INFO: ShowPageTrace Behavior ::run [ RunTime:0.000295s ]
INFO: [ view_end ] --END-- [ RunTime:0.000334s ]

[ 2015-07-18T15:31:18+08:00 ] 192.168.22.250 /~changzhao619/2015/web/login.php?m=Index&a=m2_add&enname=jiuyexinwen
INFO: [ app_begin ] --START--
INFO: ReadHtmlCache Behavior ::run [ RunTime:0.000343s ]
INFO: [ app_begin ] --END-- [ RunTime:0.000407s ]
NOTIC: [8] Undefined index: submit /Users/changzhao619/Sites/2015/web/protected/admin/Lib/Action/IndexAction.class.php 第 221 行.
NOTIC: [8] Undefined index: updata /Users/changzhao619/Sites/2015/web/protected/admin/Lib/Action/IndexAction.class.php 第 246 行.
NOTIC: [8] Undefined index: id /Users/changzhao619/Sites/2015/web/protected/admin/Lib/Action/IndexAction.class.php 第 262 行.
SQL: SHOW COLUMNS FROM `think_articlemodel` [ RunTime:0.001353s ]
SQL: SELECT * FROM `think_articlemodel` WHERE ( enname ="jiuyexinwen" ) LIMIT 1   [ RunTime:0.000318s ]
INFO: [ view_parse ] --START--
NOTIC: [8] Undefined variable: value /Users/changzhao619/Sites/2015/web/protected/admin/Runtime/Cache/f9eccd9554fbabd58c6b00687d87670f.php 第 25 行.
NOTIC: [8] Undefined variable: value /Users/changzhao619/Sites/2015/web/protected/admin/Runtime/Cache/f9eccd9554fbabd58c6b00687d87670f.php 第 26 行.
NOTIC: [8] Undefined variable: value /Users/changzhao619/Sites/2015/web/protected/admin/Runtime/Cache/f9eccd9554fbabd58c6b00687d87670f.php 第 27 行.
NOTIC: [8] Undefined variable: value /Users/changzhao619/Sites/2015/web/protected/admin/Runtime/Cache/f9eccd9554fbabd58c6b00687d87670f.php 第 28 行.
NOTIC: [8] Undefined variable: value /Users/changzhao619/Sites/2015/web/protected/admin/Runtime/Cache/f9eccd9554fbabd58c6b00687d87670f.php 第 32 行.
NOTIC: [8] Undefined variable: value /Users/changzhao619/Sites/2015/web/protected/admin/Runtime/Cache/f9eccd9554fbabd58c6b00687d87670f.php 第 46 行.
NOTIC: [8] Undefined variable: value /Users/changzhao619/Sites/2015/web/protected/admin/Runtime/Cache/f9eccd9554fbabd58c6b00687d87670f.php 第 50 行.
INFO: ParseTemplate Behavior ::run [ RunTime:0.005466s ]
INFO: [ view_parse ] --END-- [ RunTime:0.005506s ]
INFO: [ view_filter ] --START--
INFO: ContentReplace Behavior ::run [ RunTime:0.000170s ]
INFO: TokenBuild Behavior ::run [ RunTime:0.000153s ]
INFO: WriteHtmlCache Behavior ::run [ RunTime:0.000096s ]
INFO: ShowRuntime Behavior ::run [ RunTime:0.000217s ]
INFO: [ view_filter ] --END-- [ RunTime:0.000713s ]
INFO: [ view_end ] --START--
INFO: ShowPageTrace Behavior ::run [ RunTime:0.000281s ]
INFO: [ view_end ] --END-- [ RunTime:0.000308s ]

