[ 2015-05-28T23:04:11+08:00 ] 0.0.0.0 /~changzhao619/2015/web/protected/login/index.php/Index/10.html
INFO: [ app_begin ] --START--
INFO: ReadHtmlCache Behavior ::run [ RunTime:0.000330s ]
INFO: [ app_begin ] --END-- [ RunTime:0.000374s ]
NOTIC: [8] Constant THEME_NAME already defined /Users/changzhao619/Sites/2015/web/protected/thinkphp/Lib/Core/View.class.php 第 223 行.
NOTIC: [8] Constant THEME_PATH already defined /Users/changzhao619/Sites/2015/web/protected/thinkphp/Lib/Core/View.class.php 第 174 行.
NOTIC: [8] Constant APP_TMPL_PATH already defined /Users/changzhao619/Sites/2015/web/protected/thinkphp/Lib/Core/View.class.php 第 175 行.
INFO: [ view_parse ] --START--
INFO: ParseTemplate Behavior ::run [ RunTime:0.011407s ]
INFO: [ view_parse ] --END-- [ RunTime:0.011453s ]
INFO: [ view_filter ] --START--
INFO: ContentReplace Behavior ::run [ RunTime:0.000193s ]
INFO: TokenBuild Behavior ::run [ RunTime:0.000188s ]
INFO: WriteHtmlCache Behavior ::run [ RunTime:0.000118s ]
INFO: ShowRuntime Behavior ::run [ RunTime:0.000212s ]
INFO: [ view_filter ] --END-- [ RunTime:0.000799s ]
INFO: [ view_end ] --START--
INFO: ShowPageTrace Behavior ::run [ RunTime:0.000315s ]
INFO: [ view_end ] --END-- [ RunTime:0.000344s ]

[ 2015-05-28T23:04:17+08:00 ] 0.0.0.0 /~changzhao619/2015/web/protected/login/index.php/Index/10.html
INFO: [ app_begin ] --START--
INFO: ReadHtmlCache Behavior ::run [ RunTime:0.000412s ]
INFO: [ app_begin ] --END-- [ RunTime:0.000458s ]
NOTIC: [8] Constant THEME_NAME already defined /Users/changzhao619/Sites/2015/web/protected/thinkphp/Lib/Core/View.class.php 第 223 行.
NOTIC: [8] Constant THEME_PATH already defined /Users/changzhao619/Sites/2015/web/protected/thinkphp/Lib/Core/View.class.php 第 174 行.
NOTIC: [8] Constant APP_TMPL_PATH already defined /Users/changzhao619/Sites/2015/web/protected/thinkphp/Lib/Core/View.class.php 第 175 行.
INFO: [ view_parse ] --START--
INFO: ParseTemplate Behavior ::run [ RunTime:0.012106s ]
INFO: [ view_parse ] --END-- [ RunTime:0.012188s ]
INFO: [ view_filter ] --START--
INFO: ContentReplace Behavior ::run [ RunTime:0.000483s ]
INFO: TokenBuild Behavior ::run [ RunTime:0.000477s ]
INFO: WriteHtmlCache Behavior ::run [ RunTime:0.000233s ]
INFO: ShowRuntime Behavior ::run [ RunTime:0.000346s ]
INFO: [ view_filter ] --END-- [ RunTime:0.001746s ]
INFO: [ view_end ] --START--
INFO: ShowPageTrace Behavior ::run [ RunTime:0.000560s ]
INFO: [ view_end ] --END-- [ RunTime:0.000607s ]

[ 2015-05-28T23:04:22+08:00 ] 0.0.0.0 /~changzhao619/2015/web/protected/login/index.php/Index/10.html
INFO: [ app_begin ] --START--
INFO: ReadHtmlCache Behavior ::run [ RunTime:0.000337s ]
INFO: [ app_begin ] --END-- [ RunTime:0.000398s ]
NOTIC: [8] Constant THEME_NAME already defined /Users/changzhao619/Sites/2015/web/protected/thinkphp/Lib/Core/View.class.php 第 223 行.
NOTIC: [8] Constant THEME_PATH already defined /Users/changzhao619/Sites/2015/web/protected/thinkphp/Lib/Core/View.class.php 第 174 行.
NOTIC: [8] Constant APP_TMPL_PATH already defined /Users/changzhao619/Sites/2015/web/protected/thinkphp/Lib/Core/View.class.php 第 175 行.
INFO: [ view_parse ] --START--
INFO: ParseTemplate Behavior ::run [ RunTime:0.013793s ]
INFO: [ view_parse ] --END-- [ RunTime:0.013876s ]
INFO: [ view_filter ] --START--
INFO: ContentReplace Behavior ::run [ RunTime:0.000356s ]
INFO: TokenBuild Behavior ::run [ RunTime:0.000312s ]
INFO: WriteHtmlCache Behavior ::run [ RunTime:0.000192s ]
INFO: ShowRuntime Behavior ::run [ RunTime:0.000365s ]
INFO: [ view_filter ] --END-- [ RunTime:0.001399s ]
INFO: [ view_end ] --START--
INFO: ShowPageTrace Behavior ::run [ RunTime:0.000512s ]
INFO: [ view_end ] --END-- [ RunTime:0.000562s ]

[ 2015-05-28T23:04:24+08:00 ] 0.0.0.0 /~changzhao619/2015/web/protected/login/index.php/Index/10.html
INFO: [ app_begin ] --START--
INFO: ReadHtmlCache Behavior ::run [ RunTime:0.000441s ]
INFO: [ app_begin ] --END-- [ RunTime:0.000501s ]
NOTIC: [8] Constant THEME_NAME already defined /Users/changzhao619/Sites/2015/web/protected/thinkphp/Lib/Core/View.class.php 第 223 行.
NOTIC: [8] Constant THEME_PATH already defined /Users/changzhao619/Sites/2015/web/protected/thinkphp/Lib/Core/View.class.php 第 174 行.
NOTIC: [8] Constant APP_TMPL_PATH already defined /Users/changzhao619/Sites/2015/web/protected/thinkphp/Lib/Core/View.class.php 第 175 行.
INFO: [ view_parse ] --START--
INFO: ParseTemplate Behavior ::run [ RunTime:0.004945s ]
INFO: [ view_parse ] --END-- [ RunTime:0.005018s ]
INFO: [ view_filter ] --START--
INFO: ContentReplace Behavior ::run [ RunTime:0.000242s ]
INFO: TokenBuild Behavior ::run [ RunTime:0.000242s ]
INFO: WriteHtmlCache Behavior ::run [ RunTime:0.000147s ]
INFO: ShowRuntime Behavior ::run [ RunTime:0.000293s ]
INFO: [ view_filter ] --END-- [ RunTime:0.001047s ]
INFO: [ view_end ] --START--
INFO: ShowPageTrace Behavior ::run [ RunTime:0.000355s ]
INFO: [ view_end ] --END-- [ RunTime:0.000390s ]

[ 2015-05-28T23:04:26+08:00 ] 0.0.0.0 /~changzhao619/2015/web/protected/login/index.php/Index/adminIndex?m=Index&a=adminIndex&type_link=modelManage
INFO: [ app_begin ] --START--
INFO: ReadHtmlCache Behavior ::run [ RunTime:0.000230s ]
INFO: [ app_begin ] --END-- [ RunTime:0.000264s ]
INFO: [ view_parse ] --START--
INFO: ParseTemplate Behavior ::run [ RunTime:0.013439s ]
INFO: [ view_parse ] --END-- [ RunTime:0.013507s ]
INFO: [ view_filter ] --START--
INFO: ContentReplace Behavior ::run [ RunTime:0.000314s ]
INFO: TokenBuild Behavior ::run [ RunTime:0.000311s ]
INFO: WriteHtmlCache Behavior ::run [ RunTime:0.000196s ]
INFO: ShowRuntime Behavior ::run [ RunTime:0.000358s ]
INFO: [ view_filter ] --END-- [ RunTime:0.001323s ]
INFO: [ view_end ] --START--
INFO: ShowPageTrace Behavior ::run [ RunTime:0.000531s ]
INFO: [ view_end ] --END-- [ RunTime:0.000579s ]

[ 2015-05-28T23:04:27+08:00 ] 0.0.0.0 /~changzhao619/2015/web/protected/login/index.php/Index/currentposition
INFO: [ app_begin ] --START--
INFO: ReadHtmlCache Behavior ::run [ RunTime:0.000362s ]
INFO: [ app_begin ] --END-- [ RunTime:0.000415s ]
INFO: [ view_parse ] --START--
INFO: ParseTemplate Behavior ::run [ RunTime:0.012787s ]
INFO: [ view_parse ] --END-- [ RunTime:0.012862s ]
INFO: [ view_filter ] --START--
INFO: ContentReplace Behavior ::run [ RunTime:0.000304s ]
INFO: TokenBuild Behavior ::run [ RunTime:0.000312s ]
INFO: WriteHtmlCache Behavior ::run [ RunTime:0.000195s ]
INFO: ShowRuntime Behavior ::run [ RunTime:0.000356s ]
INFO: [ view_filter ] --END-- [ RunTime:0.001307s ]
INFO: [ view_end ] --START--
INFO: ShowPageTrace Behavior ::run [ RunTime:0.000533s ]
INFO: [ view_end ] --END-- [ RunTime:0.000582s ]

[ 2015-05-28T23:04:27+08:00 ] 0.0.0.0 /~changzhao619/2015/web/protected/login/index.php/Index/currentposition
INFO: [ app_begin ] --START--
INFO: ReadHtmlCache Behavior ::run [ RunTime:0.000262s ]
INFO: [ app_begin ] --END-- [ RunTime:0.000301s ]
INFO: [ view_parse ] --START--
INFO: ParseTemplate Behavior ::run [ RunTime:0.010696s ]
INFO: [ view_parse ] --END-- [ RunTime:0.010790s ]
INFO: [ view_filter ] --START--
INFO: ContentReplace Behavior ::run [ RunTime:0.000352s ]
INFO: TokenBuild Behavior ::run [ RunTime:0.000325s ]
INFO: WriteHtmlCache Behavior ::run [ RunTime:0.000203s ]
INFO: ShowRuntime Behavior ::run [ RunTime:0.000366s ]
INFO: [ view_filter ] --END-- [ RunTime:0.001393s ]
INFO: [ view_end ] --START--
INFO: ShowPageTrace Behavior ::run [ RunTime:0.000696s ]
INFO: [ view_end ] --END-- [ RunTime:0.000767s ]

[ 2015-05-28T23:04:28+08:00 ] 0.0.0.0 /~changzhao619/2015/web/protected/login/index.php/Index/currentposition
INFO: [ app_begin ] --START--
INFO: ReadHtmlCache Behavior ::run [ RunTime:0.000261s ]
INFO: [ app_begin ] --END-- [ RunTime:0.000301s ]
INFO: [ view_parse ] --START--
INFO: ParseTemplate Behavior ::run [ RunTime:0.010823s ]
INFO: [ view_parse ] --END-- [ RunTime:0.010900s ]
INFO: [ view_filter ] --START--
INFO: ContentReplace Behavior ::run [ RunTime:0.000340s ]
INFO: TokenBuild Behavior ::run [ RunTime:0.000322s ]
INFO: WriteHtmlCache Behavior ::run [ RunTime:0.000200s ]
INFO: ShowRuntime Behavior ::run [ RunTime:0.000361s ]
INFO: [ view_filter ] --END-- [ RunTime:0.001366s ]
INFO: [ view_end ] --START--
INFO: ShowPageTrace Behavior ::run [ RunTime:0.000562s ]
INFO: [ view_end ] --END-- [ RunTime:0.000610s ]

[ 2015-05-28T23:10:20+08:00 ] 0.0.0.0 /~changzhao619/2015/web/protected/login/index.php/Index/adminIndex?m=Index&a=adminIndex&type_link=contentManage
INFO: [ app_begin ] --START--
INFO: ReadHtmlCache Behavior ::run [ RunTime:0.000249s ]
INFO: [ app_begin ] --END-- [ RunTime:0.000284s ]
INFO: [ view_parse ] --START--
INFO: ParseTemplate Behavior ::run [ RunTime:0.013776s ]
INFO: [ view_parse ] --END-- [ RunTime:0.013847s ]
INFO: [ view_filter ] --START--
INFO: ContentReplace Behavior ::run [ RunTime:0.000350s ]
INFO: TokenBuild Behavior ::run [ RunTime:0.000326s ]
INFO: WriteHtmlCache Behavior ::run [ RunTime:0.000207s ]
INFO: ShowRuntime Behavior ::run [ RunTime:0.000371s ]
INFO: [ view_filter ] --END-- [ RunTime:0.001409s ]
INFO: [ view_end ] --START--
INFO: ShowPageTrace Behavior ::run [ RunTime:0.000554s ]
INFO: [ view_end ] --END-- [ RunTime:0.000603s ]

[ 2015-05-28T23:10:22+08:00 ] 0.0.0.0 /~changzhao619/2015/web/protected/login/index.php/Index/adminIndex?m=Index&a=adminIndex&type_link=personInfo
INFO: [ app_begin ] --START--
INFO: ReadHtmlCache Behavior ::run [ RunTime:0.000234s ]
INFO: [ app_begin ] --END-- [ RunTime:0.000268s ]
INFO: [ view_parse ] --START--
INFO: ParseTemplate Behavior ::run [ RunTime:0.011173s ]
INFO: [ view_parse ] --END-- [ RunTime:0.011255s ]
INFO: [ view_filter ] --START--
INFO: ContentReplace Behavior ::run [ RunTime:0.000352s ]
INFO: TokenBuild Behavior ::run [ RunTime:0.000326s ]
INFO: WriteHtmlCache Behavior ::run [ RunTime:0.000241s ]
INFO: ShowRuntime Behavior ::run [ RunTime:0.000368s ]
INFO: [ view_filter ] --END-- [ RunTime:0.001435s ]
INFO: [ view_end ] --START--
INFO: ShowPageTrace Behavior ::run [ RunTime:0.000561s ]
INFO: [ view_end ] --END-- [ RunTime:0.000609s ]

[ 2015-05-28T23:10:23+08:00 ] 0.0.0.0 /~changzhao619/2015/web/protected/login/index.php/Index/adminIndex?m=Index&a=adminIndex&type_link=modelManage
INFO: [ app_begin ] --START--
INFO: ReadHtmlCache Behavior ::run [ RunTime:0.000236s ]
INFO: [ app_begin ] --END-- [ RunTime:0.000270s ]
INFO: [ view_parse ] --START--
INFO: ParseTemplate Behavior ::run [ RunTime:0.010607s ]
INFO: [ view_parse ] --END-- [ RunTime:0.010688s ]
INFO: [ view_filter ] --START--
INFO: ContentReplace Behavior ::run [ RunTime:0.000354s ]
INFO: TokenBuild Behavior ::run [ RunTime:0.000327s ]
INFO: WriteHtmlCache Behavior ::run [ RunTime:0.000202s ]
INFO: ShowRuntime Behavior ::run [ RunTime:0.000368s ]
INFO: [ view_filter ] --END-- [ RunTime:0.001399s ]
INFO: [ view_end ] --START--
INFO: ShowPageTrace Behavior ::run [ RunTime:0.000555s ]
INFO: [ view_end ] --END-- [ RunTime:0.000604s ]

[ 2015-05-28T23:10:24+08:00 ] 0.0.0.0 /~changzhao619/2015/web/protected/login/index.php/Index/adminIndex?m=Index&a=adminIndex&type_link=studentManage
INFO: [ app_begin ] --START--
INFO: ReadHtmlCache Behavior ::run [ RunTime:0.000239s ]
INFO: [ app_begin ] --END-- [ RunTime:0.000274s ]
INFO: [ view_parse ] --START--
INFO: ParseTemplate Behavior ::run [ RunTime:0.011507s ]
INFO: [ view_parse ] --END-- [ RunTime:0.011592s ]
INFO: [ view_filter ] --START--
INFO: ContentReplace Behavior ::run [ RunTime:0.000362s ]
INFO: TokenBuild Behavior ::run [ RunTime:0.000365s ]
INFO: WriteHtmlCache Behavior ::run [ RunTime:0.000204s ]
INFO: ShowRuntime Behavior ::run [ RunTime:0.000368s ]
INFO: [ view_filter ] --END-- [ RunTime:0.001449s ]
INFO: [ view_end ] --START--
INFO: ShowPageTrace Behavior ::run [ RunTime:0.000558s ]
INFO: [ view_end ] --END-- [ RunTime:0.000606s ]

[ 2015-05-28T23:10:25+08:00 ] 0.0.0.0 /~changzhao619/2015/web/protected/login/index.php/Index/adminIndex?m=Index&a=adminIndex&type_link=memberManage
INFO: [ app_begin ] --START--
INFO: ReadHtmlCache Behavior ::run [ RunTime:0.000237s ]
INFO: [ app_begin ] --END-- [ RunTime:0.000271s ]
INFO: [ view_parse ] --START--
INFO: ParseTemplate Behavior ::run [ RunTime:0.011440s ]
INFO: [ view_parse ] --END-- [ RunTime:0.011521s ]
INFO: [ view_filter ] --START--
INFO: ContentReplace Behavior ::run [ RunTime:0.000356s ]
INFO: TokenBuild Behavior ::run [ RunTime:0.000327s ]
INFO: WriteHtmlCache Behavior ::run [ RunTime:0.000202s ]
INFO: ShowRuntime Behavior ::run [ RunTime:0.000367s ]
INFO: [ view_filter ] --END-- [ RunTime:0.001404s ]
INFO: [ view_end ] --START--
INFO: ShowPageTrace Behavior ::run [ RunTime:0.000562s ]
INFO: [ view_end ] --END-- [ RunTime:0.000629s ]

[ 2015-05-28T23:10:27+08:00 ] 0.0.0.0 /~changzhao619/2015/web/protected/login/index.php/Index/currentposition
INFO: [ app_begin ] --START--
INFO: ReadHtmlCache Behavior ::run [ RunTime:0.000265s ]
INFO: [ app_begin ] --END-- [ RunTime:0.000303s ]
INFO: [ view_parse ] --START--
INFO: ParseTemplate Behavior ::run [ RunTime:0.010629s ]
INFO: [ view_parse ] --END-- [ RunTime:0.010709s ]
INFO: [ view_filter ] --START--
INFO: ContentReplace Behavior ::run [ RunTime:0.000340s ]
INFO: TokenBuild Behavior ::run [ RunTime:0.000322s ]
INFO: WriteHtmlCache Behavior ::run [ RunTime:0.000200s ]
INFO: ShowRuntime Behavior ::run [ RunTime:0.000361s ]
INFO: [ view_filter ] --END-- [ RunTime:0.001369s ]
INFO: [ view_end ] --START--
INFO: ShowPageTrace Behavior ::run [ RunTime:0.000549s ]
INFO: [ view_end ] --END-- [ RunTime:0.000598s ]

[ 2015-05-28T23:10:28+08:00 ] 0.0.0.0 /~changzhao619/2015/web/protected/login/index.php/Index/currentposition
INFO: [ app_begin ] --START--
INFO: ReadHtmlCache Behavior ::run [ RunTime:0.000368s ]
INFO: [ app_begin ] --END-- [ RunTime:0.000417s ]
INFO: [ view_parse ] --START--
INFO: ParseTemplate Behavior ::run [ RunTime:0.010930s ]
INFO: [ view_parse ] --END-- [ RunTime:0.011007s ]
INFO: [ view_filter ] --START--
INFO: ContentReplace Behavior ::run [ RunTime:0.000343s ]
INFO: TokenBuild Behavior ::run [ RunTime:0.000357s ]
INFO: WriteHtmlCache Behavior ::run [ RunTime:0.000199s ]
INFO: ShowRuntime Behavior ::run [ RunTime:0.000360s ]
INFO: [ view_filter ] --END-- [ RunTime:0.001406s ]
INFO: [ view_end ] --START--
INFO: ShowPageTrace Behavior ::run [ RunTime:0.000548s ]
INFO: [ view_end ] --END-- [ RunTime:0.000596s ]

[ 2015-05-28T23:10:29+08:00 ] 0.0.0.0 /~changzhao619/2015/web/protected/login/index.php/Index/currentposition
INFO: [ app_begin ] --START--
INFO: ReadHtmlCache Behavior ::run [ RunTime:0.000326s ]
INFO: [ app_begin ] --END-- [ RunTime:0.000388s ]
INFO: [ view_parse ] --START--
INFO: ParseTemplate Behavior ::run [ RunTime:0.011109s ]
INFO: [ view_parse ] --END-- [ RunTime:0.011201s ]
INFO: [ view_filter ] --START--
INFO: ContentReplace Behavior ::run [ RunTime:0.000367s ]
INFO: TokenBuild Behavior ::run [ RunTime:0.000323s ]
INFO: WriteHtmlCache Behavior ::run [ RunTime:0.000200s ]
INFO: ShowRuntime Behavior ::run [ RunTime:0.000362s ]
INFO: [ view_filter ] --END-- [ RunTime:0.001407s ]
INFO: [ view_end ] --START--
INFO: ShowPageTrace Behavior ::run [ RunTime:0.000550s ]
INFO: [ view_end ] --END-- [ RunTime:0.000598s ]

[ 2015-05-28T23:10:29+08:00 ] 0.0.0.0 /~changzhao619/2015/web/protected/login/index.php/Index/currentposition
INFO: [ app_begin ] --START--
INFO: ReadHtmlCache Behavior ::run [ RunTime:0.000312s ]
INFO: [ app_begin ] --END-- [ RunTime:0.000353s ]
INFO: [ view_parse ] --START--
INFO: ParseTemplate Behavior ::run [ RunTime:0.011001s ]
INFO: [ view_parse ] --END-- [ RunTime:0.011094s ]
INFO: [ view_filter ] --START--
INFO: ContentReplace Behavior ::run [ RunTime:0.000361s ]
INFO: TokenBuild Behavior ::run [ RunTime:0.000332s ]
INFO: WriteHtmlCache Behavior ::run [ RunTime:0.000203s ]
INFO: ShowRuntime Behavior ::run [ RunTime:0.000370s ]
INFO: [ view_filter ] --END-- [ RunTime:0.001412s ]
INFO: [ view_end ] --START--
INFO: ShowPageTrace Behavior ::run [ RunTime:0.000567s ]
INFO: [ view_end ] --END-- [ RunTime:0.000616s ]

[ 2015-05-28T23:10:31+08:00 ] 0.0.0.0 /~changzhao619/2015/web/protected/login/index.php/Index/adminIndex?m=Index&a=adminIndex&type_link=personInfo
INFO: [ app_begin ] --START--
INFO: ReadHtmlCache Behavior ::run [ RunTime:0.000236s ]
INFO: [ app_begin ] --END-- [ RunTime:0.000270s ]
INFO: [ view_parse ] --START--
INFO: ParseTemplate Behavior ::run [ RunTime:0.011060s ]
INFO: [ view_parse ] --END-- [ RunTime:0.011141s ]
INFO: [ view_filter ] --START--
INFO: ContentReplace Behavior ::run [ RunTime:0.000354s ]
INFO: TokenBuild Behavior ::run [ RunTime:0.000239s ]
INFO: WriteHtmlCache Behavior ::run [ RunTime:0.000179s ]
INFO: ShowRuntime Behavior ::run [ RunTime:0.000271s ]
INFO: [ view_filter ] --END-- [ RunTime:0.001155s ]
INFO: [ view_end ] --START--
INFO: ShowPageTrace Behavior ::run [ RunTime:0.000392s ]
INFO: [ view_end ] --END-- [ RunTime:0.000425s ]

[ 2015-05-28T23:10:34+08:00 ] 0.0.0.0 /~changzhao619/2015/web/protected/login/index.php/Index/10.html
INFO: [ app_begin ] --START--
INFO: ReadHtmlCache Behavior ::run [ RunTime:0.000336s ]
INFO: [ app_begin ] --END-- [ RunTime:0.000389s ]
NOTIC: [8] Constant THEME_NAME already defined /Users/changzhao619/Sites/2015/web/protected/thinkphp/Lib/Core/View.class.php 第 223 行.
NOTIC: [8] Constant THEME_PATH already defined /Users/changzhao619/Sites/2015/web/protected/thinkphp/Lib/Core/View.class.php 第 174 行.
NOTIC: [8] Constant APP_TMPL_PATH already defined /Users/changzhao619/Sites/2015/web/protected/thinkphp/Lib/Core/View.class.php 第 175 行.
INFO: [ view_parse ] --START--
INFO: ParseTemplate Behavior ::run [ RunTime:0.005321s ]
INFO: [ view_parse ] --END-- [ RunTime:0.005389s ]
INFO: [ view_filter ] --START--
INFO: ContentReplace Behavior ::run [ RunTime:0.000185s ]
INFO: TokenBuild Behavior ::run [ RunTime:0.000228s ]
INFO: WriteHtmlCache Behavior ::run [ RunTime:0.000108s ]
INFO: ShowRuntime Behavior ::run [ RunTime:0.000193s ]
INFO: [ view_filter ] --END-- [ RunTime:0.000791s ]
INFO: [ view_end ] --START--
INFO: ShowPageTrace Behavior ::run [ RunTime:0.000294s ]
INFO: [ view_end ] --END-- [ RunTime:0.000320s ]

[ 2015-05-28T23:15:21+08:00 ] 0.0.0.0 /~changzhao619/2015/web/protected/login/index.php/Index/adminIndex
ERR: Action:checkUser1您所请求的方法不存在！

[ 2015-05-28T23:15:26+08:00 ] 0.0.0.0 /~changzhao619/2015/web/protected/login/index.php/Index/10.html
INFO: [ app_begin ] --START--
INFO: ReadHtmlCache Behavior ::run [ RunTime:0.000422s ]
INFO: [ app_begin ] --END-- [ RunTime:0.000477s ]
NOTIC: [8] Constant THEME_NAME already defined /Users/changzhao619/Sites/2015/web/protected/thinkphp/Lib/Core/View.class.php 第 223 行.
NOTIC: [8] Constant THEME_PATH already defined /Users/changzhao619/Sites/2015/web/protected/thinkphp/Lib/Core/View.class.php 第 174 行.
NOTIC: [8] Constant APP_TMPL_PATH already defined /Users/changzhao619/Sites/2015/web/protected/thinkphp/Lib/Core/View.class.php 第 175 行.
INFO: [ view_parse ] --START--
INFO: ParseTemplate Behavior ::run [ RunTime:0.011438s ]
INFO: [ view_parse ] --END-- [ RunTime:0.011542s ]
INFO: [ view_filter ] --START--
INFO: ContentReplace Behavior ::run [ RunTime:0.000511s ]
INFO: TokenBuild Behavior ::run [ RunTime:0.000486s ]
INFO: WriteHtmlCache Behavior ::run [ RunTime:0.000254s ]
INFO: ShowRuntime Behavior ::run [ RunTime:0.000425s ]
INFO: [ view_filter ] --END-- [ RunTime:0.001869s ]
INFO: [ view_end ] --START--
INFO: ShowPageTrace Behavior ::run [ RunTime:0.000617s ]
INFO: [ view_end ] --END-- [ RunTime:0.000677s ]

[ 2015-05-28T23:15:47+08:00 ] 0.0.0.0 /~changzhao619/2015/web/protected/login/index.php/Index/10.html
INFO: [ app_begin ] --START--
INFO: ReadHtmlCache Behavior ::run [ RunTime:0.000275s ]
INFO: [ app_begin ] --END-- [ RunTime:0.000316s ]
NOTIC: [8] Constant THEME_NAME already defined /Users/changzhao619/Sites/2015/web/protected/thinkphp/Lib/Core/View.class.php 第 223 行.
NOTIC: [8] Constant THEME_PATH already defined /Users/changzhao619/Sites/2015/web/protected/thinkphp/Lib/Core/View.class.php 第 174 行.
NOTIC: [8] Constant APP_TMPL_PATH already defined /Users/changzhao619/Sites/2015/web/protected/thinkphp/Lib/Core/View.class.php 第 175 行.
INFO: [ view_parse ] --START--
INFO: ParseTemplate Behavior ::run [ RunTime:0.011201s ]
INFO: [ view_parse ] --END-- [ RunTime:0.011283s ]
INFO: [ view_filter ] --START--
INFO: ContentReplace Behavior ::run [ RunTime:0.000354s ]
INFO: TokenBuild Behavior ::run [ RunTime:0.000254s ]
INFO: WriteHtmlCache Behavior ::run [ RunTime:0.000202s ]
INFO: ShowRuntime Behavior ::run [ RunTime:0.000369s ]
INFO: [ view_filter ] --END-- [ RunTime:0.001307s ]
INFO: [ view_end ] --START--
INFO: ShowPageTrace Behavior ::run [ RunTime:0.000481s ]
INFO: [ view_end ] --END-- [ RunTime:0.000522s ]

[ 2015-05-28T23:16:17+08:00 ] 0.0.0.0 /~changzhao619/2015/web/protected/login/index.php/Index/10.html
INFO: [ app_begin ] --START--
INFO: ReadHtmlCache Behavior ::run [ RunTime:0.000374s ]
INFO: [ app_begin ] --END-- [ RunTime:0.000425s ]
NOTIC: [8] Constant THEME_NAME already defined /Users/changzhao619/Sites/2015/web/protected/thinkphp/Lib/Core/View.class.php 第 223 行.
NOTIC: [8] Constant THEME_PATH already defined /Users/changzhao619/Sites/2015/web/protected/thinkphp/Lib/Core/View.class.php 第 174 行.
NOTIC: [8] Constant APP_TMPL_PATH already defined /Users/changzhao619/Sites/2015/web/protected/thinkphp/Lib/Core/View.class.php 第 175 行.
INFO: [ view_parse ] --START--
INFO: ParseTemplate Behavior ::run [ RunTime:0.011327s ]
INFO: [ view_parse ] --END-- [ RunTime:0.011409s ]
INFO: [ view_filter ] --START--
INFO: ContentReplace Behavior ::run [ RunTime:0.000343s ]
INFO: TokenBuild Behavior ::run [ RunTime:0.000232s ]
INFO: WriteHtmlCache Behavior ::run [ RunTime:0.000128s ]
INFO: ShowRuntime Behavior ::run [ RunTime:0.000217s ]
INFO: [ view_filter ] --END-- [ RunTime:0.001022s ]
INFO: [ view_end ] --START--
INFO: ShowPageTrace Behavior ::run [ RunTime:0.000348s ]
INFO: [ view_end ] --END-- [ RunTime:0.000381s ]

[ 2015-05-28T23:16:56+08:00 ] 0.0.0.0 /~changzhao619/2015/web/protected/login/index.php/Index/10.html
INFO: [ app_begin ] --START--
INFO: ReadHtmlCache Behavior ::run [ RunTime:0.000273s ]
INFO: [ app_begin ] --END-- [ RunTime:0.000317s ]
NOTIC: [8] Constant THEME_NAME already defined /Users/changzhao619/Sites/2015/web/protected/thinkphp/Lib/Core/View.class.php 第 223 行.
NOTIC: [8] Constant THEME_PATH already defined /Users/changzhao619/Sites/2015/web/protected/thinkphp/Lib/Core/View.class.php 第 174 行.
NOTIC: [8] Constant APP_TMPL_PATH already defined /Users/changzhao619/Sites/2015/web/protected/thinkphp/Lib/Core/View.class.php 第 175 行.
INFO: [ view_parse ] --START--
INFO: ParseTemplate Behavior ::run [ RunTime:0.010972s ]
INFO: [ view_parse ] --END-- [ RunTime:0.011051s ]
INFO: [ view_filter ] --START--
INFO: ContentReplace Behavior ::run [ RunTime:0.000293s ]
INFO: TokenBuild Behavior ::run [ RunTime:0.000271s ]
INFO: WriteHtmlCache Behavior ::run [ RunTime:0.000171s ]
INFO: ShowRuntime Behavior ::run [ RunTime:0.000224s ]
INFO: [ view_filter ] --END-- [ RunTime:0.001081s ]
INFO: [ view_end ] --START--
INFO: ShowPageTrace Behavior ::run [ RunTime:0.000343s ]
INFO: [ view_end ] --END-- [ RunTime:0.000375s ]

[ 2015-05-28T23:25:20+08:00 ] 0.0.0.0 /~changzhao619/2015/web/protected/login/index.php/Index/10.html
INFO: [ app_begin ] --START--
INFO: ReadHtmlCache Behavior ::run [ RunTime:0.000493s ]
INFO: [ app_begin ] --END-- [ RunTime:0.000569s ]
NOTIC: [8] Constant THEME_NAME already defined /Users/changzhao619/Sites/2015/web/protected/thinkphp/Lib/Core/View.class.php 第 223 行.
NOTIC: [8] Constant THEME_PATH already defined /Users/changzhao619/Sites/2015/web/protected/thinkphp/Lib/Core/View.class.php 第 174 行.
NOTIC: [8] Constant APP_TMPL_PATH already defined /Users/changzhao619/Sites/2015/web/protected/thinkphp/Lib/Core/View.class.php 第 175 行.
INFO: [ view_parse ] --START--
INFO: ParseTemplate Behavior ::run [ RunTime:0.006339s ]
INFO: [ view_parse ] --END-- [ RunTime:0.006450s ]
INFO: [ view_filter ] --START--
INFO: ContentReplace Behavior ::run [ RunTime:0.000364s ]
INFO: TokenBuild Behavior ::run [ RunTime:0.000329s ]
INFO: WriteHtmlCache Behavior ::run [ RunTime:0.000198s ]
INFO: ShowRuntime Behavior ::run [ RunTime:0.000361s ]
INFO: [ view_filter ] --END-- [ RunTime:0.001417s ]
INFO: [ view_end ] --START--
INFO: ShowPageTrace Behavior ::run [ RunTime:0.000539s ]
INFO: [ view_end ] --END-- [ RunTime:0.000586s ]

[ 2015-05-28T23:25:21+08:00 ] 0.0.0.0 /~changzhao619/2015/web/protected/login/index.php/Index/adminIndex?m=Index&a=adminIndex&type_link=personInfo
INFO: [ app_begin ] --START--
INFO: ReadHtmlCache Behavior ::run [ RunTime:0.000232s ]
INFO: [ app_begin ] --END-- [ RunTime:0.000266s ]
INFO: [ view_parse ] --START--
INFO: ParseTemplate Behavior ::run [ RunTime:0.010415s ]
INFO: [ view_parse ] --END-- [ RunTime:0.010490s ]
INFO: [ view_filter ] --START--
INFO: ContentReplace Behavior ::run [ RunTime:0.000348s ]
INFO: TokenBuild Behavior ::run [ RunTime:0.000324s ]
INFO: WriteHtmlCache Behavior ::run [ RunTime:0.000200s ]
INFO: ShowRuntime Behavior ::run [ RunTime:0.000361s ]
INFO: [ view_filter ] --END-- [ RunTime:0.001383s ]
INFO: [ view_end ] --START--
INFO: ShowPageTrace Behavior ::run [ RunTime:0.000558s ]
INFO: [ view_end ] --END-- [ RunTime:0.000605s ]

[ 2015-05-28T23:25:32+08:00 ] 0.0.0.0 /~changzhao619/2015/web/protected/login/index.php/Index/personInfo
ERR: 非法操作:personInfo

[ 2015-05-28T23:25:34+08:00 ] 0.0.0.0 /~changzhao619/2015/web/protected/login/index.php/Index/personInfo
ERR: 非法操作:personInfo

[ 2015-05-28T23:25:35+08:00 ] 0.0.0.0 /~changzhao619/2015/web/protected/login/index.php/Index/personInfo
ERR: 非法操作:personInfo

[ 2015-05-28T23:25:37+08:00 ] 0.0.0.0 /~changzhao619/2015/web/protected/login/index.php/Index/personInfo
ERR: 非法操作:personInfo

[ 2015-05-28T23:26:15+08:00 ] 0.0.0.0 /~changzhao619/2015/web/protected/login/index.php/Index/personInfo
ERR: 非法操作:personInfo

[ 2015-05-28T23:26:16+08:00 ] 0.0.0.0 /~changzhao619/2015/web/protected/login/index.php/Index/personInfo
ERR: 非法操作:personInfo

[ 2015-05-28T23:26:32+08:00 ] 0.0.0.0 /~changzhao619/2015/web/protected/login/index.php/Index/contentManage
ERR: 非法操作:contentManage

[ 2015-05-28T23:26:34+08:00 ] 0.0.0.0 /~changzhao619/2015/web/protected/login/index.php/Index/personInfo
ERR: 非法操作:personInfo

[ 2015-05-28T23:27:54+08:00 ] 0.0.0.0 /~changzhao619/2015/web/protected/login/index.php/Index/personInfo
ERR: 非法操作:personInfo

[ 2015-05-28T23:29:43+08:00 ] 0.0.0.0 /~changzhao619/2015/web/protected/login/index.php/Index/10.html
INFO: [ app_begin ] --START--
INFO: ReadHtmlCache Behavior ::run [ RunTime:0.000271s ]
INFO: [ app_begin ] --END-- [ RunTime:0.000312s ]
NOTIC: [8] Constant THEME_NAME already defined /Users/changzhao619/Sites/2015/web/protected/thinkphp/Lib/Core/View.class.php 第 223 行.
NOTIC: [8] Constant THEME_PATH already defined /Users/changzhao619/Sites/2015/web/protected/thinkphp/Lib/Core/View.class.php 第 174 行.
NOTIC: [8] Constant APP_TMPL_PATH already defined /Users/changzhao619/Sites/2015/web/protected/thinkphp/Lib/Core/View.class.php 第 175 行.
INFO: [ view_parse ] --START--
INFO: ParseTemplate Behavior ::run [ RunTime:0.006217s ]
INFO: [ view_parse ] --END-- [ RunTime:0.006287s ]
INFO: [ view_filter ] --START--
INFO: ContentReplace Behavior ::run [ RunTime:0.000285s ]
INFO: TokenBuild Behavior ::run [ RunTime:0.000280s ]
INFO: WriteHtmlCache Behavior ::run [ RunTime:0.000173s ]
INFO: ShowRuntime Behavior ::run [ RunTime:0.000311s ]
INFO: [ view_filter ] --END-- [ RunTime:0.001184s ]
INFO: [ view_end ] --START--
INFO: ShowPageTrace Behavior ::run [ RunTime:0.000436s ]
INFO: [ view_end ] --END-- [ RunTime:0.000478s ]

[ 2015-05-28T23:29:44+08:00 ] 0.0.0.0 /~changzhao619/2015/web/protected/login/index.php/Index/adminIndex?m=Index&a=adminIndex&type_link=modelManage
INFO: [ app_begin ] --START--
INFO: ReadHtmlCache Behavior ::run [ RunTime:0.000233s ]
INFO: [ app_begin ] --END-- [ RunTime:0.000268s ]
INFO: [ view_parse ] --START--
INFO: ParseTemplate Behavior ::run [ RunTime:0.010515s ]
INFO: [ view_parse ] --END-- [ RunTime:0.010600s ]
INFO: [ view_filter ] --START--
INFO: ContentReplace Behavior ::run [ RunTime:0.000354s ]
INFO: TokenBuild Behavior ::run [ RunTime:0.000323s ]
INFO: WriteHtmlCache Behavior ::run [ RunTime:0.000193s ]
INFO: ShowRuntime Behavior ::run [ RunTime:0.000362s ]
INFO: [ view_filter ] --END-- [ RunTime:0.001380s ]
INFO: [ view_end ] --START--
INFO: ShowPageTrace Behavior ::run [ RunTime:0.000552s ]
INFO: [ view_end ] --END-- [ RunTime:0.000601s ]

[ 2015-05-28T23:29:45+08:00 ] 0.0.0.0 /~changzhao619/2015/web/protected/login/index.php/Index/currentposition
INFO: [ app_begin ] --START--
INFO: ReadHtmlCache Behavior ::run [ RunTime:0.000412s ]
INFO: [ app_begin ] --END-- [ RunTime:0.000464s ]
INFO: [ view_parse ] --START--
INFO: ParseTemplate Behavior ::run [ RunTime:0.012135s ]
INFO: [ view_parse ] --END-- [ RunTime:0.012238s ]
INFO: [ view_filter ] --START--
INFO: ContentReplace Behavior ::run [ RunTime:0.000385s ]
INFO: TokenBuild Behavior ::run [ RunTime:0.000308s ]
INFO: WriteHtmlCache Behavior ::run [ RunTime:0.000185s ]
INFO: ShowRuntime Behavior ::run [ RunTime:0.000352s ]
INFO: [ view_filter ] --END-- [ RunTime:0.001380s ]
INFO: [ view_end ] --START--
INFO: ShowPageTrace Behavior ::run [ RunTime:0.000533s ]
INFO: [ view_end ] --END-- [ RunTime:0.000580s ]

[ 2015-05-28T23:29:46+08:00 ] 0.0.0.0 /~changzhao619/2015/web/protected/login/index.php/Index/currentposition
INFO: [ app_begin ] --START--
INFO: ReadHtmlCache Behavior ::run [ RunTime:0.000261s ]
INFO: [ app_begin ] --END-- [ RunTime:0.000298s ]
INFO: [ view_parse ] --START--
INFO: ParseTemplate Behavior ::run [ RunTime:0.011183s ]
INFO: [ view_parse ] --END-- [ RunTime:0.011265s ]
INFO: [ view_filter ] --START--
INFO: ContentReplace Behavior ::run [ RunTime:0.000336s ]
INFO: TokenBuild Behavior ::run [ RunTime:0.000318s ]
INFO: WriteHtmlCache Behavior ::run [ RunTime:0.000191s ]
INFO: ShowRuntime Behavior ::run [ RunTime:0.000359s ]
INFO: [ view_filter ] --END-- [ RunTime:0.001350s ]
INFO: [ view_end ] --START--
INFO: ShowPageTrace Behavior ::run [ RunTime:0.000549s ]
INFO: [ view_end ] --END-- [ RunTime:0.000599s ]

[ 2015-05-28T23:30:08+08:00 ] 0.0.0.0 /~changzhao619/2015/web/protected/login/index.php/Index/personInfo
ERR: 非法操作:personInfo

[ 2015-05-28T23:31:10+08:00 ] 0.0.0.0 /~changzhao619/2015/web/protected/login/index.php/Index/personInfo
ERR: 非法操作:personInfo

[ 2015-05-28T23:31:12+08:00 ] 0.0.0.0 /~changzhao619/2015/web/protected/login/index.php/Index/personInfo
ERR: 非法操作:personInfo

[ 2015-05-28T23:31:22+08:00 ] 0.0.0.0 /~changzhao619/2015/web/protected/login/index.php/Index/10.html
INFO: [ app_begin ] --START--
INFO: ReadHtmlCache Behavior ::run [ RunTime:0.000374s ]
INFO: [ app_begin ] --END-- [ RunTime:0.000434s ]
NOTIC: [8] Constant THEME_NAME already defined /Users/changzhao619/Sites/2015/web/protected/thinkphp/Lib/Core/View.class.php 第 223 行.
NOTIC: [8] Constant THEME_PATH already defined /Users/changzhao619/Sites/2015/web/protected/thinkphp/Lib/Core/View.class.php 第 174 行.
NOTIC: [8] Constant APP_TMPL_PATH already defined /Users/changzhao619/Sites/2015/web/protected/thinkphp/Lib/Core/View.class.php 第 175 行.
INFO: [ view_parse ] --START--
INFO: ParseTemplate Behavior ::run [ RunTime:0.005853s ]
INFO: [ view_parse ] --END-- [ RunTime:0.005918s ]
INFO: [ view_filter ] --START--
INFO: ContentReplace Behavior ::run [ RunTime:0.000234s ]
INFO: TokenBuild Behavior ::run [ RunTime:0.000242s ]
INFO: WriteHtmlCache Behavior ::run [ RunTime:0.000194s ]
INFO: ShowRuntime Behavior ::run [ RunTime:0.000333s ]
INFO: [ view_filter ] --END-- [ RunTime:0.001118s ]
INFO: [ view_end ] --START--
INFO: ShowPageTrace Behavior ::run [ RunTime:0.000546s ]
INFO: [ view_end ] --END-- [ RunTime:0.000620s ]

[ 2015-05-28T23:31:24+08:00 ] 0.0.0.0 /~changzhao619/2015/web/protected/login/index.php/Index/adminIndex?m=Index&a=adminIndex&type_link=modelManage
INFO: [ app_begin ] --START--
INFO: ReadHtmlCache Behavior ::run [ RunTime:0.000237s ]
INFO: [ app_begin ] --END-- [ RunTime:0.000271s ]
NOTIC: [8] Constant THEME_NAME already defined /Users/changzhao619/Sites/2015/web/protected/thinkphp/Lib/Core/View.class.php 第 223 行.
NOTIC: [8] Constant THEME_PATH already defined /Users/changzhao619/Sites/2015/web/protected/thinkphp/Lib/Core/View.class.php 第 174 行.
NOTIC: [8] Constant APP_TMPL_PATH already defined /Users/changzhao619/Sites/2015/web/protected/thinkphp/Lib/Core/View.class.php 第 175 行.
INFO: [ view_parse ] --START--
INFO: ParseTemplate Behavior ::run [ RunTime:0.010098s ]
INFO: [ view_parse ] --END-- [ RunTime:0.010154s ]
INFO: [ view_filter ] --START--
INFO: ContentReplace Behavior ::run [ RunTime:0.000297s ]
INFO: TokenBuild Behavior ::run [ RunTime:0.000226s ]
INFO: WriteHtmlCache Behavior ::run [ RunTime:0.000138s ]
INFO: ShowRuntime Behavior ::run [ RunTime:0.000256s ]
INFO: [ view_filter ] --END-- [ RunTime:0.001019s ]
INFO: [ view_end ] --START--
INFO: ShowPageTrace Behavior ::run [ RunTime:0.000603s ]
INFO: [ view_end ] --END-- [ RunTime:0.000662s ]

[ 2015-05-28T23:31:24+08:00 ] 0.0.0.0 /~changzhao619/2015/web/protected/login/index.php/Index/10.html
INFO: [ app_begin ] --START--
INFO: ReadHtmlCache Behavior ::run [ RunTime:0.000422s ]
INFO: [ app_begin ] --END-- [ RunTime:0.000483s ]
NOTIC: [8] Constant THEME_NAME already defined /Users/changzhao619/Sites/2015/web/protected/thinkphp/Lib/Core/View.class.php 第 223 行.
NOTIC: [8] Constant THEME_PATH already defined /Users/changzhao619/Sites/2015/web/protected/thinkphp/Lib/Core/View.class.php 第 174 行.
NOTIC: [8] Constant APP_TMPL_PATH already defined /Users/changzhao619/Sites/2015/web/protected/thinkphp/Lib/Core/View.class.php 第 175 行.
INFO: [ view_parse ] --START--
INFO: ParseTemplate Behavior ::run [ RunTime:0.005562s ]
INFO: [ view_parse ] --END-- [ RunTime:0.005632s ]
INFO: [ view_filter ] --START--
INFO: ContentReplace Behavior ::run [ RunTime:0.000326s ]
INFO: TokenBuild Behavior ::run [ RunTime:0.000302s ]
INFO: WriteHtmlCache Behavior ::run [ RunTime:0.000167s ]
INFO: ShowRuntime Behavior ::run [ RunTime:0.000391s ]
INFO: [ view_filter ] --END-- [ RunTime:0.001323s ]
INFO: [ view_end ] --START--
INFO: ShowPageTrace Behavior ::run [ RunTime:0.000534s ]
INFO: [ view_end ] --END-- [ RunTime:0.000584s ]

[ 2015-05-28T23:31:25+08:00 ] 0.0.0.0 /~changzhao619/2015/web/protected/login/index.php/Index/currentposition
INFO: [ app_begin ] --START--
INFO: ReadHtmlCache Behavior ::run [ RunTime:0.000266s ]
INFO: [ app_begin ] --END-- [ RunTime:0.000306s ]
INFO: [ view_parse ] --START--
INFO: ParseTemplate Behavior ::run [ RunTime:0.010895s ]
INFO: [ view_parse ] --END-- [ RunTime:0.010978s ]
INFO: [ view_filter ] --START--
INFO: ContentReplace Behavior ::run [ RunTime:0.000346s ]
INFO: TokenBuild Behavior ::run [ RunTime:0.000326s ]
INFO: WriteHtmlCache Behavior ::run [ RunTime:0.000202s ]
INFO: ShowRuntime Behavior ::run [ RunTime:0.000367s ]
INFO: [ view_filter ] --END-- [ RunTime:0.001388s ]
INFO: [ view_end ] --START--
INFO: ShowPageTrace Behavior ::run [ RunTime:0.000569s ]
INFO: [ view_end ] --END-- [ RunTime:0.000618s ]

[ 2015-05-28T23:31:27+08:00 ] 0.0.0.0 /~changzhao619/2015/web/protected/login/index.php/Index/adminIndex?m=Index&a=adminIndex&type_link=contentManage
INFO: [ app_begin ] --START--
INFO: ReadHtmlCache Behavior ::run [ RunTime:0.000439s ]
INFO: [ app_begin ] --END-- [ RunTime:0.000500s ]
NOTIC: [8] Constant THEME_NAME already defined /Users/changzhao619/Sites/2015/web/protected/thinkphp/Lib/Core/View.class.php 第 223 行.
NOTIC: [8] Constant THEME_PATH already defined /Users/changzhao619/Sites/2015/web/protected/thinkphp/Lib/Core/View.class.php 第 174 行.
NOTIC: [8] Constant APP_TMPL_PATH already defined /Users/changzhao619/Sites/2015/web/protected/thinkphp/Lib/Core/View.class.php 第 175 行.
INFO: [ view_parse ] --START--
INFO: ParseTemplate Behavior ::run [ RunTime:0.015784s ]
INFO: [ view_parse ] --END-- [ RunTime:0.015843s ]
INFO: [ view_filter ] --START--
INFO: ContentReplace Behavior ::run [ RunTime:0.000225s ]
INFO: TokenBuild Behavior ::run [ RunTime:0.000188s ]
INFO: WriteHtmlCache Behavior ::run [ RunTime:0.000114s ]
INFO: ShowRuntime Behavior ::run [ RunTime:0.000213s ]
INFO: [ view_filter ] --END-- [ RunTime:0.000825s ]
INFO: [ view_end ] --START--
INFO: ShowPageTrace Behavior ::run [ RunTime:0.000828s ]
INFO: [ view_end ] --END-- [ RunTime:0.000909s ]

[ 2015-05-28T23:31:27+08:00 ] 0.0.0.0 /~changzhao619/2015/web/protected/login/index.php/Index/10.html
INFO: [ app_begin ] --START--
INFO: ReadHtmlCache Behavior ::run [ RunTime:0.000443s ]
INFO: [ app_begin ] --END-- [ RunTime:0.000511s ]
NOTIC: [8] Constant THEME_NAME already defined /Users/changzhao619/Sites/2015/web/protected/thinkphp/Lib/Core/View.class.php 第 223 行.
NOTIC: [8] Constant THEME_PATH already defined /Users/changzhao619/Sites/2015/web/protected/thinkphp/Lib/Core/View.class.php 第 174 行.
NOTIC: [8] Constant APP_TMPL_PATH already defined /Users/changzhao619/Sites/2015/web/protected/thinkphp/Lib/Core/View.class.php 第 175 行.
INFO: [ view_parse ] --START--
INFO: ParseTemplate Behavior ::run [ RunTime:0.006080s ]
INFO: [ view_parse ] --END-- [ RunTime:0.006201s ]
INFO: [ view_filter ] --START--
INFO: ContentReplace Behavior ::run [ RunTime:0.000316s ]
INFO: TokenBuild Behavior ::run [ RunTime:0.000878s ]
INFO: WriteHtmlCache Behavior ::run [ RunTime:0.000324s ]
INFO: ShowRuntime Behavior ::run [ RunTime:0.000320s ]
INFO: [ view_filter ] --END-- [ RunTime:0.002035s ]
INFO: [ view_end ] --START--
INFO: ShowPageTrace Behavior ::run [ RunTime:0.000552s ]
INFO: [ view_end ] --END-- [ RunTime:0.000599s ]

[ 2015-05-28T23:31:27+08:00 ] 0.0.0.0 /~changzhao619/2015/web/protected/login/index.php/Index/adminIndex?m=Index&a=adminIndex&type_link=modelManage
INFO: [ app_begin ] --START--
INFO: ReadHtmlCache Behavior ::run [ RunTime:0.000240s ]
INFO: [ app_begin ] --END-- [ RunTime:0.000275s ]
NOTIC: [8] Constant THEME_NAME already defined /Users/changzhao619/Sites/2015/web/protected/thinkphp/Lib/Core/View.class.php 第 223 行.
NOTIC: [8] Constant THEME_PATH already defined /Users/changzhao619/Sites/2015/web/protected/thinkphp/Lib/Core/View.class.php 第 174 行.
NOTIC: [8] Constant APP_TMPL_PATH already defined /Users/changzhao619/Sites/2015/web/protected/thinkphp/Lib/Core/View.class.php 第 175 行.
INFO: [ view_parse ] --START--
INFO: ParseTemplate Behavior ::run [ RunTime:0.012383s ]
INFO: [ view_parse ] --END-- [ RunTime:0.012460s ]
INFO: [ view_filter ] --START--
INFO: ContentReplace Behavior ::run [ RunTime:0.000404s ]
INFO: TokenBuild Behavior ::run [ RunTime:0.000333s ]
INFO: WriteHtmlCache Behavior ::run [ RunTime:0.000201s ]
INFO: ShowRuntime Behavior ::run [ RunTime:0.000375s ]
INFO: [ view_filter ] --END-- [ RunTime:0.001464s ]
INFO: [ view_end ] --START--
INFO: ShowPageTrace Behavior ::run [ RunTime:0.000563s ]
INFO: [ view_end ] --END-- [ RunTime:0.000619s ]

[ 2015-05-28T23:31:27+08:00 ] 0.0.0.0 /~changzhao619/2015/web/protected/login/index.php/Index/10.html
INFO: [ app_begin ] --START--
INFO: ReadHtmlCache Behavior ::run [ RunTime:0.000243s ]
INFO: [ app_begin ] --END-- [ RunTime:0.000280s ]
NOTIC: [8] Constant THEME_NAME already defined /Users/changzhao619/Sites/2015/web/protected/thinkphp/Lib/Core/View.class.php 第 223 行.
NOTIC: [8] Constant THEME_PATH already defined /Users/changzhao619/Sites/2015/web/protected/thinkphp/Lib/Core/View.class.php 第 174 行.
NOTIC: [8] Constant APP_TMPL_PATH already defined /Users/changzhao619/Sites/2015/web/protected/thinkphp/Lib/Core/View.class.php 第 175 行.
INFO: [ view_parse ] --START--
INFO: ParseTemplate Behavior ::run [ RunTime:0.004757s ]
INFO: [ view_parse ] --END-- [ RunTime:0.004811s ]
INFO: [ view_filter ] --START--
INFO: ContentReplace Behavior ::run [ RunTime:0.000311s ]
INFO: TokenBuild Behavior ::run [ RunTime:0.000279s ]
INFO: WriteHtmlCache Behavior ::run [ RunTime:0.000176s ]
INFO: ShowRuntime Behavior ::run [ RunTime:0.000329s ]
INFO: [ view_filter ] --END-- [ RunTime:0.001234s ]
INFO: [ view_end ] --START--
INFO: ShowPageTrace Behavior ::run [ RunTime:0.000361s ]
INFO: [ view_end ] --END-- [ RunTime:0.000400s ]

[ 2015-05-28T23:31:28+08:00 ] 0.0.0.0 /~changzhao619/2015/web/protected/login/index.php/Index/adminIndex?m=Index&a=adminIndex&type_link=personInfo
INFO: [ app_begin ] --START--
INFO: ReadHtmlCache Behavior ::run [ RunTime:0.000268s ]
INFO: [ app_begin ] --END-- [ RunTime:0.000307s ]
NOTIC: [8] Constant THEME_NAME already defined /Users/changzhao619/Sites/2015/web/protected/thinkphp/Lib/Core/View.class.php 第 223 行.
NOTIC: [8] Constant THEME_PATH already defined /Users/changzhao619/Sites/2015/web/protected/thinkphp/Lib/Core/View.class.php 第 174 行.
NOTIC: [8] Constant APP_TMPL_PATH already defined /Users/changzhao619/Sites/2015/web/protected/thinkphp/Lib/Core/View.class.php 第 175 行.
INFO: [ view_parse ] --START--
INFO: ParseTemplate Behavior ::run [ RunTime:0.012552s ]
INFO: [ view_parse ] --END-- [ RunTime:0.012626s ]
INFO: [ view_filter ] --START--
INFO: ContentReplace Behavior ::run [ RunTime:0.000397s ]
INFO: TokenBuild Behavior ::run [ RunTime:0.000328s ]
INFO: WriteHtmlCache Behavior ::run [ RunTime:0.000200s ]
INFO: ShowRuntime Behavior ::run [ RunTime:0.000369s ]
INFO: [ view_filter ] --END-- [ RunTime:0.001440s ]
INFO: [ view_end ] --START--
INFO: ShowPageTrace Behavior ::run [ RunTime:0.001035s ]
INFO: [ view_end ] --END-- [ RunTime:0.001104s ]

[ 2015-05-28T23:31:28+08:00 ] 0.0.0.0 /~changzhao619/2015/web/protected/login/index.php/Index/10.html
INFO: [ app_begin ] --START--
INFO: ReadHtmlCache Behavior ::run [ RunTime:0.000957s ]
INFO: [ app_begin ] --END-- [ RunTime:0.001033s ]
NOTIC: [8] Constant THEME_NAME already defined /Users/changzhao619/Sites/2015/web/protected/thinkphp/Lib/Core/View.class.php 第 223 行.
NOTIC: [8] Constant THEME_PATH already defined /Users/changzhao619/Sites/2015/web/protected/thinkphp/Lib/Core/View.class.php 第 174 行.
NOTIC: [8] Constant APP_TMPL_PATH already defined /Users/changzhao619/Sites/2015/web/protected/thinkphp/Lib/Core/View.class.php 第 175 行.
INFO: [ view_parse ] --START--
INFO: ParseTemplate Behavior ::run [ RunTime:0.006034s ]
INFO: [ view_parse ] --END-- [ RunTime:0.006099s ]
INFO: [ view_filter ] --START--
INFO: ContentReplace Behavior ::run [ RunTime:0.000295s ]
INFO: TokenBuild Behavior ::run [ RunTime:0.000285s ]
INFO: WriteHtmlCache Behavior ::run [ RunTime:0.000180s ]
INFO: ShowRuntime Behavior ::run [ RunTime:0.000348s ]
INFO: [ view_filter ] --END-- [ RunTime:0.001247s ]
INFO: [ view_end ] --START--
INFO: ShowPageTrace Behavior ::run [ RunTime:0.000553s ]
INFO: [ view_end ] --END-- [ RunTime:0.000606s ]

[ 2015-05-28T23:31:28+08:00 ] 0.0.0.0 /~changzhao619/2015/web/protected/login/index.php/Index/adminIndex?m=Index&a=adminIndex&type_link=personInfo
INFO: [ app_begin ] --START--
INFO: ReadHtmlCache Behavior ::run [ RunTime:0.000254s ]
INFO: [ app_begin ] --END-- [ RunTime:0.000289s ]
NOTIC: [8] Constant THEME_NAME already defined /Users/changzhao619/Sites/2015/web/protected/thinkphp/Lib/Core/View.class.php 第 223 行.
NOTIC: [8] Constant THEME_PATH already defined /Users/changzhao619/Sites/2015/web/protected/thinkphp/Lib/Core/View.class.php 第 174 行.
NOTIC: [8] Constant APP_TMPL_PATH already defined /Users/changzhao619/Sites/2015/web/protected/thinkphp/Lib/Core/View.class.php 第 175 行.
INFO: [ view_parse ] --START--
INFO: ParseTemplate Behavior ::run [ RunTime:0.012329s ]
INFO: [ view_parse ] --END-- [ RunTime:0.012406s ]
INFO: [ view_filter ] --START--
INFO: ContentReplace Behavior ::run [ RunTime:0.000400s ]
INFO: TokenBuild Behavior ::run [ RunTime:0.000333s ]
INFO: WriteHtmlCache Behavior ::run [ RunTime:0.000202s ]
INFO: ShowRuntime Behavior ::run [ RunTime:0.000373s ]
INFO: [ view_filter ] --END-- [ RunTime:0.001457s ]
INFO: [ view_end ] --START--
INFO: ShowPageTrace Behavior ::run [ RunTime:0.000565s ]
INFO: [ view_end ] --END-- [ RunTime:0.000621s ]

[ 2015-05-28T23:31:28+08:00 ] 0.0.0.0 /~changzhao619/2015/web/protected/login/index.php/Index/10.html
INFO: [ app_begin ] --START--
INFO: ReadHtmlCache Behavior ::run [ RunTime:0.000508s ]
INFO: [ app_begin ] --END-- [ RunTime:0.000563s ]
NOTIC: [8] Constant THEME_NAME already defined /Users/changzhao619/Sites/2015/web/protected/thinkphp/Lib/Core/View.class.php 第 223 行.
NOTIC: [8] Constant THEME_PATH already defined /Users/changzhao619/Sites/2015/web/protected/thinkphp/Lib/Core/View.class.php 第 174 行.
NOTIC: [8] Constant APP_TMPL_PATH already defined /Users/changzhao619/Sites/2015/web/protected/thinkphp/Lib/Core/View.class.php 第 175 行.
INFO: [ view_parse ] --START--
INFO: ParseTemplate Behavior ::run [ RunTime:0.005637s ]
INFO: [ view_parse ] --END-- [ RunTime:0.005753s ]
INFO: [ view_filter ] --START--
INFO: ContentReplace Behavior ::run [ RunTime:0.000502s ]
INFO: TokenBuild Behavior ::run [ RunTime:0.000547s ]
INFO: WriteHtmlCache Behavior ::run [ RunTime:0.000231s ]
INFO: ShowRuntime Behavior ::run [ RunTime:0.000375s ]
INFO: [ view_filter ] --END-- [ RunTime:0.001892s ]
INFO: [ view_end ] --START--
INFO: ShowPageTrace Behavior ::run [ RunTime:0.000586s ]
INFO: [ view_end ] --END-- [ RunTime:0.000638s ]

[ 2015-05-28T23:31:29+08:00 ] 0.0.0.0 /~changzhao619/2015/web/protected/login/index.php/Index/adminIndex?m=Index&a=adminIndex&type_link=personInfo
INFO: [ app_begin ] --START--
INFO: ReadHtmlCache Behavior ::run [ RunTime:0.000236s ]
INFO: [ app_begin ] --END-- [ RunTime:0.000270s ]
NOTIC: [8] Constant THEME_NAME already defined /Users/changzhao619/Sites/2015/web/protected/thinkphp/Lib/Core/View.class.php 第 223 行.
NOTIC: [8] Constant THEME_PATH already defined /Users/changzhao619/Sites/2015/web/protected/thinkphp/Lib/Core/View.class.php 第 174 行.
NOTIC: [8] Constant APP_TMPL_PATH already defined /Users/changzhao619/Sites/2015/web/protected/thinkphp/Lib/Core/View.class.php 第 175 行.
INFO: [ view_parse ] --START--
INFO: ParseTemplate Behavior ::run [ RunTime:0.012369s ]
INFO: [ view_parse ] --END-- [ RunTime:0.012446s ]
INFO: [ view_filter ] --START--
INFO: ContentReplace Behavior ::run [ RunTime:0.000402s ]
INFO: TokenBuild Behavior ::run [ RunTime:0.000330s ]
INFO: WriteHtmlCache Behavior ::run [ RunTime:0.000200s ]
INFO: ShowRuntime Behavior ::run [ RunTime:0.000401s ]
INFO: [ view_filter ] --END-- [ RunTime:0.001482s ]
INFO: [ view_end ] --START--
INFO: ShowPageTrace Behavior ::run [ RunTime:0.000557s ]
INFO: [ view_end ] --END-- [ RunTime:0.000612s ]

[ 2015-05-28T23:31:29+08:00 ] 0.0.0.0 /~changzhao619/2015/web/protected/login/index.php/Index/10.html
INFO: [ app_begin ] --START--
INFO: ReadHtmlCache Behavior ::run [ RunTime:0.000612s ]
INFO: [ app_begin ] --END-- [ RunTime:0.000730s ]
NOTIC: [8] Constant THEME_NAME already defined /Users/changzhao619/Sites/2015/web/protected/thinkphp/Lib/Core/View.class.php 第 223 行.
NOTIC: [8] Constant THEME_PATH already defined /Users/changzhao619/Sites/2015/web/protected/thinkphp/Lib/Core/View.class.php 第 174 行.
NOTIC: [8] Constant APP_TMPL_PATH already defined /Users/changzhao619/Sites/2015/web/protected/thinkphp/Lib/Core/View.class.php 第 175 行.
INFO: [ view_parse ] --START--
INFO: ParseTemplate Behavior ::run [ RunTime:0.005740s ]
INFO: [ view_parse ] --END-- [ RunTime:0.005825s ]
INFO: [ view_filter ] --START--
INFO: ContentReplace Behavior ::run [ RunTime:0.000206s ]
INFO: TokenBuild Behavior ::run [ RunTime:0.000348s ]
INFO: WriteHtmlCache Behavior ::run [ RunTime:0.000143s ]
INFO: ShowRuntime Behavior ::run [ RunTime:0.000221s ]
INFO: [ view_filter ] --END-- [ RunTime:0.001025s ]
INFO: [ view_end ] --START--
INFO: ShowPageTrace Behavior ::run [ RunTime:0.000346s ]
INFO: [ view_end ] --END-- [ RunTime:0.000395s ]

[ 2015-05-28T23:31:29+08:00 ] 0.0.0.0 /~changzhao619/2015/web/protected/login/index.php/Index/adminIndex?m=Index&a=adminIndex&type_link=personInfo
INFO: [ app_begin ] --START--
INFO: ReadHtmlCache Behavior ::run [ RunTime:0.000236s ]
INFO: [ app_begin ] --END-- [ RunTime:0.000270s ]
NOTIC: [8] Constant THEME_NAME already defined /Users/changzhao619/Sites/2015/web/protected/thinkphp/Lib/Core/View.class.php 第 223 行.
NOTIC: [8] Constant THEME_PATH already defined /Users/changzhao619/Sites/2015/web/protected/thinkphp/Lib/Core/View.class.php 第 174 行.
NOTIC: [8] Constant APP_TMPL_PATH already defined /Users/changzhao619/Sites/2015/web/protected/thinkphp/Lib/Core/View.class.php 第 175 行.
INFO: [ view_parse ] --START--
INFO: ParseTemplate Behavior ::run [ RunTime:0.012470s ]
INFO: [ view_parse ] --END-- [ RunTime:0.012546s ]
INFO: [ view_filter ] --START--
INFO: ContentReplace Behavior ::run [ RunTime:0.000399s ]
INFO: TokenBuild Behavior ::run [ RunTime:0.000329s ]
INFO: WriteHtmlCache Behavior ::run [ RunTime:0.000201s ]
INFO: ShowRuntime Behavior ::run [ RunTime:0.000374s ]
INFO: [ view_filter ] --END-- [ RunTime:0.001451s ]
INFO: [ view_end ] --START--
INFO: ShowPageTrace Behavior ::run [ RunTime:0.000664s ]
INFO: [ view_end ] --END-- [ RunTime:0.000717s ]

[ 2015-05-28T23:31:29+08:00 ] 0.0.0.0 /~changzhao619/2015/web/protected/login/index.php/Index/10.html
INFO: [ app_begin ] --START--
INFO: ReadHtmlCache Behavior ::run [ RunTime:0.000332s ]
INFO: [ app_begin ] --END-- [ RunTime:0.000384s ]
NOTIC: [8] Constant THEME_NAME already defined /Users/changzhao619/Sites/2015/web/protected/thinkphp/Lib/Core/View.class.php 第 223 行.
NOTIC: [8] Constant THEME_PATH already defined /Users/changzhao619/Sites/2015/web/protected/thinkphp/Lib/Core/View.class.php 第 174 行.
NOTIC: [8] Constant APP_TMPL_PATH already defined /Users/changzhao619/Sites/2015/web/protected/thinkphp/Lib/Core/View.class.php 第 175 行.
INFO: [ view_parse ] --START--
INFO: ParseTemplate Behavior ::run [ RunTime:0.005901s ]
INFO: [ view_parse ] --END-- [ RunTime:0.006032s ]
INFO: [ view_filter ] --START--
INFO: ContentReplace Behavior ::run [ RunTime:0.000451s ]
INFO: TokenBuild Behavior ::run [ RunTime:0.000391s ]
INFO: WriteHtmlCache Behavior ::run [ RunTime:0.000188s ]
INFO: ShowRuntime Behavior ::run [ RunTime:0.000370s ]
INFO: [ view_filter ] --END-- [ RunTime:0.001554s ]
INFO: [ view_end ] --START--
INFO: ShowPageTrace Behavior ::run [ RunTime:0.000674s ]
INFO: [ view_end ] --END-- [ RunTime:0.000727s ]

[ 2015-05-28T23:31:50+08:00 ] 0.0.0.0 /~changzhao619/2015/web/protected/login/index.php/Index/10.html
INFO: [ app_begin ] --START--
INFO: ReadHtmlCache Behavior ::run [ RunTime:0.002771s ]
INFO: [ app_begin ] --END-- [ RunTime:0.002856s ]
NOTIC: [8] Constant THEME_NAME already defined /Users/changzhao619/Sites/2015/web/protected/thinkphp/Lib/Core/View.class.php 第 223 行.
NOTIC: [8] Constant THEME_PATH already defined /Users/changzhao619/Sites/2015/web/protected/thinkphp/Lib/Core/View.class.php 第 174 行.
NOTIC: [8] Constant APP_TMPL_PATH already defined /Users/changzhao619/Sites/2015/web/protected/thinkphp/Lib/Core/View.class.php 第 175 行.
INFO: [ view_parse ] --START--
INFO: ParseTemplate Behavior ::run [ RunTime:0.005452s ]
INFO: [ view_parse ] --END-- [ RunTime:0.005517s ]
INFO: [ view_filter ] --START--
INFO: ContentReplace Behavior ::run [ RunTime:0.000309s ]
INFO: TokenBuild Behavior ::run [ RunTime:0.000289s ]
INFO: WriteHtmlCache Behavior ::run [ RunTime:0.000183s ]
INFO: ShowRuntime Behavior ::run [ RunTime:0.000351s ]
INFO: [ view_filter ] --END-- [ RunTime:0.001270s ]
INFO: [ view_end ] --START--
INFO: ShowPageTrace Behavior ::run [ RunTime:0.001229s ]
INFO: [ view_end ] --END-- [ RunTime:0.001293s ]

[ 2015-05-28T23:31:51+08:00 ] 0.0.0.0 /~changzhao619/2015/web/protected/login/index.php/Index/adminIndex?m=Index&a=adminIndex&type_link=modelManage
INFO: [ app_begin ] --START--
INFO: ReadHtmlCache Behavior ::run [ RunTime:0.000232s ]
INFO: [ app_begin ] --END-- [ RunTime:0.000266s ]
INFO: [ view_parse ] --START--
INFO: ParseTemplate Behavior ::run [ RunTime:0.011345s ]
INFO: [ view_parse ] --END-- [ RunTime:0.011426s ]
INFO: [ view_filter ] --START--
INFO: ContentReplace Behavior ::run [ RunTime:0.000356s ]
INFO: TokenBuild Behavior ::run [ RunTime:0.000325s ]
INFO: WriteHtmlCache Behavior ::run [ RunTime:0.000241s ]
INFO: ShowRuntime Behavior ::run [ RunTime:0.000371s ]
INFO: [ view_filter ] --END-- [ RunTime:0.001442s ]
INFO: [ view_end ] --START--
INFO: ShowPageTrace Behavior ::run [ RunTime:0.000559s ]
INFO: [ view_end ] --END-- [ RunTime:0.000607s ]

[ 2015-05-28T23:31:52+08:00 ] 0.0.0.0 /~changzhao619/2015/web/protected/login/index.php/Index/currentposition
INFO: [ app_begin ] --START--
INFO: ReadHtmlCache Behavior ::run [ RunTime:0.000266s ]
INFO: [ app_begin ] --END-- [ RunTime:0.000307s ]
INFO: [ view_parse ] --START--
INFO: ParseTemplate Behavior ::run [ RunTime:0.010868s ]
INFO: [ view_parse ] --END-- [ RunTime:0.010948s ]
INFO: [ view_filter ] --START--
INFO: ContentReplace Behavior ::run [ RunTime:0.000346s ]
INFO: TokenBuild Behavior ::run [ RunTime:0.000325s ]
INFO: WriteHtmlCache Behavior ::run [ RunTime:0.000201s ]
INFO: ShowRuntime Behavior ::run [ RunTime:0.000364s ]
INFO: [ view_filter ] --END-- [ RunTime:0.001383s ]
INFO: [ view_end ] --START--
INFO: ShowPageTrace Behavior ::run [ RunTime:0.000560s ]
INFO: [ view_end ] --END-- [ RunTime:0.000609s ]

[ 2015-05-28T23:31:52+08:00 ] 0.0.0.0 /~changzhao619/2015/web/protected/login/index.php/Index/currentposition
INFO: [ app_begin ] --START--
INFO: ReadHtmlCache Behavior ::run [ RunTime:0.000264s ]
INFO: [ app_begin ] --END-- [ RunTime:0.000303s ]
INFO: [ view_parse ] --START--
INFO: ParseTemplate Behavior ::run [ RunTime:0.010236s ]
INFO: [ view_parse ] --END-- [ RunTime:0.010325s ]
INFO: [ view_filter ] --START--
INFO: ContentReplace Behavior ::run [ RunTime:0.000344s ]
INFO: TokenBuild Behavior ::run [ RunTime:0.000326s ]
INFO: WriteHtmlCache Behavior ::run [ RunTime:0.000202s ]
INFO: ShowRuntime Behavior ::run [ RunTime:0.000285s ]
INFO: [ view_filter ] --END-- [ RunTime:0.001295s ]
INFO: [ view_end ] --START--
INFO: ShowPageTrace Behavior ::run [ RunTime:0.000389s ]
INFO: [ view_end ] --END-- [ RunTime:0.000422s ]

[ 2015-05-28T23:31:53+08:00 ] 0.0.0.0 /~changzhao619/2015/web/protected/login/index.php/Index/currentposition
INFO: [ app_begin ] --START--
INFO: ReadHtmlCache Behavior ::run [ RunTime:0.000261s ]
INFO: [ app_begin ] --END-- [ RunTime:0.000299s ]
INFO: [ view_parse ] --START--
INFO: ParseTemplate Behavior ::run [ RunTime:0.004277s ]
INFO: [ view_parse ] --END-- [ RunTime:0.004348s ]
INFO: [ view_filter ] --START--
INFO: ContentReplace Behavior ::run [ RunTime:0.000219s ]
INFO: TokenBuild Behavior ::run [ RunTime:0.000272s ]
INFO: WriteHtmlCache Behavior ::run [ RunTime:0.000178s ]
INFO: ShowRuntime Behavior ::run [ RunTime:0.000299s ]
INFO: [ view_filter ] --END-- [ RunTime:0.001080s ]
INFO: [ view_end ] --START--
INFO: ShowPageTrace Behavior ::run [ RunTime:0.000518s ]
INFO: [ view_end ] --END-- [ RunTime:0.000583s ]

[ 2015-05-28T23:31:54+08:00 ] 0.0.0.0 /~changzhao619/2015/web/protected/login/index.php/Index/adminIndex?m=Index&a=adminIndex&type_link=personInfo
INFO: [ app_begin ] --START--
INFO: ReadHtmlCache Behavior ::run [ RunTime:0.000234s ]
INFO: [ app_begin ] --END-- [ RunTime:0.000268s ]
INFO: [ view_parse ] --START--
INFO: ParseTemplate Behavior ::run [ RunTime:0.011334s ]
INFO: [ view_parse ] --END-- [ RunTime:0.011421s ]
INFO: [ view_filter ] --START--
INFO: ContentReplace Behavior ::run [ RunTime:0.000360s ]
INFO: TokenBuild Behavior ::run [ RunTime:0.000329s ]
INFO: WriteHtmlCache Behavior ::run [ RunTime:0.000208s ]
INFO: ShowRuntime Behavior ::run [ RunTime:0.000380s ]
INFO: [ view_filter ] --END-- [ RunTime:0.001438s ]
INFO: [ view_end ] --START--
INFO: ShowPageTrace Behavior ::run [ RunTime:0.000553s ]
INFO: [ view_end ] --END-- [ RunTime:0.000601s ]

[ 2015-05-28T23:31:55+08:00 ] 0.0.0.0 /~changzhao619/2015/web/protected/login/index.php/Index/currentposition
INFO: [ app_begin ] --START--
INFO: ReadHtmlCache Behavior ::run [ RunTime:0.000303s ]
INFO: [ app_begin ] --END-- [ RunTime:0.000356s ]
INFO: [ view_parse ] --START--
INFO: ParseTemplate Behavior ::run [ RunTime:0.011069s ]
INFO: [ view_parse ] --END-- [ RunTime:0.011151s ]
INFO: [ view_filter ] --START--
INFO: ContentReplace Behavior ::run [ RunTime:0.000371s ]
INFO: TokenBuild Behavior ::run [ RunTime:0.000325s ]
INFO: WriteHtmlCache Behavior ::run [ RunTime:0.000201s ]
INFO: ShowRuntime Behavior ::run [ RunTime:0.000362s ]
INFO: [ view_filter ] --END-- [ RunTime:0.001408s ]
INFO: [ view_end ] --START--
INFO: ShowPageTrace Behavior ::run [ RunTime:0.000554s ]
INFO: [ view_end ] --END-- [ RunTime:0.000603s ]

[ 2015-05-28T23:31:55+08:00 ] 0.0.0.0 /~changzhao619/2015/web/protected/login/index.php/Index/currentposition
INFO: [ app_begin ] --START--
INFO: ReadHtmlCache Behavior ::run [ RunTime:0.000264s ]
INFO: [ app_begin ] --END-- [ RunTime:0.000303s ]
INFO: [ view_parse ] --START--
INFO: ParseTemplate Behavior ::run [ RunTime:0.010981s ]
INFO: [ view_parse ] --END-- [ RunTime:0.011062s ]
INFO: [ view_filter ] --START--
INFO: ContentReplace Behavior ::run [ RunTime:0.000344s ]
INFO: TokenBuild Behavior ::run [ RunTime:0.000257s ]
INFO: WriteHtmlCache Behavior ::run [ RunTime:0.000146s ]
INFO: ShowRuntime Behavior ::run [ RunTime:0.000267s ]
INFO: [ view_filter ] --END-- [ RunTime:0.001133s ]
INFO: [ view_end ] --START--
INFO: ShowPageTrace Behavior ::run [ RunTime:0.000390s ]
INFO: [ view_end ] --END-- [ RunTime:0.000423s ]

[ 2015-05-28T23:31:57+08:00 ] 0.0.0.0 /~changzhao619/2015/web/protected/login/index.php/Index/adminIndex?m=Index&a=adminIndex&type_link=modelManage
INFO: [ app_begin ] --START--
INFO: ReadHtmlCache Behavior ::run [ RunTime:0.000233s ]
INFO: [ app_begin ] --END-- [ RunTime:0.000267s ]
INFO: [ view_parse ] --START--
INFO: ParseTemplate Behavior ::run [ RunTime:0.011290s ]
INFO: [ view_parse ] --END-- [ RunTime:0.011371s ]
INFO: [ view_filter ] --START--
INFO: ContentReplace Behavior ::run [ RunTime:0.000353s ]
INFO: TokenBuild Behavior ::run [ RunTime:0.000363s ]
INFO: WriteHtmlCache Behavior ::run [ RunTime:0.000203s ]
INFO: ShowRuntime Behavior ::run [ RunTime:0.000370s ]
INFO: [ view_filter ] --END-- [ RunTime:0.001437s ]
INFO: [ view_end ] --START--
INFO: ShowPageTrace Behavior ::run [ RunTime:0.000558s ]
INFO: [ view_end ] --END-- [ RunTime:0.000606s ]

[ 2015-05-28T23:31:58+08:00 ] 0.0.0.0 /~changzhao619/2015/web/protected/login/index.php/Index/10.html
INFO: [ app_begin ] --START--
INFO: ReadHtmlCache Behavior ::run [ RunTime:0.000348s ]
INFO: [ app_begin ] --END-- [ RunTime:0.000398s ]
NOTIC: [8] Constant THEME_NAME already defined /Users/changzhao619/Sites/2015/web/protected/thinkphp/Lib/Core/View.class.php 第 223 行.
NOTIC: [8] Constant THEME_PATH already defined /Users/changzhao619/Sites/2015/web/protected/thinkphp/Lib/Core/View.class.php 第 174 行.
NOTIC: [8] Constant APP_TMPL_PATH already defined /Users/changzhao619/Sites/2015/web/protected/thinkphp/Lib/Core/View.class.php 第 175 行.
INFO: [ view_parse ] --START--
INFO: ParseTemplate Behavior ::run [ RunTime:0.005275s ]
INFO: [ view_parse ] --END-- [ RunTime:0.005350s ]
INFO: [ view_filter ] --START--
INFO: ContentReplace Behavior ::run [ RunTime:0.000303s ]
INFO: TokenBuild Behavior ::run [ RunTime:0.000233s ]
INFO: WriteHtmlCache Behavior ::run [ RunTime:0.000121s ]
INFO: ShowRuntime Behavior ::run [ RunTime:0.000217s ]
INFO: [ view_filter ] --END-- [ RunTime:0.000989s ]
INFO: [ view_end ] --START--
INFO: ShowPageTrace Behavior ::run [ RunTime:0.000391s ]
INFO: [ view_end ] --END-- [ RunTime:0.000429s ]

[ 2015-05-28T23:31:58+08:00 ] 0.0.0.0 /~changzhao619/2015/web/protected/login/index.php/Index/adminIndex?m=Index&a=adminIndex&type_link=contentManage
INFO: [ app_begin ] --START--
INFO: ReadHtmlCache Behavior ::run [ RunTime:0.000231s ]
INFO: [ app_begin ] --END-- [ RunTime:0.000265s ]
INFO: [ view_parse ] --START--
INFO: ParseTemplate Behavior ::run [ RunTime:0.018724s ]
INFO: [ view_parse ] --END-- [ RunTime:0.018808s ]
INFO: [ view_filter ] --START--
INFO: ContentReplace Behavior ::run [ RunTime:0.000366s ]
INFO: TokenBuild Behavior ::run [ RunTime:0.000330s ]
INFO: WriteHtmlCache Behavior ::run [ RunTime:0.000203s ]
INFO: ShowRuntime Behavior ::run [ RunTime:0.000369s ]
INFO: [ view_filter ] --END-- [ RunTime:0.001417s ]
INFO: [ view_end ] --START--
INFO: ShowPageTrace Behavior ::run [ RunTime:0.000559s ]
INFO: [ view_end ] --END-- [ RunTime:0.000608s ]

[ 2015-05-28T23:32:09+08:00 ] 0.0.0.0 /~changzhao619/2015/web/protected/login/index.php/Index/adminIndex?m=Index&a=adminIndex&type_link=personInfo
INFO: [ app_begin ] --START--
INFO: ReadHtmlCache Behavior ::run [ RunTime:0.000233s ]
INFO: [ app_begin ] --END-- [ RunTime:0.000267s ]
INFO: [ view_parse ] --START--
INFO: ParseTemplate Behavior ::run [ RunTime:0.010373s ]
INFO: [ view_parse ] --END-- [ RunTime:0.010451s ]
INFO: [ view_filter ] --START--
INFO: ContentReplace Behavior ::run [ RunTime:0.000350s ]
INFO: TokenBuild Behavior ::run [ RunTime:0.000324s ]
INFO: WriteHtmlCache Behavior ::run [ RunTime:0.000197s ]
INFO: ShowRuntime Behavior ::run [ RunTime:0.000363s ]
INFO: [ view_filter ] --END-- [ RunTime:0.001378s ]
INFO: [ view_end ] --START--
INFO: ShowPageTrace Behavior ::run [ RunTime:0.000554s ]
INFO: [ view_end ] --END-- [ RunTime:0.000604s ]

[ 2015-05-28T23:32:10+08:00 ] 0.0.0.0 /~changzhao619/2015/web/protected/login/index.php/Index/currentposition
INFO: [ app_begin ] --START--
INFO: ReadHtmlCache Behavior ::run [ RunTime:0.000363s ]
INFO: [ app_begin ] --END-- [ RunTime:0.000415s ]
INFO: [ view_parse ] --START--
INFO: ParseTemplate Behavior ::run [ RunTime:0.011573s ]
INFO: [ view_parse ] --END-- [ RunTime:0.011661s ]
INFO: [ view_filter ] --START--
INFO: ContentReplace Behavior ::run [ RunTime:0.000339s ]
INFO: TokenBuild Behavior ::run [ RunTime:0.000319s ]
INFO: WriteHtmlCache Behavior ::run [ RunTime:0.000196s ]
INFO: ShowRuntime Behavior ::run [ RunTime:0.000358s ]
INFO: [ view_filter ] --END-- [ RunTime:0.001394s ]
INFO: [ view_end ] --START--
INFO: ShowPageTrace Behavior ::run [ RunTime:0.000554s ]
INFO: [ view_end ] --END-- [ RunTime:0.000603s ]

[ 2015-05-28T23:32:11+08:00 ] 0.0.0.0 /~changzhao619/2015/web/protected/login/index.php/Index/currentposition
INFO: [ app_begin ] --START--
INFO: ReadHtmlCache Behavior ::run [ RunTime:0.000265s ]
INFO: [ app_begin ] --END-- [ RunTime:0.000303s ]
INFO: [ view_parse ] --START--
INFO: ParseTemplate Behavior ::run [ RunTime:0.010876s ]
INFO: [ view_parse ] --END-- [ RunTime:0.010952s ]
INFO: [ view_filter ] --START--
INFO: ContentReplace Behavior ::run [ RunTime:0.000334s ]
INFO: TokenBuild Behavior ::run [ RunTime:0.000318s ]
INFO: WriteHtmlCache Behavior ::run [ RunTime:0.000195s ]
INFO: ShowRuntime Behavior ::run [ RunTime:0.000356s ]
INFO: [ view_filter ] --END-- [ RunTime:0.001347s ]
INFO: [ view_end ] --START--
INFO: ShowPageTrace Behavior ::run [ RunTime:0.000545s ]
INFO: [ view_end ] --END-- [ RunTime:0.000593s ]

[ 2015-05-28T23:32:11+08:00 ] 0.0.0.0 /~changzhao619/2015/web/protected/login/index.php/Index/currentposition
INFO: [ app_begin ] --START--
INFO: ReadHtmlCache Behavior ::run [ RunTime:0.000290s ]
INFO: [ app_begin ] --END-- [ RunTime:0.000329s ]
INFO: [ view_parse ] --START--
INFO: ParseTemplate Behavior ::run [ RunTime:0.010953s ]
INFO: [ view_parse ] --END-- [ RunTime:0.011034s ]
INFO: [ view_filter ] --START--
INFO: ContentReplace Behavior ::run [ RunTime:0.000341s ]
INFO: TokenBuild Behavior ::run [ RunTime:0.000323s ]
INFO: WriteHtmlCache Behavior ::run [ RunTime:0.000198s ]
INFO: ShowRuntime Behavior ::run [ RunTime:0.000359s ]
INFO: [ view_filter ] --END-- [ RunTime:0.001366s ]
INFO: [ view_end ] --START--
INFO: ShowPageTrace Behavior ::run [ RunTime:0.000553s ]
INFO: [ view_end ] --END-- [ RunTime:0.000602s ]

[ 2015-05-28T23:32:13+08:00 ] 0.0.0.0 /~changzhao619/2015/web/protected/login/index.php/Index/adminIndex?m=Index&a=adminIndex&type_link=modelManage
INFO: [ app_begin ] --START--
INFO: ReadHtmlCache Behavior ::run [ RunTime:0.000369s ]
INFO: [ app_begin ] --END-- [ RunTime:0.000421s ]
INFO: [ view_parse ] --START--
INFO: ParseTemplate Behavior ::run [ RunTime:0.011899s ]
INFO: [ view_parse ] --END-- [ RunTime:0.011976s ]
INFO: [ view_filter ] --START--
INFO: ContentReplace Behavior ::run [ RunTime:0.000299s ]
INFO: TokenBuild Behavior ::run [ RunTime:0.000246s ]
INFO: WriteHtmlCache Behavior ::run [ RunTime:0.000151s ]
INFO: ShowRuntime Behavior ::run [ RunTime:0.000277s ]
INFO: [ view_filter ] --END-- [ RunTime:0.001085s ]
INFO: [ view_end ] --START--
INFO: ShowPageTrace Behavior ::run [ RunTime:0.000342s ]
INFO: [ view_end ] --END-- [ RunTime:0.000372s ]

[ 2015-05-28T23:32:17+08:00 ] 0.0.0.0 /~changzhao619/2015/web/protected/login/index.php/Index/currentposition
INFO: [ app_begin ] --START--
INFO: ReadHtmlCache Behavior ::run [ RunTime:0.000413s ]
INFO: [ app_begin ] --END-- [ RunTime:0.000485s ]
INFO: [ view_parse ] --START--
INFO: ParseTemplate Behavior ::run [ RunTime:0.011065s ]
INFO: [ view_parse ] --END-- [ RunTime:0.011148s ]
INFO: [ view_filter ] --START--
INFO: ContentReplace Behavior ::run [ RunTime:0.000341s ]
INFO: TokenBuild Behavior ::run [ RunTime:0.000351s ]
INFO: WriteHtmlCache Behavior ::run [ RunTime:0.000199s ]
INFO: ShowRuntime Behavior ::run [ RunTime:0.000359s ]
INFO: [ view_filter ] --END-- [ RunTime:0.001398s ]
INFO: [ view_end ] --START--
INFO: ShowPageTrace Behavior ::run [ RunTime:0.000544s ]
INFO: [ view_end ] --END-- [ RunTime:0.000593s ]

[ 2015-05-28T23:32:18+08:00 ] 0.0.0.0 /~changzhao619/2015/web/protected/login/index.php/Index/currentposition
INFO: [ app_begin ] --START--
INFO: ReadHtmlCache Behavior ::run [ RunTime:0.000389s ]
INFO: [ app_begin ] --END-- [ RunTime:0.000438s ]
INFO: [ view_parse ] --START--
INFO: ParseTemplate Behavior ::run [ RunTime:0.004626s ]
INFO: [ view_parse ] --END-- [ RunTime:0.004698s ]
INFO: [ view_filter ] --START--
INFO: ContentReplace Behavior ::run [ RunTime:0.000192s ]
INFO: TokenBuild Behavior ::run [ RunTime:0.000203s ]
INFO: WriteHtmlCache Behavior ::run [ RunTime:0.000115s ]
INFO: ShowRuntime Behavior ::run [ RunTime:0.000207s ]
INFO: [ view_filter ] --END-- [ RunTime:0.000803s ]
INFO: [ view_end ] --START--
INFO: ShowPageTrace Behavior ::run [ RunTime:0.000323s ]
INFO: [ view_end ] --END-- [ RunTime:0.000352s ]

[ 2015-05-28T23:32:19+08:00 ] 0.0.0.0 /~changzhao619/2015/web/protected/login/index.php/Index/currentposition
INFO: [ app_begin ] --START--
INFO: ReadHtmlCache Behavior ::run [ RunTime:0.000261s ]
INFO: [ app_begin ] --END-- [ RunTime:0.000300s ]
INFO: [ view_parse ] --START--
INFO: ParseTemplate Behavior ::run [ RunTime:0.011629s ]
INFO: [ view_parse ] --END-- [ RunTime:0.011710s ]
INFO: [ view_filter ] --START--
INFO: ContentReplace Behavior ::run [ RunTime:0.000341s ]
INFO: TokenBuild Behavior ::run [ RunTime:0.000320s ]
INFO: WriteHtmlCache Behavior ::run [ RunTime:0.000197s ]
INFO: ShowRuntime Behavior ::run [ RunTime:0.000359s ]
INFO: [ view_filter ] --END-- [ RunTime:0.001364s ]
INFO: [ view_end ] --START--
INFO: ShowPageTrace Behavior ::run [ RunTime:0.000554s ]
INFO: [ view_end ] --END-- [ RunTime:0.000603s ]

[ 2015-05-28T23:32:19+08:00 ] 0.0.0.0 /~changzhao619/2015/web/protected/login/index.php/Index/currentposition
INFO: [ app_begin ] --START--
INFO: ReadHtmlCache Behavior ::run [ RunTime:0.000406s ]
INFO: [ app_begin ] --END-- [ RunTime:0.000500s ]
INFO: [ view_parse ] --START--
INFO: ParseTemplate Behavior ::run [ RunTime:0.004206s ]
INFO: [ view_parse ] --END-- [ RunTime:0.004267s ]
INFO: [ view_filter ] --START--
INFO: ContentReplace Behavior ::run [ RunTime:0.000197s ]
INFO: TokenBuild Behavior ::run [ RunTime:0.000184s ]
INFO: WriteHtmlCache Behavior ::run [ RunTime:0.000112s ]
INFO: ShowRuntime Behavior ::run [ RunTime:0.000212s ]
INFO: [ view_filter ] --END-- [ RunTime:0.000791s ]
INFO: [ view_end ] --START--
INFO: ShowPageTrace Behavior ::run [ RunTime:0.000336s ]
INFO: [ view_end ] --END-- [ RunTime:0.000367s ]

[ 2015-05-28T23:32:20+08:00 ] 0.0.0.0 /~changzhao619/2015/web/protected/login/index.php/Index/currentposition
INFO: [ app_begin ] --START--
INFO: ReadHtmlCache Behavior ::run [ RunTime:0.000262s ]
INFO: [ app_begin ] --END-- [ RunTime:0.000302s ]
INFO: [ view_parse ] --START--
INFO: ParseTemplate Behavior ::run [ RunTime:0.010137s ]
INFO: [ view_parse ] --END-- [ RunTime:0.010220s ]
INFO: [ view_filter ] --START--
INFO: ContentReplace Behavior ::run [ RunTime:0.000341s ]
INFO: TokenBuild Behavior ::run [ RunTime:0.000322s ]
INFO: WriteHtmlCache Behavior ::run [ RunTime:0.000197s ]
INFO: ShowRuntime Behavior ::run [ RunTime:0.000359s ]
INFO: [ view_filter ] --END-- [ RunTime:0.001368s ]
INFO: [ view_end ] --START--
INFO: ShowPageTrace Behavior ::run [ RunTime:0.000579s ]
INFO: [ view_end ] --END-- [ RunTime:0.000629s ]

[ 2015-05-28T23:35:27+08:00 ] 0.0.0.0 /~changzhao619/2015/web/protected/login/index.php/Index/currentposition
INFO: [ app_begin ] --START--
INFO: ReadHtmlCache Behavior ::run [ RunTime:0.000313s ]
INFO: [ app_begin ] --END-- [ RunTime:0.000353s ]
INFO: [ view_parse ] --START--
INFO: ParseTemplate Behavior ::run [ RunTime:0.010422s ]
INFO: [ view_parse ] --END-- [ RunTime:0.010530s ]
INFO: [ view_filter ] --START--
INFO: ContentReplace Behavior ::run [ RunTime:0.000444s ]
INFO: TokenBuild Behavior ::run [ RunTime:0.000352s ]
INFO: WriteHtmlCache Behavior ::run [ RunTime:0.000199s ]
INFO: ShowRuntime Behavior ::run [ RunTime:0.000389s ]
INFO: [ view_filter ] --END-- [ RunTime:0.001542s ]
INFO: [ view_end ] --START--
INFO: ShowPageTrace Behavior ::run [ RunTime:0.000563s ]
INFO: [ view_end ] --END-- [ RunTime:0.000611s ]

[ 2015-05-28T23:35:28+08:00 ] 0.0.0.0 /~changzhao619/2015/web/protected/login/index.php/Index/currentposition
INFO: [ app_begin ] --START--
INFO: ReadHtmlCache Behavior ::run [ RunTime:0.000362s ]
INFO: [ app_begin ] --END-- [ RunTime:0.000420s ]
INFO: [ view_parse ] --START--
INFO: ParseTemplate Behavior ::run [ RunTime:0.010401s ]
INFO: [ view_parse ] --END-- [ RunTime:0.010500s ]
INFO: [ view_filter ] --START--
INFO: ContentReplace Behavior ::run [ RunTime:0.000353s ]
INFO: TokenBuild Behavior ::run [ RunTime:0.000326s ]
INFO: WriteHtmlCache Behavior ::run [ RunTime:0.000203s ]
INFO: ShowRuntime Behavior ::run [ RunTime:0.000369s ]
INFO: [ view_filter ] --END-- [ RunTime:0.001398s ]
INFO: [ view_end ] --START--
INFO: ShowPageTrace Behavior ::run [ RunTime:0.000574s ]
INFO: [ view_end ] --END-- [ RunTime:0.000622s ]

[ 2015-05-28T23:35:29+08:00 ] 0.0.0.0 /~changzhao619/2015/web/protected/login/index.php/Index/currentposition
INFO: [ app_begin ] --START--
INFO: ReadHtmlCache Behavior ::run [ RunTime:0.000366s ]
INFO: [ app_begin ] --END-- [ RunTime:0.000449s ]
INFO: [ view_parse ] --START--
INFO: ParseTemplate Behavior ::run [ RunTime:0.012049s ]
INFO: [ view_parse ] --END-- [ RunTime:0.012137s ]
INFO: [ view_filter ] --START--
INFO: ContentReplace Behavior ::run [ RunTime:0.000343s ]
INFO: TokenBuild Behavior ::run [ RunTime:0.000348s ]
INFO: WriteHtmlCache Behavior ::run [ RunTime:0.000203s ]
INFO: ShowRuntime Behavior ::run [ RunTime:0.000363s ]
INFO: [ view_filter ] --END-- [ RunTime:0.001404s ]
INFO: [ view_end ] --START--
INFO: ShowPageTrace Behavior ::run [ RunTime:0.000562s ]
INFO: [ view_end ] --END-- [ RunTime:0.000610s ]

[ 2015-05-28T23:35:29+08:00 ] 0.0.0.0 /~changzhao619/2015/web/protected/login/index.php/Index/currentposition
INFO: [ app_begin ] --START--
INFO: ReadHtmlCache Behavior ::run [ RunTime:0.000317s ]
INFO: [ app_begin ] --END-- [ RunTime:0.000370s ]
INFO: [ view_parse ] --START--
INFO: ParseTemplate Behavior ::run [ RunTime:0.010499s ]
INFO: [ view_parse ] --END-- [ RunTime:0.010580s ]
INFO: [ view_filter ] --START--
INFO: ContentReplace Behavior ::run [ RunTime:0.000347s ]
INFO: TokenBuild Behavior ::run [ RunTime:0.000324s ]
INFO: WriteHtmlCache Behavior ::run [ RunTime:0.000200s ]
INFO: ShowRuntime Behavior ::run [ RunTime:0.000360s ]
INFO: [ view_filter ] --END-- [ RunTime:0.001376s ]
INFO: [ view_end ] --START--
INFO: ShowPageTrace Behavior ::run [ RunTime:0.000562s ]
INFO: [ view_end ] --END-- [ RunTime:0.000609s ]

[ 2015-05-28T23:35:31+08:00 ] 0.0.0.0 /~changzhao619/2015/web/protected/login/index.php/Index/currentposition
INFO: [ app_begin ] --START--
INFO: ReadHtmlCache Behavior ::run [ RunTime:0.000366s ]
INFO: [ app_begin ] --END-- [ RunTime:0.000416s ]
INFO: [ view_parse ] --START--
INFO: ParseTemplate Behavior ::run [ RunTime:0.004484s ]
INFO: [ view_parse ] --END-- [ RunTime:0.004583s ]
INFO: [ view_filter ] --START--
INFO: ContentReplace Behavior ::run [ RunTime:0.000257s ]
INFO: TokenBuild Behavior ::run [ RunTime:0.000280s ]
INFO: WriteHtmlCache Behavior ::run [ RunTime:0.000187s ]
INFO: ShowRuntime Behavior ::run [ RunTime:0.000360s ]
INFO: [ view_filter ] --END-- [ RunTime:0.001235s ]
INFO: [ view_end ] --START--
INFO: ShowPageTrace Behavior ::run [ RunTime:0.000393s ]
INFO: [ view_end ] --END-- [ RunTime:0.000438s ]

[ 2015-05-28T23:35:32+08:00 ] 0.0.0.0 /~changzhao619/2015/web/protected/login/index.php/Index/currentposition
INFO: [ app_begin ] --START--
INFO: ReadHtmlCache Behavior ::run [ RunTime:0.000389s ]
INFO: [ app_begin ] --END-- [ RunTime:0.000440s ]
INFO: [ view_parse ] --START--
INFO: ParseTemplate Behavior ::run [ RunTime:0.010914s ]
INFO: [ view_parse ] --END-- [ RunTime:0.010998s ]
INFO: [ view_filter ] --START--
INFO: ContentReplace Behavior ::run [ RunTime:0.000346s ]
INFO: TokenBuild Behavior ::run [ RunTime:0.000327s ]
INFO: WriteHtmlCache Behavior ::run [ RunTime:0.000202s ]
INFO: ShowRuntime Behavior ::run [ RunTime:0.000368s ]
INFO: [ view_filter ] --END-- [ RunTime:0.001390s ]
INFO: [ view_end ] --START--
INFO: ShowPageTrace Behavior ::run [ RunTime:0.000565s ]
INFO: [ view_end ] --END-- [ RunTime:0.000614s ]

[ 2015-05-28T23:35:33+08:00 ] 0.0.0.0 /~changzhao619/2015/web/protected/login/index.php/Index/currentposition
INFO: [ app_begin ] --START--
INFO: ReadHtmlCache Behavior ::run [ RunTime:0.000266s ]
INFO: [ app_begin ] --END-- [ RunTime:0.000304s ]
INFO: [ view_parse ] --START--
INFO: ParseTemplate Behavior ::run [ RunTime:0.010881s ]
INFO: [ view_parse ] --END-- [ RunTime:0.010960s ]
INFO: [ view_filter ] --START--
INFO: ContentReplace Behavior ::run [ RunTime:0.000344s ]
INFO: TokenBuild Behavior ::run [ RunTime:0.000326s ]
INFO: WriteHtmlCache Behavior ::run [ RunTime:0.000203s ]
INFO: ShowRuntime Behavior ::run [ RunTime:0.000366s ]
INFO: [ view_filter ] --END-- [ RunTime:0.001384s ]
INFO: [ view_end ] --START--
INFO: ShowPageTrace Behavior ::run [ RunTime:0.000606s ]
INFO: [ view_end ] --END-- [ RunTime:0.000655s ]

[ 2015-05-28T23:35:34+08:00 ] 0.0.0.0 /~changzhao619/2015/web/protected/login/index.php/Index/currentposition
INFO: [ app_begin ] --START--
INFO: ReadHtmlCache Behavior ::run [ RunTime:0.000264s ]
INFO: [ app_begin ] --END-- [ RunTime:0.000304s ]
INFO: [ view_parse ] --START--
INFO: ParseTemplate Behavior ::run [ RunTime:0.004215s ]
INFO: [ view_parse ] --END-- [ RunTime:0.004290s ]
INFO: [ view_filter ] --START--
INFO: ContentReplace Behavior ::run [ RunTime:0.000205s ]
INFO: TokenBuild Behavior ::run [ RunTime:0.000265s ]
INFO: WriteHtmlCache Behavior ::run [ RunTime:0.000182s ]
INFO: ShowRuntime Behavior ::run [ RunTime:0.000405s ]
INFO: [ view_filter ] --END-- [ RunTime:0.001198s ]
INFO: [ view_end ] --START--
INFO: ShowPageTrace Behavior ::run [ RunTime:0.000810s ]
INFO: [ view_end ] --END-- [ RunTime:0.000903s ]

[ 2015-05-28T23:35:34+08:00 ] 0.0.0.0 /~changzhao619/2015/web/protected/login/index.php/Index/currentposition
INFO: [ app_begin ] --START--
INFO: ReadHtmlCache Behavior ::run [ RunTime:0.000265s ]
INFO: [ app_begin ] --END-- [ RunTime:0.000303s ]
INFO: [ view_parse ] --START--
INFO: ParseTemplate Behavior ::run [ RunTime:0.006020s ]
INFO: [ view_parse ] --END-- [ RunTime:0.006108s ]
INFO: [ view_filter ] --START--
INFO: ContentReplace Behavior ::run [ RunTime:0.000236s ]
INFO: TokenBuild Behavior ::run [ RunTime:0.000277s ]
INFO: WriteHtmlCache Behavior ::run [ RunTime:0.000144s ]
INFO: ShowRuntime Behavior ::run [ RunTime:0.000337s ]
INFO: [ view_filter ] --END-- [ RunTime:0.001124s ]
INFO: [ view_end ] --START--
INFO: ShowPageTrace Behavior ::run [ RunTime:0.000646s ]
INFO: [ view_end ] --END-- [ RunTime:0.000713s ]

[ 2015-05-28T23:35:35+08:00 ] 0.0.0.0 /~changzhao619/2015/web/protected/login/index.php/Index/currentposition
INFO: [ app_begin ] --START--
INFO: ReadHtmlCache Behavior ::run [ RunTime:0.000265s ]
INFO: [ app_begin ] --END-- [ RunTime:0.000303s ]
INFO: [ view_parse ] --START--
INFO: ParseTemplate Behavior ::run [ RunTime:0.010698s ]
INFO: [ view_parse ] --END-- [ RunTime:0.010777s ]
INFO: [ view_filter ] --START--
INFO: ContentReplace Behavior ::run [ RunTime:0.000346s ]
INFO: TokenBuild Behavior ::run [ RunTime:0.000325s ]
INFO: WriteHtmlCache Behavior ::run [ RunTime:0.000201s ]
INFO: ShowRuntime Behavior ::run [ RunTime:0.000365s ]
INFO: [ view_filter ] --END-- [ RunTime:0.001383s ]
INFO: [ view_end ] --START--
INFO: ShowPageTrace Behavior ::run [ RunTime:0.000563s ]
INFO: [ view_end ] --END-- [ RunTime:0.000610s ]

[ 2015-05-28T23:35:42+08:00 ] 0.0.0.0 /~changzhao619/2015/web/protected/login/index.php/Index/10.html
INFO: [ app_begin ] --START--
INFO: ReadHtmlCache Behavior ::run [ RunTime:0.000473s ]
INFO: [ app_begin ] --END-- [ RunTime:0.000546s ]
NOTIC: [8] Constant THEME_NAME already defined /Users/changzhao619/Sites/2015/web/protected/thinkphp/Lib/Core/View.class.php 第 223 行.
NOTIC: [8] Constant THEME_PATH already defined /Users/changzhao619/Sites/2015/web/protected/thinkphp/Lib/Core/View.class.php 第 174 行.
NOTIC: [8] Constant APP_TMPL_PATH already defined /Users/changzhao619/Sites/2015/web/protected/thinkphp/Lib/Core/View.class.php 第 175 行.
INFO: [ view_parse ] --START--
INFO: ParseTemplate Behavior ::run [ RunTime:0.006594s ]
INFO: [ view_parse ] --END-- [ RunTime:0.006693s ]
INFO: [ view_filter ] --START--
INFO: ContentReplace Behavior ::run [ RunTime:0.000396s ]
INFO: TokenBuild Behavior ::run [ RunTime:0.000352s ]
INFO: WriteHtmlCache Behavior ::run [ RunTime:0.000264s ]
INFO: ShowRuntime Behavior ::run [ RunTime:0.000544s ]
INFO: [ view_filter ] --END-- [ RunTime:0.001774s ]
INFO: [ view_end ] --START--
INFO: ShowPageTrace Behavior ::run [ RunTime:0.000643s ]
INFO: [ view_end ] --END-- [ RunTime:0.000715s ]

[ 2015-05-28T23:35:44+08:00 ] 0.0.0.0 /~changzhao619/2015/web/protected/login/index.php/Index/10.html
INFO: [ app_begin ] --START--
INFO: ReadHtmlCache Behavior ::run [ RunTime:0.000352s ]
INFO: [ app_begin ] --END-- [ RunTime:0.000411s ]
NOTIC: [8] Constant THEME_NAME already defined /Users/changzhao619/Sites/2015/web/protected/thinkphp/Lib/Core/View.class.php 第 223 行.
NOTIC: [8] Constant THEME_PATH already defined /Users/changzhao619/Sites/2015/web/protected/thinkphp/Lib/Core/View.class.php 第 174 行.
NOTIC: [8] Constant APP_TMPL_PATH already defined /Users/changzhao619/Sites/2015/web/protected/thinkphp/Lib/Core/View.class.php 第 175 行.
INFO: [ view_parse ] --START--
INFO: ParseTemplate Behavior ::run [ RunTime:0.012964s ]
INFO: [ view_parse ] --END-- [ RunTime:0.013042s ]
INFO: [ view_filter ] --START--
INFO: ContentReplace Behavior ::run [ RunTime:0.000312s ]
INFO: TokenBuild Behavior ::run [ RunTime:0.000284s ]
INFO: WriteHtmlCache Behavior ::run [ RunTime:0.000168s ]
INFO: ShowRuntime Behavior ::run [ RunTime:0.000326s ]
INFO: [ view_filter ] --END-- [ RunTime:0.001225s ]
INFO: [ view_end ] --START--
INFO: ShowPageTrace Behavior ::run [ RunTime:0.000489s ]
INFO: [ view_end ] --END-- [ RunTime:0.000533s ]

[ 2015-05-28T23:35:45+08:00 ] 0.0.0.0 /~changzhao619/2015/web/protected/login/index.php/Index/10.html
INFO: [ app_begin ] --START--
INFO: ReadHtmlCache Behavior ::run [ RunTime:0.000294s ]
INFO: [ app_begin ] --END-- [ RunTime:0.000386s ]
NOTIC: [8] Constant THEME_NAME already defined /Users/changzhao619/Sites/2015/web/protected/thinkphp/Lib/Core/View.class.php 第 223 行.
NOTIC: [8] Constant THEME_PATH already defined /Users/changzhao619/Sites/2015/web/protected/thinkphp/Lib/Core/View.class.php 第 174 行.
NOTIC: [8] Constant APP_TMPL_PATH already defined /Users/changzhao619/Sites/2015/web/protected/thinkphp/Lib/Core/View.class.php 第 175 行.
INFO: [ view_parse ] --START--
INFO: ParseTemplate Behavior ::run [ RunTime:0.013488s ]
INFO: [ view_parse ] --END-- [ RunTime:0.013578s ]
INFO: [ view_filter ] --START--
INFO: ContentReplace Behavior ::run [ RunTime:0.000457s ]
INFO: TokenBuild Behavior ::run [ RunTime:0.000361s ]
INFO: WriteHtmlCache Behavior ::run [ RunTime:0.000217s ]
INFO: ShowRuntime Behavior ::run [ RunTime:0.000479s ]
INFO: [ view_filter ] --END-- [ RunTime:0.001673s ]
INFO: [ view_end ] --START--
INFO: ShowPageTrace Behavior ::run [ RunTime:0.000684s ]
INFO: [ view_end ] --END-- [ RunTime:0.000761s ]

[ 2015-05-28T23:35:45+08:00 ] 0.0.0.0 /~changzhao619/2015/web/protected/login/index.php/Index/10.html
INFO: [ app_begin ] --START--
INFO: ReadHtmlCache Behavior ::run [ RunTime:0.000333s ]
INFO: [ app_begin ] --END-- [ RunTime:0.000388s ]
NOTIC: [8] Constant THEME_NAME already defined /Users/changzhao619/Sites/2015/web/protected/thinkphp/Lib/Core/View.class.php 第 223 行.
NOTIC: [8] Constant THEME_PATH already defined /Users/changzhao619/Sites/2015/web/protected/thinkphp/Lib/Core/View.class.php 第 174 行.
NOTIC: [8] Constant APP_TMPL_PATH already defined /Users/changzhao619/Sites/2015/web/protected/thinkphp/Lib/Core/View.class.php 第 175 行.
INFO: [ view_parse ] --START--
INFO: ParseTemplate Behavior ::run [ RunTime:0.011972s ]
INFO: [ view_parse ] --END-- [ RunTime:0.012065s ]
INFO: [ view_filter ] --START--
INFO: ContentReplace Behavior ::run [ RunTime:0.000407s ]
INFO: TokenBuild Behavior ::run [ RunTime:0.000273s ]
INFO: WriteHtmlCache Behavior ::run [ RunTime:0.000182s ]
INFO: ShowRuntime Behavior ::run [ RunTime:0.000317s ]
INFO: [ view_filter ] --END-- [ RunTime:0.001336s ]
INFO: [ view_end ] --START--
INFO: ShowPageTrace Behavior ::run [ RunTime:0.000526s ]
INFO: [ view_end ] --END-- [ RunTime:0.000575s ]

[ 2015-05-28T23:35:46+08:00 ] 0.0.0.0 /~changzhao619/2015/web/protected/login/index.php/Index/10.html
INFO: [ app_begin ] --START--
INFO: ReadHtmlCache Behavior ::run [ RunTime:0.001049s ]
INFO: [ app_begin ] --END-- [ RunTime:0.001122s ]
NOTIC: [8] Constant THEME_NAME already defined /Users/changzhao619/Sites/2015/web/protected/thinkphp/Lib/Core/View.class.php 第 223 行.
NOTIC: [8] Constant THEME_PATH already defined /Users/changzhao619/Sites/2015/web/protected/thinkphp/Lib/Core/View.class.php 第 174 行.
NOTIC: [8] Constant APP_TMPL_PATH already defined /Users/changzhao619/Sites/2015/web/protected/thinkphp/Lib/Core/View.class.php 第 175 行.
INFO: [ view_parse ] --START--
INFO: ParseTemplate Behavior ::run [ RunTime:0.005578s ]
INFO: [ view_parse ] --END-- [ RunTime:0.005636s ]
INFO: [ view_filter ] --START--
INFO: ContentReplace Behavior ::run [ RunTime:0.000247s ]
INFO: TokenBuild Behavior ::run [ RunTime:0.000201s ]
INFO: WriteHtmlCache Behavior ::run [ RunTime:0.000117s ]
INFO: ShowRuntime Behavior ::run [ RunTime:0.000212s ]
INFO: [ view_filter ] --END-- [ RunTime:0.000877s ]
INFO: [ view_end ] --START--
INFO: ShowPageTrace Behavior ::run [ RunTime:0.000319s ]
INFO: [ view_end ] --END-- [ RunTime:0.000347s ]

[ 2015-05-28T23:36:57+08:00 ] 0.0.0.0 /~changzhao619/2015/web/protected/login/index.php/Index/currentposition
INFO: [ app_begin ] --START--
INFO: ReadHtmlCache Behavior ::run [ RunTime:0.000315s ]
INFO: [ app_begin ] --END-- [ RunTime:0.000356s ]
INFO: [ view_parse ] --START--
INFO: ParseTemplate Behavior ::run [ RunTime:0.010655s ]
INFO: [ view_parse ] --END-- [ RunTime:0.010734s ]
INFO: [ view_filter ] --START--
INFO: ContentReplace Behavior ::run [ RunTime:0.000365s ]
INFO: TokenBuild Behavior ::run [ RunTime:0.000338s ]
INFO: WriteHtmlCache Behavior ::run [ RunTime:0.000211s ]
INFO: ShowRuntime Behavior ::run [ RunTime:0.000376s ]
INFO: [ view_filter ] --END-- [ RunTime:0.001437s ]
INFO: [ view_end ] --START--
INFO: ShowPageTrace Behavior ::run [ RunTime:0.000668s ]
INFO: [ view_end ] --END-- [ RunTime:0.000762s ]

[ 2015-05-28T23:37:01+08:00 ] 0.0.0.0 /~changzhao619/2015/web/protected/login/index.php/Index/currentposition
INFO: [ app_begin ] --START--
INFO: ReadHtmlCache Behavior ::run [ RunTime:0.000291s ]
INFO: [ app_begin ] --END-- [ RunTime:0.000332s ]
INFO: [ view_parse ] --START--
INFO: ParseTemplate Behavior ::run [ RunTime:0.010947s ]
INFO: [ view_parse ] --END-- [ RunTime:0.011045s ]
INFO: [ view_filter ] --START--
INFO: ContentReplace Behavior ::run [ RunTime:0.000431s ]
INFO: TokenBuild Behavior ::run [ RunTime:0.000366s ]
INFO: WriteHtmlCache Behavior ::run [ RunTime:0.000235s ]
INFO: ShowRuntime Behavior ::run [ RunTime:0.000361s ]
INFO: [ view_filter ] --END-- [ RunTime:0.001558s ]
INFO: [ view_end ] --START--
INFO: ShowPageTrace Behavior ::run [ RunTime:0.000782s ]
INFO: [ view_end ] --END-- [ RunTime:0.000847s ]

[ 2015-05-28T23:37:02+08:00 ] 0.0.0.0 /~changzhao619/2015/web/protected/login/index.php/Index/currentposition
INFO: [ app_begin ] --START--
INFO: ReadHtmlCache Behavior ::run [ RunTime:0.000265s ]
INFO: [ app_begin ] --END-- [ RunTime:0.000304s ]
INFO: [ view_parse ] --START--
INFO: ParseTemplate Behavior ::run [ RunTime:0.010218s ]
INFO: [ view_parse ] --END-- [ RunTime:0.010299s ]
INFO: [ view_filter ] --START--
INFO: ContentReplace Behavior ::run [ RunTime:0.000345s ]
INFO: TokenBuild Behavior ::run [ RunTime:0.000325s ]
INFO: WriteHtmlCache Behavior ::run [ RunTime:0.000201s ]
INFO: ShowRuntime Behavior ::run [ RunTime:0.000364s ]
INFO: [ view_filter ] --END-- [ RunTime:0.001381s ]
INFO: [ view_end ] --START--
INFO: ShowPageTrace Behavior ::run [ RunTime:0.000569s ]
INFO: [ view_end ] --END-- [ RunTime:0.000617s ]

[ 2015-05-28T23:46:25+08:00 ] 0.0.0.0 /~changzhao619/2015/web/protected/login/index.php/Index/currentposition
INFO: [ app_begin ] --START--
INFO: ReadHtmlCache Behavior ::run [ RunTime:0.000267s ]
INFO: [ app_begin ] --END-- [ RunTime:0.000306s ]
INFO: [ view_parse ] --START--
INFO: ParseTemplate Behavior ::run [ RunTime:0.010487s ]
INFO: [ view_parse ] --END-- [ RunTime:0.010569s ]
INFO: [ view_filter ] --START--
INFO: ContentReplace Behavior ::run [ RunTime:0.000216s ]
INFO: TokenBuild Behavior ::run [ RunTime:0.000192s ]
INFO: WriteHtmlCache Behavior ::run [ RunTime:0.000115s ]
INFO: ShowRuntime Behavior ::run [ RunTime:0.000209s ]
INFO: [ view_filter ] --END-- [ RunTime:0.000821s ]
INFO: [ view_end ] --START--
INFO: ShowPageTrace Behavior ::run [ RunTime:0.000340s ]
INFO: [ view_end ] --END-- [ RunTime:0.000375s ]

[ 2015-05-28T23:46:35+08:00 ] 0.0.0.0 /~changzhao619/2015/web/protected/login/index.php/Index/currentposition
INFO: [ app_begin ] --START--
INFO: ReadHtmlCache Behavior ::run [ RunTime:0.000265s ]
INFO: [ app_begin ] --END-- [ RunTime:0.000306s ]
INFO: [ view_parse ] --START--
INFO: ParseTemplate Behavior ::run [ RunTime:0.011254s ]
INFO: [ view_parse ] --END-- [ RunTime:0.011345s ]
INFO: [ view_filter ] --START--
INFO: ContentReplace Behavior ::run [ RunTime:0.000422s ]
INFO: TokenBuild Behavior ::run [ RunTime:0.000311s ]
INFO: WriteHtmlCache Behavior ::run [ RunTime:0.000213s ]
INFO: ShowRuntime Behavior ::run [ RunTime:0.000376s ]
INFO: [ view_filter ] --END-- [ RunTime:0.001493s ]
INFO: [ view_end ] --START--
INFO: ShowPageTrace Behavior ::run [ RunTime:0.000558s ]
INFO: [ view_end ] --END-- [ RunTime:0.000608s ]

[ 2015-05-28T23:49:08+08:00 ] 0.0.0.0 /~changzhao619/2015/web/protected/login/index.php/Index/10.html
INFO: [ app_begin ] --START--
INFO: ReadHtmlCache Behavior ::run [ RunTime:0.000482s ]
INFO: [ app_begin ] --END-- [ RunTime:0.000558s ]
NOTIC: [8] Constant THEME_NAME already defined /Users/changzhao619/Sites/2015/web/protected/thinkphp/Lib/Core/View.class.php 第 223 行.
NOTIC: [8] Constant THEME_PATH already defined /Users/changzhao619/Sites/2015/web/protected/thinkphp/Lib/Core/View.class.php 第 174 行.
NOTIC: [8] Constant APP_TMPL_PATH already defined /Users/changzhao619/Sites/2015/web/protected/thinkphp/Lib/Core/View.class.php 第 175 行.
INFO: [ view_parse ] --START--
INFO: ParseTemplate Behavior ::run [ RunTime:0.005242s ]
INFO: [ view_parse ] --END-- [ RunTime:0.005313s ]
INFO: [ view_filter ] --START--
INFO: ContentReplace Behavior ::run [ RunTime:0.000308s ]
INFO: TokenBuild Behavior ::run [ RunTime:0.000299s ]
INFO: WriteHtmlCache Behavior ::run [ RunTime:0.000194s ]
INFO: ShowRuntime Behavior ::run [ RunTime:0.000347s ]
INFO: [ view_filter ] --END-- [ RunTime:0.001295s ]
INFO: [ view_end ] --START--
INFO: ShowPageTrace Behavior ::run [ RunTime:0.000544s ]
INFO: [ view_end ] --END-- [ RunTime:0.000602s ]

[ 2015-05-28T23:49:10+08:00 ] 0.0.0.0 /~changzhao619/2015/web/protected/login/index.php/Index/adminIndex?m=Index&a=adminIndex&type_link=modelManage
INFO: [ app_begin ] --START--
INFO: ReadHtmlCache Behavior ::run [ RunTime:0.000235s ]
INFO: [ app_begin ] --END-- [ RunTime:0.000269s ]
INFO: [ view_parse ] --START--
INFO: ParseTemplate Behavior ::run [ RunTime:0.011077s ]
INFO: [ view_parse ] --END-- [ RunTime:0.011160s ]
INFO: [ view_filter ] --START--
INFO: ContentReplace Behavior ::run [ RunTime:0.000358s ]
INFO: TokenBuild Behavior ::run [ RunTime:0.000321s ]
INFO: WriteHtmlCache Behavior ::run [ RunTime:0.000194s ]
INFO: ShowRuntime Behavior ::run [ RunTime:0.000359s ]
INFO: [ view_filter ] --END-- [ RunTime:0.001380s ]
INFO: [ view_end ] --START--
INFO: ShowPageTrace Behavior ::run [ RunTime:0.000558s ]
INFO: [ view_end ] --END-- [ RunTime:0.000607s ]

[ 2015-05-28T23:49:11+08:00 ] 0.0.0.0 /~changzhao619/2015/web/protected/login/index.php/Index/currentposition
INFO: [ app_begin ] --START--
INFO: ReadHtmlCache Behavior ::run [ RunTime:0.000264s ]
INFO: [ app_begin ] --END-- [ RunTime:0.000304s ]
INFO: [ view_parse ] --START--
INFO: ParseTemplate Behavior ::run [ RunTime:0.011058s ]
INFO: [ view_parse ] --END-- [ RunTime:0.011113s ]
INFO: [ view_filter ] --START--
INFO: ContentReplace Behavior ::run [ RunTime:0.000199s ]
INFO: TokenBuild Behavior ::run [ RunTime:0.000185s ]
INFO: WriteHtmlCache Behavior ::run [ RunTime:0.000113s ]
INFO: ShowRuntime Behavior ::run [ RunTime:0.000207s ]
INFO: [ view_filter ] --END-- [ RunTime:0.000785s ]
INFO: [ view_end ] --START--
INFO: ShowPageTrace Behavior ::run [ RunTime:0.000363s ]
INFO: [ view_end ] --END-- [ RunTime:0.000391s ]

