[ 2016-03-06T08:10:02+08:00 ] 0.0.0.0 /~changzhao619/2016/cwff/login.php
INFO: [ app_begin ] --START--
INFO: ReadHtmlCache Behavior ::run [ RunTime:0.000280s ]
INFO: [ app_begin ] --END-- [ RunTime:0.000334s ]
INFO: [ view_parse ] --START--
INFO: ParseTemplate Behavior ::run [ RunTime:0.005014s ]
INFO: [ view_parse ] --END-- [ RunTime:0.005089s ]
INFO: [ view_filter ] --START--
INFO: ContentReplace Behavior ::run [ RunTime:0.000230s ]
INFO: TokenBuild Behavior ::run [ RunTime:0.000210s ]
INFO: WriteHtmlCache Behavior ::run [ RunTime:0.000135s ]
INFO: ShowRuntime Behavior ::run [ RunTime:0.000256s ]
INFO: [ view_filter ] --END-- [ RunTime:0.000938s ]
INFO: [ view_end ] --START--
INFO: ShowPageTrace Behavior ::run [ RunTime:0.000374s ]
INFO: [ view_end ] --END-- [ RunTime:0.000410s ]

[ 2016-03-06T08:10:02+08:00 ] 0.0.0.0 /~changzhao619/2016/cwff/login.php/?m=Index&a=verify
INFO: [ route_check ] --START--
INFO: CheckRoute Behavior ::run [ RunTime:0.006658s ]
INFO: [ route_check ] --END-- [ RunTime:0.006731s ]
INFO: [ app_begin ] --START--
INFO: ReadHtmlCache Behavior ::run [ RunTime:0.000365s ]
INFO: [ app_begin ] --END-- [ RunTime:0.000418s ]

[ 2016-03-06T08:10:09+08:00 ] 0.0.0.0 /~changzhao619/2016/cwff/login.php?m=Index&a=loginVertify
INFO: [ app_begin ] --START--
INFO: ReadHtmlCache Behavior ::run [ RunTime:0.000820s ]
INFO: [ app_begin ] --END-- [ RunTime:0.000952s ]
SQL: SHOW COLUMNS FROM `think_admin` [ RunTime:0.006234s ]
SQL: SELECT * FROM `think_admin` WHERE ( username = "test" ) LIMIT 1   [ RunTime:0.000452s ]
INFO: [ view_parse ] --START--
INFO: ParseTemplate Behavior ::run [ RunTime:0.004651s ]
INFO: [ view_parse ] --END-- [ RunTime:0.004728s ]
INFO: [ view_filter ] --START--
INFO: ContentReplace Behavior ::run [ RunTime:0.000205s ]
INFO: TokenBuild Behavior ::run [ RunTime:0.000178s ]
INFO: WriteHtmlCache Behavior ::run [ RunTime:0.000112s ]
INFO: ShowRuntime Behavior ::run [ RunTime:0.000220s ]
INFO: [ view_filter ] --END-- [ RunTime:0.000805s ]
INFO: [ view_end ] --START--
INFO: ShowPageTrace Behavior ::run [ RunTime:0.000311s ]
INFO: [ view_end ] --END-- [ RunTime:0.000342s ]

[ 2016-03-06T08:10:10+08:00 ] 0.0.0.0 /~changzhao619/2016/cwff/login.php?m=Index&a=adminindex
INFO: [ app_begin ] --START--
INFO: ReadHtmlCache Behavior ::run [ RunTime:0.000386s ]
INFO: [ app_begin ] --END-- [ RunTime:0.000464s ]
NOTIC: [8] Undefined index: type_link /Users/changzhao619/Sites/2016/cwff/protected/admin/Lib/Action/IndexAction.class.php 第 48 行.
INFO: [ view_parse ] --START--
INFO: ParseTemplate Behavior ::run [ RunTime:0.013846s ]
INFO: [ view_parse ] --END-- [ RunTime:0.013909s ]
INFO: [ view_filter ] --START--
INFO: ContentReplace Behavior ::run [ RunTime:0.000235s ]
INFO: TokenBuild Behavior ::run [ RunTime:0.000179s ]
INFO: WriteHtmlCache Behavior ::run [ RunTime:0.000163s ]
INFO: ShowRuntime Behavior ::run [ RunTime:0.000192s ]
INFO: [ view_filter ] --END-- [ RunTime:0.000875s ]
INFO: [ view_end ] --START--
INFO: ShowPageTrace Behavior ::run [ RunTime:0.000379s ]
INFO: [ view_end ] --END-- [ RunTime:0.000416s ]

[ 2016-03-06T08:10:11+08:00 ] 0.0.0.0 /~changzhao619/2016/cwff/login.php?m=Index&a=menu
INFO: [ app_begin ] --START--
INFO: ReadHtmlCache Behavior ::run [ RunTime:0.000455s ]
INFO: [ app_begin ] --END-- [ RunTime:0.000540s ]
SQL: SHOW COLUMNS FROM `think_model` [ RunTime:0.019015s ]
SQL: SHOW COLUMNS FROM `think_column` [ RunTime:0.020399s ]
SQL: SELECT * FROM `think_column` WHERE ( p_id = 0 ) ORDER BY id  [ RunTime:0.000476s ]
SQL: SELECT * FROM `think_column` WHERE ( p_id = 1 )  [ RunTime:0.000379s ]
SQL: SELECT * FROM `think_model` WHERE ( name ="list1" ) LIMIT 1   [ RunTime:0.000372s ]
SQL: SELECT * FROM `think_column` WHERE ( p_id = 1 ) ORDER BY id  [ RunTime:0.000374s ]
SQL: SELECT * FROM `think_column` WHERE ( p_id = 2 )  [ RunTime:0.000437s ]
SQL: SELECT * FROM `think_model` WHERE ( name ="list1" ) LIMIT 1   [ RunTime:0.000409s ]
SQL: SELECT * FROM `think_column` WHERE ( p_id = 2 ) ORDER BY id  [ RunTime:0.000401s ]
SQL: SELECT * FROM `think_column` WHERE ( p_id = 13 )  [ RunTime:0.000395s ]
SQL: SELECT * FROM `think_model` WHERE ( name ="article1" ) LIMIT 1   [ RunTime:0.000382s ]
SQL: SELECT * FROM `think_column` WHERE ( p_id = 13 ) ORDER BY id  [ RunTime:0.000242s ]
SQL: SELECT * FROM `think_column` WHERE ( p_id = 14 )  [ RunTime:0.000191s ]
SQL: SELECT * FROM `think_model` WHERE ( name ="article1" ) LIMIT 1   [ RunTime:0.000192s ]
SQL: SELECT * FROM `think_column` WHERE ( p_id = 14 ) ORDER BY id  [ RunTime:0.000263s ]
SQL: SELECT * FROM `think_column` WHERE ( p_id = 40 )  [ RunTime:0.000263s ]
SQL: SELECT * FROM `think_model` WHERE ( name ="article1" ) LIMIT 1   [ RunTime:0.000270s ]
SQL: SELECT * FROM `think_column` WHERE ( p_id = 40 ) ORDER BY id  [ RunTime:0.000266s ]
SQL: SELECT * FROM `think_column` WHERE ( p_id = 41 )  [ RunTime:0.000254s ]
SQL: SELECT * FROM `think_model` WHERE ( name ="article1" ) LIMIT 1   [ RunTime:0.000248s ]
SQL: SELECT * FROM `think_column` WHERE ( p_id = 41 ) ORDER BY id  [ RunTime:0.000202s ]
SQL: SELECT * FROM `think_column` WHERE ( p_id = 15 )  [ RunTime:0.000185s ]
SQL: SELECT * FROM `think_model` WHERE ( name ="article1" ) LIMIT 1   [ RunTime:0.000174s ]
SQL: SELECT * FROM `think_column` WHERE ( p_id = 15 ) ORDER BY id  [ RunTime:0.000192s ]
SQL: SELECT * FROM `think_column` WHERE ( p_id = 16 )  [ RunTime:0.000180s ]
SQL: SELECT * FROM `think_model` WHERE ( name ="article1" ) LIMIT 1   [ RunTime:0.000172s ]
SQL: SELECT * FROM `think_column` WHERE ( p_id = 16 ) ORDER BY id  [ RunTime:0.000187s ]
SQL: SELECT * FROM `think_column` WHERE ( p_id = 17 )  [ RunTime:0.000179s ]
SQL: SELECT * FROM `think_model` WHERE ( name ="article1" ) LIMIT 1   [ RunTime:0.000171s ]
SQL: SELECT * FROM `think_column` WHERE ( p_id = 17 ) ORDER BY id  [ RunTime:0.000189s ]
SQL: SELECT * FROM `think_column` WHERE ( p_id = 3 )  [ RunTime:0.000187s ]
SQL: SELECT * FROM `think_model` WHERE ( name ="list1" ) LIMIT 1   [ RunTime:0.000179s ]
SQL: SELECT * FROM `think_column` WHERE ( p_id = 3 ) ORDER BY id  [ RunTime:0.000192s ]
SQL: SELECT * FROM `think_column` WHERE ( p_id = 8 )  [ RunTime:0.000188s ]
SQL: SELECT * FROM `think_model` WHERE ( name ="list1" ) LIMIT 1   [ RunTime:0.000172s ]
SQL: SELECT * FROM `think_column` WHERE ( p_id = 8 ) ORDER BY id  [ RunTime:0.000200s ]
SQL: SELECT * FROM `think_column` WHERE ( p_id = 9 )  [ RunTime:0.000186s ]
SQL: SELECT * FROM `think_model` WHERE ( name ="list1" ) LIMIT 1   [ RunTime:0.000177s ]
SQL: SELECT * FROM `think_column` WHERE ( p_id = 9 ) ORDER BY id  [ RunTime:0.000202s ]
SQL: SELECT * FROM `think_column` WHERE ( p_id = 10 )  [ RunTime:0.000214s ]
SQL: SELECT * FROM `think_model` WHERE ( name ="list1" ) LIMIT 1   [ RunTime:0.000252s ]
SQL: SELECT * FROM `think_column` WHERE ( p_id = 10 ) ORDER BY id  [ RunTime:0.000264s ]
SQL: SELECT * FROM `think_column` WHERE ( p_id = 11 )  [ RunTime:0.000255s ]
SQL: SELECT * FROM `think_model` WHERE ( name ="list1" ) LIMIT 1   [ RunTime:0.000247s ]
SQL: SELECT * FROM `think_column` WHERE ( p_id = 11 ) ORDER BY id  [ RunTime:0.000234s ]
SQL: SELECT * FROM `think_column` WHERE ( p_id = 12 )  [ RunTime:0.000239s ]
SQL: SELECT * FROM `think_model` WHERE ( name ="list1" ) LIMIT 1   [ RunTime:0.000222s ]
SQL: SELECT * FROM `think_column` WHERE ( p_id = 12 ) ORDER BY id  [ RunTime:0.000222s ]
SQL: SELECT * FROM `think_column` WHERE ( p_id = 4 )  [ RunTime:0.000182s ]
SQL: SELECT * FROM `think_model` WHERE ( name ="list1" ) LIMIT 1   [ RunTime:0.000178s ]
SQL: SELECT * FROM `think_column` WHERE ( p_id = 4 ) ORDER BY id  [ RunTime:0.000205s ]
SQL: SELECT * FROM `think_column` WHERE ( p_id = 18 )  [ RunTime:0.000229s ]
SQL: SELECT * FROM `think_model` WHERE ( name ="list1" ) LIMIT 1   [ RunTime:0.000188s ]
SQL: SELECT * FROM `think_column` WHERE ( p_id = 18 ) ORDER BY id  [ RunTime:0.000287s ]
SQL: SELECT * FROM `think_column` WHERE ( p_id = 19 )  [ RunTime:0.000345s ]
SQL: SELECT * FROM `think_model` WHERE ( name ="list1" ) LIMIT 1   [ RunTime:0.000231s ]
SQL: SELECT * FROM `think_column` WHERE ( p_id = 19 ) ORDER BY id  [ RunTime:0.000232s ]
SQL: SELECT * FROM `think_column` WHERE ( p_id = 20 )  [ RunTime:0.000214s ]
SQL: SELECT * FROM `think_model` WHERE ( name ="list1" ) LIMIT 1   [ RunTime:0.000210s ]
SQL: SELECT * FROM `think_column` WHERE ( p_id = 20 ) ORDER BY id  [ RunTime:0.000199s ]
SQL: SELECT * FROM `think_column` WHERE ( p_id = 21 )  [ RunTime:0.000189s ]
SQL: SELECT * FROM `think_model` WHERE ( name ="list1" ) LIMIT 1   [ RunTime:0.000177s ]
SQL: SELECT * FROM `think_column` WHERE ( p_id = 21 ) ORDER BY id  [ RunTime:0.000192s ]
SQL: SELECT * FROM `think_column` WHERE ( p_id = 5 )  [ RunTime:0.000199s ]
SQL: SELECT * FROM `think_model` WHERE ( name ="list1" ) LIMIT 1   [ RunTime:0.000316s ]
SQL: SELECT * FROM `think_column` WHERE ( p_id = 5 ) ORDER BY id  [ RunTime:0.000341s ]
SQL: SELECT * FROM `think_column` WHERE ( p_id = 22 )  [ RunTime:0.000260s ]
SQL: SELECT * FROM `think_model` WHERE ( name ="list1" ) LIMIT 1   [ RunTime:0.000273s ]
SQL: SELECT * FROM `think_column` WHERE ( p_id = 22 ) ORDER BY id  [ RunTime:0.000247s ]
SQL: SELECT * FROM `think_column` WHERE ( p_id = 30 )  [ RunTime:0.000292s ]
SQL: SELECT * FROM `think_model` WHERE ( name ="list1" ) LIMIT 1   [ RunTime:0.000285s ]
SQL: SELECT * FROM `think_column` WHERE ( p_id = 30 ) ORDER BY id  [ RunTime:0.000301s ]
SQL: SELECT * FROM `think_column` WHERE ( p_id = 31 )  [ RunTime:0.000305s ]
SQL: SELECT * FROM `think_model` WHERE ( name ="list1" ) LIMIT 1   [ RunTime:0.000302s ]
SQL: SELECT * FROM `think_column` WHERE ( p_id = 31 ) ORDER BY id  [ RunTime:0.000354s ]
SQL: SELECT * FROM `think_column` WHERE ( p_id = 32 )  [ RunTime:0.000344s ]
SQL: SELECT * FROM `think_model` WHERE ( name ="list1" ) LIMIT 1   [ RunTime:0.000296s ]
SQL: SELECT * FROM `think_column` WHERE ( p_id = 32 ) ORDER BY id  [ RunTime:0.000334s ]
SQL: SELECT * FROM `think_column` WHERE ( p_id = 33 )  [ RunTime:0.000339s ]
SQL: SELECT * FROM `think_model` WHERE ( name ="list1" ) LIMIT 1   [ RunTime:0.000331s ]
SQL: SELECT * FROM `think_column` WHERE ( p_id = 33 ) ORDER BY id  [ RunTime:0.000324s ]
SQL: SELECT * FROM `think_column` WHERE ( p_id = 23 )  [ RunTime:0.000269s ]
SQL: SELECT * FROM `think_model` WHERE ( name ="list1" ) LIMIT 1   [ RunTime:0.000255s ]
SQL: SELECT * FROM `think_column` WHERE ( p_id = 23 ) ORDER BY id  [ RunTime:0.000303s ]
SQL: SELECT * FROM `think_column` WHERE ( p_id = 34 )  [ RunTime:0.000270s ]
SQL: SELECT * FROM `think_model` WHERE ( name ="list1" ) LIMIT 1   [ RunTime:0.000302s ]
SQL: SELECT * FROM `think_column` WHERE ( p_id = 34 ) ORDER BY id  [ RunTime:0.000317s ]
SQL: SELECT * FROM `think_column` WHERE ( p_id = 35 )  [ RunTime:0.000392s ]
SQL: SELECT * FROM `think_model` WHERE ( name ="list1" ) LIMIT 1   [ RunTime:0.000353s ]
SQL: SELECT * FROM `think_column` WHERE ( p_id = 35 ) ORDER BY id  [ RunTime:0.000594s ]
SQL: SELECT * FROM `think_column` WHERE ( p_id = 36 )  [ RunTime:0.000725s ]
SQL: SELECT * FROM `think_model` WHERE ( name ="list1" ) LIMIT 1   [ RunTime:0.000356s ]
SQL: SELECT * FROM `think_column` WHERE ( p_id = 36 ) ORDER BY id  [ RunTime:0.000381s ]
SQL: SELECT * FROM `think_column` WHERE ( p_id = 37 )  [ RunTime:0.000279s ]
SQL: SELECT * FROM `think_model` WHERE ( name ="list1" ) LIMIT 1   [ RunTime:0.000291s ]
SQL: SELECT * FROM `think_column` WHERE ( p_id = 37 ) ORDER BY id  [ RunTime:0.000285s ]
SQL: SELECT * FROM `think_column` WHERE ( p_id = 38 )  [ RunTime:0.000347s ]
SQL: SELECT * FROM `think_model` WHERE ( name ="list1" ) LIMIT 1   [ RunTime:0.000566s ]
SQL: SELECT * FROM `think_column` WHERE ( p_id = 38 ) ORDER BY id  [ RunTime:0.000386s ]
SQL: SELECT * FROM `think_column` WHERE ( p_id = 39 )  [ RunTime:0.000293s ]
SQL: SELECT * FROM `think_model` WHERE ( name ="list1" ) LIMIT 1   [ RunTime:0.000291s ]
SQL: SELECT * FROM `think_column` WHERE ( p_id = 39 ) ORDER BY id  [ RunTime:0.000343s ]
SQL: SELECT * FROM `think_column` WHERE ( p_id = 6 )  [ RunTime:0.000358s ]
SQL: SELECT * FROM `think_model` WHERE ( name ="list1" ) LIMIT 1   [ RunTime:0.000295s ]
SQL: SELECT * FROM `think_column` WHERE ( p_id = 6 ) ORDER BY id  [ RunTime:0.000282s ]
SQL: SELECT * FROM `think_column` WHERE ( p_id = 24 )  [ RunTime:0.000262s ]
SQL: SELECT * FROM `think_model` WHERE ( name ="article1" ) LIMIT 1   [ RunTime:0.000318s ]
SQL: SELECT * FROM `think_column` WHERE ( p_id = 24 ) ORDER BY id  [ RunTime:0.000319s ]
SQL: SELECT * FROM `think_column` WHERE ( p_id = 25 )  [ RunTime:0.000323s ]
SQL: SELECT * FROM `think_model` WHERE ( name ="list1" ) LIMIT 1   [ RunTime:0.000252s ]
SQL: SELECT * FROM `think_column` WHERE ( p_id = 25 ) ORDER BY id  [ RunTime:0.000287s ]
SQL: SELECT * FROM `think_column` WHERE ( p_id = 26 )  [ RunTime:0.000242s ]
SQL: SELECT * FROM `think_model` WHERE ( name ="article1" ) LIMIT 1   [ RunTime:0.000247s ]
SQL: SELECT * FROM `think_column` WHERE ( p_id = 26 ) ORDER BY id  [ RunTime:0.000296s ]
SQL: SELECT * FROM `think_column` WHERE ( p_id = 7 )  [ RunTime:0.000289s ]
SQL: SELECT * FROM `think_model` WHERE ( name ="list1" ) LIMIT 1   [ RunTime:0.000252s ]
SQL: SELECT * FROM `think_column` WHERE ( p_id = 7 ) ORDER BY id  [ RunTime:0.000348s ]
SQL: SELECT * FROM `think_column` WHERE ( p_id = 27 )  [ RunTime:0.000214s ]
SQL: SELECT * FROM `think_model` WHERE ( name ="article1" ) LIMIT 1   [ RunTime:0.000192s ]
SQL: SELECT * FROM `think_column` WHERE ( p_id = 27 ) ORDER BY id  [ RunTime:0.000187s ]
SQL: SELECT * FROM `think_column` WHERE ( p_id = 28 )  [ RunTime:0.000174s ]
SQL: SELECT * FROM `think_model` WHERE ( name ="article1" ) LIMIT 1   [ RunTime:0.000164s ]
SQL: SELECT * FROM `think_column` WHERE ( p_id = 28 ) ORDER BY id  [ RunTime:0.000184s ]
SQL: SELECT * FROM `think_column` WHERE ( p_id = 29 )  [ RunTime:0.000180s ]
SQL: SELECT * FROM `think_model` WHERE ( name ="article1" ) LIMIT 1   [ RunTime:0.000219s ]
SQL: SELECT * FROM `think_column` WHERE ( p_id = 29 ) ORDER BY id  [ RunTime:0.000297s ]
INFO: [ view_parse ] --START--
INFO: ParseTemplate Behavior ::run [ RunTime:0.005073s ]
INFO: [ view_parse ] --END-- [ RunTime:0.005139s ]
INFO: [ view_filter ] --START--
INFO: ContentReplace Behavior ::run [ RunTime:0.000220s ]
INFO: TokenBuild Behavior ::run [ RunTime:0.000157s ]
INFO: WriteHtmlCache Behavior ::run [ RunTime:0.000095s ]
INFO: ShowRuntime Behavior ::run [ RunTime:0.000194s ]
INFO: [ view_filter ] --END-- [ RunTime:0.000748s ]
INFO: [ view_end ] --START--
INFO: ShowPageTrace Behavior ::run [ RunTime:0.000376s ]
INFO: [ view_end ] --END-- [ RunTime:0.000411s ]

[ 2016-03-06T08:10:11+08:00 ] 0.0.0.0 /~changzhao619/2016/cwff/login.php?m=Index&a=defaultpage
INFO: [ app_begin ] --START--
INFO: ReadHtmlCache Behavior ::run [ RunTime:0.000399s ]
INFO: [ app_begin ] --END-- [ RunTime:0.000492s ]
INFO: [ view_parse ] --START--
INFO: ParseTemplate Behavior ::run [ RunTime:0.010982s ]
INFO: [ view_parse ] --END-- [ RunTime:0.011072s ]
INFO: [ view_filter ] --START--
INFO: ContentReplace Behavior ::run [ RunTime:0.000316s ]
INFO: TokenBuild Behavior ::run [ RunTime:0.000286s ]
INFO: WriteHtmlCache Behavior ::run [ RunTime:0.000187s ]
INFO: ShowRuntime Behavior ::run [ RunTime:0.000527s ]
INFO: [ view_filter ] --END-- [ RunTime:0.001509s ]
INFO: [ view_end ] --START--
INFO: ShowPageTrace Behavior ::run [ RunTime:0.000702s ]
INFO: [ view_end ] --END-- [ RunTime:0.000765s ]

[ 2016-03-06T08:10:13+08:00 ] 0.0.0.0 /~changzhao619/2016/cwff/login.php?m=Index&a=adminIndex&type_link=1
INFO: [ app_begin ] --START--
INFO: ReadHtmlCache Behavior ::run [ RunTime:0.000236s ]
INFO: [ app_begin ] --END-- [ RunTime:0.000276s ]
INFO: [ view_parse ] --START--
INFO: ParseTemplate Behavior ::run [ RunTime:0.015409s ]
INFO: [ view_parse ] --END-- [ RunTime:0.015492s ]
INFO: [ view_filter ] --START--
INFO: ContentReplace Behavior ::run [ RunTime:0.000351s ]
INFO: TokenBuild Behavior ::run [ RunTime:0.000313s ]
INFO: WriteHtmlCache Behavior ::run [ RunTime:0.000191s ]
INFO: ShowRuntime Behavior ::run [ RunTime:0.000373s ]
INFO: [ view_filter ] --END-- [ RunTime:0.001384s ]
INFO: [ view_end ] --START--
INFO: ShowPageTrace Behavior ::run [ RunTime:0.000542s ]
INFO: [ view_end ] --END-- [ RunTime:0.000593s ]

[ 2016-03-06T08:10:14+08:00 ] 0.0.0.0 /~changzhao619/2016/cwff/login.php?m=Index&a=m1_sub1
INFO: [ app_begin ] --START--
INFO: ReadHtmlCache Behavior ::run [ RunTime:0.000505s ]
INFO: [ app_begin ] --END-- [ RunTime:0.000585s ]
SQL: SHOW COLUMNS FROM `think_model` [ RunTime:0.027017s ]
SQL: SELECT COUNT(*) AS tp_count FROM `think_model` LIMIT 1   [ RunTime:0.000445s ]
SQL: SELECT * FROM `think_model` ORDER BY id LIMIT 0,20   [ RunTime:0.000426s ]
INFO: [ view_parse ] --START--
INFO: ParseTemplate Behavior ::run [ RunTime:0.005714s ]
INFO: [ view_parse ] --END-- [ RunTime:0.005770s ]
INFO: [ view_filter ] --START--
INFO: ContentReplace Behavior ::run [ RunTime:0.000172s ]
INFO: TokenBuild Behavior ::run [ RunTime:0.000154s ]
INFO: WriteHtmlCache Behavior ::run [ RunTime:0.000112s ]
INFO: ShowRuntime Behavior ::run [ RunTime:0.000217s ]
INFO: [ view_filter ] --END-- [ RunTime:0.000739s ]
INFO: [ view_end ] --START--
INFO: ShowPageTrace Behavior ::run [ RunTime:0.000315s ]
INFO: [ view_end ] --END-- [ RunTime:0.000347s ]

[ 2016-03-06T08:40:03+08:00 ] 0.0.0.0 /~changzhao619/2016/cwff/login.php?m=Index&a=m1_sub1
INFO: [ app_begin ] --START--
INFO: ReadHtmlCache Behavior ::run [ RunTime:0.000515s ]
INFO: [ app_begin ] --END-- [ RunTime:0.000601s ]
SQL: SHOW COLUMNS FROM `think_model` [ RunTime:0.018066s ]
SQL: SELECT COUNT(*) AS tp_count FROM `think_model` LIMIT 1   [ RunTime:0.000473s ]
SQL: SELECT * FROM `think_model` ORDER BY id LIMIT 0,20   [ RunTime:0.000431s ]
INFO: [ view_parse ] --START--
INFO: ParseTemplate Behavior ::run [ RunTime:0.004991s ]
INFO: [ view_parse ] --END-- [ RunTime:0.005049s ]
INFO: [ view_filter ] --START--
INFO: ContentReplace Behavior ::run [ RunTime:0.000209s ]
INFO: TokenBuild Behavior ::run [ RunTime:0.000162s ]
INFO: WriteHtmlCache Behavior ::run [ RunTime:0.000105s ]
INFO: ShowRuntime Behavior ::run [ RunTime:0.000196s ]
INFO: [ view_filter ] --END-- [ RunTime:0.000750s ]
INFO: [ view_end ] --START--
INFO: ShowPageTrace Behavior ::run [ RunTime:0.000280s ]
INFO: [ view_end ] --END-- [ RunTime:0.000306s ]

[ 2016-03-06T10:38:29+08:00 ] 0.0.0.0 /~changzhao619/2016/cwff/login.php?m=Index&a=adminIndex&type_link=2
INFO: [ app_begin ] --START--
INFO: ReadHtmlCache Behavior ::run [ RunTime:0.000283s ]
INFO: [ app_begin ] --END-- [ RunTime:0.000334s ]
SQL: SHOW COLUMNS FROM `think_column` [ RunTime:0.017735s ]
SQL: SHOW COLUMNS FROM `think_model` [ RunTime:0.001989s ]
SQL: SELECT * FROM `think_model` WHERE ( are_using_num > 0 ) ORDER BY id  [ RunTime:0.000346s ]
INFO: [ view_parse ] --START--
NOTIC: [8] Undefined variable: list /Users/changzhao619/Sites/2016/cwff/protected/admin/Runtime/Cache/77ff5a9e82adbad307c8a1c2fe278ecc.php 第 12 行.
INFO: ParseTemplate Behavior ::run [ RunTime:0.019552s ]
INFO: [ view_parse ] --END-- [ RunTime:0.019642s ]
INFO: [ view_filter ] --START--
INFO: ContentReplace Behavior ::run [ RunTime:0.000303s ]
INFO: TokenBuild Behavior ::run [ RunTime:0.000236s ]
INFO: WriteHtmlCache Behavior ::run [ RunTime:0.000143s ]
INFO: ShowRuntime Behavior ::run [ RunTime:0.000271s ]
INFO: [ view_filter ] --END-- [ RunTime:0.001073s ]
INFO: [ view_end ] --START--
INFO: ShowPageTrace Behavior ::run [ RunTime:0.000379s ]
INFO: [ view_end ] --END-- [ RunTime:0.000414s ]

[ 2016-03-06T10:38:32+08:00 ] 0.0.0.0 /~changzhao619/2016/cwff/login.php?m=Index&a=m2_articlelist&en_name=zuixinxiaoxi&raw_id=1&p_id=0&model_type=list_model&zhtype=%E6%9C%80%E6%96%B0%E6%B6%88%E6%81%AF
INFO: [ app_begin ] --START--
INFO: ReadHtmlCache Behavior ::run [ RunTime:0.000273s ]
INFO: [ app_begin ] --END-- [ RunTime:0.000323s ]
SQL: SHOW COLUMNS FROM `think_article` [ RunTime:0.012495s ]
SQL: SELECT COUNT(*) AS tp_count FROM `think_article` LIMIT 1   [ RunTime:0.000361s ]
SQL: SELECT * FROM `think_article` WHERE ( `entype` = 'zuixinxiaoxi' ) AND ( `raw_id` = 1 ) AND ( `p_id` = 0 ) AND ( `model_type` = 'list_model' ) ORDER BY createtime desc LIMIT 0,22   [ RunTime:0.000598s ]
INFO: [ view_parse ] --START--
NOTIC: [8] Undefined variable: page /Users/changzhao619/Sites/2016/cwff/protected/admin/Runtime/Cache/16553e3802d13786c90618cba355afb2.php 第 73 行.
INFO: ParseTemplate Behavior ::run [ RunTime:0.006617s ]
INFO: [ view_parse ] --END-- [ RunTime:0.006666s ]
INFO: [ view_filter ] --START--
INFO: ContentReplace Behavior ::run [ RunTime:0.000189s ]
INFO: TokenBuild Behavior ::run [ RunTime:0.000384s ]
INFO: WriteHtmlCache Behavior ::run [ RunTime:0.000225s ]
INFO: ShowRuntime Behavior ::run [ RunTime:0.000383s ]
INFO: [ view_filter ] --END-- [ RunTime:0.001339s ]
INFO: [ view_end ] --START--
INFO: ShowPageTrace Behavior ::run [ RunTime:0.000532s ]
INFO: [ view_end ] --END-- [ RunTime:0.000586s ]

[ 2016-03-06T10:38:36+08:00 ] 0.0.0.0 /~changzhao619/2016/cwff/login.php?m=Index&a=m2_add&enname=zuixinxiaoxi&raw_id=1&p_id=0&model_type=list_model
INFO: [ app_begin ] --START--
INFO: ReadHtmlCache Behavior ::run [ RunTime:0.000353s ]
INFO: [ app_begin ] --END-- [ RunTime:0.000448s ]
NOTIC: [8] Undefined index: submit /Users/changzhao619/Sites/2016/cwff/protected/admin/Lib/Action/IndexAction.class.php 第 252 行.
NOTIC: [8] Undefined index: updata /Users/changzhao619/Sites/2016/cwff/protected/admin/Lib/Action/IndexAction.class.php 第 285 行.
NOTIC: [8] Undefined index: id /Users/changzhao619/Sites/2016/cwff/protected/admin/Lib/Action/IndexAction.class.php 第 311 行.
SQL: SHOW COLUMNS FROM `think_column` [ RunTime:0.013289s ]
SQL: SELECT * FROM `think_column` WHERE ( id=1 ) LIMIT 1   [ RunTime:0.000371s ]
INFO: [ view_parse ] --START--
NOTIC: [8] Undefined variable: value /Users/changzhao619/Sites/2016/cwff/protected/admin/Runtime/Cache/f9eccd9554fbabd58c6b00687d87670f.php 第 27 行.
NOTIC: [8] Undefined variable: value /Users/changzhao619/Sites/2016/cwff/protected/admin/Runtime/Cache/f9eccd9554fbabd58c6b00687d87670f.php 第 29 行.
NOTIC: [8] Undefined variable: value /Users/changzhao619/Sites/2016/cwff/protected/admin/Runtime/Cache/f9eccd9554fbabd58c6b00687d87670f.php 第 32 行.
NOTIC: [8] Undefined variable: value /Users/changzhao619/Sites/2016/cwff/protected/admin/Runtime/Cache/f9eccd9554fbabd58c6b00687d87670f.php 第 46 行.
NOTIC: [8] Undefined variable: value /Users/changzhao619/Sites/2016/cwff/protected/admin/Runtime/Cache/f9eccd9554fbabd58c6b00687d87670f.php 第 49 行.
NOTIC: [8] Undefined variable: value /Users/changzhao619/Sites/2016/cwff/protected/admin/Runtime/Cache/f9eccd9554fbabd58c6b00687d87670f.php 第 54 行.
INFO: ParseTemplate Behavior ::run [ RunTime:0.005839s ]
INFO: [ view_parse ] --END-- [ RunTime:0.005883s ]
INFO: [ view_filter ] --START--
INFO: ContentReplace Behavior ::run [ RunTime:0.000165s ]
INFO: TokenBuild Behavior ::run [ RunTime:0.000152s ]
INFO: WriteHtmlCache Behavior ::run [ RunTime:0.000097s ]
INFO: ShowRuntime Behavior ::run [ RunTime:0.000190s ]
INFO: [ view_filter ] --END-- [ RunTime:0.000689s ]
INFO: [ view_end ] --START--
INFO: ShowPageTrace Behavior ::run [ RunTime:0.000272s ]
INFO: [ view_end ] --END-- [ RunTime:0.000297s ]

