[ 2015-07-07T06:09:04+08:00 ] 0.0.0.0 /~changzhao619/2015/web/index.php?m=Index&a=login
INFO: [ app_begin ] --START--
INFO: ReadHtmlCache Behavior ::run [ RunTime:0.000403s ]
INFO: [ app_begin ] --END-- [ RunTime:0.000462s ]
INFO: [ view_parse ] --START--
INFO: ParseTemplate Behavior ::run [ RunTime:0.013414s ]
INFO: [ view_parse ] --END-- [ RunTime:0.013502s ]
INFO: [ view_filter ] --START--
INFO: ContentReplace Behavior ::run [ RunTime:0.000331s ]
INFO: TokenBuild Behavior ::run [ RunTime:0.000229s ]
INFO: WriteHtmlCache Behavior ::run [ RunTime:0.000143s ]
INFO: ShowRuntime Behavior ::run [ RunTime:0.000279s ]
INFO: [ view_filter ] --END-- [ RunTime:0.001102s ]
INFO: [ view_end ] --START--
INFO: ShowPageTrace Behavior ::run [ RunTime:0.000959s ]
INFO: [ view_end ] --END-- [ RunTime:0.001109s ]

[ 2015-07-07T06:10:30+08:00 ] 0.0.0.0 /~changzhao619/2015/web/index.php?m=Index&a=login
INFO: [ app_begin ] --START--
INFO: ReadHtmlCache Behavior ::run [ RunTime:0.000260s ]
INFO: [ app_begin ] --END-- [ RunTime:0.000304s ]
INFO: [ view_parse ] --START--
INFO: ParseTemplate Behavior ::run [ RunTime:0.012240s ]
INFO: [ view_parse ] --END-- [ RunTime:0.012330s ]
INFO: [ view_filter ] --START--
INFO: ContentReplace Behavior ::run [ RunTime:0.000378s ]
INFO: TokenBuild Behavior ::run [ RunTime:0.000332s ]
INFO: WriteHtmlCache Behavior ::run [ RunTime:0.000216s ]
INFO: ShowRuntime Behavior ::run [ RunTime:0.000392s ]
INFO: [ view_filter ] --END-- [ RunTime:0.001479s ]
INFO: [ view_end ] --START--
INFO: ShowPageTrace Behavior ::run [ RunTime:0.000520s ]
INFO: [ view_end ] --END-- [ RunTime:0.000568s ]

[ 2015-07-07T06:10:30+08:00 ] 0.0.0.0 /~changzhao619/2015/web/index.php/Index/verify
INFO: [ route_check ] --START--
INFO: CheckRoute Behavior ::run [ RunTime:0.001097s ]
INFO: [ route_check ] --END-- [ RunTime:0.001180s ]
INFO: [ app_begin ] --START--
INFO: ReadHtmlCache Behavior ::run [ RunTime:0.000405s ]
INFO: [ app_begin ] --END-- [ RunTime:0.000470s ]

[ 2015-07-07T06:10:51+08:00 ] 0.0.0.0 /~changzhao619/2015/web/index.php?m=Index&a=login
INFO: [ app_begin ] --START--
INFO: ReadHtmlCache Behavior ::run [ RunTime:0.000313s ]
INFO: [ app_begin ] --END-- [ RunTime:0.000366s ]
INFO: [ view_parse ] --START--
INFO: ParseTemplate Behavior ::run [ RunTime:0.011932s ]
INFO: [ view_parse ] --END-- [ RunTime:0.012020s ]
INFO: [ view_filter ] --START--
INFO: ContentReplace Behavior ::run [ RunTime:0.000357s ]
INFO: TokenBuild Behavior ::run [ RunTime:0.000315s ]
INFO: WriteHtmlCache Behavior ::run [ RunTime:0.000211s ]
INFO: ShowRuntime Behavior ::run [ RunTime:0.000378s ]
INFO: [ view_filter ] --END-- [ RunTime:0.001450s ]
INFO: [ view_end ] --START--
INFO: ShowPageTrace Behavior ::run [ RunTime:0.000566s ]
INFO: [ view_end ] --END-- [ RunTime:0.000618s ]

[ 2015-07-07T06:10:51+08:00 ] 0.0.0.0 /~changzhao619/2015/web/index.php/Index/verify
INFO: [ route_check ] --START--
INFO: CheckRoute Behavior ::run [ RunTime:0.000607s ]
INFO: [ route_check ] --END-- [ RunTime:0.000681s ]
INFO: [ app_begin ] --START--
INFO: ReadHtmlCache Behavior ::run [ RunTime:0.000382s ]
INFO: [ app_begin ] --END-- [ RunTime:0.000428s ]

[ 2015-07-07T06:11:10+08:00 ] 0.0.0.0 /~changzhao619/2015/web/index.php?m=Index&a=login
INFO: [ app_begin ] --START--
INFO: ReadHtmlCache Behavior ::run [ RunTime:0.000255s ]
INFO: [ app_begin ] --END-- [ RunTime:0.000322s ]
INFO: [ view_parse ] --START--
INFO: ParseTemplate Behavior ::run [ RunTime:0.003567s ]
INFO: [ view_parse ] --END-- [ RunTime:0.003608s ]
INFO: [ view_filter ] --START--
INFO: ContentReplace Behavior ::run [ RunTime:0.000170s ]
INFO: TokenBuild Behavior ::run [ RunTime:0.000154s ]
INFO: WriteHtmlCache Behavior ::run [ RunTime:0.000099s ]
INFO: ShowRuntime Behavior ::run [ RunTime:0.000217s ]
INFO: [ view_filter ] --END-- [ RunTime:0.000719s ]
INFO: [ view_end ] --START--
INFO: ShowPageTrace Behavior ::run [ RunTime:0.000271s ]
INFO: [ view_end ] --END-- [ RunTime:0.000296s ]

[ 2015-07-07T06:11:10+08:00 ] 0.0.0.0 /~changzhao619/2015/web/index.php/Index/verify
INFO: [ route_check ] --START--
INFO: CheckRoute Behavior ::run [ RunTime:0.000472s ]
INFO: [ route_check ] --END-- [ RunTime:0.000530s ]
INFO: [ app_begin ] --START--
INFO: ReadHtmlCache Behavior ::run [ RunTime:0.000362s ]
INFO: [ app_begin ] --END-- [ RunTime:0.000407s ]

[ 2015-07-07T06:14:24+08:00 ] 0.0.0.0 /~changzhao619/2015/web/index.php?m=Index&a=login
INFO: [ app_begin ] --START--
INFO: ReadHtmlCache Behavior ::run [ RunTime:0.000269s ]
INFO: [ app_begin ] --END-- [ RunTime:0.000320s ]
INFO: [ view_parse ] --START--
INFO: ParseTemplate Behavior ::run [ RunTime:0.011088s ]
INFO: [ view_parse ] --END-- [ RunTime:0.011173s ]
INFO: [ view_filter ] --START--
INFO: ContentReplace Behavior ::run [ RunTime:0.000388s ]
INFO: TokenBuild Behavior ::run [ RunTime:0.000333s ]
INFO: WriteHtmlCache Behavior ::run [ RunTime:0.000209s ]
INFO: ShowRuntime Behavior ::run [ RunTime:0.000385s ]
INFO: [ view_filter ] --END-- [ RunTime:0.001482s ]
INFO: [ view_end ] --START--
INFO: ShowPageTrace Behavior ::run [ RunTime:0.000602s ]
INFO: [ view_end ] --END-- [ RunTime:0.000657s ]

[ 2015-07-07T06:14:24+08:00 ] 0.0.0.0 /~changzhao619/2015/web/index.php/Index/verify
INFO: [ route_check ] --START--
INFO: CheckRoute Behavior ::run [ RunTime:0.000746s ]
INFO: [ route_check ] --END-- [ RunTime:0.000827s ]
INFO: [ app_begin ] --START--
INFO: ReadHtmlCache Behavior ::run [ RunTime:0.000441s ]
INFO: [ app_begin ] --END-- [ RunTime:0.000518s ]

[ 2015-07-07T06:14:52+08:00 ] 0.0.0.0 /~changzhao619/2015/web/index.php?m=Index&a=login
INFO: [ app_begin ] --START--
INFO: ReadHtmlCache Behavior ::run [ RunTime:0.000337s ]
INFO: [ app_begin ] --END-- [ RunTime:0.000423s ]
INFO: [ view_parse ] --START--
INFO: ParseTemplate Behavior ::run [ RunTime:0.012650s ]
INFO: [ view_parse ] --END-- [ RunTime:0.012739s ]
INFO: [ view_filter ] --START--
INFO: ContentReplace Behavior ::run [ RunTime:0.000422s ]
INFO: TokenBuild Behavior ::run [ RunTime:0.000382s ]
INFO: WriteHtmlCache Behavior ::run [ RunTime:0.000146s ]
INFO: ShowRuntime Behavior ::run [ RunTime:0.000284s ]
INFO: [ view_filter ] --END-- [ RunTime:0.001407s ]
INFO: [ view_end ] --START--
INFO: ShowPageTrace Behavior ::run [ RunTime:0.000752s ]
INFO: [ view_end ] --END-- [ RunTime:0.000823s ]

[ 2015-07-07T06:14:52+08:00 ] 0.0.0.0 /~changzhao619/2015/web/index.php/Index/verify
INFO: [ route_check ] --START--
INFO: CheckRoute Behavior ::run [ RunTime:0.000431s ]
INFO: [ route_check ] --END-- [ RunTime:0.000494s ]
INFO: [ app_begin ] --START--
INFO: ReadHtmlCache Behavior ::run [ RunTime:0.001227s ]
INFO: [ app_begin ] --END-- [ RunTime:0.001299s ]

[ 2015-07-07T06:15:22+08:00 ] 0.0.0.0 /~changzhao619/2015/web/index.php?m=Index&a=loginVertify
INFO: [ app_begin ] --START--
INFO: ReadHtmlCache Behavior ::run [ RunTime:0.000276s ]
INFO: [ app_begin ] --END-- [ RunTime:0.000319s ]
ERR: 非法操作:loginVertify

[ 2015-07-07T06:15:23+08:00 ] 0.0.0.0 /~changzhao619/2015/web/index.php?m=Index&a=loginVertify
INFO: [ app_begin ] --START--
INFO: ReadHtmlCache Behavior ::run [ RunTime:0.000238s ]
INFO: [ app_begin ] --END-- [ RunTime:0.000278s ]
ERR: 非法操作:loginVertify

[ 2015-07-07T06:15:24+08:00 ] 0.0.0.0 /~changzhao619/2015/web/index.php?m=Index&a=loginVertify
INFO: [ app_begin ] --START--
INFO: ReadHtmlCache Behavior ::run [ RunTime:0.000240s ]
INFO: [ app_begin ] --END-- [ RunTime:0.000280s ]
ERR: 非法操作:loginVertify

[ 2015-07-07T06:15:36+08:00 ] 0.0.0.0 /~changzhao619/2015/web/index.php?m=Index&a=loginVertify
INFO: [ app_begin ] --START--
INFO: ReadHtmlCache Behavior ::run [ RunTime:0.000243s ]
INFO: [ app_begin ] --END-- [ RunTime:0.000283s ]
ERR: 非法操作:loginVertify

[ 2015-07-07T06:15:36+08:00 ] 0.0.0.0 /~changzhao619/2015/web/index.php?m=Index&a=loginVertify
INFO: [ app_begin ] --START--
INFO: ReadHtmlCache Behavior ::run [ RunTime:0.000242s ]
INFO: [ app_begin ] --END-- [ RunTime:0.000284s ]
ERR: 非法操作:loginVertify

[ 2015-07-07T06:16:38+08:00 ] 0.0.0.0 /~changzhao619/2015/web/index.php?m=Index&a=login
INFO: [ app_begin ] --START--
INFO: ReadHtmlCache Behavior ::run [ RunTime:0.000302s ]
INFO: [ app_begin ] --END-- [ RunTime:0.000357s ]
INFO: [ view_parse ] --START--
INFO: ParseTemplate Behavior ::run [ RunTime:0.010794s ]
INFO: [ view_parse ] --END-- [ RunTime:0.010880s ]
INFO: [ view_filter ] --START--
INFO: ContentReplace Behavior ::run [ RunTime:0.000325s ]
INFO: TokenBuild Behavior ::run [ RunTime:0.000220s ]
INFO: WriteHtmlCache Behavior ::run [ RunTime:0.000139s ]
INFO: ShowRuntime Behavior ::run [ RunTime:0.000294s ]
INFO: [ view_filter ] --END-- [ RunTime:0.001106s ]
INFO: [ view_end ] --START--
INFO: ShowPageTrace Behavior ::run [ RunTime:0.000389s ]
INFO: [ view_end ] --END-- [ RunTime:0.000425s ]

[ 2015-07-07T06:16:38+08:00 ] 0.0.0.0 /~changzhao619/2015/web/index.php/Index/verify
INFO: [ route_check ] --START--
INFO: CheckRoute Behavior ::run [ RunTime:0.000759s ]
INFO: [ route_check ] --END-- [ RunTime:0.000849s ]
INFO: [ app_begin ] --START--
INFO: ReadHtmlCache Behavior ::run [ RunTime:0.000467s ]
INFO: [ app_begin ] --END-- [ RunTime:0.000539s ]

[ 2015-07-07T06:16:49+08:00 ] 0.0.0.0 /~changzhao619/2015/web/index.php?m=Index&a=loginVertify
INFO: [ app_begin ] --START--
INFO: ReadHtmlCache Behavior ::run [ RunTime:0.000347s ]
INFO: [ app_begin ] --END-- [ RunTime:0.000408s ]
ERR: 非法操作:loginVertify

[ 2015-07-07T06:24:00+08:00 ] 0.0.0.0 /~changzhao619/2015/web/index.php?m=Index&a=login
INFO: [ app_begin ] --START--
INFO: ReadHtmlCache Behavior ::run [ RunTime:0.000470s ]
INFO: [ app_begin ] --END-- [ RunTime:0.000545s ]
INFO: [ view_parse ] --START--
INFO: ParseTemplate Behavior ::run [ RunTime:0.011102s ]
INFO: [ view_parse ] --END-- [ RunTime:0.011167s ]
INFO: [ view_filter ] --START--
INFO: ContentReplace Behavior ::run [ RunTime:0.000238s ]
INFO: TokenBuild Behavior ::run [ RunTime:0.000193s ]
INFO: WriteHtmlCache Behavior ::run [ RunTime:0.000126s ]
INFO: ShowRuntime Behavior ::run [ RunTime:0.000230s ]
INFO: [ view_filter ] --END-- [ RunTime:0.000879s ]
INFO: [ view_end ] --START--
INFO: ShowPageTrace Behavior ::run [ RunTime:0.000318s ]
INFO: [ view_end ] --END-- [ RunTime:0.000349s ]

[ 2015-07-07T06:24:00+08:00 ] 0.0.0.0 /~changzhao619/2015/web/index.php/Index/verify
INFO: [ route_check ] --START--
INFO: CheckRoute Behavior ::run [ RunTime:0.000748s ]
INFO: [ route_check ] --END-- [ RunTime:0.000838s ]
INFO: [ app_begin ] --START--
INFO: ReadHtmlCache Behavior ::run [ RunTime:0.000504s ]
INFO: [ app_begin ] --END-- [ RunTime:0.000570s ]

[ 2015-07-07T06:24:02+08:00 ] 0.0.0.0 /~changzhao619/2015/web/index.php?username=%E8%BE%93%E5%85%A5%E8%B4%A6%E5%8F%B7&password=&vertify=%E8%BE%93%E5%85%A5%E9%AA%8C%E8%AF%81%E7%A0%81
INFO: [ app_begin ] --START--
INFO: ReadHtmlCache Behavior ::run [ RunTime:0.001199s ]
INFO: [ app_begin ] --END-- [ RunTime:0.001287s ]
INFO: [ view_parse ] --START--
INFO: ParseTemplate Behavior ::run [ RunTime:0.014918s ]
INFO: [ view_parse ] --END-- [ RunTime:0.015017s ]
INFO: [ view_filter ] --START--
INFO: ContentReplace Behavior ::run [ RunTime:0.000430s ]
INFO: TokenBuild Behavior ::run [ RunTime:0.000338s ]
INFO: WriteHtmlCache Behavior ::run [ RunTime:0.000206s ]
INFO: ShowRuntime Behavior ::run [ RunTime:0.000392s ]
INFO: [ view_filter ] --END-- [ RunTime:0.001530s ]
INFO: [ view_end ] --START--
INFO: ShowPageTrace Behavior ::run [ RunTime:0.000560s ]
INFO: [ view_end ] --END-- [ RunTime:0.000620s ]

[ 2015-07-07T06:25:48+08:00 ] 0.0.0.0 /~changzhao619/2015/web/index.php?m=Index&a=login
INFO: [ app_begin ] --START--
INFO: ReadHtmlCache Behavior ::run [ RunTime:0.000307s ]
INFO: [ app_begin ] --END-- [ RunTime:0.000361s ]
INFO: [ view_parse ] --START--
INFO: ParseTemplate Behavior ::run [ RunTime:0.012339s ]
INFO: [ view_parse ] --END-- [ RunTime:0.012427s ]
INFO: [ view_filter ] --START--
INFO: ContentReplace Behavior ::run [ RunTime:0.000352s ]
INFO: TokenBuild Behavior ::run [ RunTime:0.000337s ]
INFO: WriteHtmlCache Behavior ::run [ RunTime:0.000200s ]
INFO: ShowRuntime Behavior ::run [ RunTime:0.000369s ]
INFO: [ view_filter ] --END-- [ RunTime:0.001415s ]
INFO: [ view_end ] --START--
INFO: ShowPageTrace Behavior ::run [ RunTime:0.000564s ]
INFO: [ view_end ] --END-- [ RunTime:0.000616s ]

[ 2015-07-07T06:25:48+08:00 ] 0.0.0.0 /~changzhao619/2015/web/index.php/Index/verify
INFO: [ route_check ] --START--
INFO: CheckRoute Behavior ::run [ RunTime:0.000726s ]
INFO: [ route_check ] --END-- [ RunTime:0.000808s ]
INFO: [ app_begin ] --START--
INFO: ReadHtmlCache Behavior ::run [ RunTime:0.000396s ]
INFO: [ app_begin ] --END-- [ RunTime:0.000463s ]

[ 2015-07-07T06:25:50+08:00 ] 0.0.0.0 /~changzhao619/2015/web/index.php?username=%E8%BE%93%E5%85%A5%E8%B4%A6%E5%8F%B7&password=&vertify=%E8%BE%93%E5%85%A5%E9%AA%8C%E8%AF%81%E7%A0%81
INFO: [ app_begin ] --START--
INFO: ReadHtmlCache Behavior ::run [ RunTime:0.000292s ]
INFO: [ app_begin ] --END-- [ RunTime:0.000346s ]
INFO: [ view_parse ] --START--
INFO: ParseTemplate Behavior ::run [ RunTime:0.015215s ]
INFO: [ view_parse ] --END-- [ RunTime:0.015280s ]
INFO: [ view_filter ] --START--
INFO: ContentReplace Behavior ::run [ RunTime:0.000249s ]
INFO: TokenBuild Behavior ::run [ RunTime:0.000184s ]
INFO: WriteHtmlCache Behavior ::run [ RunTime:0.000111s ]
INFO: ShowRuntime Behavior ::run [ RunTime:0.000218s ]
INFO: [ view_filter ] --END-- [ RunTime:0.000853s ]
INFO: [ view_end ] --START--
INFO: ShowPageTrace Behavior ::run [ RunTime:0.000784s ]
INFO: [ view_end ] --END-- [ RunTime:0.000871s ]

[ 2015-07-07T06:26:33+08:00 ] 0.0.0.0 /~changzhao619/2015/web/index.php?m=Index&a=loginVertify
INFO: [ app_begin ] --START--
INFO: ReadHtmlCache Behavior ::run [ RunTime:0.000254s ]
INFO: [ app_begin ] --END-- [ RunTime:0.000302s ]
NOTIC: [8] Undefined index: vertify /Users/changzhao619/Sites/2015/web/protected/home/Lib/Action/IndexAction.class.php 第 10 行.
INFO: [ view_parse ] --START--
INFO: ParseTemplate Behavior ::run [ RunTime:0.013255s ]
INFO: [ view_parse ] --END-- [ RunTime:0.013319s ]
INFO: [ view_filter ] --START--
INFO: ContentReplace Behavior ::run [ RunTime:0.000295s ]
INFO: TokenBuild Behavior ::run [ RunTime:0.000193s ]
INFO: WriteHtmlCache Behavior ::run [ RunTime:0.000147s ]
INFO: ShowRuntime Behavior ::run [ RunTime:0.000263s ]
INFO: [ view_filter ] --END-- [ RunTime:0.001013s ]
INFO: [ view_end ] --START--
INFO: ShowPageTrace Behavior ::run [ RunTime:0.000547s ]
INFO: [ view_end ] --END-- [ RunTime:0.000596s ]

[ 2015-07-07T06:27:33+08:00 ] 0.0.0.0 /~changzhao619/2015/web/index.php?m=Index&a=login
INFO: [ app_begin ] --START--
INFO: ReadHtmlCache Behavior ::run [ RunTime:0.000293s ]
INFO: [ app_begin ] --END-- [ RunTime:0.000339s ]
INFO: [ view_parse ] --START--
INFO: ParseTemplate Behavior ::run [ RunTime:0.011116s ]
INFO: [ view_parse ] --END-- [ RunTime:0.011202s ]
INFO: [ view_filter ] --START--
INFO: ContentReplace Behavior ::run [ RunTime:0.000351s ]
INFO: TokenBuild Behavior ::run [ RunTime:0.000323s ]
INFO: WriteHtmlCache Behavior ::run [ RunTime:0.000199s ]
INFO: ShowRuntime Behavior ::run [ RunTime:0.000376s ]
INFO: [ view_filter ] --END-- [ RunTime:0.001405s ]
INFO: [ view_end ] --START--
INFO: ShowPageTrace Behavior ::run [ RunTime:0.000584s ]
INFO: [ view_end ] --END-- [ RunTime:0.000637s ]

[ 2015-07-07T06:27:33+08:00 ] 0.0.0.0 /~changzhao619/2015/web/index.php/Index/verify
INFO: [ route_check ] --START--
INFO: CheckRoute Behavior ::run [ RunTime:0.000448s ]
INFO: [ route_check ] --END-- [ RunTime:0.000517s ]
INFO: [ app_begin ] --START--
INFO: ReadHtmlCache Behavior ::run [ RunTime:0.000300s ]
INFO: [ app_begin ] --END-- [ RunTime:0.000342s ]

[ 2015-07-07T06:27:35+08:00 ] 0.0.0.0 /~changzhao619/2015/web/index.php?username=%E8%BE%93%E5%85%A5%E8%B4%A6%E5%8F%B7&password=&vertify=%E8%BE%93%E5%85%A5%E9%AA%8C%E8%AF%81%E7%A0%81
INFO: [ app_begin ] --START--
INFO: ReadHtmlCache Behavior ::run [ RunTime:0.000276s ]
INFO: [ app_begin ] --END-- [ RunTime:0.000324s ]
INFO: [ view_parse ] --START--
INFO: ParseTemplate Behavior ::run [ RunTime:0.015936s ]
INFO: [ view_parse ] --END-- [ RunTime:0.016023s ]
INFO: [ view_filter ] --START--
INFO: ContentReplace Behavior ::run [ RunTime:0.000421s ]
INFO: TokenBuild Behavior ::run [ RunTime:0.000384s ]
INFO: WriteHtmlCache Behavior ::run [ RunTime:0.000225s ]
INFO: ShowRuntime Behavior ::run [ RunTime:0.000382s ]
INFO: [ view_filter ] --END-- [ RunTime:0.001579s ]
INFO: [ view_end ] --START--
INFO: ShowPageTrace Behavior ::run [ RunTime:0.001013s ]
INFO: [ view_end ] --END-- [ RunTime:0.001092s ]

[ 2015-07-07T06:27:54+08:00 ] 0.0.0.0 /~changzhao619/2015/web/index.php?m=Index&a=login
INFO: [ app_begin ] --START--
INFO: ReadHtmlCache Behavior ::run [ RunTime:0.000250s ]
INFO: [ app_begin ] --END-- [ RunTime:0.000297s ]
INFO: [ view_parse ] --START--
INFO: ParseTemplate Behavior ::run [ RunTime:0.012351s ]
INFO: [ view_parse ] --END-- [ RunTime:0.012440s ]
INFO: [ view_filter ] --START--
INFO: ContentReplace Behavior ::run [ RunTime:0.000383s ]
INFO: TokenBuild Behavior ::run [ RunTime:0.000319s ]
INFO: WriteHtmlCache Behavior ::run [ RunTime:0.000224s ]
INFO: ShowRuntime Behavior ::run [ RunTime:0.000381s ]
INFO: [ view_filter ] --END-- [ RunTime:0.001468s ]
INFO: [ view_end ] --START--
INFO: ShowPageTrace Behavior ::run [ RunTime:0.000546s ]
INFO: [ view_end ] --END-- [ RunTime:0.000600s ]

[ 2015-07-07T06:27:54+08:00 ] 0.0.0.0 /~changzhao619/2015/web/index.php/Index/verify
INFO: [ route_check ] --START--
INFO: CheckRoute Behavior ::run [ RunTime:0.000798s ]
INFO: [ route_check ] --END-- [ RunTime:0.000887s ]
INFO: [ app_begin ] --START--
INFO: ReadHtmlCache Behavior ::run [ RunTime:0.000439s ]
INFO: [ app_begin ] --END-- [ RunTime:0.000502s ]

[ 2015-07-07T06:27:55+08:00 ] 0.0.0.0 /~changzhao619/2015/web/index.php?m=Index&a=loginVertify
INFO: [ app_begin ] --START--
INFO: ReadHtmlCache Behavior ::run [ RunTime:0.000467s ]
INFO: [ app_begin ] --END-- [ RunTime:0.000551s ]
INFO: [ view_parse ] --START--
INFO: ParseTemplate Behavior ::run [ RunTime:0.011755s ]
INFO: [ view_parse ] --END-- [ RunTime:0.011837s ]
INFO: [ view_filter ] --START--
INFO: ContentReplace Behavior ::run [ RunTime:0.000240s ]
INFO: TokenBuild Behavior ::run [ RunTime:0.000240s ]
INFO: WriteHtmlCache Behavior ::run [ RunTime:0.000135s ]
INFO: ShowRuntime Behavior ::run [ RunTime:0.000263s ]
INFO: [ view_filter ] --END-- [ RunTime:0.000989s ]
INFO: [ view_end ] --START--
INFO: ShowPageTrace Behavior ::run [ RunTime:0.000396s ]
INFO: [ view_end ] --END-- [ RunTime:0.000434s ]

[ 2015-07-07T06:28:12+08:00 ] 0.0.0.0 /~changzhao619/2015/web/index.php?m=Index&a=loginVertify
INFO: [ app_begin ] --START--
INFO: ReadHtmlCache Behavior ::run [ RunTime:0.000249s ]
INFO: [ app_begin ] --END-- [ RunTime:0.000295s ]
INFO: [ view_parse ] --START--
INFO: ParseTemplate Behavior ::run [ RunTime:0.010786s ]
INFO: [ view_parse ] --END-- [ RunTime:0.010869s ]
INFO: [ view_filter ] --START--
INFO: ContentReplace Behavior ::run [ RunTime:0.000375s ]
INFO: TokenBuild Behavior ::run [ RunTime:0.000360s ]
INFO: WriteHtmlCache Behavior ::run [ RunTime:0.000216s ]
INFO: ShowRuntime Behavior ::run [ RunTime:0.000394s ]
INFO: [ view_filter ] --END-- [ RunTime:0.001513s ]
INFO: [ view_end ] --START--
INFO: ShowPageTrace Behavior ::run [ RunTime:0.000590s ]
INFO: [ view_end ] --END-- [ RunTime:0.000644s ]

[ 2015-07-07T06:30:08+08:00 ] 0.0.0.0 /~changzhao619/2015/web/index.php?m=Index&a=login
INFO: [ app_begin ] --START--
INFO: ReadHtmlCache Behavior ::run [ RunTime:0.000257s ]
INFO: [ app_begin ] --END-- [ RunTime:0.000304s ]
INFO: [ view_parse ] --START--
INFO: ParseTemplate Behavior ::run [ RunTime:0.011050s ]
INFO: [ view_parse ] --END-- [ RunTime:0.011170s ]
INFO: [ view_filter ] --START--
INFO: ContentReplace Behavior ::run [ RunTime:0.000605s ]
INFO: TokenBuild Behavior ::run [ RunTime:0.000435s ]
INFO: WriteHtmlCache Behavior ::run [ RunTime:0.000276s ]
INFO: ShowRuntime Behavior ::run [ RunTime:0.000499s ]
INFO: [ view_filter ] --END-- [ RunTime:0.002043s ]
INFO: [ view_end ] --START--
INFO: ShowPageTrace Behavior ::run [ RunTime:0.000578s ]
INFO: [ view_end ] --END-- [ RunTime:0.000636s ]

[ 2015-07-07T06:30:08+08:00 ] 0.0.0.0 /~changzhao619/2015/web/index.php/Index/verify
INFO: [ route_check ] --START--
INFO: CheckRoute Behavior ::run [ RunTime:0.000752s ]
INFO: [ route_check ] --END-- [ RunTime:0.000839s ]
INFO: [ app_begin ] --START--
INFO: ReadHtmlCache Behavior ::run [ RunTime:0.000543s ]
INFO: [ app_begin ] --END-- [ RunTime:0.000612s ]

[ 2015-07-07T06:30:25+08:00 ] 0.0.0.0 /~changzhao619/2015/web/index.php?m=Index&a=loginVertify
INFO: [ app_begin ] --START--
INFO: ReadHtmlCache Behavior ::run [ RunTime:0.000295s ]
INFO: [ app_begin ] --END-- [ RunTime:0.000348s ]
SQL: SHOW COLUMNS FROM `think_studentinfo` [ RunTime:0.005093s ]
SQL: SELECT * FROM `think_studentinfo` WHERE ( xuehao = "2012301030211" ) LIMIT 1   [ RunTime:0.000552s ]
NOTIC: [8] Undefined index: password /Users/changzhao619/Sites/2015/web/protected/home/Lib/Action/IndexAction.class.php 第 16 行.
INFO: [ view_parse ] --START--
INFO: ParseTemplate Behavior ::run [ RunTime:0.005429s ]
INFO: [ view_parse ] --END-- [ RunTime:0.005504s ]
INFO: [ view_filter ] --START--
INFO: ContentReplace Behavior ::run [ RunTime:0.000259s ]
INFO: TokenBuild Behavior ::run [ RunTime:0.000336s ]
INFO: WriteHtmlCache Behavior ::run [ RunTime:0.000194s ]
INFO: ShowRuntime Behavior ::run [ RunTime:0.000456s ]
INFO: [ view_filter ] --END-- [ RunTime:0.001378s ]
INFO: [ view_end ] --START--
INFO: ShowPageTrace Behavior ::run [ RunTime:0.000342s ]
INFO: [ view_end ] --END-- [ RunTime:0.000375s ]

[ 2015-07-07T06:30:35+08:00 ] 0.0.0.0 /~changzhao619/2015/web/index.php?m=Index&a=loginVertify
INFO: [ app_begin ] --START--
INFO: ReadHtmlCache Behavior ::run [ RunTime:0.000301s ]
INFO: [ app_begin ] --END-- [ RunTime:0.000357s ]
SQL: SHOW COLUMNS FROM `think_studentinfo` [ RunTime:0.010439s ]
SQL: SELECT * FROM `think_studentinfo` WHERE ( xuehao = "2012301030211" ) LIMIT 1   [ RunTime:0.000838s ]
NOTIC: [8] Undefined index: password /Users/changzhao619/Sites/2015/web/protected/home/Lib/Action/IndexAction.class.php 第 16 行.
INFO: [ view_parse ] --START--
INFO: ParseTemplate Behavior ::run [ RunTime:0.004709s ]
INFO: [ view_parse ] --END-- [ RunTime:0.004769s ]
INFO: [ view_filter ] --START--
INFO: ContentReplace Behavior ::run [ RunTime:0.000210s ]
INFO: TokenBuild Behavior ::run [ RunTime:0.000207s ]
INFO: WriteHtmlCache Behavior ::run [ RunTime:0.000132s ]
INFO: ShowRuntime Behavior ::run [ RunTime:0.000255s ]
INFO: [ view_filter ] --END-- [ RunTime:0.000910s ]
INFO: [ view_end ] --START--
INFO: ShowPageTrace Behavior ::run [ RunTime:0.000387s ]
INFO: [ view_end ] --END-- [ RunTime:0.000418s ]

[ 2015-07-07T06:31:20+08:00 ] 0.0.0.0 /~changzhao619/2015/web/index.php?m=Index&a=login
INFO: [ app_begin ] --START--
INFO: ReadHtmlCache Behavior ::run [ RunTime:0.000421s ]
INFO: [ app_begin ] --END-- [ RunTime:0.000501s ]
INFO: [ view_parse ] --START--
INFO: ParseTemplate Behavior ::run [ RunTime:0.011426s ]
INFO: [ view_parse ] --END-- [ RunTime:0.011516s ]
INFO: [ view_filter ] --START--
INFO: ContentReplace Behavior ::run [ RunTime:0.000415s ]
INFO: TokenBuild Behavior ::run [ RunTime:0.000320s ]
INFO: WriteHtmlCache Behavior ::run [ RunTime:0.000199s ]
INFO: ShowRuntime Behavior ::run [ RunTime:0.000375s ]
INFO: [ view_filter ] --END-- [ RunTime:0.001470s ]
INFO: [ view_end ] --START--
INFO: ShowPageTrace Behavior ::run [ RunTime:0.000658s ]
INFO: [ view_end ] --END-- [ RunTime:0.000730s ]

[ 2015-07-07T06:31:20+08:00 ] 0.0.0.0 /~changzhao619/2015/web/index.php/Index/verify
INFO: [ route_check ] --START--
INFO: CheckRoute Behavior ::run [ RunTime:0.000477s ]
INFO: [ route_check ] --END-- [ RunTime:0.000534s ]
INFO: [ app_begin ] --START--
INFO: ReadHtmlCache Behavior ::run [ RunTime:0.000527s ]
INFO: [ app_begin ] --END-- [ RunTime:0.000651s ]

[ 2015-07-07T06:31:35+08:00 ] 0.0.0.0 /~changzhao619/2015/web/index.php?m=Index&a=loginVertify
INFO: [ app_begin ] --START--
INFO: ReadHtmlCache Behavior ::run [ RunTime:0.000254s ]
INFO: [ app_begin ] --END-- [ RunTime:0.000303s ]
SQL: SHOW COLUMNS FROM `think_studentinfo` [ RunTime:0.010233s ]
SQL: SELECT * FROM `think_studentinfo` WHERE ( xuehao = "2012301030211" ) LIMIT 1   [ RunTime:0.000828s ]
INFO: [ view_parse ] --START--
INFO: ParseTemplate Behavior ::run [ RunTime:0.006994s ]
INFO: [ view_parse ] --END-- [ RunTime:0.007073s ]
INFO: [ view_filter ] --START--
INFO: ContentReplace Behavior ::run [ RunTime:0.000308s ]
INFO: TokenBuild Behavior ::run [ RunTime:0.000326s ]
INFO: WriteHtmlCache Behavior ::run [ RunTime:0.000196s ]
INFO: ShowRuntime Behavior ::run [ RunTime:0.000372s ]
INFO: [ view_filter ] --END-- [ RunTime:0.001360s ]
INFO: [ view_end ] --START--
INFO: ShowPageTrace Behavior ::run [ RunTime:0.000534s ]
INFO: [ view_end ] --END-- [ RunTime:0.000586s ]

[ 2015-07-07T06:31:36+08:00 ] 0.0.0.0 /~changzhao619/2015/web/index.php?m=Index&a=index
INFO: [ app_begin ] --START--
INFO: ReadHtmlCache Behavior ::run [ RunTime:0.000246s ]
INFO: [ app_begin ] --END-- [ RunTime:0.000294s ]
INFO: [ view_parse ] --START--
INFO: ParseTemplate Behavior ::run [ RunTime:0.014978s ]
INFO: [ view_parse ] --END-- [ RunTime:0.015066s ]
INFO: [ view_filter ] --START--
INFO: ContentReplace Behavior ::run [ RunTime:0.000419s ]
INFO: TokenBuild Behavior ::run [ RunTime:0.000343s ]
INFO: WriteHtmlCache Behavior ::run [ RunTime:0.000197s ]
INFO: ShowRuntime Behavior ::run [ RunTime:0.000382s ]
INFO: [ view_filter ] --END-- [ RunTime:0.001506s ]
INFO: [ view_end ] --START--
INFO: ShowPageTrace Behavior ::run [ RunTime:0.000597s ]
INFO: [ view_end ] --END-- [ RunTime:0.000660s ]

[ 2015-07-07T06:32:05+08:00 ] 0.0.0.0 /~changzhao619/2015/web/index.php?m=Index&a=index
INFO: [ app_begin ] --START--
INFO: ReadHtmlCache Behavior ::run [ RunTime:0.000244s ]
INFO: [ app_begin ] --END-- [ RunTime:0.000289s ]
INFO: [ view_parse ] --START--
INFO: ParseTemplate Behavior ::run [ RunTime:0.006091s ]
INFO: [ view_parse ] --END-- [ RunTime:0.006143s ]
INFO: [ view_filter ] --START--
INFO: ContentReplace Behavior ::run [ RunTime:0.000189s ]
INFO: TokenBuild Behavior ::run [ RunTime:0.000161s ]
INFO: WriteHtmlCache Behavior ::run [ RunTime:0.000099s ]
INFO: ShowRuntime Behavior ::run [ RunTime:0.000220s ]
INFO: [ view_filter ] --END-- [ RunTime:0.000752s ]
INFO: [ view_end ] --START--
INFO: ShowPageTrace Behavior ::run [ RunTime:0.000322s ]
INFO: [ view_end ] --END-- [ RunTime:0.000355s ]

[ 2015-07-07T06:32:06+08:00 ] 0.0.0.0 /~changzhao619/2015/web/index.php?m=Index&a=loginVertify
INFO: [ app_begin ] --START--
INFO: ReadHtmlCache Behavior ::run [ RunTime:0.000241s ]
INFO: [ app_begin ] --END-- [ RunTime:0.000284s ]
NOTIC: [8] Undefined index: vertify /Users/changzhao619/Sites/2015/web/protected/home/Lib/Action/IndexAction.class.php 第 10 行.
INFO: [ view_parse ] --START--
INFO: ParseTemplate Behavior ::run [ RunTime:0.003352s ]
INFO: [ view_parse ] --END-- [ RunTime:0.003404s ]
INFO: [ view_filter ] --START--
INFO: ContentReplace Behavior ::run [ RunTime:0.000151s ]
INFO: TokenBuild Behavior ::run [ RunTime:0.000149s ]
INFO: WriteHtmlCache Behavior ::run [ RunTime:0.000093s ]
INFO: ShowRuntime Behavior ::run [ RunTime:0.000183s ]
INFO: [ view_filter ] --END-- [ RunTime:0.000654s ]
INFO: [ view_end ] --START--
INFO: ShowPageTrace Behavior ::run [ RunTime:0.000269s ]
INFO: [ view_end ] --END-- [ RunTime:0.000295s ]

[ 2015-07-07T06:32:07+08:00 ] 0.0.0.0 /~changzhao619/2015/web/index.php?m=Index&a=login
INFO: [ app_begin ] --START--
INFO: ReadHtmlCache Behavior ::run [ RunTime:0.000262s ]
INFO: [ app_begin ] --END-- [ RunTime:0.000325s ]
INFO: [ view_parse ] --START--
INFO: ParseTemplate Behavior ::run [ RunTime:0.003599s ]
INFO: [ view_parse ] --END-- [ RunTime:0.003652s ]
INFO: [ view_filter ] --START--
INFO: ContentReplace Behavior ::run [ RunTime:0.000156s ]
INFO: TokenBuild Behavior ::run [ RunTime:0.000150s ]
INFO: WriteHtmlCache Behavior ::run [ RunTime:0.000095s ]
INFO: ShowRuntime Behavior ::run [ RunTime:0.000181s ]
INFO: [ view_filter ] --END-- [ RunTime:0.000662s ]
INFO: [ view_end ] --START--
INFO: ShowPageTrace Behavior ::run [ RunTime:0.000272s ]
INFO: [ view_end ] --END-- [ RunTime:0.000299s ]

[ 2015-07-07T06:32:07+08:00 ] 0.0.0.0 /~changzhao619/2015/web/index.php/Index/verify
INFO: [ route_check ] --START--
INFO: CheckRoute Behavior ::run [ RunTime:0.000398s ]
INFO: [ route_check ] --END-- [ RunTime:0.000452s ]
INFO: [ app_begin ] --START--
INFO: ReadHtmlCache Behavior ::run [ RunTime:0.000267s ]
INFO: [ app_begin ] --END-- [ RunTime:0.000303s ]

[ 2015-07-07T06:32:25+08:00 ] 0.0.0.0 /~changzhao619/2015/web/index.php?m=Index&a=loginVertify
INFO: [ app_begin ] --START--
INFO: ReadHtmlCache Behavior ::run [ RunTime:0.000301s ]
INFO: [ app_begin ] --END-- [ RunTime:0.000359s ]
INFO: [ view_parse ] --START--
INFO: ParseTemplate Behavior ::run [ RunTime:0.011778s ]
INFO: [ view_parse ] --END-- [ RunTime:0.011892s ]
INFO: [ view_filter ] --START--
INFO: ContentReplace Behavior ::run [ RunTime:0.000465s ]
INFO: TokenBuild Behavior ::run [ RunTime:0.000385s ]
INFO: WriteHtmlCache Behavior ::run [ RunTime:0.000203s ]
INFO: ShowRuntime Behavior ::run [ RunTime:0.000357s ]
INFO: [ view_filter ] --END-- [ RunTime:0.001595s ]
INFO: [ view_end ] --START--
INFO: ShowPageTrace Behavior ::run [ RunTime:0.000583s ]
INFO: [ view_end ] --END-- [ RunTime:0.000651s ]

[ 2015-07-07T06:32:31+08:00 ] 0.0.0.0 /~changzhao619/2015/web/index.php?m=Index&a=login
INFO: [ app_begin ] --START--
INFO: ReadHtmlCache Behavior ::run [ RunTime:0.000292s ]
INFO: [ app_begin ] --END-- [ RunTime:0.000352s ]
INFO: [ view_parse ] --START--
INFO: ParseTemplate Behavior ::run [ RunTime:0.011760s ]
INFO: [ view_parse ] --END-- [ RunTime:0.011851s ]
INFO: [ view_filter ] --START--
INFO: ContentReplace Behavior ::run [ RunTime:0.000352s ]
INFO: TokenBuild Behavior ::run [ RunTime:0.000307s ]
INFO: WriteHtmlCache Behavior ::run [ RunTime:0.000192s ]
INFO: ShowRuntime Behavior ::run [ RunTime:0.000368s ]
INFO: [ view_filter ] --END-- [ RunTime:0.001376s ]
INFO: [ view_end ] --START--
INFO: ShowPageTrace Behavior ::run [ RunTime:0.000666s ]
INFO: [ view_end ] --END-- [ RunTime:0.000729s ]

[ 2015-07-07T06:32:31+08:00 ] 0.0.0.0 /~changzhao619/2015/web/index.php/Index/verify
INFO: [ route_check ] --START--
INFO: CheckRoute Behavior ::run [ RunTime:0.000614s ]
INFO: [ route_check ] --END-- [ RunTime:0.000691s ]
INFO: [ app_begin ] --START--
INFO: ReadHtmlCache Behavior ::run [ RunTime:0.000530s ]
INFO: [ app_begin ] --END-- [ RunTime:0.000614s ]

[ 2015-07-07T06:32:40+08:00 ] 0.0.0.0 /~changzhao619/2015/web/index.php?m=Index&a=loginVertify
INFO: [ app_begin ] --START--
INFO: ReadHtmlCache Behavior ::run [ RunTime:0.000297s ]
INFO: [ app_begin ] --END-- [ RunTime:0.000350s ]
SQL: SHOW COLUMNS FROM `think_studentinfo` [ RunTime:0.010748s ]
SQL: SELECT * FROM `think_studentinfo` WHERE ( xuehao = "2012301030211" ) LIMIT 1   [ RunTime:0.000615s ]
INFO: [ view_parse ] --START--
INFO: ParseTemplate Behavior ::run [ RunTime:0.007385s ]
INFO: [ view_parse ] --END-- [ RunTime:0.007454s ]
INFO: [ view_filter ] --START--
INFO: ContentReplace Behavior ::run [ RunTime:0.000271s ]
INFO: TokenBuild Behavior ::run [ RunTime:0.000289s ]
INFO: WriteHtmlCache Behavior ::run [ RunTime:0.000170s ]
INFO: ShowRuntime Behavior ::run [ RunTime:0.000240s ]
INFO: [ view_filter ] --END-- [ RunTime:0.001110s ]
INFO: [ view_end ] --START--
INFO: ShowPageTrace Behavior ::run [ RunTime:0.000496s ]
INFO: [ view_end ] --END-- [ RunTime:0.000541s ]

[ 2015-07-07T06:42:16+08:00 ] 0.0.0.0 /~changzhao619/2015/web/index.php?m=Index&a=login
INFO: [ app_begin ] --START--
INFO: ReadHtmlCache Behavior ::run [ RunTime:0.000558s ]
INFO: [ app_begin ] --END-- [ RunTime:0.000648s ]
INFO: [ view_parse ] --START--
INFO: ParseTemplate Behavior ::run [ RunTime:0.012093s ]
INFO: [ view_parse ] --END-- [ RunTime:0.012192s ]
INFO: [ view_filter ] --START--
INFO: ContentReplace Behavior ::run [ RunTime:0.000363s ]
INFO: TokenBuild Behavior ::run [ RunTime:0.000320s ]
INFO: WriteHtmlCache Behavior ::run [ RunTime:0.000202s ]
INFO: ShowRuntime Behavior ::run [ RunTime:0.000376s ]
INFO: [ view_filter ] --END-- [ RunTime:0.001419s ]
INFO: [ view_end ] --START--
INFO: ShowPageTrace Behavior ::run [ RunTime:0.000579s ]
INFO: [ view_end ] --END-- [ RunTime:0.000633s ]

[ 2015-07-07T06:42:16+08:00 ] 0.0.0.0 /~changzhao619/2015/web/index.php/Index/verify
INFO: [ route_check ] --START--
INFO: CheckRoute Behavior ::run [ RunTime:0.000454s ]
INFO: [ route_check ] --END-- [ RunTime:0.000521s ]
INFO: [ app_begin ] --START--
INFO: ReadHtmlCache Behavior ::run [ RunTime:0.000277s ]
INFO: [ app_begin ] --END-- [ RunTime:0.000316s ]

[ 2015-07-07T06:42:36+08:00 ] 0.0.0.0 /~changzhao619/2015/web/index.php?m=Index&a=login
INFO: [ app_begin ] --START--
INFO: ReadHtmlCache Behavior ::run [ RunTime:0.000592s ]
INFO: [ app_begin ] --END-- [ RunTime:0.000691s ]
INFO: [ view_parse ] --START--
INFO: ParseTemplate Behavior ::run [ RunTime:0.014217s ]
INFO: [ view_parse ] --END-- [ RunTime:0.014292s ]
INFO: [ view_filter ] --START--
INFO: ContentReplace Behavior ::run [ RunTime:0.000238s ]
INFO: TokenBuild Behavior ::run [ RunTime:0.000203s ]
INFO: WriteHtmlCache Behavior ::run [ RunTime:0.000123s ]
INFO: ShowRuntime Behavior ::run [ RunTime:0.000225s ]
INFO: [ view_filter ] --END-- [ RunTime:0.000889s ]
INFO: [ view_end ] --START--
INFO: ShowPageTrace Behavior ::run [ RunTime:0.000353s ]
INFO: [ view_end ] --END-- [ RunTime:0.000384s ]

[ 2015-07-07T06:42:36+08:00 ] 0.0.0.0 /~changzhao619/2015/web/index.php/Index/verify
INFO: [ route_check ] --START--
INFO: CheckRoute Behavior ::run [ RunTime:0.000747s ]
INFO: [ route_check ] --END-- [ RunTime:0.000855s ]
INFO: [ app_begin ] --START--
INFO: ReadHtmlCache Behavior ::run [ RunTime:0.000458s ]
INFO: [ app_begin ] --END-- [ RunTime:0.000570s ]

[ 2015-07-07T06:43:24+08:00 ] 0.0.0.0 /~changzhao619/2015/web/index.php?m=Index&a=login
INFO: [ app_begin ] --START--
INFO: ReadHtmlCache Behavior ::run [ RunTime:0.000284s ]
INFO: [ app_begin ] --END-- [ RunTime:0.000335s ]
INFO: [ view_parse ] --START--
INFO: ParseTemplate Behavior ::run [ RunTime:0.011622s ]
INFO: [ view_parse ] --END-- [ RunTime:0.011733s ]
INFO: [ view_filter ] --START--
INFO: ContentReplace Behavior ::run [ RunTime:0.000408s ]
INFO: TokenBuild Behavior ::run [ RunTime:0.000336s ]
INFO: WriteHtmlCache Behavior ::run [ RunTime:0.000213s ]
INFO: ShowRuntime Behavior ::run [ RunTime:0.000410s ]
INFO: [ view_filter ] --END-- [ RunTime:0.001543s ]
INFO: [ view_end ] --START--
INFO: ShowPageTrace Behavior ::run [ RunTime:0.000582s ]
INFO: [ view_end ] --END-- [ RunTime:0.000651s ]

[ 2015-07-07T06:43:24+08:00 ] 0.0.0.0 /~changzhao619/2015/web/index.php/Index/verify
INFO: [ route_check ] --START--
INFO: CheckRoute Behavior ::run [ RunTime:0.000418s ]
INFO: [ route_check ] --END-- [ RunTime:0.000476s ]
INFO: [ app_begin ] --START--
INFO: ReadHtmlCache Behavior ::run [ RunTime:0.000274s ]
INFO: [ app_begin ] --END-- [ RunTime:0.000322s ]

[ 2015-07-07T06:44:25+08:00 ] 0.0.0.0 /~changzhao619/2015/web/index.php?m=Index&a=login
INFO: [ app_begin ] --START--
INFO: ReadHtmlCache Behavior ::run [ RunTime:0.000364s ]
INFO: [ app_begin ] --END-- [ RunTime:0.000440s ]
INFO: [ view_parse ] --START--
INFO: ParseTemplate Behavior ::run [ RunTime:0.011190s ]
INFO: [ view_parse ] --END-- [ RunTime:0.011329s ]
INFO: [ view_filter ] --START--
INFO: ContentReplace Behavior ::run [ RunTime:0.000362s ]
INFO: TokenBuild Behavior ::run [ RunTime:0.000319s ]
INFO: WriteHtmlCache Behavior ::run [ RunTime:0.000201s ]
INFO: ShowRuntime Behavior ::run [ RunTime:0.000380s ]
INFO: [ view_filter ] --END-- [ RunTime:0.001423s ]
INFO: [ view_end ] --START--
INFO: ShowPageTrace Behavior ::run [ RunTime:0.000575s ]
INFO: [ view_end ] --END-- [ RunTime:0.000629s ]

[ 2015-07-07T06:44:25+08:00 ] 0.0.0.0 /~changzhao619/2015/web/index.php/Index/verify
INFO: [ route_check ] --START--
INFO: CheckRoute Behavior ::run [ RunTime:0.000558s ]
INFO: [ route_check ] --END-- [ RunTime:0.000634s ]
INFO: [ app_begin ] --START--
INFO: ReadHtmlCache Behavior ::run [ RunTime:0.000291s ]
INFO: [ app_begin ] --END-- [ RunTime:0.000332s ]

[ 2015-07-07T06:44:31+08:00 ] 0.0.0.0 /~changzhao619/2015/web/index.php?m=Index&a=login
INFO: [ app_begin ] --START--
INFO: ReadHtmlCache Behavior ::run [ RunTime:0.000281s ]
INFO: [ app_begin ] --END-- [ RunTime:0.000332s ]
INFO: [ view_parse ] --START--
INFO: ParseTemplate Behavior ::run [ RunTime:0.013654s ]
INFO: [ view_parse ] --END-- [ RunTime:0.013719s ]
INFO: [ view_filter ] --START--
INFO: ContentReplace Behavior ::run [ RunTime:0.000220s ]
INFO: TokenBuild Behavior ::run [ RunTime:0.000186s ]
INFO: WriteHtmlCache Behavior ::run [ RunTime:0.000118s ]
INFO: ShowRuntime Behavior ::run [ RunTime:0.000221s ]
INFO: [ view_filter ] --END-- [ RunTime:0.000837s ]
INFO: [ view_end ] --START--
INFO: ShowPageTrace Behavior ::run [ RunTime:0.000313s ]
INFO: [ view_end ] --END-- [ RunTime:0.000343s ]

[ 2015-07-07T06:44:31+08:00 ] 0.0.0.0 /~changzhao619/2015/web/index.php/Index/verify
INFO: [ route_check ] --START--
INFO: CheckRoute Behavior ::run [ RunTime:0.000658s ]
INFO: [ route_check ] --END-- [ RunTime:0.000748s ]
INFO: [ app_begin ] --START--
INFO: ReadHtmlCache Behavior ::run [ RunTime:0.000499s ]
INFO: [ app_begin ] --END-- [ RunTime:0.000559s ]

[ 2015-07-07T06:48:43+08:00 ] 0.0.0.0 /~changzhao619/2015/web/index.php?m=Index&a=login
INFO: [ app_begin ] --START--
INFO: ReadHtmlCache Behavior ::run [ RunTime:0.000882s ]
INFO: [ app_begin ] --END-- [ RunTime:0.000975s ]
INFO: [ view_parse ] --START--
INFO: ParseTemplate Behavior ::run [ RunTime:0.007301s ]
INFO: [ view_parse ] --END-- [ RunTime:0.007378s ]
INFO: [ view_filter ] --START--
INFO: ContentReplace Behavior ::run [ RunTime:0.000529s ]
INFO: TokenBuild Behavior ::run [ RunTime:0.000563s ]
INFO: WriteHtmlCache Behavior ::run [ RunTime:0.000439s ]
INFO: ShowRuntime Behavior ::run [ RunTime:0.000637s ]
INFO: [ view_filter ] --END-- [ RunTime:0.002334s ]
INFO: [ view_end ] --START--
INFO: ShowPageTrace Behavior ::run [ RunTime:0.000970s ]
INFO: [ view_end ] --END-- [ RunTime:0.001031s ]

[ 2015-07-07T06:48:43+08:00 ] 0.0.0.0 /~changzhao619/2015/web/index.php/Index/verify
INFO: [ route_check ] --START--
INFO: CheckRoute Behavior ::run [ RunTime:0.006318s ]
INFO: [ route_check ] --END-- [ RunTime:0.006412s ]
INFO: [ app_begin ] --START--
INFO: ReadHtmlCache Behavior ::run [ RunTime:0.000414s ]
INFO: [ app_begin ] --END-- [ RunTime:0.000468s ]

[ 2015-07-07T06:48:51+08:00 ] 0.0.0.0 /~changzhao619/2015/web/index.php?m=Index&a=login
INFO: [ app_begin ] --START--
INFO: ReadHtmlCache Behavior ::run [ RunTime:0.000252s ]
INFO: [ app_begin ] --END-- [ RunTime:0.000301s ]
INFO: [ view_parse ] --START--
INFO: ParseTemplate Behavior ::run [ RunTime:0.003652s ]
INFO: [ view_parse ] --END-- [ RunTime:0.003693s ]
INFO: [ view_filter ] --START--
INFO: ContentReplace Behavior ::run [ RunTime:0.000156s ]
INFO: TokenBuild Behavior ::run [ RunTime:0.000159s ]
INFO: WriteHtmlCache Behavior ::run [ RunTime:0.000097s ]
INFO: ShowRuntime Behavior ::run [ RunTime:0.000183s ]
INFO: [ view_filter ] --END-- [ RunTime:0.000673s ]
INFO: [ view_end ] --START--
INFO: ShowPageTrace Behavior ::run [ RunTime:0.000270s ]
INFO: [ view_end ] --END-- [ RunTime:0.000297s ]

[ 2015-07-07T06:48:51+08:00 ] 0.0.0.0 /~changzhao619/2015/web/index.php/Index/verify
INFO: [ route_check ] --START--
INFO: CheckRoute Behavior ::run [ RunTime:0.000409s ]
INFO: [ route_check ] --END-- [ RunTime:0.000463s ]
INFO: [ app_begin ] --START--
INFO: ReadHtmlCache Behavior ::run [ RunTime:0.000266s ]
INFO: [ app_begin ] --END-- [ RunTime:0.000304s ]

[ 2015-07-07T06:48:52+08:00 ] 0.0.0.0 /~changzhao619/2015/web/index.php?m=Index&a=loginVertify
INFO: [ app_begin ] --START--
INFO: ReadHtmlCache Behavior ::run [ RunTime:0.000240s ]
INFO: [ app_begin ] --END-- [ RunTime:0.000283s ]
NOTIC: [8] Undefined index: vertify /Users/changzhao619/Sites/2015/web/protected/home/Lib/Action/IndexAction.class.php 第 10 行.
INFO: [ view_parse ] --START--
INFO: ParseTemplate Behavior ::run [ RunTime:0.024914s ]
INFO: [ view_parse ] --END-- [ RunTime:0.024995s ]
INFO: [ view_filter ] --START--
INFO: ContentReplace Behavior ::run [ RunTime:0.000349s ]
INFO: TokenBuild Behavior ::run [ RunTime:0.000297s ]
INFO: WriteHtmlCache Behavior ::run [ RunTime:0.000132s ]
INFO: ShowRuntime Behavior ::run [ RunTime:0.000257s ]
INFO: [ view_filter ] --END-- [ RunTime:0.001168s ]
INFO: [ view_end ] --START--
INFO: ShowPageTrace Behavior ::run [ RunTime:0.000393s ]
INFO: [ view_end ] --END-- [ RunTime:0.000428s ]

[ 2015-07-07T06:48:53+08:00 ] 0.0.0.0 /~changzhao619/2015/web/index.php?m=Index&a=index
INFO: [ app_begin ] --START--
INFO: ReadHtmlCache Behavior ::run [ RunTime:0.000243s ]
INFO: [ app_begin ] --END-- [ RunTime:0.000288s ]
INFO: [ view_parse ] --START--
INFO: ParseTemplate Behavior ::run [ RunTime:0.011934s ]
INFO: [ view_parse ] --END-- [ RunTime:0.012030s ]
INFO: [ view_filter ] --START--
INFO: ContentReplace Behavior ::run [ RunTime:0.000466s ]
INFO: TokenBuild Behavior ::run [ RunTime:0.000260s ]
INFO: WriteHtmlCache Behavior ::run [ RunTime:0.000163s ]
INFO: ShowRuntime Behavior ::run [ RunTime:0.000337s ]
INFO: [ view_filter ] --END-- [ RunTime:0.001409s ]
INFO: [ view_end ] --START--
INFO: ShowPageTrace Behavior ::run [ RunTime:0.000517s ]
INFO: [ view_end ] --END-- [ RunTime:0.000575s ]

[ 2015-07-07T06:48:53+08:00 ] 0.0.0.0 /~changzhao619/2015/web/index.php?m=Index
INFO: [ app_begin ] --START--
INFO: ReadHtmlCache Behavior ::run [ RunTime:0.000275s ]
INFO: [ app_begin ] --END-- [ RunTime:0.000325s ]
INFO: [ view_parse ] --START--
INFO: ParseTemplate Behavior ::run [ RunTime:0.012231s ]
INFO: [ view_parse ] --END-- [ RunTime:0.012320s ]
INFO: [ view_filter ] --START--
INFO: ContentReplace Behavior ::run [ RunTime:0.000418s ]
INFO: TokenBuild Behavior ::run [ RunTime:0.000320s ]
INFO: WriteHtmlCache Behavior ::run [ RunTime:0.000202s ]
INFO: ShowRuntime Behavior ::run [ RunTime:0.000380s ]
INFO: [ view_filter ] --END-- [ RunTime:0.001483s ]
INFO: [ view_end ] --START--
INFO: ShowPageTrace Behavior ::run [ RunTime:0.000579s ]
INFO: [ view_end ] --END-- [ RunTime:0.000640s ]

[ 2015-07-07T06:48:55+08:00 ] 0.0.0.0 /~changzhao619/2015/web/index.php?m=Index&a=index
INFO: [ app_begin ] --START--
INFO: ReadHtmlCache Behavior ::run [ RunTime:0.000243s ]
INFO: [ app_begin ] --END-- [ RunTime:0.000288s ]
INFO: [ view_parse ] --START--
INFO: ParseTemplate Behavior ::run [ RunTime:0.006130s ]
INFO: [ view_parse ] --END-- [ RunTime:0.006174s ]
INFO: [ view_filter ] --START--
INFO: ContentReplace Behavior ::run [ RunTime:0.000191s ]
INFO: TokenBuild Behavior ::run [ RunTime:0.000156s ]
INFO: WriteHtmlCache Behavior ::run [ RunTime:0.000096s ]
INFO: ShowRuntime Behavior ::run [ RunTime:0.000189s ]
INFO: [ view_filter ] --END-- [ RunTime:0.000712s ]
INFO: [ view_end ] --START--
INFO: ShowPageTrace Behavior ::run [ RunTime:0.000366s ]
INFO: [ view_end ] --END-- [ RunTime:0.000401s ]

[ 2015-07-07T06:48:55+08:00 ] 0.0.0.0 /~changzhao619/2015/web/index.php?m=Inde
INFO: [ app_begin ] --START--
INFO: ReadHtmlCache Behavior ::run [ RunTime:0.000246s ]
INFO: [ app_begin ] --END-- [ RunTime:0.000295s ]
ERR: 无法加载模块:Inde

[ 2015-07-07T06:48:58+08:00 ] 0.0.0.0 /~changzhao619/2015/web/index.php?m=Index
INFO: [ app_begin ] --START--
INFO: ReadHtmlCache Behavior ::run [ RunTime:0.000242s ]
INFO: [ app_begin ] --END-- [ RunTime:0.000288s ]
INFO: [ view_parse ] --START--
INFO: ParseTemplate Behavior ::run [ RunTime:0.007011s ]
INFO: [ view_parse ] --END-- [ RunTime:0.007075s ]
INFO: [ view_filter ] --START--
INFO: ContentReplace Behavior ::run [ RunTime:0.000276s ]
INFO: TokenBuild Behavior ::run [ RunTime:0.000216s ]
INFO: WriteHtmlCache Behavior ::run [ RunTime:0.000132s ]
INFO: ShowRuntime Behavior ::run [ RunTime:0.000257s ]
INFO: [ view_filter ] --END-- [ RunTime:0.000989s ]
INFO: [ view_end ] --START--
INFO: ShowPageTrace Behavior ::run [ RunTime:0.000587s ]
INFO: [ view_end ] --END-- [ RunTime:0.000650s ]

[ 2015-07-07T06:53:52+08:00 ] 0.0.0.0 /~changzhao619/2015/web/index.php?m=Index
INFO: [ app_begin ] --START--
INFO: ReadHtmlCache Behavior ::run [ RunTime:0.001046s ]
INFO: [ app_begin ] --END-- [ RunTime:0.001163s ]
INFO: [ view_parse ] --START--
INFO: ParseTemplate Behavior ::run [ RunTime:0.014768s ]
INFO: [ view_parse ] --END-- [ RunTime:0.014861s ]
INFO: [ view_filter ] --START--
INFO: ContentReplace Behavior ::run [ RunTime:0.000763s ]
INFO: TokenBuild Behavior ::run [ RunTime:0.000737s ]
INFO: WriteHtmlCache Behavior ::run [ RunTime:0.000671s ]
INFO: ShowRuntime Behavior ::run [ RunTime:0.000894s ]
INFO: [ view_filter ] --END-- [ RunTime:0.003310s ]
INFO: [ view_end ] --START--
INFO: ShowPageTrace Behavior ::run [ RunTime:0.001311s ]
INFO: [ view_end ] --END-- [ RunTime:0.001410s ]

[ 2015-07-07T06:53:56+08:00 ] 0.0.0.0 /~changzhao619/2015/web/index.php?m=Index&a=login
INFO: [ app_begin ] --START--
INFO: ReadHtmlCache Behavior ::run [ RunTime:0.000398s ]
INFO: [ app_begin ] --END-- [ RunTime:0.000471s ]
INFO: [ view_parse ] --START--
INFO: ParseTemplate Behavior ::run [ RunTime:0.012697s ]
INFO: [ view_parse ] --END-- [ RunTime:0.012762s ]
INFO: [ view_filter ] --START--
INFO: ContentReplace Behavior ::run [ RunTime:0.000246s ]
INFO: TokenBuild Behavior ::run [ RunTime:0.000248s ]
INFO: WriteHtmlCache Behavior ::run [ RunTime:0.000185s ]
INFO: ShowRuntime Behavior ::run [ RunTime:0.000303s ]
INFO: [ view_filter ] --END-- [ RunTime:0.001119s ]
INFO: [ view_end ] --START--
INFO: ShowPageTrace Behavior ::run [ RunTime:0.000408s ]
INFO: [ view_end ] --END-- [ RunTime:0.000447s ]

[ 2015-07-07T06:53:56+08:00 ] 0.0.0.0 /~changzhao619/2015/web/index.php/Index/verify
INFO: [ route_check ] --START--
INFO: CheckRoute Behavior ::run [ RunTime:0.006324s ]
INFO: [ route_check ] --END-- [ RunTime:0.006388s ]
INFO: [ app_begin ] --START--
INFO: ReadHtmlCache Behavior ::run [ RunTime:0.000310s ]
INFO: [ app_begin ] --END-- [ RunTime:0.000350s ]

[ 2015-07-07T06:56:33+08:00 ] 0.0.0.0 /~changzhao619/2015/web/index.php?m=Index&a=login
INFO: [ app_begin ] --START--
INFO: ReadHtmlCache Behavior ::run [ RunTime:0.000985s ]
INFO: [ app_begin ] --END-- [ RunTime:0.001074s ]
INFO: [ view_parse ] --START--
INFO: ParseTemplate Behavior ::run [ RunTime:0.011970s ]
INFO: [ view_parse ] --END-- [ RunTime:0.012055s ]
INFO: [ view_filter ] --START--
INFO: ContentReplace Behavior ::run [ RunTime:0.000371s ]
INFO: TokenBuild Behavior ::run [ RunTime:0.000372s ]
INFO: WriteHtmlCache Behavior ::run [ RunTime:0.000214s ]
INFO: ShowRuntime Behavior ::run [ RunTime:0.000429s ]
INFO: [ view_filter ] --END-- [ RunTime:0.001548s ]
INFO: [ view_end ] --START--
INFO: ShowPageTrace Behavior ::run [ RunTime:0.000549s ]
INFO: [ view_end ] --END-- [ RunTime:0.000602s ]

[ 2015-07-07T06:56:33+08:00 ] 0.0.0.0 /~changzhao619/2015/web/index.php/Index/verify
INFO: [ route_check ] --START--
INFO: CheckRoute Behavior ::run [ RunTime:0.000421s ]
INFO: [ route_check ] --END-- [ RunTime:0.000484s ]
INFO: [ app_begin ] --START--
INFO: ReadHtmlCache Behavior ::run [ RunTime:0.000294s ]
INFO: [ app_begin ] --END-- [ RunTime:0.000334s ]

[ 2015-07-07T06:56:34+08:00 ] 0.0.0.0 /~changzhao619/2015/web/index.php/Index/verify1436223394827
INFO: [ route_check ] --START--
INFO: CheckRoute Behavior ::run [ RunTime:0.000356s ]
INFO: [ route_check ] --END-- [ RunTime:0.000402s ]
INFO: [ app_begin ] --START--
INFO: ReadHtmlCache Behavior ::run [ RunTime:0.000234s ]
INFO: [ app_begin ] --END-- [ RunTime:0.000268s ]
ERR: 非法操作:verify1436223394827

[ 2015-07-07T06:56:35+08:00 ] 0.0.0.0 /~changzhao619/2015/web/index.php/Index/verify1436223395732
INFO: [ route_check ] --START--
INFO: CheckRoute Behavior ::run [ RunTime:0.000460s ]
INFO: [ route_check ] --END-- [ RunTime:0.000513s ]
INFO: [ app_begin ] --START--
INFO: ReadHtmlCache Behavior ::run [ RunTime:0.000279s ]
INFO: [ app_begin ] --END-- [ RunTime:0.000319s ]
ERR: 非法操作:verify1436223395732

[ 2015-07-07T06:56:36+08:00 ] 0.0.0.0 /~changzhao619/2015/web/index.php/Index/verify1436223396188
INFO: [ route_check ] --START--
INFO: CheckRoute Behavior ::run [ RunTime:0.000349s ]
INFO: [ route_check ] --END-- [ RunTime:0.000396s ]
INFO: [ app_begin ] --START--
INFO: ReadHtmlCache Behavior ::run [ RunTime:0.000237s ]
INFO: [ app_begin ] --END-- [ RunTime:0.000271s ]
ERR: 非法操作:verify1436223396188

[ 2015-07-07T06:56:36+08:00 ] 0.0.0.0 /~changzhao619/2015/web/index.php/Index/verify1436223396365
INFO: [ route_check ] --START--
INFO: CheckRoute Behavior ::run [ RunTime:0.000527s ]
INFO: [ route_check ] --END-- [ RunTime:0.000587s ]
INFO: [ app_begin ] --START--
INFO: ReadHtmlCache Behavior ::run [ RunTime:0.000318s ]
INFO: [ app_begin ] --END-- [ RunTime:0.000362s ]
ERR: 非法操作:verify1436223396365

[ 2015-07-07T06:56:36+08:00 ] 0.0.0.0 /~changzhao619/2015/web/index.php/Index/verify1436223396517
INFO: [ route_check ] --START--
INFO: CheckRoute Behavior ::run [ RunTime:0.000397s ]
INFO: [ route_check ] --END-- [ RunTime:0.000442s ]
INFO: [ app_begin ] --START--
INFO: ReadHtmlCache Behavior ::run [ RunTime:0.000236s ]
INFO: [ app_begin ] --END-- [ RunTime:0.000270s ]
ERR: 非法操作:verify1436223396517

[ 2015-07-07T06:56:36+08:00 ] 0.0.0.0 /~changzhao619/2015/web/index.php/Index/verify1436223396701
INFO: [ route_check ] --START--
INFO: CheckRoute Behavior ::run [ RunTime:0.000346s ]
INFO: [ route_check ] --END-- [ RunTime:0.000391s ]
INFO: [ app_begin ] --START--
INFO: ReadHtmlCache Behavior ::run [ RunTime:0.000261s ]
INFO: [ app_begin ] --END-- [ RunTime:0.000295s ]
ERR: 非法操作:verify1436223396701

[ 2015-07-07T06:56:46+08:00 ] 0.0.0.0 /~changzhao619/2015/web/index.php?m=Index&a=login
INFO: [ app_begin ] --START--
INFO: ReadHtmlCache Behavior ::run [ RunTime:0.002036s ]
INFO: [ app_begin ] --END-- [ RunTime:0.002126s ]
INFO: [ view_parse ] --START--
INFO: ParseTemplate Behavior ::run [ RunTime:0.011977s ]
INFO: [ view_parse ] --END-- [ RunTime:0.012083s ]
INFO: [ view_filter ] --START--
INFO: ContentReplace Behavior ::run [ RunTime:0.000382s ]
INFO: TokenBuild Behavior ::run [ RunTime:0.000326s ]
INFO: WriteHtmlCache Behavior ::run [ RunTime:0.000199s ]
INFO: ShowRuntime Behavior ::run [ RunTime:0.000379s ]
INFO: [ view_filter ] --END-- [ RunTime:0.001448s ]
INFO: [ view_end ] --START--
INFO: ShowPageTrace Behavior ::run [ RunTime:0.000551s ]
INFO: [ view_end ] --END-- [ RunTime:0.000604s ]

[ 2015-07-07T06:56:46+08:00 ] 0.0.0.0 /~changzhao619/2015/web/index.php/Index/verify
INFO: [ route_check ] --START--
INFO: CheckRoute Behavior ::run [ RunTime:0.000678s ]
INFO: [ route_check ] --END-- [ RunTime:0.000794s ]
INFO: [ app_begin ] --START--
INFO: ReadHtmlCache Behavior ::run [ RunTime:0.000444s ]
INFO: [ app_begin ] --END-- [ RunTime:0.000507s ]

[ 2015-07-07T06:56:48+08:00 ] 0.0.0.0 /~changzhao619/2015/web/index.php/Index/verify/1436223408021
INFO: [ route_check ] --START--
INFO: CheckRoute Behavior ::run [ RunTime:0.000399s ]
INFO: [ route_check ] --END-- [ RunTime:0.000450s ]
INFO: [ app_begin ] --START--
INFO: ReadHtmlCache Behavior ::run [ RunTime:0.000276s ]
INFO: [ app_begin ] --END-- [ RunTime:0.000314s ]

[ 2015-07-07T06:56:48+08:00 ] 0.0.0.0 /~changzhao619/2015/web/index.php/Index/verify/1436223408670
INFO: [ route_check ] --START--
INFO: CheckRoute Behavior ::run [ RunTime:0.000381s ]
INFO: [ route_check ] --END-- [ RunTime:0.000426s ]
INFO: [ app_begin ] --START--
INFO: ReadHtmlCache Behavior ::run [ RunTime:0.000234s ]
INFO: [ app_begin ] --END-- [ RunTime:0.000268s ]

[ 2015-07-07T06:56:49+08:00 ] 0.0.0.0 /~changzhao619/2015/web/index.php/Index/verify/1436223409102
INFO: [ route_check ] --START--
INFO: CheckRoute Behavior ::run [ RunTime:0.000946s ]
INFO: [ route_check ] --END-- [ RunTime:0.001034s ]
INFO: [ app_begin ] --START--
INFO: ReadHtmlCache Behavior ::run [ RunTime:0.000486s ]
INFO: [ app_begin ] --END-- [ RunTime:0.000554s ]

[ 2015-07-07T06:56:49+08:00 ] 0.0.0.0 /~changzhao619/2015/web/index.php/Index/verify/1436223409454
INFO: [ route_check ] --START--
INFO: CheckRoute Behavior ::run [ RunTime:0.000474s ]
INFO: [ route_check ] --END-- [ RunTime:0.000536s ]
INFO: [ app_begin ] --START--
INFO: ReadHtmlCache Behavior ::run [ RunTime:0.000326s ]
INFO: [ app_begin ] --END-- [ RunTime:0.000373s ]

[ 2015-07-07T06:56:49+08:00 ] 0.0.0.0 /~changzhao619/2015/web/index.php/Index/verify/1436223409744
INFO: [ route_check ] --START--
INFO: CheckRoute Behavior ::run [ RunTime:0.000446s ]
INFO: [ route_check ] --END-- [ RunTime:0.000515s ]
INFO: [ app_begin ] --START--
INFO: ReadHtmlCache Behavior ::run [ RunTime:0.000285s ]
INFO: [ app_begin ] --END-- [ RunTime:0.000324s ]

[ 2015-07-07T06:56:49+08:00 ] 0.0.0.0 /~changzhao619/2015/web/index.php/Index/verify/1436223409976
INFO: [ route_check ] --START--
INFO: CheckRoute Behavior ::run [ RunTime:0.000473s ]
INFO: [ route_check ] --END-- [ RunTime:0.000535s ]
INFO: [ app_begin ] --START--
INFO: ReadHtmlCache Behavior ::run [ RunTime:0.000322s ]
INFO: [ app_begin ] --END-- [ RunTime:0.000369s ]

[ 2015-07-07T06:56:50+08:00 ] 0.0.0.0 /~changzhao619/2015/web/index.php/Index/verify/1436223410192
INFO: [ route_check ] --START--
INFO: CheckRoute Behavior ::run [ RunTime:0.000351s ]
INFO: [ route_check ] --END-- [ RunTime:0.000398s ]
INFO: [ app_begin ] --START--
INFO: ReadHtmlCache Behavior ::run [ RunTime:0.000235s ]
INFO: [ app_begin ] --END-- [ RunTime:0.000269s ]

[ 2015-07-07T06:56:50+08:00 ] 0.0.0.0 /~changzhao619/2015/web/index.php/Index/verify/1436223410384
INFO: [ route_check ] --START--
INFO: CheckRoute Behavior ::run [ RunTime:0.000373s ]
INFO: [ route_check ] --END-- [ RunTime:0.000421s ]
INFO: [ app_begin ] --START--
INFO: ReadHtmlCache Behavior ::run [ RunTime:0.000257s ]
INFO: [ app_begin ] --END-- [ RunTime:0.000292s ]

[ 2015-07-07T06:56:50+08:00 ] 0.0.0.0 /~changzhao619/2015/web/index.php/Index/verify/1436223410576
INFO: [ route_check ] --START--
INFO: CheckRoute Behavior ::run [ RunTime:0.000351s ]
INFO: [ route_check ] --END-- [ RunTime:0.000397s ]
INFO: [ app_begin ] --START--
INFO: ReadHtmlCache Behavior ::run [ RunTime:0.000251s ]
INFO: [ app_begin ] --END-- [ RunTime:0.000284s ]

[ 2015-07-07T06:56:50+08:00 ] 0.0.0.0 /~changzhao619/2015/web/index.php/Index/verify/1436223410831
INFO: [ route_check ] --START--
INFO: CheckRoute Behavior ::run [ RunTime:0.000544s ]
INFO: [ route_check ] --END-- [ RunTime:0.000599s ]
INFO: [ app_begin ] --START--
INFO: ReadHtmlCache Behavior ::run [ RunTime:0.000265s ]
INFO: [ app_begin ] --END-- [ RunTime:0.000303s ]

[ 2015-07-07T06:56:51+08:00 ] 0.0.0.0 /~changzhao619/2015/web/index.php/Index/verify/1436223411016
INFO: [ route_check ] --START--
INFO: CheckRoute Behavior ::run [ RunTime:0.000469s ]
INFO: [ route_check ] --END-- [ RunTime:0.000527s ]
INFO: [ app_begin ] --START--
INFO: ReadHtmlCache Behavior ::run [ RunTime:0.000340s ]
INFO: [ app_begin ] --END-- [ RunTime:0.000388s ]

[ 2015-07-07T06:56:51+08:00 ] 0.0.0.0 /~changzhao619/2015/web/index.php/Index/verify/1436223411408
INFO: [ route_check ] --START--
INFO: CheckRoute Behavior ::run [ RunTime:0.000352s ]
INFO: [ route_check ] --END-- [ RunTime:0.000399s ]
INFO: [ app_begin ] --START--
INFO: ReadHtmlCache Behavior ::run [ RunTime:0.000237s ]
INFO: [ app_begin ] --END-- [ RunTime:0.000270s ]

[ 2015-07-07T06:56:51+08:00 ] 0.0.0.0 /~changzhao619/2015/web/index.php/Index/verify/1436223411609
INFO: [ route_check ] --START--
INFO: CheckRoute Behavior ::run [ RunTime:0.000471s ]
INFO: [ route_check ] --END-- [ RunTime:0.000531s ]
INFO: [ app_begin ] --START--
INFO: ReadHtmlCache Behavior ::run [ RunTime:0.000321s ]
INFO: [ app_begin ] --END-- [ RunTime:0.000362s ]

[ 2015-07-07T06:56:51+08:00 ] 0.0.0.0 /~changzhao619/2015/web/index.php/Index/verify/1436223411793
INFO: [ route_check ] --START--
INFO: CheckRoute Behavior ::run [ RunTime:0.000369s ]
INFO: [ route_check ] --END-- [ RunTime:0.000416s ]
INFO: [ app_begin ] --START--
INFO: ReadHtmlCache Behavior ::run [ RunTime:0.000264s ]
INFO: [ app_begin ] --END-- [ RunTime:0.000298s ]

[ 2015-07-07T06:56:51+08:00 ] 0.0.0.0 /~changzhao619/2015/web/index.php/Index/verify/1436223411989
INFO: [ route_check ] --START--
INFO: CheckRoute Behavior ::run [ RunTime:0.000379s ]
INFO: [ route_check ] --END-- [ RunTime:0.000424s ]
INFO: [ app_begin ] --START--
INFO: ReadHtmlCache Behavior ::run [ RunTime:0.000274s ]
INFO: [ app_begin ] --END-- [ RunTime:0.000319s ]

[ 2015-07-07T06:56:52+08:00 ] 0.0.0.0 /~changzhao619/2015/web/index.php/Index/verify/1436223412189
INFO: [ route_check ] --START--
INFO: CheckRoute Behavior ::run [ RunTime:0.000744s ]
INFO: [ route_check ] --END-- [ RunTime:0.000814s ]
INFO: [ app_begin ] --START--
INFO: ReadHtmlCache Behavior ::run [ RunTime:0.000403s ]
INFO: [ app_begin ] --END-- [ RunTime:0.000457s ]

[ 2015-07-07T06:56:52+08:00 ] 0.0.0.0 /~changzhao619/2015/web/index.php/Index/verify/1436223412374
INFO: [ route_check ] --START--
INFO: CheckRoute Behavior ::run [ RunTime:0.000352s ]
INFO: [ route_check ] --END-- [ RunTime:0.000400s ]
INFO: [ app_begin ] --START--
INFO: ReadHtmlCache Behavior ::run [ RunTime:0.000239s ]
INFO: [ app_begin ] --END-- [ RunTime:0.000272s ]

[ 2015-07-07T06:56:52+08:00 ] 0.0.0.0 /~changzhao619/2015/web/index.php/Index/verify/1436223412557
INFO: [ route_check ] --START--
INFO: CheckRoute Behavior ::run [ RunTime:0.000529s ]
INFO: [ route_check ] --END-- [ RunTime:0.000616s ]
INFO: [ app_begin ] --START--
INFO: ReadHtmlCache Behavior ::run [ RunTime:0.000267s ]
INFO: [ app_begin ] --END-- [ RunTime:0.000306s ]

[ 2015-07-07T06:56:52+08:00 ] 0.0.0.0 /~changzhao619/2015/web/index.php/Index/verify/1436223412742
INFO: [ route_check ] --START--
INFO: CheckRoute Behavior ::run [ RunTime:0.000526s ]
INFO: [ route_check ] --END-- [ RunTime:0.000581s ]
INFO: [ app_begin ] --START--
INFO: ReadHtmlCache Behavior ::run [ RunTime:0.000277s ]
INFO: [ app_begin ] --END-- [ RunTime:0.000313s ]

[ 2015-07-07T06:56:53+08:00 ] 0.0.0.0 /~changzhao619/2015/web/index.php/Index/verify/1436223413094
INFO: [ route_check ] --START--
INFO: CheckRoute Behavior ::run [ RunTime:0.000351s ]
INFO: [ route_check ] --END-- [ RunTime:0.000398s ]
INFO: [ app_begin ] --START--
INFO: ReadHtmlCache Behavior ::run [ RunTime:0.000233s ]
INFO: [ app_begin ] --END-- [ RunTime:0.000268s ]

[ 2015-07-07T06:56:53+08:00 ] 0.0.0.0 /~changzhao619/2015/web/index.php/Index/verify/1436223413286
INFO: [ route_check ] --START--
INFO: CheckRoute Behavior ::run [ RunTime:0.000534s ]
INFO: [ route_check ] --END-- [ RunTime:0.000594s ]
INFO: [ app_begin ] --START--
INFO: ReadHtmlCache Behavior ::run [ RunTime:0.000322s ]
INFO: [ app_begin ] --END-- [ RunTime:0.000368s ]

[ 2015-07-07T06:56:53+08:00 ] 0.0.0.0 /~changzhao619/2015/web/index.php/Index/verify/1436223413455
INFO: [ route_check ] --START--
INFO: CheckRoute Behavior ::run [ RunTime:0.000352s ]
INFO: [ route_check ] --END-- [ RunTime:0.000408s ]
INFO: [ app_begin ] --START--
INFO: ReadHtmlCache Behavior ::run [ RunTime:0.000237s ]
INFO: [ app_begin ] --END-- [ RunTime:0.000271s ]

[ 2015-07-07T06:56:53+08:00 ] 0.0.0.0 /~changzhao619/2015/web/index.php/Index/verify/1436223413662
INFO: [ route_check ] --START--
INFO: CheckRoute Behavior ::run [ RunTime:0.000469s ]
INFO: [ route_check ] --END-- [ RunTime:0.000527s ]
INFO: [ app_begin ] --START--
INFO: ReadHtmlCache Behavior ::run [ RunTime:0.000321s ]
INFO: [ app_begin ] --END-- [ RunTime:0.000364s ]

[ 2015-07-07T06:56:53+08:00 ] 0.0.0.0 /~changzhao619/2015/web/index.php/Index/verify/1436223413846
INFO: [ route_check ] --START--
INFO: CheckRoute Behavior ::run [ RunTime:0.000766s ]
INFO: [ route_check ] --END-- [ RunTime:0.000852s ]
INFO: [ app_begin ] --START--
INFO: ReadHtmlCache Behavior ::run [ RunTime:0.000463s ]
INFO: [ app_begin ] --END-- [ RunTime:0.000551s ]

[ 2015-07-07T06:56:54+08:00 ] 0.0.0.0 /~changzhao619/2015/web/index.php/Index/verify/1436223414023
INFO: [ route_check ] --START--
INFO: CheckRoute Behavior ::run [ RunTime:0.000381s ]
INFO: [ route_check ] --END-- [ RunTime:0.000429s ]
INFO: [ app_begin ] --START--
INFO: ReadHtmlCache Behavior ::run [ RunTime:0.000234s ]
INFO: [ app_begin ] --END-- [ RunTime:0.000269s ]

[ 2015-07-07T06:56:54+08:00 ] 0.0.0.0 /~changzhao619/2015/web/index.php/Index/verify/1436223414207
INFO: [ route_check ] --START--
INFO: CheckRoute Behavior ::run [ RunTime:0.000355s ]
INFO: [ route_check ] --END-- [ RunTime:0.000403s ]
INFO: [ app_begin ] --START--
INFO: ReadHtmlCache Behavior ::run [ RunTime:0.000262s ]
INFO: [ app_begin ] --END-- [ RunTime:0.000295s ]

[ 2015-07-07T06:57:03+08:00 ] 0.0.0.0 /~changzhao619/2015/web/index.php?m=Index&a=login
INFO: [ app_begin ] --START--
INFO: ReadHtmlCache Behavior ::run [ RunTime:0.000416s ]
INFO: [ app_begin ] --END-- [ RunTime:0.000502s ]
INFO: [ view_parse ] --START--
INFO: ParseTemplate Behavior ::run [ RunTime:0.012244s ]
INFO: [ view_parse ] --END-- [ RunTime:0.012335s ]
INFO: [ view_filter ] --START--
INFO: ContentReplace Behavior ::run [ RunTime:0.000379s ]
INFO: TokenBuild Behavior ::run [ RunTime:0.000273s ]
INFO: WriteHtmlCache Behavior ::run [ RunTime:0.000144s ]
INFO: ShowRuntime Behavior ::run [ RunTime:0.000359s ]
INFO: [ view_filter ] --END-- [ RunTime:0.001298s ]
INFO: [ view_end ] --START--
INFO: ShowPageTrace Behavior ::run [ RunTime:0.000480s ]
INFO: [ view_end ] --END-- [ RunTime:0.000538s ]

[ 2015-07-07T06:57:03+08:00 ] 0.0.0.0 /~changzhao619/2015/web/index.php/Index/verify
INFO: [ route_check ] --START--
INFO: CheckRoute Behavior ::run [ RunTime:0.000694s ]
INFO: [ route_check ] --END-- [ RunTime:0.000790s ]
INFO: [ app_begin ] --START--
INFO: ReadHtmlCache Behavior ::run [ RunTime:0.000371s ]
INFO: [ app_begin ] --END-- [ RunTime:0.000434s ]

[ 2015-07-07T06:57:04+08:00 ] 0.0.0.0 /~changzhao619/2015/web/index.php/Index/verify/1436223424293
INFO: [ route_check ] --START--
INFO: CheckRoute Behavior ::run [ RunTime:0.000478s ]
INFO: [ route_check ] --END-- [ RunTime:0.000537s ]
INFO: [ app_begin ] --START--
INFO: ReadHtmlCache Behavior ::run [ RunTime:0.000290s ]
INFO: [ app_begin ] --END-- [ RunTime:0.000331s ]

[ 2015-07-07T06:57:05+08:00 ] 0.0.0.0 /~changzhao619/2015/web/index.php/Index/verify/1436223425229
INFO: [ route_check ] --START--
INFO: CheckRoute Behavior ::run [ RunTime:0.000469s ]
INFO: [ route_check ] --END-- [ RunTime:0.000533s ]
INFO: [ app_begin ] --START--
INFO: ReadHtmlCache Behavior ::run [ RunTime:0.000261s ]
INFO: [ app_begin ] --END-- [ RunTime:0.000316s ]

[ 2015-07-07T06:57:05+08:00 ] 0.0.0.0 /~changzhao619/2015/web/index.php/Index/verify/1436223425734
INFO: [ route_check ] --START--
INFO: CheckRoute Behavior ::run [ RunTime:0.000371s ]
INFO: [ route_check ] --END-- [ RunTime:0.000416s ]
INFO: [ app_begin ] --START--
INFO: ReadHtmlCache Behavior ::run [ RunTime:0.000266s ]
INFO: [ app_begin ] --END-- [ RunTime:0.000299s ]

[ 2015-07-07T06:57:06+08:00 ] 0.0.0.0 /~changzhao619/2015/web/index.php/Index/verify/1436223426231
INFO: [ route_check ] --START--
INFO: CheckRoute Behavior ::run [ RunTime:0.000388s ]
INFO: [ route_check ] --END-- [ RunTime:0.000438s ]
INFO: [ app_begin ] --START--
INFO: ReadHtmlCache Behavior ::run [ RunTime:0.000263s ]
INFO: [ app_begin ] --END-- [ RunTime:0.000299s ]

[ 2015-07-07T06:57:06+08:00 ] 0.0.0.0 /~changzhao619/2015/web/index.php/Index/verify/1436223426623
INFO: [ route_check ] --START--
INFO: CheckRoute Behavior ::run [ RunTime:0.000475s ]
INFO: [ route_check ] --END-- [ RunTime:0.000539s ]
INFO: [ app_begin ] --START--
INFO: ReadHtmlCache Behavior ::run [ RunTime:0.000266s ]
INFO: [ app_begin ] --END-- [ RunTime:0.000303s ]

[ 2015-07-07T06:57:06+08:00 ] 0.0.0.0 /~changzhao619/2015/web/index.php/Index/verify/1436223426791
INFO: [ route_check ] --START--
INFO: CheckRoute Behavior ::run [ RunTime:0.000440s ]
INFO: [ route_check ] --END-- [ RunTime:0.000495s ]
INFO: [ app_begin ] --START--
INFO: ReadHtmlCache Behavior ::run [ RunTime:0.000304s ]
INFO: [ app_begin ] --END-- [ RunTime:0.000341s ]

[ 2015-07-07T06:57:06+08:00 ] 0.0.0.0 /~changzhao619/2015/web/index.php/Index/verify/1436223426959
INFO: [ route_check ] --START--
INFO: CheckRoute Behavior ::run [ RunTime:0.000491s ]
INFO: [ route_check ] --END-- [ RunTime:0.000553s ]
INFO: [ app_begin ] --START--
INFO: ReadHtmlCache Behavior ::run [ RunTime:0.000316s ]
INFO: [ app_begin ] --END-- [ RunTime:0.000363s ]

[ 2015-07-07T06:57:07+08:00 ] 0.0.0.0 /~changzhao619/2015/web/index.php/Index/verify/1436223427128
INFO: [ route_check ] --START--
INFO: CheckRoute Behavior ::run [ RunTime:0.000347s ]
INFO: [ route_check ] --END-- [ RunTime:0.000393s ]
INFO: [ app_begin ] --START--
INFO: ReadHtmlCache Behavior ::run [ RunTime:0.000234s ]
INFO: [ app_begin ] --END-- [ RunTime:0.000267s ]

[ 2015-07-07T06:57:07+08:00 ] 0.0.0.0 /~changzhao619/2015/web/index.php/Index/verify/1436223427304
INFO: [ route_check ] --START--
INFO: CheckRoute Behavior ::run [ RunTime:0.000567s ]
INFO: [ route_check ] --END-- [ RunTime:0.000654s ]
INFO: [ app_begin ] --START--
INFO: ReadHtmlCache Behavior ::run [ RunTime:0.000322s ]
INFO: [ app_begin ] --END-- [ RunTime:0.000362s ]

[ 2015-07-07T06:57:07+08:00 ] 0.0.0.0 /~changzhao619/2015/web/index.php/Index/verify/1436223427487
INFO: [ route_check ] --START--
INFO: CheckRoute Behavior ::run [ RunTime:0.000347s ]
INFO: [ route_check ] --END-- [ RunTime:0.000391s ]
INFO: [ app_begin ] --START--
INFO: ReadHtmlCache Behavior ::run [ RunTime:0.000257s ]
INFO: [ app_begin ] --END-- [ RunTime:0.000310s ]

[ 2015-07-07T06:57:07+08:00 ] 0.0.0.0 /~changzhao619/2015/web/index.php/Index/verify/1436223427672
INFO: [ route_check ] --START--
INFO: CheckRoute Behavior ::run [ RunTime:0.000475s ]
INFO: [ route_check ] --END-- [ RunTime:0.000536s ]
INFO: [ app_begin ] --START--
INFO: ReadHtmlCache Behavior ::run [ RunTime:0.000318s ]
INFO: [ app_begin ] --END-- [ RunTime:0.000363s ]

[ 2015-07-07T06:57:07+08:00 ] 0.0.0.0 /~changzhao619/2015/web/index.php/Index/verify/1436223427840
INFO: [ route_check ] --START--
INFO: CheckRoute Behavior ::run [ RunTime:0.000527s ]
INFO: [ route_check ] --END-- [ RunTime:0.000590s ]
INFO: [ app_begin ] --START--
INFO: ReadHtmlCache Behavior ::run [ RunTime:0.000307s ]
INFO: [ app_begin ] --END-- [ RunTime:0.000347s ]

[ 2015-07-07T06:57:08+08:00 ] 0.0.0.0 /~changzhao619/2015/web/index.php/Index/verify/1436223428001
INFO: [ route_check ] --START--
INFO: CheckRoute Behavior ::run [ RunTime:0.000467s ]
INFO: [ route_check ] --END-- [ RunTime:0.000536s ]
INFO: [ app_begin ] --START--
INFO: ReadHtmlCache Behavior ::run [ RunTime:0.000315s ]
INFO: [ app_begin ] --END-- [ RunTime:0.000370s ]

[ 2015-07-07T06:57:08+08:00 ] 0.0.0.0 /~changzhao619/2015/web/index.php/Index/verify/1436223428180
INFO: [ route_check ] --START--
INFO: CheckRoute Behavior ::run [ RunTime:0.000385s ]
INFO: [ route_check ] --END-- [ RunTime:0.000430s ]
INFO: [ app_begin ] --START--
INFO: ReadHtmlCache Behavior ::run [ RunTime:0.000233s ]
INFO: [ app_begin ] --END-- [ RunTime:0.000266s ]

[ 2015-07-07T06:57:11+08:00 ] 0.0.0.0 /~changzhao619/2015/web/index.php?m=Index&a=login
INFO: [ app_begin ] --START--
INFO: ReadHtmlCache Behavior ::run [ RunTime:0.000270s ]
INFO: [ app_begin ] --END-- [ RunTime:0.000320s ]
INFO: [ view_parse ] --START--
INFO: ParseTemplate Behavior ::run [ RunTime:0.012201s ]
INFO: [ view_parse ] --END-- [ RunTime:0.012273s ]
INFO: [ view_filter ] --START--
INFO: ContentReplace Behavior ::run [ RunTime:0.000256s ]
INFO: TokenBuild Behavior ::run [ RunTime:0.000218s ]
INFO: WriteHtmlCache Behavior ::run [ RunTime:0.000135s ]
INFO: ShowRuntime Behavior ::run [ RunTime:0.000265s ]
INFO: [ view_filter ] --END-- [ RunTime:0.000982s ]
INFO: [ view_end ] --START--
INFO: ShowPageTrace Behavior ::run [ RunTime:0.000374s ]
INFO: [ view_end ] --END-- [ RunTime:0.000410s ]

[ 2015-07-07T06:57:11+08:00 ] 0.0.0.0 /~changzhao619/2015/web/index.php/Index/verify
INFO: [ route_check ] --START--
INFO: CheckRoute Behavior ::run [ RunTime:0.000750s ]
INFO: [ route_check ] --END-- [ RunTime:0.000841s ]
INFO: [ app_begin ] --START--
INFO: ReadHtmlCache Behavior ::run [ RunTime:0.000455s ]
INFO: [ app_begin ] --END-- [ RunTime:0.000529s ]

[ 2015-07-07T06:57:12+08:00 ] 0.0.0.0 /~changzhao619/2015/web/index.php/Index/verify/1436223432605
INFO: [ route_check ] --START--
INFO: CheckRoute Behavior ::run [ RunTime:0.000348s ]
INFO: [ route_check ] --END-- [ RunTime:0.000392s ]
INFO: [ app_begin ] --START--
INFO: ReadHtmlCache Behavior ::run [ RunTime:0.000232s ]
INFO: [ app_begin ] --END-- [ RunTime:0.000265s ]

[ 2015-07-07T06:57:13+08:00 ] 0.0.0.0 /~changzhao619/2015/web/index.php/Index/verify/1436223433230
INFO: [ route_check ] --START--
INFO: CheckRoute Behavior ::run [ RunTime:0.000582s ]
INFO: [ route_check ] --END-- [ RunTime:0.000657s ]
INFO: [ app_begin ] --START--
INFO: ReadHtmlCache Behavior ::run [ RunTime:0.000331s ]
INFO: [ app_begin ] --END-- [ RunTime:0.000379s ]

[ 2015-07-07T06:57:13+08:00 ] 0.0.0.0 /~changzhao619/2015/web/index.php/Index/verify/1436223433390
INFO: [ route_check ] --START--
INFO: CheckRoute Behavior ::run [ RunTime:0.000473s ]
INFO: [ route_check ] --END-- [ RunTime:0.000535s ]
INFO: [ app_begin ] --START--
INFO: ReadHtmlCache Behavior ::run [ RunTime:0.000317s ]
INFO: [ app_begin ] --END-- [ RunTime:0.000364s ]

[ 2015-07-07T06:57:13+08:00 ] 0.0.0.0 /~changzhao619/2015/web/index.php/Index/verify/1436223433669
INFO: [ route_check ] --START--
INFO: CheckRoute Behavior ::run [ RunTime:0.000467s ]
INFO: [ route_check ] --END-- [ RunTime:0.000525s ]
INFO: [ app_begin ] --START--
INFO: ReadHtmlCache Behavior ::run [ RunTime:0.000320s ]
INFO: [ app_begin ] --END-- [ RunTime:0.000365s ]

[ 2015-07-07T06:57:14+08:00 ] 0.0.0.0 /~changzhao619/2015/web/index.php/Index/verify/1436223434038
INFO: [ route_check ] --START--
INFO: CheckRoute Behavior ::run [ RunTime:0.000804s ]
INFO: [ route_check ] --END-- [ RunTime:0.000877s ]
INFO: [ app_begin ] --START--
INFO: ReadHtmlCache Behavior ::run [ RunTime:0.000273s ]
INFO: [ app_begin ] --END-- [ RunTime:0.000311s ]

[ 2015-07-07T06:57:14+08:00 ] 0.0.0.0 /~changzhao619/2015/web/index.php/Index/verify/1436223434222
INFO: [ route_check ] --START--
INFO: CheckRoute Behavior ::run [ RunTime:0.000553s ]
INFO: [ route_check ] --END-- [ RunTime:0.000639s ]
INFO: [ app_begin ] --START--
INFO: ReadHtmlCache Behavior ::run [ RunTime:0.000569s ]
INFO: [ app_begin ] --END-- [ RunTime:0.000629s ]

[ 2015-07-07T06:57:19+08:00 ] 0.0.0.0 /~changzhao619/2015/web/index.php?m=Index&a=login
INFO: [ app_begin ] --START--
INFO: ReadHtmlCache Behavior ::run [ RunTime:0.000332s ]
INFO: [ app_begin ] --END-- [ RunTime:0.000402s ]
INFO: [ view_parse ] --START--
INFO: ParseTemplate Behavior ::run [ RunTime:0.012829s ]
INFO: [ view_parse ] --END-- [ RunTime:0.012929s ]
INFO: [ view_filter ] --START--
INFO: ContentReplace Behavior ::run [ RunTime:0.000380s ]
INFO: TokenBuild Behavior ::run [ RunTime:0.000318s ]
INFO: WriteHtmlCache Behavior ::run [ RunTime:0.000196s ]
INFO: ShowRuntime Behavior ::run [ RunTime:0.000371s ]
INFO: [ view_filter ] --END-- [ RunTime:0.001424s ]
INFO: [ view_end ] --START--
INFO: ShowPageTrace Behavior ::run [ RunTime:0.000884s ]
INFO: [ view_end ] --END-- [ RunTime:0.000942s ]

[ 2015-07-07T06:57:19+08:00 ] 0.0.0.0 /~changzhao619/2015/web/index.php/Index/verify
INFO: [ route_check ] --START--
INFO: CheckRoute Behavior ::run [ RunTime:0.000478s ]
INFO: [ route_check ] --END-- [ RunTime:0.000543s ]
INFO: [ app_begin ] --START--
INFO: ReadHtmlCache Behavior ::run [ RunTime:0.000401s ]
INFO: [ app_begin ] --END-- [ RunTime:0.000457s ]

[ 2015-07-07T06:57:19+08:00 ] 0.0.0.0 /~changzhao619/2015/web/index.php/Index/verify/1436223439944
INFO: [ route_check ] --START--
INFO: CheckRoute Behavior ::run [ RunTime:0.000436s ]
INFO: [ route_check ] --END-- [ RunTime:0.000491s ]
INFO: [ app_begin ] --START--
INFO: ReadHtmlCache Behavior ::run [ RunTime:0.000268s ]
INFO: [ app_begin ] --END-- [ RunTime:0.000314s ]

[ 2015-07-07T06:57:20+08:00 ] 0.0.0.0 /~changzhao619/2015/web/index.php/Index/verify/1436223440353
INFO: [ route_check ] --START--
INFO: CheckRoute Behavior ::run [ RunTime:0.000466s ]
INFO: [ route_check ] --END-- [ RunTime:0.000524s ]
INFO: [ app_begin ] --START--
INFO: ReadHtmlCache Behavior ::run [ RunTime:0.000467s ]
INFO: [ app_begin ] --END-- [ RunTime:0.000536s ]

[ 2015-07-07T06:57:20+08:00 ] 0.0.0.0 /~changzhao619/2015/web/index.php/Index/verify/1436223440529
INFO: [ route_check ] --START--
INFO: CheckRoute Behavior ::run [ RunTime:0.000473s ]
INFO: [ route_check ] --END-- [ RunTime:0.000534s ]
INFO: [ app_begin ] --START--
INFO: ReadHtmlCache Behavior ::run [ RunTime:0.000314s ]
INFO: [ app_begin ] --END-- [ RunTime:0.000360s ]

[ 2015-07-07T06:57:20+08:00 ] 0.0.0.0 /~changzhao619/2015/web/index.php/Index/verify/1436223440712
INFO: [ route_check ] --START--
INFO: CheckRoute Behavior ::run [ RunTime:0.000487s ]
INFO: [ route_check ] --END-- [ RunTime:0.000550s ]
INFO: [ app_begin ] --START--
INFO: ReadHtmlCache Behavior ::run [ RunTime:0.000322s ]
INFO: [ app_begin ] --END-- [ RunTime:0.000367s ]

[ 2015-07-07T06:57:20+08:00 ] 0.0.0.0 /~changzhao619/2015/web/index.php/Index/verify/1436223440881
INFO: [ route_check ] --START--
INFO: CheckRoute Behavior ::run [ RunTime:0.000349s ]
INFO: [ route_check ] --END-- [ RunTime:0.000394s ]
INFO: [ app_begin ] --START--
INFO: ReadHtmlCache Behavior ::run [ RunTime:0.000242s ]
INFO: [ app_begin ] --END-- [ RunTime:0.000276s ]

[ 2015-07-07T06:57:21+08:00 ] 0.0.0.0 /~changzhao619/2015/web/index.php/Index/verify/1436223441058
INFO: [ route_check ] --START--
INFO: CheckRoute Behavior ::run [ RunTime:0.000370s ]
INFO: [ route_check ] --END-- [ RunTime:0.000418s ]
INFO: [ app_begin ] --START--
INFO: ReadHtmlCache Behavior ::run [ RunTime:0.001299s ]
INFO: [ app_begin ] --END-- [ RunTime:0.001350s ]

[ 2015-07-07T06:57:21+08:00 ] 0.0.0.0 /~changzhao619/2015/web/index.php/Index/verify/1436223441309
INFO: [ route_check ] --START--
INFO: CheckRoute Behavior ::run [ RunTime:0.000576s ]
INFO: [ route_check ] --END-- [ RunTime:0.000631s ]
INFO: [ app_begin ] --START--
INFO: ReadHtmlCache Behavior ::run [ RunTime:0.000266s ]
INFO: [ app_begin ] --END-- [ RunTime:0.000303s ]

[ 2015-07-07T06:57:21+08:00 ] 0.0.0.0 /~changzhao619/2015/web/index.php/Index/verify/1436223441534
INFO: [ route_check ] --START--
INFO: CheckRoute Behavior ::run [ RunTime:0.000697s ]
INFO: [ route_check ] --END-- [ RunTime:0.000782s ]
INFO: [ app_begin ] --START--
INFO: ReadHtmlCache Behavior ::run [ RunTime:0.000498s ]
INFO: [ app_begin ] --END-- [ RunTime:0.000565s ]

[ 2015-07-07T06:57:21+08:00 ] 0.0.0.0 /~changzhao619/2015/web/index.php/Index/verify/1436223441758
INFO: [ route_check ] --START--
INFO: CheckRoute Behavior ::run [ RunTime:0.000532s ]
INFO: [ route_check ] --END-- [ RunTime:0.000592s ]
INFO: [ app_begin ] --START--
INFO: ReadHtmlCache Behavior ::run [ RunTime:0.000276s ]
INFO: [ app_begin ] --END-- [ RunTime:0.000322s ]

[ 2015-07-07T06:57:21+08:00 ] 0.0.0.0 /~changzhao619/2015/web/index.php/Index/verify/1436223441982
INFO: [ route_check ] --START--
INFO: CheckRoute Behavior ::run [ RunTime:0.000347s ]
INFO: [ route_check ] --END-- [ RunTime:0.000391s ]
INFO: [ app_begin ] --START--
INFO: ReadHtmlCache Behavior ::run [ RunTime:0.000233s ]
INFO: [ app_begin ] --END-- [ RunTime:0.000266s ]

[ 2015-07-07T06:57:22+08:00 ] 0.0.0.0 /~changzhao619/2015/web/index.php/Index/verify/1436223442175
INFO: [ route_check ] --START--
INFO: CheckRoute Behavior ::run [ RunTime:0.000351s ]
INFO: [ route_check ] --END-- [ RunTime:0.000397s ]
INFO: [ app_begin ] --START--
INFO: ReadHtmlCache Behavior ::run [ RunTime:0.000247s ]
INFO: [ app_begin ] --END-- [ RunTime:0.000292s ]

[ 2015-07-07T06:57:22+08:00 ] 0.0.0.0 /~changzhao619/2015/web/index.php/Index/verify/1436223442343
INFO: [ route_check ] --START--
INFO: CheckRoute Behavior ::run [ RunTime:0.000469s ]
INFO: [ route_check ] --END-- [ RunTime:0.000529s ]
INFO: [ app_begin ] --START--
INFO: ReadHtmlCache Behavior ::run [ RunTime:0.000328s ]
INFO: [ app_begin ] --END-- [ RunTime:0.000369s ]

[ 2015-07-07T06:57:22+08:00 ] 0.0.0.0 /~changzhao619/2015/web/index.php/Index/verify/1436223442535
INFO: [ route_check ] --START--
INFO: CheckRoute Behavior ::run [ RunTime:0.000348s ]
INFO: [ route_check ] --END-- [ RunTime:0.000395s ]
INFO: [ app_begin ] --START--
INFO: ReadHtmlCache Behavior ::run [ RunTime:0.000243s ]
INFO: [ app_begin ] --END-- [ RunTime:0.000278s ]

[ 2015-07-07T06:57:22+08:00 ] 0.0.0.0 /~changzhao619/2015/web/index.php/Index/verify/1436223442719
INFO: [ route_check ] --START--
INFO: CheckRoute Behavior ::run [ RunTime:0.000372s ]
INFO: [ route_check ] --END-- [ RunTime:0.000416s ]
INFO: [ app_begin ] --START--
INFO: ReadHtmlCache Behavior ::run [ RunTime:0.000234s ]
INFO: [ app_begin ] --END-- [ RunTime:0.000267s ]

[ 2015-07-07T06:57:22+08:00 ] 0.0.0.0 /~changzhao619/2015/web/index.php/Index/verify/1436223442919
INFO: [ route_check ] --START--
INFO: CheckRoute Behavior ::run [ RunTime:0.000345s ]
INFO: [ route_check ] --END-- [ RunTime:0.000390s ]
INFO: [ app_begin ] --START--
INFO: ReadHtmlCache Behavior ::run [ RunTime:0.000232s ]
INFO: [ app_begin ] --END-- [ RunTime:0.000266s ]

[ 2015-07-07T06:57:23+08:00 ] 0.0.0.0 /~changzhao619/2015/web/index.php/Index/verify/1436223443120
INFO: [ route_check ] --START--
INFO: CheckRoute Behavior ::run [ RunTime:0.000346s ]
INFO: [ route_check ] --END-- [ RunTime:0.000390s ]
INFO: [ app_begin ] --START--
INFO: ReadHtmlCache Behavior ::run [ RunTime:0.000264s ]
INFO: [ app_begin ] --END-- [ RunTime:0.000298s ]

[ 2015-07-07T06:57:23+08:00 ] 0.0.0.0 /~changzhao619/2015/web/index.php/Index/verify/1436223443344
INFO: [ route_check ] --START--
INFO: CheckRoute Behavior ::run [ RunTime:0.000350s ]
INFO: [ route_check ] --END-- [ RunTime:0.000396s ]
INFO: [ app_begin ] --START--
INFO: ReadHtmlCache Behavior ::run [ RunTime:0.000235s ]
INFO: [ app_begin ] --END-- [ RunTime:0.000268s ]

[ 2015-07-07T06:57:23+08:00 ] 0.0.0.0 /~changzhao619/2015/web/index.php/Index/verify/1436223443536
INFO: [ route_check ] --START--
INFO: CheckRoute Behavior ::run [ RunTime:0.000345s ]
INFO: [ route_check ] --END-- [ RunTime:0.000400s ]
INFO: [ app_begin ] --START--
INFO: ReadHtmlCache Behavior ::run [ RunTime:0.000234s ]
INFO: [ app_begin ] --END-- [ RunTime:0.000267s ]

[ 2015-07-07T06:57:23+08:00 ] 0.0.0.0 /~changzhao619/2015/web/index.php/Index/verify/1436223443704
INFO: [ route_check ] --START--
INFO: CheckRoute Behavior ::run [ RunTime:0.000344s ]
INFO: [ route_check ] --END-- [ RunTime:0.000389s ]
INFO: [ app_begin ] --START--
INFO: ReadHtmlCache Behavior ::run [ RunTime:0.000231s ]
INFO: [ app_begin ] --END-- [ RunTime:0.000265s ]

[ 2015-07-07T06:57:23+08:00 ] 0.0.0.0 /~changzhao619/2015/web/index.php/Index/verify/1436223443872
INFO: [ route_check ] --START--
INFO: CheckRoute Behavior ::run [ RunTime:0.000345s ]
INFO: [ route_check ] --END-- [ RunTime:0.000389s ]
INFO: [ app_begin ] --START--
INFO: ReadHtmlCache Behavior ::run [ RunTime:0.000231s ]
INFO: [ app_begin ] --END-- [ RunTime:0.000264s ]

[ 2015-07-07T06:57:24+08:00 ] 0.0.0.0 /~changzhao619/2015/web/index.php/Index/verify/1436223444072
INFO: [ route_check ] --START--
INFO: CheckRoute Behavior ::run [ RunTime:0.000380s ]
INFO: [ route_check ] --END-- [ RunTime:0.000425s ]
INFO: [ app_begin ] --START--
INFO: ReadHtmlCache Behavior ::run [ RunTime:0.000233s ]
INFO: [ app_begin ] --END-- [ RunTime:0.000266s ]

[ 2015-07-07T06:57:24+08:00 ] 0.0.0.0 /~changzhao619/2015/web/index.php/Index/verify/1436223444257
INFO: [ route_check ] --START--
INFO: CheckRoute Behavior ::run [ RunTime:0.000500s ]
INFO: [ route_check ] --END-- [ RunTime:0.000555s ]
INFO: [ app_begin ] --START--
INFO: ReadHtmlCache Behavior ::run [ RunTime:0.000290s ]
INFO: [ app_begin ] --END-- [ RunTime:0.000327s ]

[ 2015-07-07T06:57:24+08:00 ] 0.0.0.0 /~changzhao619/2015/web/index.php/Index/verify/1436223444424
INFO: [ route_check ] --START--
INFO: CheckRoute Behavior ::run [ RunTime:0.000573s ]
INFO: [ route_check ] --END-- [ RunTime:0.000631s ]
INFO: [ app_begin ] --START--
INFO: ReadHtmlCache Behavior ::run [ RunTime:0.000261s ]
INFO: [ app_begin ] --END-- [ RunTime:0.000300s ]

[ 2015-07-07T06:57:24+08:00 ] 0.0.0.0 /~changzhao619/2015/web/index.php/Index/verify/1436223444601
INFO: [ route_check ] --START--
INFO: CheckRoute Behavior ::run [ RunTime:0.000439s ]
INFO: [ route_check ] --END-- [ RunTime:0.000491s ]
INFO: [ app_begin ] --START--
INFO: ReadHtmlCache Behavior ::run [ RunTime:0.000252s ]
INFO: [ app_begin ] --END-- [ RunTime:0.000288s ]

[ 2015-07-07T06:57:24+08:00 ] 0.0.0.0 /~changzhao619/2015/web/index.php/Index/verify/1436223444777
INFO: [ route_check ] --START--
INFO: CheckRoute Behavior ::run [ RunTime:0.000458s ]
INFO: [ route_check ] --END-- [ RunTime:0.000541s ]
INFO: [ app_begin ] --START--
INFO: ReadHtmlCache Behavior ::run [ RunTime:0.000235s ]
INFO: [ app_begin ] --END-- [ RunTime:0.000269s ]

[ 2015-07-07T06:57:24+08:00 ] 0.0.0.0 /~changzhao619/2015/web/index.php/Index/verify/1436223444953
INFO: [ route_check ] --START--
INFO: CheckRoute Behavior ::run [ RunTime:0.000389s ]
INFO: [ route_check ] --END-- [ RunTime:0.000439s ]
INFO: [ app_begin ] --START--
INFO: ReadHtmlCache Behavior ::run [ RunTime:0.000264s ]
INFO: [ app_begin ] --END-- [ RunTime:0.000300s ]

[ 2015-07-07T06:57:25+08:00 ] 0.0.0.0 /~changzhao619/2015/web/index.php/Index/verify/1436223445121
INFO: [ route_check ] --START--
INFO: CheckRoute Behavior ::run [ RunTime:0.000470s ]
INFO: [ route_check ] --END-- [ RunTime:0.000528s ]
INFO: [ app_begin ] --START--
INFO: ReadHtmlCache Behavior ::run [ RunTime:0.000332s ]
INFO: [ app_begin ] --END-- [ RunTime:0.000372s ]

[ 2015-07-07T21:44:45+08:00 ] 0.0.0.0 /~changzhao619/2015/web/
INFO: [ app_begin ] --START--
INFO: ReadHtmlCache Behavior ::run [ RunTime:0.000909s ]
INFO: [ app_begin ] --END-- [ RunTime:0.001039s ]
INFO: [ view_parse ] --START--
INFO: ParseTemplate Behavior ::run [ RunTime:0.015983s ]
INFO: [ view_parse ] --END-- [ RunTime:0.016063s ]
INFO: [ view_filter ] --START--
INFO: ContentReplace Behavior ::run [ RunTime:0.001059s ]
INFO: TokenBuild Behavior ::run [ RunTime:0.000704s ]
INFO: WriteHtmlCache Behavior ::run [ RunTime:0.000520s ]
INFO: ShowRuntime Behavior ::run [ RunTime:0.000737s ]
INFO: [ view_filter ] --END-- [ RunTime:0.003236s ]
INFO: [ view_end ] --START--
INFO: ShowPageTrace Behavior ::run [ RunTime:0.000962s ]
INFO: [ view_end ] --END-- [ RunTime:0.001032s ]

[ 2015-07-07T21:44:46+08:00 ] 0.0.0.0 /~changzhao619/2015/web/index.php?m=Index&a=index
INFO: [ app_begin ] --START--
INFO: ReadHtmlCache Behavior ::run [ RunTime:0.000237s ]
INFO: [ app_begin ] --END-- [ RunTime:0.000280s ]
INFO: [ view_parse ] --START--
INFO: ParseTemplate Behavior ::run [ RunTime:0.005822s ]
INFO: [ view_parse ] --END-- [ RunTime:0.005862s ]
INFO: [ view_filter ] --START--
INFO: ContentReplace Behavior ::run [ RunTime:0.000182s ]
INFO: TokenBuild Behavior ::run [ RunTime:0.000155s ]
INFO: WriteHtmlCache Behavior ::run [ RunTime:0.000096s ]
INFO: ShowRuntime Behavior ::run [ RunTime:0.000187s ]
INFO: [ view_filter ] --END-- [ RunTime:0.000698s ]
INFO: [ view_end ] --START--
INFO: ShowPageTrace Behavior ::run [ RunTime:0.000317s ]
INFO: [ view_end ] --END-- [ RunTime:0.000349s ]

[ 2015-07-07T21:44:50+08:00 ] 0.0.0.0 /~changzhao619/2015/web/index.php?m=Index&a=index
INFO: [ app_begin ] --START--
INFO: ReadHtmlCache Behavior ::run [ RunTime:0.000235s ]
INFO: [ app_begin ] --END-- [ RunTime:0.000277s ]
INFO: [ view_parse ] --START--
INFO: ParseTemplate Behavior ::run [ RunTime:0.005845s ]
INFO: [ view_parse ] --END-- [ RunTime:0.005885s ]
INFO: [ view_filter ] --START--
INFO: ContentReplace Behavior ::run [ RunTime:0.000182s ]
INFO: TokenBuild Behavior ::run [ RunTime:0.000157s ]
INFO: WriteHtmlCache Behavior ::run [ RunTime:0.000098s ]
INFO: ShowRuntime Behavior ::run [ RunTime:0.000188s ]
INFO: [ view_filter ] --END-- [ RunTime:0.000703s ]
INFO: [ view_end ] --START--
INFO: ShowPageTrace Behavior ::run [ RunTime:0.000361s ]
INFO: [ view_end ] --END-- [ RunTime:0.000397s ]

[ 2015-07-07T21:44:50+08:00 ] 0.0.0.0 /~changzhao619/2015/web/
INFO: [ app_begin ] --START--
INFO: ReadHtmlCache Behavior ::run [ RunTime:0.000236s ]
INFO: [ app_begin ] --END-- [ RunTime:0.000278s ]
INFO: [ view_parse ] --START--
INFO: ParseTemplate Behavior ::run [ RunTime:0.006033s ]
INFO: [ view_parse ] --END-- [ RunTime:0.006073s ]
INFO: [ view_filter ] --START--
INFO: ContentReplace Behavior ::run [ RunTime:0.000188s ]
INFO: TokenBuild Behavior ::run [ RunTime:0.000159s ]
INFO: WriteHtmlCache Behavior ::run [ RunTime:0.000098s ]
INFO: ShowRuntime Behavior ::run [ RunTime:0.000188s ]
INFO: [ view_filter ] --END-- [ RunTime:0.000712s ]
INFO: [ view_end ] --START--
INFO: ShowPageTrace Behavior ::run [ RunTime:0.000313s ]
INFO: [ view_end ] --END-- [ RunTime:0.000347s ]

