[ 2015-07-17T08:31:47+08:00 ] 0.0.0.0 /~changzhao619/2015/web/?m=Index&a=more&involved_en=zhaopinxinxi&enname=xiaoyuanzhaopin
INFO: [ app_begin ] --START--
INFO: ReadHtmlCache Behavior ::run [ RunTime:0.000916s ]
INFO: [ app_begin ] --END-- [ RunTime:0.001191s ]
SQL: SHOW COLUMNS FROM `think_articlemodel` [ RunTime:0.012928s ]
SQL: SELECT * FROM `think_articlemodel` WHERE ( involved_en = "zhaopinxinxi" )  [ RunTime:0.002358s ]
SQL: SELECT * FROM `think_articlemodel` WHERE ( enname = "xiaoyuanzhaopin" ) LIMIT 1   [ RunTime:0.000554s ]
SQL: SHOW COLUMNS FROM `think_article` [ RunTime:0.003429s ]
SQL: SELECT COUNT(*) AS tp_count FROM `think_article` LIMIT 1   [ RunTime:0.000754s ]
SQL: SELECT * FROM `think_article` WHERE ( entype = "xiaoyuanzhaopin" ) ORDER BY createtime desc LIMIT 0,10   [ RunTime:0.000525s ]
INFO: [ view_parse ] --START--
INFO: ParseTemplate Behavior ::run [ RunTime:0.017523s ]
INFO: [ view_parse ] --END-- [ RunTime:0.017611s ]
INFO: [ view_filter ] --START--
INFO: ContentReplace Behavior ::run [ RunTime:0.000486s ]
INFO: TokenBuild Behavior ::run [ RunTime:0.000476s ]
INFO: WriteHtmlCache Behavior ::run [ RunTime:0.000348s ]
INFO: ShowRuntime Behavior ::run [ RunTime:0.000510s ]
INFO: [ view_filter ] --END-- [ RunTime:0.001964s ]
INFO: [ view_end ] --START--
INFO: ShowPageTrace Behavior ::run [ RunTime:0.000948s ]
INFO: [ view_end ] --END-- [ RunTime:0.001020s ]

[ 2015-07-17T15:46:35+08:00 ] 0.0.0.0 /~changzhao619/2015/web/
INFO: [ app_begin ] --START--
INFO: ReadHtmlCache Behavior ::run [ RunTime:0.000297s ]
INFO: [ app_begin ] --END-- [ RunTime:0.000390s ]
SQL: SHOW COLUMNS FROM `think_article` [ RunTime:0.001488s ]
SQL: SELECT COUNT(*) AS tp_count FROM `think_article` LIMIT 1   [ RunTime:0.000322s ]
SQL: SELECT * FROM `think_article` WHERE ( entype = "jiuyexinwen" ) ORDER BY createtime desc LIMIT 0,10   [ RunTime:0.000344s ]
SQL: SELECT COUNT(*) AS tp_count FROM `think_article` LIMIT 1   [ RunTime:0.000265s ]
SQL: SELECT * FROM `think_article` WHERE ( entype = "tongzhigonggao" ) ORDER BY createtime desc LIMIT 0,10   [ RunTime:0.000292s ]
NOTIC: [8] Undefined index: username /Users/changzhao619/Sites/2015/web/protected/home/Lib/Action/IndexAction.class.php 第 101 行.
INFO: [ view_parse ] --START--
INFO: ParseTemplate Behavior ::run [ RunTime:0.006194s ]
INFO: [ view_parse ] --END-- [ RunTime:0.006258s ]
INFO: [ view_filter ] --START--
INFO: ContentReplace Behavior ::run [ RunTime:0.000238s ]
INFO: TokenBuild Behavior ::run [ RunTime:0.000222s ]
INFO: WriteHtmlCache Behavior ::run [ RunTime:0.000147s ]
INFO: ShowRuntime Behavior ::run [ RunTime:0.000284s ]
INFO: [ view_filter ] --END-- [ RunTime:0.001017s ]
INFO: [ view_end ] --START--
INFO: ShowPageTrace Behavior ::run [ RunTime:0.000425s ]
INFO: [ view_end ] --END-- [ RunTime:0.000462s ]

[ 2015-07-17T15:46:39+08:00 ] 0.0.0.0 /~changzhao619/2015/web/?m=Index&a=login
INFO: [ app_begin ] --START--
INFO: ReadHtmlCache Behavior ::run [ RunTime:0.000411s ]
INFO: [ app_begin ] --END-- [ RunTime:0.000501s ]
INFO: [ view_parse ] --START--
INFO: ParseTemplate Behavior ::run [ RunTime:0.019081s ]
INFO: [ view_parse ] --END-- [ RunTime:0.019170s ]
INFO: [ view_filter ] --START--
INFO: ContentReplace Behavior ::run [ RunTime:0.000358s ]
INFO: TokenBuild Behavior ::run [ RunTime:0.000322s ]
INFO: WriteHtmlCache Behavior ::run [ RunTime:0.000192s ]
INFO: ShowRuntime Behavior ::run [ RunTime:0.000372s ]
INFO: [ view_filter ] --END-- [ RunTime:0.001403s ]
INFO: [ view_end ] --START--
INFO: ShowPageTrace Behavior ::run [ RunTime:0.000476s ]
INFO: [ view_end ] --END-- [ RunTime:0.000524s ]

[ 2015-07-17T15:46:39+08:00 ] 0.0.0.0 /~changzhao619/2015/web/index.php/Index/verify
INFO: [ route_check ] --START--
INFO: CheckRoute Behavior ::run [ RunTime:0.006722s ]
INFO: [ route_check ] --END-- [ RunTime:0.006802s ]
INFO: [ app_begin ] --START--
INFO: ReadHtmlCache Behavior ::run [ RunTime:0.000308s ]
INFO: [ app_begin ] --END-- [ RunTime:0.000349s ]

[ 2015-07-17T15:46:43+08:00 ] 0.0.0.0 /~changzhao619/2015/web/?m=Index&a=login
INFO: [ app_begin ] --START--
INFO: ReadHtmlCache Behavior ::run [ RunTime:0.000294s ]
INFO: [ app_begin ] --END-- [ RunTime:0.000383s ]
INFO: [ view_parse ] --START--
INFO: ParseTemplate Behavior ::run [ RunTime:0.004070s ]
INFO: [ view_parse ] --END-- [ RunTime:0.004113s ]
INFO: [ view_filter ] --START--
INFO: ContentReplace Behavior ::run [ RunTime:0.000278s ]
INFO: TokenBuild Behavior ::run [ RunTime:0.000154s ]
INFO: WriteHtmlCache Behavior ::run [ RunTime:0.000097s ]
INFO: ShowRuntime Behavior ::run [ RunTime:0.000221s ]
INFO: [ view_filter ] --END-- [ RunTime:0.000849s ]
INFO: [ view_end ] --START--
INFO: ShowPageTrace Behavior ::run [ RunTime:0.000313s ]
INFO: [ view_end ] --END-- [ RunTime:0.000344s ]

[ 2015-07-17T15:46:43+08:00 ] 0.0.0.0 /~changzhao619/2015/web/index.php/Index/verify
INFO: [ route_check ] --START--
INFO: CheckRoute Behavior ::run [ RunTime:0.000614s ]
INFO: [ route_check ] --END-- [ RunTime:0.000683s ]
INFO: [ app_begin ] --START--
INFO: ReadHtmlCache Behavior ::run [ RunTime:0.000366s ]
INFO: [ app_begin ] --END-- [ RunTime:0.000428s ]

[ 2015-07-17T15:46:43+08:00 ] 0.0.0.0 /~changzhao619/2015/web/?m=Index&a=more&involved_en=zhaopinxinxi&enname=xiaoyuanzhaopin
INFO: [ app_begin ] --START--
INFO: ReadHtmlCache Behavior ::run [ RunTime:0.000310s ]
INFO: [ app_begin ] --END-- [ RunTime:0.000352s ]
SQL: SHOW COLUMNS FROM `think_articlemodel` [ RunTime:0.001387s ]
SQL: SELECT * FROM `think_articlemodel` WHERE ( involved_en = "zhaopinxinxi" )  [ RunTime:0.000352s ]
SQL: SELECT * FROM `think_articlemodel` WHERE ( enname = "xiaoyuanzhaopin" ) LIMIT 1   [ RunTime:0.000243s ]
SQL: SHOW COLUMNS FROM `think_article` [ RunTime:0.000969s ]
SQL: SELECT COUNT(*) AS tp_count FROM `think_article` LIMIT 1   [ RunTime:0.000252s ]
SQL: SELECT * FROM `think_article` WHERE ( entype = "xiaoyuanzhaopin" ) ORDER BY createtime desc LIMIT 0,10   [ RunTime:0.000325s ]
INFO: [ view_parse ] --START--
INFO: ParseTemplate Behavior ::run [ RunTime:0.006459s ]
INFO: [ view_parse ] --END-- [ RunTime:0.006541s ]
INFO: [ view_filter ] --START--
INFO: ContentReplace Behavior ::run [ RunTime:0.000376s ]
INFO: TokenBuild Behavior ::run [ RunTime:0.000301s ]
INFO: WriteHtmlCache Behavior ::run [ RunTime:0.000190s ]
INFO: ShowRuntime Behavior ::run [ RunTime:0.000392s ]
INFO: [ view_filter ] --END-- [ RunTime:0.001421s ]
INFO: [ view_end ] --START--
INFO: ShowPageTrace Behavior ::run [ RunTime:0.000541s ]
INFO: [ view_end ] --END-- [ RunTime:0.000633s ]

[ 2015-07-17T15:46:44+08:00 ] 0.0.0.0 /~changzhao619/2015/web/?m=Index&a=more&involved_en=zhaopinxinxi&enname=xiaoyuanzhaopin
INFO: [ app_begin ] --START--
INFO: ReadHtmlCache Behavior ::run [ RunTime:0.000243s ]
INFO: [ app_begin ] --END-- [ RunTime:0.000290s ]
SQL: SHOW COLUMNS FROM `think_articlemodel` [ RunTime:0.001734s ]
SQL: SELECT * FROM `think_articlemodel` WHERE ( involved_en = "zhaopinxinxi" )  [ RunTime:0.000425s ]
SQL: SELECT * FROM `think_articlemodel` WHERE ( enname = "xiaoyuanzhaopin" ) LIMIT 1   [ RunTime:0.000465s ]
SQL: SHOW COLUMNS FROM `think_article` [ RunTime:0.001571s ]
SQL: SELECT COUNT(*) AS tp_count FROM `think_article` LIMIT 1   [ RunTime:0.000364s ]
SQL: SELECT * FROM `think_article` WHERE ( entype = "xiaoyuanzhaopin" ) ORDER BY createtime desc LIMIT 0,10   [ RunTime:0.000375s ]
INFO: [ view_parse ] --START--
INFO: ParseTemplate Behavior ::run [ RunTime:0.009749s ]
INFO: [ view_parse ] --END-- [ RunTime:0.009825s ]
INFO: [ view_filter ] --START--
INFO: ContentReplace Behavior ::run [ RunTime:0.000352s ]
INFO: TokenBuild Behavior ::run [ RunTime:0.000637s ]
INFO: WriteHtmlCache Behavior ::run [ RunTime:0.000257s ]
INFO: ShowRuntime Behavior ::run [ RunTime:0.000323s ]
INFO: [ view_filter ] --END-- [ RunTime:0.001806s ]
INFO: [ view_end ] --START--
INFO: ShowPageTrace Behavior ::run [ RunTime:0.000512s ]
INFO: [ view_end ] --END-- [ RunTime:0.000576s ]

[ 2015-07-17T15:46:44+08:00 ] 0.0.0.0 /~changzhao619/2015/web/
INFO: [ app_begin ] --START--
INFO: ReadHtmlCache Behavior ::run [ RunTime:0.000271s ]
INFO: [ app_begin ] --END-- [ RunTime:0.000314s ]
SQL: SHOW COLUMNS FROM `think_article` [ RunTime:0.001536s ]
SQL: SELECT COUNT(*) AS tp_count FROM `think_article` LIMIT 1   [ RunTime:0.000336s ]
SQL: SELECT * FROM `think_article` WHERE ( entype = "jiuyexinwen" ) ORDER BY createtime desc LIMIT 0,10   [ RunTime:0.000350s ]
SQL: SELECT COUNT(*) AS tp_count FROM `think_article` LIMIT 1   [ RunTime:0.000246s ]
SQL: SELECT * FROM `think_article` WHERE ( entype = "tongzhigonggao" ) ORDER BY createtime desc LIMIT 0,10   [ RunTime:0.000278s ]
NOTIC: [8] Undefined index: username /Users/changzhao619/Sites/2015/web/protected/home/Lib/Action/IndexAction.class.php 第 101 行.
INFO: [ view_parse ] --START--
INFO: ParseTemplate Behavior ::run [ RunTime:0.003542s ]
INFO: [ view_parse ] --END-- [ RunTime:0.003582s ]
INFO: [ view_filter ] --START--
INFO: ContentReplace Behavior ::run [ RunTime:0.000153s ]
INFO: TokenBuild Behavior ::run [ RunTime:0.000178s ]
INFO: WriteHtmlCache Behavior ::run [ RunTime:0.000097s ]
INFO: ShowRuntime Behavior ::run [ RunTime:0.000187s ]
INFO: [ view_filter ] --END-- [ RunTime:0.000693s ]
INFO: [ view_end ] --START--
INFO: ShowPageTrace Behavior ::run [ RunTime:0.000272s ]
INFO: [ view_end ] --END-- [ RunTime:0.000299s ]

[ 2015-07-17T15:47:35+08:00 ] 0.0.0.0 /~changzhao619/2015/web/?m=Index&a=loginVertify
INFO: [ app_begin ] --START--
INFO: ReadHtmlCache Behavior ::run [ RunTime:0.000317s ]
INFO: [ app_begin ] --END-- [ RunTime:0.000398s ]
INFO: [ view_parse ] --START--
INFO: ParseTemplate Behavior ::run [ RunTime:0.013588s ]
INFO: [ view_parse ] --END-- [ RunTime:0.013675s ]
INFO: [ view_filter ] --START--
INFO: ContentReplace Behavior ::run [ RunTime:0.000375s ]
INFO: TokenBuild Behavior ::run [ RunTime:0.001799s ]
INFO: WriteHtmlCache Behavior ::run [ RunTime:0.000194s ]
INFO: ShowRuntime Behavior ::run [ RunTime:0.000368s ]
INFO: [ view_filter ] --END-- [ RunTime:0.002934s ]
INFO: [ view_end ] --START--
INFO: ShowPageTrace Behavior ::run [ RunTime:0.000368s ]
INFO: [ view_end ] --END-- [ RunTime:0.000407s ]

[ 2015-07-17T15:48:09+08:00 ] 0.0.0.0 /~changzhao619/2015/web/?m=Index&a=loginVertify
INFO: [ app_begin ] --START--
INFO: ReadHtmlCache Behavior ::run [ RunTime:0.000267s ]
INFO: [ app_begin ] --END-- [ RunTime:0.000337s ]
INFO: [ view_parse ] --START--
INFO: ParseTemplate Behavior ::run [ RunTime:0.011638s ]
INFO: [ view_parse ] --END-- [ RunTime:0.011716s ]
INFO: [ view_filter ] --START--
INFO: ContentReplace Behavior ::run [ RunTime:0.000340s ]
INFO: TokenBuild Behavior ::run [ RunTime:0.000315s ]
INFO: WriteHtmlCache Behavior ::run [ RunTime:0.000193s ]
INFO: ShowRuntime Behavior ::run [ RunTime:0.000384s ]
INFO: [ view_filter ] --END-- [ RunTime:0.001391s ]
INFO: [ view_end ] --START--
INFO: ShowPageTrace Behavior ::run [ RunTime:0.000575s ]
INFO: [ view_end ] --END-- [ RunTime:0.000627s ]

[ 2015-07-17T15:48:18+08:00 ] 0.0.0.0 /~changzhao619/2015/web/?m=Index&a=login
INFO: [ app_begin ] --START--
INFO: ReadHtmlCache Behavior ::run [ RunTime:0.000362s ]
INFO: [ app_begin ] --END-- [ RunTime:0.000464s ]
INFO: [ view_parse ] --START--
INFO: ParseTemplate Behavior ::run [ RunTime:0.012502s ]
INFO: [ view_parse ] --END-- [ RunTime:0.012591s ]
INFO: [ view_filter ] --START--
INFO: ContentReplace Behavior ::run [ RunTime:0.000599s ]
INFO: TokenBuild Behavior ::run [ RunTime:0.000315s ]
INFO: WriteHtmlCache Behavior ::run [ RunTime:0.000196s ]
INFO: ShowRuntime Behavior ::run [ RunTime:0.000406s ]
INFO: [ view_filter ] --END-- [ RunTime:0.001705s ]
INFO: [ view_end ] --START--
INFO: ShowPageTrace Behavior ::run [ RunTime:0.000888s ]
INFO: [ view_end ] --END-- [ RunTime:0.000960s ]

[ 2015-07-17T15:48:18+08:00 ] 0.0.0.0 /~changzhao619/2015/web/index.php/Index/verify
INFO: [ route_check ] --START--
INFO: CheckRoute Behavior ::run [ RunTime:0.000467s ]
INFO: [ route_check ] --END-- [ RunTime:0.000607s ]
INFO: [ app_begin ] --START--
INFO: ReadHtmlCache Behavior ::run [ RunTime:0.000429s ]
INFO: [ app_begin ] --END-- [ RunTime:0.000491s ]

[ 2015-07-17T15:48:30+08:00 ] 0.0.0.0 /~changzhao619/2015/web/?m=Index&a=loginVertify
INFO: [ app_begin ] --START--
INFO: ReadHtmlCache Behavior ::run [ RunTime:0.000291s ]
INFO: [ app_begin ] --END-- [ RunTime:0.000382s ]
INFO: [ view_parse ] --START--
INFO: ParseTemplate Behavior ::run [ RunTime:0.012117s ]
INFO: [ view_parse ] --END-- [ RunTime:0.012259s ]
INFO: [ view_filter ] --START--
INFO: ContentReplace Behavior ::run [ RunTime:0.000264s ]
INFO: TokenBuild Behavior ::run [ RunTime:0.000218s ]
INFO: WriteHtmlCache Behavior ::run [ RunTime:0.000140s ]
INFO: ShowRuntime Behavior ::run [ RunTime:0.000277s ]
INFO: [ view_filter ] --END-- [ RunTime:0.001022s ]
INFO: [ view_end ] --START--
INFO: ShowPageTrace Behavior ::run [ RunTime:0.000440s ]
INFO: [ view_end ] --END-- [ RunTime:0.000533s ]

[ 2015-07-17T15:48:37+08:00 ] 0.0.0.0 /~changzhao619/2015/web/index.php/Index/verify/1437119317576
INFO: [ route_check ] --START--
INFO: CheckRoute Behavior ::run [ RunTime:0.000432s ]
INFO: [ route_check ] --END-- [ RunTime:0.000480s ]
INFO: [ app_begin ] --START--
INFO: ReadHtmlCache Behavior ::run [ RunTime:0.000245s ]
INFO: [ app_begin ] --END-- [ RunTime:0.000279s ]

[ 2015-07-17T15:48:44+08:00 ] 0.0.0.0 /~changzhao619/2015/web/?m=Index&a=loginVertify
INFO: [ app_begin ] --START--
INFO: ReadHtmlCache Behavior ::run [ RunTime:0.000253s ]
INFO: [ app_begin ] --END-- [ RunTime:0.000299s ]
SQL: SHOW COLUMNS FROM `think_studentinfo` [ RunTime:0.008972s ]
SQL: SELECT * FROM `think_studentinfo` WHERE ( xuehao = "2012302100235" ) LIMIT 1   [ RunTime:0.003373s ]
INFO: [ view_parse ] --START--
INFO: ParseTemplate Behavior ::run [ RunTime:0.005870s ]
INFO: [ view_parse ] --END-- [ RunTime:0.005951s ]
INFO: [ view_filter ] --START--
INFO: ContentReplace Behavior ::run [ RunTime:0.000228s ]
INFO: TokenBuild Behavior ::run [ RunTime:0.000210s ]
INFO: WriteHtmlCache Behavior ::run [ RunTime:0.000133s ]
INFO: ShowRuntime Behavior ::run [ RunTime:0.000259s ]
INFO: [ view_filter ] --END-- [ RunTime:0.000938s ]
INFO: [ view_end ] --START--
INFO: ShowPageTrace Behavior ::run [ RunTime:0.000393s ]
INFO: [ view_end ] --END-- [ RunTime:0.000429s ]

[ 2015-07-17T15:48:45+08:00 ] 0.0.0.0 /~changzhao619/2015/web/?m=Index&a=index
INFO: [ app_begin ] --START--
INFO: ReadHtmlCache Behavior ::run [ RunTime:0.000239s ]
INFO: [ app_begin ] --END-- [ RunTime:0.000280s ]
SQL: SHOW COLUMNS FROM `think_article` [ RunTime:0.005756s ]
SQL: SELECT COUNT(*) AS tp_count FROM `think_article` LIMIT 1   [ RunTime:0.000405s ]
SQL: SELECT * FROM `think_article` WHERE ( entype = "jiuyexinwen" ) ORDER BY createtime desc LIMIT 0,10   [ RunTime:0.000451s ]
SQL: SELECT COUNT(*) AS tp_count FROM `think_article` LIMIT 1   [ RunTime:0.000282s ]
SQL: SELECT * FROM `think_article` WHERE ( entype = "tongzhigonggao" ) ORDER BY createtime desc LIMIT 0,10   [ RunTime:0.000400s ]
SQL: SELECT COUNT(*) AS tp_count FROM `think_article` LIMIT 1   [ RunTime:0.000321s ]
SQL: SELECT * FROM `think_article` WHERE ( entype = "zuixinzhaopin" ) ORDER BY createtime desc LIMIT 0,10   [ RunTime:0.000335s ]
SQL: SELECT COUNT(*) AS tp_count FROM `think_article` LIMIT 1   [ RunTime:0.000323s ]
SQL: SELECT * FROM `think_article` WHERE ( entype = "xiaowaizhaopin" ) ORDER BY createtime desc LIMIT 0,10   [ RunTime:0.000343s ]
INFO: [ view_parse ] --START--
INFO: ParseTemplate Behavior ::run [ RunTime:0.008005s ]
INFO: [ view_parse ] --END-- [ RunTime:0.008065s ]
INFO: [ view_filter ] --START--
INFO: ContentReplace Behavior ::run [ RunTime:0.000233s ]
INFO: TokenBuild Behavior ::run [ RunTime:0.000178s ]
INFO: WriteHtmlCache Behavior ::run [ RunTime:0.000114s ]
INFO: ShowRuntime Behavior ::run [ RunTime:0.000217s ]
INFO: [ view_filter ] --END-- [ RunTime:0.000834s ]
INFO: [ view_end ] --START--
INFO: ShowPageTrace Behavior ::run [ RunTime:0.000534s ]
INFO: [ view_end ] --END-- [ RunTime:0.000574s ]

[ 2015-07-17T15:48:53+08:00 ] 0.0.0.0 /~changzhao619/2015/web/?m=Index&a=article&involved_en=jiuyexinwen&enname=jiuyexinwen&id=13
INFO: [ app_begin ] --START--
INFO: ReadHtmlCache Behavior ::run [ RunTime:0.000235s ]
INFO: [ app_begin ] --END-- [ RunTime:0.000276s ]
SQL: SHOW COLUMNS FROM `think_articlemodel` [ RunTime:0.012402s ]
SQL: SELECT * FROM `think_articlemodel` WHERE ( involved_en = "jiuyexinwen" )  [ RunTime:0.000345s ]
SQL: SELECT * FROM `think_articlemodel` WHERE ( involved_en = "jiuyexinwen" ) LIMIT 1   [ RunTime:0.000289s ]
NOTIC: [8] Undefined variable: ename /Users/changzhao619/Sites/2015/web/protected/home/Lib/Action/IndexAction.class.php 第 44 行.
SQL: SELECT * FROM `think_articlemodel` WHERE ( ename = "" ) LIMIT 1   [ RunTime:0.000239s ]
ERR: 1054:Unknown column 'ename' in 'where clause'
 [ SQL语句 ] : SELECT * FROM `think_articlemodel` WHERE ( ename = "" ) LIMIT 1  
SQL: SHOW COLUMNS FROM `think_article` [ RunTime:0.001722s ]
SQL: SELECT * FROM `think_article` WHERE ( id = "13" ) LIMIT 1   [ RunTime:0.000497s ]
INFO: [ view_parse ] --START--
INFO: ParseTemplate Behavior ::run [ RunTime:0.008193s ]
INFO: [ view_parse ] --END-- [ RunTime:0.008257s ]
INFO: [ view_filter ] --START--
INFO: ContentReplace Behavior ::run [ RunTime:0.000204s ]
INFO: TokenBuild Behavior ::run [ RunTime:0.000158s ]
INFO: WriteHtmlCache Behavior ::run [ RunTime:0.000099s ]
INFO: ShowRuntime Behavior ::run [ RunTime:0.000200s ]
INFO: [ view_filter ] --END-- [ RunTime:0.000741s ]
INFO: [ view_end ] --START--
INFO: ShowPageTrace Behavior ::run [ RunTime:0.000549s ]
INFO: [ view_end ] --END-- [ RunTime:0.000622s ]

[ 2015-07-17T15:49:09+08:00 ] 0.0.0.0 /~changzhao619/2015/web/
INFO: [ app_begin ] --START--
INFO: ReadHtmlCache Behavior ::run [ RunTime:0.000251s ]
INFO: [ app_begin ] --END-- [ RunTime:0.000298s ]
SQL: SHOW COLUMNS FROM `think_article` [ RunTime:0.009730s ]
SQL: SELECT COUNT(*) AS tp_count FROM `think_article` LIMIT 1   [ RunTime:0.000436s ]
SQL: SELECT * FROM `think_article` WHERE ( entype = "jiuyexinwen" ) ORDER BY createtime desc LIMIT 0,10   [ RunTime:0.000490s ]
SQL: SELECT COUNT(*) AS tp_count FROM `think_article` LIMIT 1   [ RunTime:0.000303s ]
SQL: SELECT * FROM `think_article` WHERE ( entype = "tongzhigonggao" ) ORDER BY createtime desc LIMIT 0,10   [ RunTime:0.000361s ]
SQL: SELECT COUNT(*) AS tp_count FROM `think_article` LIMIT 1   [ RunTime:0.000293s ]
SQL: SELECT * FROM `think_article` WHERE ( entype = "zuixinzhaopin" ) ORDER BY createtime desc LIMIT 0,10   [ RunTime:0.000397s ]
SQL: SELECT COUNT(*) AS tp_count FROM `think_article` LIMIT 1   [ RunTime:0.000386s ]
SQL: SELECT * FROM `think_article` WHERE ( entype = "xiaowaizhaopin" ) ORDER BY createtime desc LIMIT 0,10   [ RunTime:0.000412s ]
INFO: [ view_parse ] --START--
INFO: ParseTemplate Behavior ::run [ RunTime:0.009338s ]
INFO: [ view_parse ] --END-- [ RunTime:0.009410s ]
INFO: [ view_filter ] --START--
INFO: ContentReplace Behavior ::run [ RunTime:0.000337s ]
INFO: TokenBuild Behavior ::run [ RunTime:0.000221s ]
INFO: WriteHtmlCache Behavior ::run [ RunTime:0.000100s ]
INFO: ShowRuntime Behavior ::run [ RunTime:0.000205s ]
INFO: [ view_filter ] --END-- [ RunTime:0.000984s ]
INFO: [ view_end ] --START--
INFO: ShowPageTrace Behavior ::run [ RunTime:0.000631s ]
INFO: [ view_end ] --END-- [ RunTime:0.000695s ]

[ 2015-07-17T15:52:43+08:00 ] 0.0.0.0 /~changzhao619/2015/web/?m=Index
INFO: [ app_begin ] --START--
INFO: ReadHtmlCache Behavior ::run [ RunTime:0.000245s ]
INFO: [ app_begin ] --END-- [ RunTime:0.000288s ]
SQL: SHOW COLUMNS FROM `think_article` [ RunTime:0.008802s ]
SQL: SELECT COUNT(*) AS tp_count FROM `think_article` LIMIT 1   [ RunTime:0.000414s ]
SQL: SELECT * FROM `think_article` WHERE ( entype = "jiuyexinwen" ) ORDER BY createtime desc LIMIT 0,10   [ RunTime:0.000496s ]
SQL: SELECT COUNT(*) AS tp_count FROM `think_article` LIMIT 1   [ RunTime:0.000385s ]
SQL: SELECT * FROM `think_article` WHERE ( entype = "tongzhigonggao" ) ORDER BY createtime desc LIMIT 0,10   [ RunTime:0.000327s ]
SQL: SELECT COUNT(*) AS tp_count FROM `think_article` LIMIT 1   [ RunTime:0.000265s ]
SQL: SELECT * FROM `think_article` WHERE ( entype = "zuixinzhaopin" ) ORDER BY createtime desc LIMIT 0,10   [ RunTime:0.000366s ]
SQL: SELECT COUNT(*) AS tp_count FROM `think_article` LIMIT 1   [ RunTime:0.000224s ]
SQL: SELECT * FROM `think_article` WHERE ( entype = "xiaowaizhaopin" ) ORDER BY createtime desc LIMIT 0,10   [ RunTime:0.000269s ]
INFO: [ view_parse ] --START--
INFO: ParseTemplate Behavior ::run [ RunTime:0.007842s ]
INFO: [ view_parse ] --END-- [ RunTime:0.007895s ]
INFO: [ view_filter ] --START--
INFO: ContentReplace Behavior ::run [ RunTime:0.000200s ]
INFO: TokenBuild Behavior ::run [ RunTime:0.000160s ]
INFO: WriteHtmlCache Behavior ::run [ RunTime:0.000101s ]
INFO: ShowRuntime Behavior ::run [ RunTime:0.000195s ]
INFO: [ view_filter ] --END-- [ RunTime:0.000734s ]
INFO: [ view_end ] --START--
INFO: ShowPageTrace Behavior ::run [ RunTime:0.000374s ]
INFO: [ view_end ] --END-- [ RunTime:0.000409s ]

[ 2015-07-17T16:03:13+08:00 ] 0.0.0.0 /~changzhao619/2015/web/
INFO: [ app_begin ] --START--
INFO: ReadHtmlCache Behavior ::run [ RunTime:0.000273s ]
INFO: [ app_begin ] --END-- [ RunTime:0.000314s ]
SQL: SHOW COLUMNS FROM `think_article` [ RunTime:0.001381s ]
SQL: SELECT COUNT(*) AS tp_count FROM `think_article` LIMIT 1   [ RunTime:0.000296s ]
SQL: SELECT * FROM `think_article` WHERE ( entype = "jiuyexinwen" ) ORDER BY createtime desc LIMIT 0,10   [ RunTime:0.000321s ]
SQL: SELECT COUNT(*) AS tp_count FROM `think_article` LIMIT 1   [ RunTime:0.000231s ]
SQL: SELECT * FROM `think_article` WHERE ( entype = "tongzhigonggao" ) ORDER BY createtime desc LIMIT 0,10   [ RunTime:0.000287s ]
SQL: SELECT COUNT(*) AS tp_count FROM `think_article` LIMIT 1   [ RunTime:0.000280s ]
SQL: SELECT * FROM `think_article` WHERE ( entype = "zuixinzhaopin" ) ORDER BY createtime desc LIMIT 0,10   [ RunTime:0.000314s ]
SQL: SELECT COUNT(*) AS tp_count FROM `think_article` LIMIT 1   [ RunTime:0.000248s ]
SQL: SELECT * FROM `think_article` WHERE ( entype = "xiaowaizhaopin" ) ORDER BY createtime desc LIMIT 0,10   [ RunTime:0.000289s ]
INFO: [ view_parse ] --START--
INFO: ParseTemplate Behavior ::run [ RunTime:0.006978s ]
INFO: [ view_parse ] --END-- [ RunTime:0.007041s ]
INFO: [ view_filter ] --START--
INFO: ContentReplace Behavior ::run [ RunTime:0.000220s ]
INFO: TokenBuild Behavior ::run [ RunTime:0.000168s ]
INFO: WriteHtmlCache Behavior ::run [ RunTime:0.000105s ]
INFO: ShowRuntime Behavior ::run [ RunTime:0.000207s ]
INFO: [ view_filter ] --END-- [ RunTime:0.000780s ]
INFO: [ view_end ] --START--
INFO: ShowPageTrace Behavior ::run [ RunTime:0.000331s ]
INFO: [ view_end ] --END-- [ RunTime:0.000372s ]

[ 2015-07-17T16:03:16+08:00 ] 0.0.0.0 /~changzhao619/2015/web/
INFO: [ app_begin ] --START--
INFO: ReadHtmlCache Behavior ::run [ RunTime:0.000248s ]
INFO: [ app_begin ] --END-- [ RunTime:0.000293s ]
SQL: SHOW COLUMNS FROM `think_article` [ RunTime:0.009769s ]
SQL: SELECT COUNT(*) AS tp_count FROM `think_article` LIMIT 1   [ RunTime:0.000338s ]
SQL: SELECT * FROM `think_article` WHERE ( entype = "jiuyexinwen" ) ORDER BY createtime desc LIMIT 0,10   [ RunTime:0.000507s ]
SQL: SELECT COUNT(*) AS tp_count FROM `think_article` LIMIT 1   [ RunTime:0.000237s ]
SQL: SELECT * FROM `think_article` WHERE ( entype = "tongzhigonggao" ) ORDER BY createtime desc LIMIT 0,10   [ RunTime:0.000282s ]
SQL: SELECT COUNT(*) AS tp_count FROM `think_article` LIMIT 1   [ RunTime:0.000214s ]
SQL: SELECT * FROM `think_article` WHERE ( entype = "zuixinzhaopin" ) ORDER BY createtime desc LIMIT 0,10   [ RunTime:0.000260s ]
SQL: SELECT COUNT(*) AS tp_count FROM `think_article` LIMIT 1   [ RunTime:0.000182s ]
SQL: SELECT * FROM `think_article` WHERE ( entype = "xiaowaizhaopin" ) ORDER BY createtime desc LIMIT 0,10   [ RunTime:0.000293s ]
INFO: [ view_parse ] --START--
INFO: ParseTemplate Behavior ::run [ RunTime:0.007069s ]
INFO: [ view_parse ] --END-- [ RunTime:0.007122s ]
INFO: [ view_filter ] --START--
INFO: ContentReplace Behavior ::run [ RunTime:0.000215s ]
INFO: TokenBuild Behavior ::run [ RunTime:0.000156s ]
INFO: WriteHtmlCache Behavior ::run [ RunTime:0.000097s ]
INFO: ShowRuntime Behavior ::run [ RunTime:0.000192s ]
INFO: [ view_filter ] --END-- [ RunTime:0.000737s ]
INFO: [ view_end ] --START--
INFO: ShowPageTrace Behavior ::run [ RunTime:0.000389s ]
INFO: [ view_end ] --END-- [ RunTime:0.000451s ]

[ 2015-07-17T16:03:21+08:00 ] 0.0.0.0 /~changzhao619/2015/web/?m=Index&a=article&involved_en=jiuyexinwen&enname=jiuyexinwen&id=16
INFO: [ app_begin ] --START--
INFO: ReadHtmlCache Behavior ::run [ RunTime:0.000453s ]
INFO: [ app_begin ] --END-- [ RunTime:0.000529s ]
SQL: SHOW COLUMNS FROM `think_articlemodel` [ RunTime:0.009713s ]
SQL: SELECT * FROM `think_articlemodel` WHERE ( involved_en = "jiuyexinwen" )  [ RunTime:0.000372s ]
SQL: SELECT * FROM `think_articlemodel` WHERE ( involved_en = "jiuyexinwen" ) LIMIT 1   [ RunTime:0.000259s ]
NOTIC: [8] Undefined variable: ename /Users/changzhao619/Sites/2015/web/protected/home/Lib/Action/IndexAction.class.php 第 44 行.
SQL: SELECT * FROM `think_articlemodel` WHERE ( ename = "" ) LIMIT 1   [ RunTime:0.000225s ]
ERR: 1054:Unknown column 'ename' in 'where clause'
 [ SQL语句 ] : SELECT * FROM `think_articlemodel` WHERE ( ename = "" ) LIMIT 1  
SQL: SHOW COLUMNS FROM `think_article` [ RunTime:0.001111s ]
SQL: SELECT * FROM `think_article` WHERE ( id = "16" ) LIMIT 1   [ RunTime:0.000328s ]
INFO: [ view_parse ] --START--
INFO: ParseTemplate Behavior ::run [ RunTime:0.005704s ]
INFO: [ view_parse ] --END-- [ RunTime:0.005748s ]
INFO: [ view_filter ] --START--
INFO: ContentReplace Behavior ::run [ RunTime:0.000170s ]
INFO: TokenBuild Behavior ::run [ RunTime:0.000150s ]
INFO: WriteHtmlCache Behavior ::run [ RunTime:0.000093s ]
INFO: ShowRuntime Behavior ::run [ RunTime:0.000188s ]
INFO: [ view_filter ] --END-- [ RunTime:0.000680s ]
INFO: [ view_end ] --START--
INFO: ShowPageTrace Behavior ::run [ RunTime:0.000283s ]
INFO: [ view_end ] --END-- [ RunTime:0.000309s ]

[ 2015-07-17T16:39:57+08:00 ] 0.0.0.0 /~changzhao619/2015/web/?m=Index&a=article&involved_en=jiuyexinwen&enname=jiuyexinwen&id=16
INFO: [ app_begin ] --START--
INFO: ReadHtmlCache Behavior ::run [ RunTime:0.000260s ]
INFO: [ app_begin ] --END-- [ RunTime:0.000307s ]
SQL: SHOW COLUMNS FROM `think_articlemodel` [ RunTime:0.009165s ]
SQL: SELECT * FROM `think_articlemodel` WHERE ( involved_en = "jiuyexinwen" )  [ RunTime:0.000445s ]
SQL: SELECT * FROM `think_articlemodel` WHERE ( involved_en = "jiuyexinwen" ) LIMIT 1   [ RunTime:0.000374s ]
NOTIC: [8] Undefined variable: ename /Users/changzhao619/Sites/2015/web/protected/home/Lib/Action/IndexAction.class.php 第 44 行.
SQL: SELECT * FROM `think_articlemodel` WHERE ( ename = "" ) LIMIT 1   [ RunTime:0.000263s ]
ERR: 1054:Unknown column 'ename' in 'where clause'
 [ SQL语句 ] : SELECT * FROM `think_articlemodel` WHERE ( ename = "" ) LIMIT 1  
SQL: SHOW COLUMNS FROM `think_article` [ RunTime:0.001646s ]
SQL: SELECT * FROM `think_article` WHERE ( id = "16" ) LIMIT 1   [ RunTime:0.000499s ]
INFO: [ view_parse ] --START--
INFO: ParseTemplate Behavior ::run [ RunTime:0.009401s ]
INFO: [ view_parse ] --END-- [ RunTime:0.009471s ]
INFO: [ view_filter ] --START--
INFO: ContentReplace Behavior ::run [ RunTime:0.000269s ]
INFO: TokenBuild Behavior ::run [ RunTime:0.000222s ]
INFO: WriteHtmlCache Behavior ::run [ RunTime:0.000142s ]
INFO: ShowRuntime Behavior ::run [ RunTime:0.000274s ]
INFO: [ view_filter ] --END-- [ RunTime:0.001018s ]
INFO: [ view_end ] --START--
INFO: ShowPageTrace Behavior ::run [ RunTime:0.000384s ]
INFO: [ view_end ] --END-- [ RunTime:0.000420s ]

