[ 2015-07-15T15:17:40+08:00 ] 0.0.0.0 /~changzhao619/2015/web/
INFO: [ app_begin ] --START--
INFO: ReadHtmlCache Behavior ::run [ RunTime:0.000366s ]
INFO: [ app_begin ] --END-- [ RunTime:0.000428s ]
INFO: [ view_parse ] --START--
INFO: ParseTemplate Behavior ::run [ RunTime:0.015313s ]
INFO: [ view_parse ] --END-- [ RunTime:0.015400s ]
INFO: [ view_filter ] --START--
INFO: ContentReplace Behavior ::run [ RunTime:0.000436s ]
INFO: TokenBuild Behavior ::run [ RunTime:0.000344s ]
INFO: WriteHtmlCache Behavior ::run [ RunTime:0.000220s ]
INFO: ShowRuntime Behavior ::run [ RunTime:0.000410s ]
INFO: [ view_filter ] --END-- [ RunTime:0.001572s ]
INFO: [ view_end ] --START--
INFO: ShowPageTrace Behavior ::run [ RunTime:0.001599s ]
INFO: [ view_end ] --END-- [ RunTime:0.001662s ]

[ 2015-07-15T16:49:05+08:00 ] 0.0.0.0 /~changzhao619/2015/web/
INFO: [ app_begin ] --START--
INFO: ReadHtmlCache Behavior ::run [ RunTime:0.000248s ]
INFO: [ app_begin ] --END-- [ RunTime:0.000292s ]
INFO: [ view_parse ] --START--
INFO: ParseTemplate Behavior ::run [ RunTime:0.007560s ]
INFO: [ view_parse ] --END-- [ RunTime:0.007618s ]
INFO: [ view_filter ] --START--
INFO: ContentReplace Behavior ::run [ RunTime:0.000203s ]
INFO: TokenBuild Behavior ::run [ RunTime:0.000170s ]
INFO: WriteHtmlCache Behavior ::run [ RunTime:0.000108s ]
INFO: ShowRuntime Behavior ::run [ RunTime:0.000205s ]
INFO: [ view_filter ] --END-- [ RunTime:0.000765s ]
INFO: [ view_end ] --START--
INFO: ShowPageTrace Behavior ::run [ RunTime:0.000332s ]
INFO: [ view_end ] --END-- [ RunTime:0.000366s ]

[ 2015-07-15T16:49:05+08:00 ] 0.0.0.0 /~changzhao619/2015/web/
INFO: [ app_begin ] --START--
INFO: ReadHtmlCache Behavior ::run [ RunTime:0.000306s ]
INFO: [ app_begin ] --END-- [ RunTime:0.000357s ]
INFO: [ view_parse ] --START--
INFO: ParseTemplate Behavior ::run [ RunTime:0.007925s ]
INFO: [ view_parse ] --END-- [ RunTime:0.007978s ]
INFO: [ view_filter ] --START--
INFO: ContentReplace Behavior ::run [ RunTime:0.000214s ]
INFO: TokenBuild Behavior ::run [ RunTime:0.000166s ]
INFO: WriteHtmlCache Behavior ::run [ RunTime:0.000103s ]
INFO: ShowRuntime Behavior ::run [ RunTime:0.000227s ]
INFO: [ view_filter ] --END-- [ RunTime:0.000794s ]
INFO: [ view_end ] --START--
INFO: ShowPageTrace Behavior ::run [ RunTime:0.000360s ]
INFO: [ view_end ] --END-- [ RunTime:0.000395s ]

[ 2015-07-15T17:07:23+08:00 ] 0.0.0.0 /~changzhao619/2015/web/
INFO: [ app_begin ] --START--
INFO: ReadHtmlCache Behavior ::run [ RunTime:0.000281s ]
INFO: [ app_begin ] --END-- [ RunTime:0.000333s ]
INFO: [ view_parse ] --START--
INFO: ParseTemplate Behavior ::run [ RunTime:0.006705s ]
INFO: [ view_parse ] --END-- [ RunTime:0.006763s ]
INFO: [ view_filter ] --START--
INFO: ContentReplace Behavior ::run [ RunTime:0.000241s ]
INFO: TokenBuild Behavior ::run [ RunTime:0.000205s ]
INFO: WriteHtmlCache Behavior ::run [ RunTime:0.000121s ]
INFO: ShowRuntime Behavior ::run [ RunTime:0.000228s ]
INFO: [ view_filter ] --END-- [ RunTime:0.000887s ]
INFO: [ view_end ] --START--
INFO: ShowPageTrace Behavior ::run [ RunTime:0.000347s ]
INFO: [ view_end ] --END-- [ RunTime:0.000393s ]

