[ 2015-12-30T21:20:09+08:00 ] 0.0.0.0 /~changzhao619/2015/web/
INFO: [ app_begin ] --START--
INFO: ReadHtmlCache Behavior ::run [ RunTime:0.001096s ]
INFO: [ app_begin ] --END-- [ RunTime:0.001394s ]
SQL: SHOW COLUMNS FROM `think_article` [ RunTime:0.014733s ]
SQL: SELECT COUNT(*) AS tp_count FROM `think_article` LIMIT 1   [ RunTime:0.001055s ]
SQL: SELECT * FROM `think_article` WHERE ( entype = "jiuyexinwen" ) ORDER BY createtime desc LIMIT 0,10   [ RunTime:0.002130s ]
SQL: SELECT COUNT(*) AS tp_count FROM `think_article` LIMIT 1   [ RunTime:0.000345s ]
SQL: SELECT * FROM `think_article` WHERE ( entype = "tongzhigonggao" ) ORDER BY createtime desc LIMIT 0,10   [ RunTime:0.000503s ]
SQL: SELECT COUNT(*) AS tp_count FROM `think_article` LIMIT 1   [ RunTime:0.000384s ]
SQL: SELECT * FROM `think_article` WHERE ( entype = "xiaoyuanzhaopin" ) ORDER BY createtime desc LIMIT 0,10   [ RunTime:0.000486s ]
SQL: SELECT COUNT(*) AS tp_count FROM `think_article` LIMIT 1   [ RunTime:0.000385s ]
SQL: SELECT * FROM `think_article` WHERE ( entype = "xiaowaizhaopin" ) ORDER BY createtime desc LIMIT 0,10   [ RunTime:0.000508s ]
INFO: [ view_parse ] --START--
INFO: ParseTemplate Behavior ::run [ RunTime:0.015960s ]
INFO: [ view_parse ] --END-- [ RunTime:0.016035s ]
INFO: [ view_filter ] --START--
INFO: ContentReplace Behavior ::run [ RunTime:0.000531s ]
INFO: TokenBuild Behavior ::run [ RunTime:0.000629s ]
INFO: WriteHtmlCache Behavior ::run [ RunTime:0.000612s ]
INFO: ShowRuntime Behavior ::run [ RunTime:0.000823s ]
INFO: [ view_filter ] --END-- [ RunTime:0.002800s ]
INFO: [ view_end ] --START--
INFO: ShowPageTrace Behavior ::run [ RunTime:0.000977s ]
INFO: [ view_end ] --END-- [ RunTime:0.001054s ]

[ 2015-12-30T21:20:10+08:00 ] 0.0.0.0 /~changzhao619/2015/web/?m=Index&a=calendar
INFO: [ app_begin ] --START--
INFO: ReadHtmlCache Behavior ::run [ RunTime:0.000474s ]
INFO: [ app_begin ] --END-- [ RunTime:0.000560s ]
SQL: SHOW COLUMNS FROM `think_article` [ RunTime:0.001538s ]
SQL: SELECT COUNT(*) AS tp_count FROM `think_article` LIMIT 1   [ RunTime:0.000319s ]
NOTIC: [8] Undefined variable: num /Users/changzhao619/Sites/2015/web/protected/home/Lib/Action/IndexAction.class.php 第 76 行.
NOTIC: [8] Undefined variable: entype /Users/changzhao619/Sites/2015/web/protected/home/Lib/Action/IndexAction.class.php 第 79 行.
SQL: SELECT * FROM `think_article` WHERE ( entype = "" ) ORDER BY createtime desc LIMIT 0,20   [ RunTime:0.000292s ]

