[ 2016-03-24T09:58:07+08:00 ] 0.0.0.0 /~changzhao619/2016/cwff/
INFO: [ app_begin ] --START--
INFO: ReadHtmlCache Behavior ::run [ RunTime:0.001323s ]
INFO: [ app_begin ] --END-- [ RunTime:0.003481s ]
NOTIC: [2] mysql_connect(): Connection refused /Users/changzhao619/Sites/2016/cwff/protected/thinkphp/Lib/Driver/Db/DbMysql.class.php 第 55 行.
ERR: Connection refused

[ 2016-03-24T09:58:36+08:00 ] 0.0.0.0 /~changzhao619/2016/cwff/
INFO: [ app_begin ] --START--
INFO: ReadHtmlCache Behavior ::run [ RunTime:0.000299s ]
INFO: [ app_begin ] --END-- [ RunTime:0.000418s ]
SQL: SHOW COLUMNS FROM `think_model` [ RunTime:0.009407s ]
SQL: SHOW COLUMNS FROM `think_column` [ RunTime:0.004996s ]
SQL: SHOW COLUMNS FROM `think_article` [ RunTime:0.003314s ]
SQL: SELECT * FROM `think_column` WHERE ( p_id = 0 ) ORDER BY id  [ RunTime:0.001787s ]
SQL: SELECT * FROM `think_column` WHERE ( p_id = 1 )  [ RunTime:0.000320s ]
SQL: SELECT * FROM `think_model` WHERE ( name ="list1" ) LIMIT 1   [ RunTime:0.000345s ]
SQL: SELECT * FROM `think_column` WHERE ( p_id = 1 ) ORDER BY id  [ RunTime:0.000344s ]
SQL: SELECT * FROM `think_column` WHERE ( p_id = 2 )  [ RunTime:0.000402s ]
SQL: SELECT * FROM `think_model` WHERE ( name ="list1" ) LIMIT 1   [ RunTime:0.000433s ]
SQL: SELECT * FROM `think_column` WHERE ( p_id = 2 ) ORDER BY id  [ RunTime:0.000490s ]
SQL: SELECT * FROM `think_column` WHERE ( p_id = 13 )  [ RunTime:0.000457s ]
SQL: SELECT * FROM `think_model` WHERE ( name ="article1" ) LIMIT 1   [ RunTime:0.000710s ]
SQL: SELECT * FROM `think_article` WHERE ( `raw_id` = 13 ) AND ( `entype` = 'yingzhanzongzhi' ) AND ( `model_type` = 'article_model' ) LIMIT 1   [ RunTime:0.000360s ]
SQL: SELECT * FROM `think_column` WHERE ( p_id = 13 ) ORDER BY id  [ RunTime:0.000232s ]
SQL: SELECT * FROM `think_column` WHERE ( p_id = 14 )  [ RunTime:0.000198s ]
SQL: SELECT * FROM `think_model` WHERE ( name ="article1" ) LIMIT 1   [ RunTime:0.000186s ]
SQL: SELECT * FROM `think_column` WHERE ( p_id = 14 ) ORDER BY id  [ RunTime:0.000194s ]
SQL: SELECT * FROM `think_column` WHERE ( p_id = 40 )  [ RunTime:0.000188s ]
SQL: SELECT * FROM `think_model` WHERE ( name ="article1" ) LIMIT 1   [ RunTime:0.000216s ]
SQL: SELECT * FROM `think_article` WHERE ( `raw_id` = 40 ) AND ( `entype` = 'guwenqun' ) AND ( `model_type` = 'article_model' ) LIMIT 1   [ RunTime:0.000315s ]
SQL: SELECT * FROM `think_column` WHERE ( p_id = 40 ) ORDER BY id  [ RunTime:0.000213s ]
SQL: SELECT * FROM `think_column` WHERE ( p_id = 41 )  [ RunTime:0.000310s ]
SQL: SELECT * FROM `think_model` WHERE ( name ="article1" ) LIMIT 1   [ RunTime:0.000359s ]
SQL: SELECT * FROM `think_article` WHERE ( `raw_id` = 41 ) AND ( `entype` = 'cwffzuweihui' ) AND ( `model_type` = 'article_model' ) LIMIT 1   [ RunTime:0.000335s ]
SQL: SELECT * FROM `think_column` WHERE ( p_id = 41 ) ORDER BY id  [ RunTime:0.000363s ]
SQL: SELECT * FROM `think_column` WHERE ( p_id = 15 )  [ RunTime:0.000216s ]
SQL: SELECT * FROM `think_model` WHERE ( name ="article1" ) LIMIT 1   [ RunTime:0.000190s ]
SQL: SELECT * FROM `think_article` WHERE ( `raw_id` = 15 ) AND ( `entype` = 'jiangxiangshezhi' ) AND ( `model_type` = 'article_model' ) LIMIT 1   [ RunTime:0.000286s ]
SQL: SELECT * FROM `think_column` WHERE ( p_id = 15 ) ORDER BY id  [ RunTime:0.000229s ]
SQL: SELECT * FROM `think_column` WHERE ( p_id = 16 )  [ RunTime:0.000338s ]
SQL: SELECT * FROM `think_model` WHERE ( name ="article1" ) LIMIT 1   [ RunTime:0.000210s ]
SQL: SELECT * FROM `think_article` WHERE ( `raw_id` = 16 ) AND ( `entype` = 'jingsaipingwei' ) AND ( `model_type` = 'article_model' ) LIMIT 1   [ RunTime:0.000240s ]
SQL: SELECT * FROM `think_column` WHERE ( p_id = 16 ) ORDER BY id  [ RunTime:0.000242s ]
SQL: SELECT * FROM `think_column` WHERE ( p_id = 17 )  [ RunTime:0.000183s ]
SQL: SELECT * FROM `think_model` WHERE ( name ="article1" ) LIMIT 1   [ RunTime:0.000199s ]
SQL: SELECT * FROM `think_article` WHERE ( `raw_id` = 17 ) AND ( `entype` = 'woyaobaoming' ) AND ( `model_type` = 'article_model' ) LIMIT 1   [ RunTime:0.000220s ]
SQL: SELECT * FROM `think_column` WHERE ( p_id = 17 ) ORDER BY id  [ RunTime:0.000214s ]
SQL: SELECT * FROM `think_column` WHERE ( p_id = 3 )  [ RunTime:0.000207s ]
SQL: SELECT * FROM `think_model` WHERE ( name ="list1" ) LIMIT 1   [ RunTime:0.000165s ]
SQL: SELECT * FROM `think_column` WHERE ( p_id = 3 ) ORDER BY id  [ RunTime:0.000194s ]
SQL: SELECT * FROM `think_column` WHERE ( p_id = 8 )  [ RunTime:0.000170s ]
SQL: SELECT * FROM `think_model` WHERE ( name ="list1" ) LIMIT 1   [ RunTime:0.000168s ]
SQL: SELECT * FROM `think_column` WHERE ( p_id = 8 ) ORDER BY id  [ RunTime:0.000186s ]
SQL: SELECT * FROM `think_column` WHERE ( p_id = 9 )  [ RunTime:0.000182s ]
SQL: SELECT * FROM `think_model` WHERE ( name ="list1" ) LIMIT 1   [ RunTime:0.000177s ]
SQL: SELECT * FROM `think_column` WHERE ( p_id = 9 ) ORDER BY id  [ RunTime:0.000188s ]
SQL: SELECT * FROM `think_column` WHERE ( p_id = 10 )  [ RunTime:0.000183s ]
SQL: SELECT * FROM `think_model` WHERE ( name ="list1" ) LIMIT 1   [ RunTime:0.000185s ]
SQL: SELECT * FROM `think_column` WHERE ( p_id = 10 ) ORDER BY id  [ RunTime:0.000248s ]
SQL: SELECT * FROM `think_column` WHERE ( p_id = 11 )  [ RunTime:0.000237s ]
SQL: SELECT * FROM `think_model` WHERE ( name ="list1" ) LIMIT 1   [ RunTime:0.000230s ]
SQL: SELECT * FROM `think_column` WHERE ( p_id = 11 ) ORDER BY id  [ RunTime:0.000245s ]
SQL: SELECT * FROM `think_column` WHERE ( p_id = 12 )  [ RunTime:0.000244s ]
SQL: SELECT * FROM `think_model` WHERE ( name ="list1" ) LIMIT 1   [ RunTime:0.000197s ]
SQL: SELECT * FROM `think_column` WHERE ( p_id = 12 ) ORDER BY id  [ RunTime:0.000237s ]
SQL: SELECT * FROM `think_column` WHERE ( p_id = 4 )  [ RunTime:0.000267s ]
SQL: SELECT * FROM `think_model` WHERE ( name ="list1" ) LIMIT 1   [ RunTime:0.000230s ]
SQL: SELECT * FROM `think_column` WHERE ( p_id = 4 ) ORDER BY id  [ RunTime:0.000267s ]
SQL: SELECT * FROM `think_column` WHERE ( p_id = 18 )  [ RunTime:0.000376s ]
SQL: SELECT * FROM `think_model` WHERE ( name ="list1" ) LIMIT 1   [ RunTime:0.000374s ]
SQL: SELECT * FROM `think_column` WHERE ( p_id = 18 ) ORDER BY id  [ RunTime:0.000453s ]
SQL: SELECT * FROM `think_column` WHERE ( p_id = 19 )  [ RunTime:0.001051s ]
SQL: SELECT * FROM `think_model` WHERE ( name ="list1" ) LIMIT 1   [ RunTime:0.000361s ]
SQL: SELECT * FROM `think_column` WHERE ( p_id = 19 ) ORDER BY id  [ RunTime:0.000260s ]
SQL: SELECT * FROM `think_column` WHERE ( p_id = 20 )  [ RunTime:0.000246s ]
SQL: SELECT * FROM `think_model` WHERE ( name ="list1" ) LIMIT 1   [ RunTime:0.000247s ]
SQL: SELECT * FROM `think_column` WHERE ( p_id = 20 ) ORDER BY id  [ RunTime:0.000263s ]
SQL: SELECT * FROM `think_column` WHERE ( p_id = 21 )  [ RunTime:0.000300s ]
SQL: SELECT * FROM `think_model` WHERE ( name ="list1" ) LIMIT 1   [ RunTime:0.000312s ]
SQL: SELECT * FROM `think_column` WHERE ( p_id = 21 ) ORDER BY id  [ RunTime:0.000306s ]
SQL: SELECT * FROM `think_column` WHERE ( p_id = 5 )  [ RunTime:0.000218s ]
SQL: SELECT * FROM `think_model` WHERE ( name ="list1" ) LIMIT 1   [ RunTime:0.000261s ]
SQL: SELECT * FROM `think_column` WHERE ( p_id = 5 ) ORDER BY id  [ RunTime:0.000467s ]
SQL: SELECT * FROM `think_column` WHERE ( p_id = 22 )  [ RunTime:0.000328s ]
SQL: SELECT * FROM `think_model` WHERE ( name ="list1" ) LIMIT 1   [ RunTime:0.000288s ]
SQL: SELECT * FROM `think_column` WHERE ( p_id = 22 ) ORDER BY id  [ RunTime:0.000265s ]
SQL: SELECT * FROM `think_column` WHERE ( p_id = 30 )  [ RunTime:0.000211s ]
SQL: SELECT * FROM `think_model` WHERE ( name ="list1" ) LIMIT 1   [ RunTime:0.000384s ]
SQL: SELECT * FROM `think_column` WHERE ( p_id = 30 ) ORDER BY id  [ RunTime:0.000331s ]
SQL: SELECT * FROM `think_column` WHERE ( p_id = 31 )  [ RunTime:0.000314s ]
SQL: SELECT * FROM `think_model` WHERE ( name ="list1" ) LIMIT 1   [ RunTime:0.000292s ]
SQL: SELECT * FROM `think_column` WHERE ( p_id = 31 ) ORDER BY id  [ RunTime:0.000237s ]
SQL: SELECT * FROM `think_column` WHERE ( p_id = 32 )  [ RunTime:0.000210s ]
SQL: SELECT * FROM `think_model` WHERE ( name ="list1" ) LIMIT 1   [ RunTime:0.000202s ]
SQL: SELECT * FROM `think_column` WHERE ( p_id = 32 ) ORDER BY id  [ RunTime:0.000194s ]
SQL: SELECT * FROM `think_column` WHERE ( p_id = 33 )  [ RunTime:0.000191s ]
SQL: SELECT * FROM `think_model` WHERE ( name ="list1" ) LIMIT 1   [ RunTime:0.000238s ]
SQL: SELECT * FROM `think_column` WHERE ( p_id = 33 ) ORDER BY id  [ RunTime:0.000254s ]
SQL: SELECT * FROM `think_column` WHERE ( p_id = 23 )  [ RunTime:0.000287s ]
SQL: SELECT * FROM `think_model` WHERE ( name ="list1" ) LIMIT 1   [ RunTime:0.000209s ]
SQL: SELECT * FROM `think_column` WHERE ( p_id = 23 ) ORDER BY id  [ RunTime:0.000207s ]
SQL: SELECT * FROM `think_column` WHERE ( p_id = 34 )  [ RunTime:0.000194s ]
SQL: SELECT * FROM `think_model` WHERE ( name ="list1" ) LIMIT 1   [ RunTime:0.000179s ]
SQL: SELECT * FROM `think_column` WHERE ( p_id = 34 ) ORDER BY id  [ RunTime:0.000290s ]
SQL: SELECT * FROM `think_column` WHERE ( p_id = 35 )  [ RunTime:0.000299s ]
SQL: SELECT * FROM `think_model` WHERE ( name ="list1" ) LIMIT 1   [ RunTime:0.000256s ]
SQL: SELECT * FROM `think_column` WHERE ( p_id = 35 ) ORDER BY id  [ RunTime:0.000283s ]
SQL: SELECT * FROM `think_column` WHERE ( p_id = 36 )  [ RunTime:0.000263s ]
SQL: SELECT * FROM `think_model` WHERE ( name ="list1" ) LIMIT 1   [ RunTime:0.000202s ]
SQL: SELECT * FROM `think_column` WHERE ( p_id = 36 ) ORDER BY id  [ RunTime:0.000214s ]
SQL: SELECT * FROM `think_column` WHERE ( p_id = 37 )  [ RunTime:0.000315s ]
SQL: SELECT * FROM `think_model` WHERE ( name ="list1" ) LIMIT 1   [ RunTime:0.000271s ]
SQL: SELECT * FROM `think_column` WHERE ( p_id = 37 ) ORDER BY id  [ RunTime:0.000283s ]
SQL: SELECT * FROM `think_column` WHERE ( p_id = 38 )  [ RunTime:0.000271s ]
SQL: SELECT * FROM `think_model` WHERE ( name ="list1" ) LIMIT 1   [ RunTime:0.000264s ]
SQL: SELECT * FROM `think_column` WHERE ( p_id = 38 ) ORDER BY id  [ RunTime:0.000284s ]
SQL: SELECT * FROM `think_column` WHERE ( p_id = 39 )  [ RunTime:0.000263s ]
SQL: SELECT * FROM `think_model` WHERE ( name ="list1" ) LIMIT 1   [ RunTime:0.000294s ]
SQL: SELECT * FROM `think_column` WHERE ( p_id = 39 ) ORDER BY id  [ RunTime:0.000313s ]
SQL: SELECT * FROM `think_column` WHERE ( p_id = 6 )  [ RunTime:0.000308s ]
SQL: SELECT * FROM `think_model` WHERE ( name ="list1" ) LIMIT 1   [ RunTime:0.000332s ]
SQL: SELECT * FROM `think_column` WHERE ( p_id = 6 ) ORDER BY id  [ RunTime:0.000317s ]
SQL: SELECT * FROM `think_column` WHERE ( p_id = 24 )  [ RunTime:0.000311s ]
SQL: SELECT * FROM `think_model` WHERE ( name ="article1" ) LIMIT 1   [ RunTime:0.000263s ]
SQL: SELECT * FROM `think_article` WHERE ( `raw_id` = 24 ) AND ( `entype` = 'zhiyuanzhejiaru' ) AND ( `model_type` = 'article_model' ) LIMIT 1   [ RunTime:0.000399s ]
SQL: SELECT * FROM `think_column` WHERE ( p_id = 24 ) ORDER BY id  [ RunTime:0.000426s ]
SQL: SELECT * FROM `think_column` WHERE ( p_id = 25 )  [ RunTime:0.000467s ]
SQL: SELECT * FROM `think_model` WHERE ( name ="list1" ) LIMIT 1   [ RunTime:0.000402s ]
SQL: SELECT * FROM `think_column` WHERE ( p_id = 25 ) ORDER BY id  [ RunTime:0.000446s ]
SQL: SELECT * FROM `think_column` WHERE ( p_id = 26 )  [ RunTime:0.000415s ]
SQL: SELECT * FROM `think_model` WHERE ( name ="article1" ) LIMIT 1   [ RunTime:0.000389s ]
SQL: SELECT * FROM `think_article` WHERE ( `raw_id` = 26 ) AND ( `entype` = 'lianluowomen' ) AND ( `model_type` = 'article_model' ) LIMIT 1   [ RunTime:0.000441s ]
SQL: SELECT * FROM `think_column` WHERE ( p_id = 26 ) ORDER BY id  [ RunTime:0.000419s ]
SQL: SELECT * FROM `think_column` WHERE ( p_id = 7 )  [ RunTime:0.000426s ]
SQL: SELECT * FROM `think_model` WHERE ( name ="list1" ) LIMIT 1   [ RunTime:0.000357s ]
SQL: SELECT * FROM `think_column` WHERE ( p_id = 7 ) ORDER BY id  [ RunTime:0.000379s ]
SQL: SELECT * FROM `think_column` WHERE ( p_id = 27 )  [ RunTime:0.000282s ]
SQL: SELECT * FROM `think_model` WHERE ( name ="article1" ) LIMIT 1   [ RunTime:0.000308s ]
SQL: SELECT * FROM `think_article` WHERE ( `raw_id` = 27 ) AND ( `entype` = 'zhanzhuzhichi' ) AND ( `model_type` = 'article_model' ) LIMIT 1   [ RunTime:0.000326s ]
SQL: SELECT * FROM `think_column` WHERE ( p_id = 27 ) ORDER BY id  [ RunTime:0.000267s ]
SQL: SELECT * FROM `think_column` WHERE ( p_id = 28 )  [ RunTime:0.000267s ]
SQL: SELECT * FROM `think_model` WHERE ( name ="article1" ) LIMIT 1   [ RunTime:0.000299s ]
SQL: SELECT * FROM `think_article` WHERE ( `raw_id` = 28 ) AND ( `entype` = 'meitihezuo' ) AND ( `model_type` = 'article_model' ) LIMIT 1   [ RunTime:0.000341s ]
SQL: SELECT * FROM `think_column` WHERE ( p_id = 28 ) ORDER BY id  [ RunTime:0.000272s ]
SQL: SELECT * FROM `think_column` WHERE ( p_id = 29 )  [ RunTime:0.000241s ]
SQL: SELECT * FROM `think_model` WHERE ( name ="article1" ) LIMIT 1   [ RunTime:0.000288s ]
SQL: SELECT * FROM `think_article` WHERE ( `raw_id` = 29 ) AND ( `entype` = 'changdizhichi' ) AND ( `model_type` = 'article_model' ) LIMIT 1   [ RunTime:0.000291s ]
SQL: SELECT * FROM `think_column` WHERE ( p_id = 29 ) ORDER BY id  [ RunTime:0.000270s ]
INFO: [ view_parse ] --START--
INFO: ParseTemplate Behavior ::run [ RunTime:0.012475s ]
INFO: [ view_parse ] --END-- [ RunTime:0.012560s ]
INFO: [ view_filter ] --START--
INFO: ContentReplace Behavior ::run [ RunTime:0.000847s ]
INFO: TokenBuild Behavior ::run [ RunTime:0.000690s ]
INFO: WriteHtmlCache Behavior ::run [ RunTime:0.000706s ]
INFO: ShowRuntime Behavior ::run [ RunTime:0.001006s ]
INFO: [ view_filter ] --END-- [ RunTime:0.003457s ]
INFO: [ view_end ] --START--
INFO: ShowPageTrace Behavior ::run [ RunTime:0.001098s ]
INFO: [ view_end ] --END-- [ RunTime:0.001189s ]

[ 2016-03-24T09:58:36+08:00 ] 0.0.0.0 /~changzhao619/2016/cwff/?m=Index&a=frame_img_show
INFO: [ app_begin ] --START--
INFO: ReadHtmlCache Behavior ::run [ RunTime:0.000342s ]
INFO: [ app_begin ] --END-- [ RunTime:0.000458s ]
NOTIC: [8] Constant THEME_NAME already defined /Users/changzhao619/Sites/2016/cwff/protected/thinkphp/Lib/Core/View.class.php 第 223 行.
NOTIC: [8] Constant THEME_PATH already defined /Users/changzhao619/Sites/2016/cwff/protected/thinkphp/Lib/Core/View.class.php 第 174 行.
NOTIC: [8] Constant APP_TMPL_PATH already defined /Users/changzhao619/Sites/2016/cwff/protected/thinkphp/Lib/Core/View.class.php 第 175 行.
INFO: [ view_parse ] --START--
INFO: ParseTemplate Behavior ::run [ RunTime:0.017394s ]
INFO: [ view_parse ] --END-- [ RunTime:0.017460s ]
INFO: [ view_filter ] --START--
INFO: ContentReplace Behavior ::run [ RunTime:0.011737s ]
INFO: TokenBuild Behavior ::run [ RunTime:0.000271s ]
INFO: WriteHtmlCache Behavior ::run [ RunTime:0.000188s ]
INFO: ShowRuntime Behavior ::run [ RunTime:0.000426s ]
INFO: [ view_filter ] --END-- [ RunTime:0.012823s ]
INFO: [ view_end ] --START--
INFO: ShowPageTrace Behavior ::run [ RunTime:0.000608s ]
INFO: [ view_end ] --END-- [ RunTime:0.000683s ]

