[ 2016-01-12T11:45:59+08:00 ] 0.0.0.0 /~changzhao619/2015/web/
INFO: [ app_begin ] --START--
INFO: ReadHtmlCache Behavior ::run [ RunTime:0.001175s ]
INFO: [ app_begin ] --END-- [ RunTime:0.002750s ]
SQL: SHOW COLUMNS FROM `think_article` [ RunTime:0.022144s ]
SQL: SELECT COUNT(*) AS tp_count FROM `think_article` LIMIT 1   [ RunTime:0.001658s ]
SQL: SELECT * FROM `think_article` WHERE ( entype = "jiuyexinwen" ) ORDER BY createtime desc LIMIT 0,10   [ RunTime:0.004806s ]
SQL: SELECT COUNT(*) AS tp_count FROM `think_article` LIMIT 1   [ RunTime:0.000410s ]
SQL: SELECT * FROM `think_article` WHERE ( entype = "tongzhigonggao" ) ORDER BY createtime desc LIMIT 0,10   [ RunTime:0.000410s ]
SQL: SELECT COUNT(*) AS tp_count FROM `think_article` LIMIT 1   [ RunTime:0.000214s ]
SQL: SELECT * FROM `think_article` WHERE ( entype = "xiaoyuanzhaopin" ) ORDER BY createtime desc LIMIT 0,10   [ RunTime:0.000320s ]
SQL: SELECT COUNT(*) AS tp_count FROM `think_article` LIMIT 1   [ RunTime:0.000244s ]
SQL: SELECT * FROM `think_article` WHERE ( entype = "xiaowaizhaopin" ) ORDER BY createtime desc LIMIT 0,10   [ RunTime:0.000332s ]
INFO: [ view_parse ] --START--
INFO: ParseTemplate Behavior ::run [ RunTime:0.020708s ]
INFO: [ view_parse ] --END-- [ RunTime:0.020823s ]
INFO: [ view_filter ] --START--
INFO: ContentReplace Behavior ::run [ RunTime:0.000667s ]
INFO: TokenBuild Behavior ::run [ RunTime:0.000719s ]
INFO: WriteHtmlCache Behavior ::run [ RunTime:0.000711s ]
INFO: ShowRuntime Behavior ::run [ RunTime:0.000910s ]
INFO: [ view_filter ] --END-- [ RunTime:0.003243s ]
INFO: [ view_end ] --START--
INFO: ShowPageTrace Behavior ::run [ RunTime:0.007035s ]
INFO: [ view_end ] --END-- [ RunTime:0.007104s ]

[ 2016-01-12T11:46:01+08:00 ] 0.0.0.0 /~changzhao619/2015/web/?m=Index&a=calendar
INFO: [ app_begin ] --START--
INFO: ReadHtmlCache Behavior ::run [ RunTime:0.000451s ]
INFO: [ app_begin ] --END-- [ RunTime:0.000533s ]
SQL: SHOW COLUMNS FROM `think_article` [ RunTime:0.019731s ]
SQL: SELECT COUNT(*) AS tp_count FROM `think_article` LIMIT 1   [ RunTime:0.000350s ]
NOTIC: [8] Undefined variable: num /Users/changzhao619/Sites/2015/web/protected/home/Lib/Action/IndexAction.class.php 第 76 行.
NOTIC: [8] Undefined variable: entype /Users/changzhao619/Sites/2015/web/protected/home/Lib/Action/IndexAction.class.php 第 79 行.
SQL: SELECT * FROM `think_article` WHERE ( entype = "" ) ORDER BY createtime desc LIMIT 0,20   [ RunTime:0.000392s ]

[ 2016-01-12T11:47:25+08:00 ] 0.0.0.0 /~changzhao619/2015/web/?m=Index&a=article&involved_en=jiuyexinwen&enname=jiuyexinwen&id=13
INFO: [ app_begin ] --START--
INFO: ReadHtmlCache Behavior ::run [ RunTime:0.000275s ]
INFO: [ app_begin ] --END-- [ RunTime:0.000366s ]
SQL: SHOW COLUMNS FROM `think_articlemodel` [ RunTime:0.072243s ]
SQL: SELECT * FROM `think_articlemodel` WHERE ( involved_en = "jiuyexinwen" )  [ RunTime:0.000459s ]
SQL: SELECT * FROM `think_articlemodel` WHERE ( involved_en = "jiuyexinwen" ) LIMIT 1   [ RunTime:0.000283s ]
NOTIC: [8] Undefined variable: ename /Users/changzhao619/Sites/2015/web/protected/home/Lib/Action/IndexAction.class.php 第 46 行.
SQL: SELECT * FROM `think_articlemodel` WHERE ( ename = "" ) LIMIT 1   [ RunTime:0.000282s ]
ERR: 1054:Unknown column 'ename' in 'where clause'
 [ SQL语句 ] : SELECT * FROM `think_articlemodel` WHERE ( ename = "" ) LIMIT 1  
SQL: SHOW COLUMNS FROM `think_article` [ RunTime:0.023501s ]
SQL: SELECT * FROM `think_article` WHERE ( id = "13" ) LIMIT 1   [ RunTime:0.012528s ]
INFO: [ view_parse ] --START--
INFO: ParseTemplate Behavior ::run [ RunTime:0.053800s ]
INFO: [ view_parse ] --END-- [ RunTime:0.053934s ]
INFO: [ view_filter ] --START--
INFO: ContentReplace Behavior ::run [ RunTime:0.000475s ]
INFO: TokenBuild Behavior ::run [ RunTime:0.000319s ]
INFO: WriteHtmlCache Behavior ::run [ RunTime:0.000201s ]
INFO: ShowRuntime Behavior ::run [ RunTime:0.000418s ]
INFO: [ view_filter ] --END-- [ RunTime:0.001579s ]
INFO: [ view_end ] --START--
INFO: ShowPageTrace Behavior ::run [ RunTime:0.000602s ]
INFO: [ view_end ] --END-- [ RunTime:0.000705s ]

