[ 2016-03-29T14:29:11+08:00 ] 0.0.0.0 /~changzhao619/2016/cwff/
INFO: [ app_begin ] --START--
INFO: ReadHtmlCache Behavior ::run [ RunTime:0.002162s ]
INFO: [ app_begin ] --END-- [ RunTime:0.004410s ]
SQL: SHOW COLUMNS FROM `think_model` [ RunTime:0.048261s ]
SQL: SHOW COLUMNS FROM `think_column` [ RunTime:0.011925s ]
SQL: SHOW COLUMNS FROM `think_article` [ RunTime:0.004336s ]
SQL: SELECT * FROM `think_column` WHERE ( p_id = 0 ) ORDER BY id  [ RunTime:0.002968s ]
SQL: SELECT * FROM `think_column` WHERE ( p_id = 1 )  [ RunTime:0.000398s ]
SQL: SELECT * FROM `think_model` WHERE ( name ="list1" ) LIMIT 1   [ RunTime:0.000415s ]
SQL: SELECT * FROM `think_column` WHERE ( p_id = 1 ) ORDER BY id  [ RunTime:0.000432s ]
SQL: SELECT * FROM `think_column` WHERE ( p_id = 2 )  [ RunTime:0.000342s ]
SQL: SELECT * FROM `think_model` WHERE ( name ="list1" ) LIMIT 1   [ RunTime:0.000323s ]
SQL: SELECT * FROM `think_column` WHERE ( p_id = 2 ) ORDER BY id  [ RunTime:0.000321s ]
SQL: SELECT * FROM `think_column` WHERE ( p_id = 13 )  [ RunTime:0.000287s ]
SQL: SELECT * FROM `think_model` WHERE ( name ="article1" ) LIMIT 1   [ RunTime:0.000254s ]
SQL: SELECT * FROM `think_article` WHERE ( `raw_id` = 13 ) AND ( `entype` = 'yingzhanzongzhi' ) AND ( `model_type` = 'article_model' ) LIMIT 1   [ RunTime:0.000547s ]
SQL: SELECT * FROM `think_column` WHERE ( p_id = 13 ) ORDER BY id  [ RunTime:0.000275s ]
SQL: SELECT * FROM `think_column` WHERE ( p_id = 14 )  [ RunTime:0.000293s ]
SQL: SELECT * FROM `think_model` WHERE ( name ="article1" ) LIMIT 1   [ RunTime:0.000277s ]
SQL: SELECT * FROM `think_column` WHERE ( p_id = 14 ) ORDER BY id  [ RunTime:0.000284s ]
SQL: SELECT * FROM `think_column` WHERE ( p_id = 40 )  [ RunTime:0.000303s ]
SQL: SELECT * FROM `think_model` WHERE ( name ="article1" ) LIMIT 1   [ RunTime:0.000323s ]
SQL: SELECT * FROM `think_article` WHERE ( `raw_id` = 40 ) AND ( `entype` = 'guwenqun' ) AND ( `model_type` = 'article_model' ) LIMIT 1   [ RunTime:0.000383s ]
SQL: SELECT * FROM `think_column` WHERE ( p_id = 40 ) ORDER BY id  [ RunTime:0.000297s ]
SQL: SELECT * FROM `think_column` WHERE ( p_id = 41 )  [ RunTime:0.000288s ]
SQL: SELECT * FROM `think_model` WHERE ( name ="article1" ) LIMIT 1   [ RunTime:0.000436s ]
SQL: SELECT * FROM `think_article` WHERE ( `raw_id` = 41 ) AND ( `entype` = 'cwffzuweihui' ) AND ( `model_type` = 'article_model' ) LIMIT 1   [ RunTime:0.000322s ]
SQL: SELECT * FROM `think_column` WHERE ( p_id = 41 ) ORDER BY id  [ RunTime:0.000349s ]
SQL: SELECT * FROM `think_column` WHERE ( p_id = 15 )  [ RunTime:0.000327s ]
SQL: SELECT * FROM `think_model` WHERE ( name ="article1" ) LIMIT 1   [ RunTime:0.000291s ]
SQL: SELECT * FROM `think_article` WHERE ( `raw_id` = 15 ) AND ( `entype` = 'jiangxiangshezhi' ) AND ( `model_type` = 'article_model' ) LIMIT 1   [ RunTime:0.000306s ]
SQL: SELECT * FROM `think_column` WHERE ( p_id = 15 ) ORDER BY id  [ RunTime:0.000284s ]
SQL: SELECT * FROM `think_column` WHERE ( p_id = 16 )  [ RunTime:0.000301s ]
SQL: SELECT * FROM `think_model` WHERE ( name ="article1" ) LIMIT 1   [ RunTime:0.000287s ]
SQL: SELECT * FROM `think_article` WHERE ( `raw_id` = 16 ) AND ( `entype` = 'jingsaipingwei' ) AND ( `model_type` = 'article_model' ) LIMIT 1   [ RunTime:0.000445s ]
SQL: SELECT * FROM `think_column` WHERE ( p_id = 16 ) ORDER BY id  [ RunTime:0.000409s ]
SQL: SELECT * FROM `think_column` WHERE ( p_id = 17 )  [ RunTime:0.000494s ]
SQL: SELECT * FROM `think_model` WHERE ( name ="article1" ) LIMIT 1   [ RunTime:0.000437s ]
SQL: SELECT * FROM `think_article` WHERE ( `raw_id` = 17 ) AND ( `entype` = 'woyaobaoming' ) AND ( `model_type` = 'article_model' ) LIMIT 1   [ RunTime:0.000477s ]
SQL: SELECT * FROM `think_column` WHERE ( p_id = 17 ) ORDER BY id  [ RunTime:0.000490s ]
SQL: SELECT * FROM `think_column` WHERE ( p_id = 3 )  [ RunTime:0.000421s ]
SQL: SELECT * FROM `think_model` WHERE ( name ="list1" ) LIMIT 1   [ RunTime:0.000341s ]
SQL: SELECT * FROM `think_column` WHERE ( p_id = 3 ) ORDER BY id  [ RunTime:0.000315s ]
SQL: SELECT * FROM `think_column` WHERE ( p_id = 8 )  [ RunTime:0.000280s ]
SQL: SELECT * FROM `think_model` WHERE ( name ="list1" ) LIMIT 1   [ RunTime:0.000253s ]
SQL: SELECT * FROM `think_column` WHERE ( p_id = 8 ) ORDER BY id  [ RunTime:0.000297s ]
SQL: SELECT * FROM `think_column` WHERE ( p_id = 9 )  [ RunTime:0.000313s ]
SQL: SELECT * FROM `think_model` WHERE ( name ="list1" ) LIMIT 1   [ RunTime:0.000376s ]
SQL: SELECT * FROM `think_column` WHERE ( p_id = 9 ) ORDER BY id  [ RunTime:0.000306s ]
SQL: SELECT * FROM `think_column` WHERE ( p_id = 10 )  [ RunTime:0.000265s ]
SQL: SELECT * FROM `think_model` WHERE ( name ="list1" ) LIMIT 1   [ RunTime:0.000258s ]
SQL: SELECT * FROM `think_column` WHERE ( p_id = 10 ) ORDER BY id  [ RunTime:0.000254s ]
SQL: SELECT * FROM `think_column` WHERE ( p_id = 11 )  [ RunTime:0.000226s ]
SQL: SELECT * FROM `think_model` WHERE ( name ="list1" ) LIMIT 1   [ RunTime:0.000275s ]
SQL: SELECT * FROM `think_column` WHERE ( p_id = 11 ) ORDER BY id  [ RunTime:0.000248s ]
SQL: SELECT * FROM `think_column` WHERE ( p_id = 12 )  [ RunTime:0.000311s ]
SQL: SELECT * FROM `think_model` WHERE ( name ="list1" ) LIMIT 1   [ RunTime:0.000223s ]
SQL: SELECT * FROM `think_column` WHERE ( p_id = 12 ) ORDER BY id  [ RunTime:0.000281s ]
SQL: SELECT * FROM `think_column` WHERE ( p_id = 4 )  [ RunTime:0.000277s ]
SQL: SELECT * FROM `think_model` WHERE ( name ="list1" ) LIMIT 1   [ RunTime:0.000265s ]
SQL: SELECT * FROM `think_column` WHERE ( p_id = 4 ) ORDER BY id  [ RunTime:0.000272s ]
SQL: SELECT * FROM `think_column` WHERE ( p_id = 18 )  [ RunTime:0.000290s ]
SQL: SELECT * FROM `think_model` WHERE ( name ="list1" ) LIMIT 1   [ RunTime:0.000225s ]
SQL: SELECT * FROM `think_column` WHERE ( p_id = 18 ) ORDER BY id  [ RunTime:0.000238s ]
SQL: SELECT * FROM `think_column` WHERE ( p_id = 19 )  [ RunTime:0.000247s ]
SQL: SELECT * FROM `think_model` WHERE ( name ="list1" ) LIMIT 1   [ RunTime:0.000282s ]
SQL: SELECT * FROM `think_column` WHERE ( p_id = 19 ) ORDER BY id  [ RunTime:0.000233s ]
SQL: SELECT * FROM `think_column` WHERE ( p_id = 20 )  [ RunTime:0.000313s ]
SQL: SELECT * FROM `think_model` WHERE ( name ="list1" ) LIMIT 1   [ RunTime:0.000322s ]
SQL: SELECT * FROM `think_column` WHERE ( p_id = 20 ) ORDER BY id  [ RunTime:0.000392s ]
SQL: SELECT * FROM `think_column` WHERE ( p_id = 21 )  [ RunTime:0.000312s ]
SQL: SELECT * FROM `think_model` WHERE ( name ="list1" ) LIMIT 1   [ RunTime:0.000292s ]
SQL: SELECT * FROM `think_column` WHERE ( p_id = 21 ) ORDER BY id  [ RunTime:0.000304s ]
SQL: SELECT * FROM `think_column` WHERE ( p_id = 5 )  [ RunTime:0.000304s ]
SQL: SELECT * FROM `think_model` WHERE ( name ="list1" ) LIMIT 1   [ RunTime:0.000237s ]
SQL: SELECT * FROM `think_column` WHERE ( p_id = 5 ) ORDER BY id  [ RunTime:0.000262s ]
SQL: SELECT * FROM `think_column` WHERE ( p_id = 22 )  [ RunTime:0.000236s ]
SQL: SELECT * FROM `think_model` WHERE ( name ="list1" ) LIMIT 1   [ RunTime:0.000274s ]
SQL: SELECT * FROM `think_column` WHERE ( p_id = 22 ) ORDER BY id  [ RunTime:0.000264s ]
SQL: SELECT * FROM `think_column` WHERE ( p_id = 30 )  [ RunTime:0.000306s ]
SQL: SELECT * FROM `think_model` WHERE ( name ="list1" ) LIMIT 1   [ RunTime:0.000240s ]
SQL: SELECT * FROM `think_column` WHERE ( p_id = 30 ) ORDER BY id  [ RunTime:0.000274s ]
SQL: SELECT * FROM `think_column` WHERE ( p_id = 31 )  [ RunTime:0.000304s ]
SQL: SELECT * FROM `think_model` WHERE ( name ="list1" ) LIMIT 1   [ RunTime:0.000264s ]
SQL: SELECT * FROM `think_column` WHERE ( p_id = 31 ) ORDER BY id  [ RunTime:0.000329s ]
SQL: SELECT * FROM `think_column` WHERE ( p_id = 32 )  [ RunTime:0.000295s ]
SQL: SELECT * FROM `think_model` WHERE ( name ="list1" ) LIMIT 1   [ RunTime:0.000278s ]
SQL: SELECT * FROM `think_column` WHERE ( p_id = 32 ) ORDER BY id  [ RunTime:0.000250s ]
SQL: SELECT * FROM `think_column` WHERE ( p_id = 33 )  [ RunTime:0.000266s ]
SQL: SELECT * FROM `think_model` WHERE ( name ="list1" ) LIMIT 1   [ RunTime:0.000365s ]
SQL: SELECT * FROM `think_column` WHERE ( p_id = 33 ) ORDER BY id  [ RunTime:0.000286s ]
SQL: SELECT * FROM `think_column` WHERE ( p_id = 23 )  [ RunTime:0.000251s ]
SQL: SELECT * FROM `think_model` WHERE ( name ="list1" ) LIMIT 1   [ RunTime:0.000298s ]
SQL: SELECT * FROM `think_column` WHERE ( p_id = 23 ) ORDER BY id  [ RunTime:0.000250s ]
SQL: SELECT * FROM `think_column` WHERE ( p_id = 34 )  [ RunTime:0.000301s ]
SQL: SELECT * FROM `think_model` WHERE ( name ="list1" ) LIMIT 1   [ RunTime:0.000343s ]
SQL: SELECT * FROM `think_column` WHERE ( p_id = 34 ) ORDER BY id  [ RunTime:0.000275s ]
SQL: SELECT * FROM `think_column` WHERE ( p_id = 35 )  [ RunTime:0.000269s ]
SQL: SELECT * FROM `think_model` WHERE ( name ="list1" ) LIMIT 1   [ RunTime:0.000266s ]
SQL: SELECT * FROM `think_column` WHERE ( p_id = 35 ) ORDER BY id  [ RunTime:0.000292s ]
SQL: SELECT * FROM `think_column` WHERE ( p_id = 36 )  [ RunTime:0.000278s ]
SQL: SELECT * FROM `think_model` WHERE ( name ="list1" ) LIMIT 1   [ RunTime:0.000287s ]
SQL: SELECT * FROM `think_column` WHERE ( p_id = 36 ) ORDER BY id  [ RunTime:0.000212s ]
SQL: SELECT * FROM `think_column` WHERE ( p_id = 37 )  [ RunTime:0.000297s ]
SQL: SELECT * FROM `think_model` WHERE ( name ="list1" ) LIMIT 1   [ RunTime:0.000281s ]
SQL: SELECT * FROM `think_column` WHERE ( p_id = 37 ) ORDER BY id  [ RunTime:0.000289s ]
SQL: SELECT * FROM `think_column` WHERE ( p_id = 38 )  [ RunTime:0.000292s ]
SQL: SELECT * FROM `think_model` WHERE ( name ="list1" ) LIMIT 1   [ RunTime:0.000250s ]
SQL: SELECT * FROM `think_column` WHERE ( p_id = 38 ) ORDER BY id  [ RunTime:0.000296s ]
SQL: SELECT * FROM `think_column` WHERE ( p_id = 39 )  [ RunTime:0.000261s ]
SQL: SELECT * FROM `think_model` WHERE ( name ="list1" ) LIMIT 1   [ RunTime:0.000261s ]
SQL: SELECT * FROM `think_column` WHERE ( p_id = 39 ) ORDER BY id  [ RunTime:0.000335s ]
SQL: SELECT * FROM `think_column` WHERE ( p_id = 6 )  [ RunTime:0.000294s ]
SQL: SELECT * FROM `think_model` WHERE ( name ="list1" ) LIMIT 1   [ RunTime:0.000251s ]
SQL: SELECT * FROM `think_column` WHERE ( p_id = 6 ) ORDER BY id  [ RunTime:0.000265s ]
SQL: SELECT * FROM `think_column` WHERE ( p_id = 24 )  [ RunTime:0.000276s ]
SQL: SELECT * FROM `think_model` WHERE ( name ="article1" ) LIMIT 1   [ RunTime:0.000342s ]
SQL: SELECT * FROM `think_article` WHERE ( `raw_id` = 24 ) AND ( `entype` = 'zhiyuanzhejiaru' ) AND ( `model_type` = 'article_model' ) LIMIT 1   [ RunTime:0.000311s ]
SQL: SELECT * FROM `think_column` WHERE ( p_id = 24 ) ORDER BY id  [ RunTime:0.000273s ]
SQL: SELECT * FROM `think_column` WHERE ( p_id = 25 )  [ RunTime:0.000243s ]
SQL: SELECT * FROM `think_model` WHERE ( name ="list1" ) LIMIT 1   [ RunTime:0.000236s ]
SQL: SELECT * FROM `think_column` WHERE ( p_id = 25 ) ORDER BY id  [ RunTime:0.000225s ]
SQL: SELECT * FROM `think_column` WHERE ( p_id = 26 )  [ RunTime:0.000204s ]
SQL: SELECT * FROM `think_model` WHERE ( name ="article1" ) LIMIT 1   [ RunTime:0.000354s ]
SQL: SELECT * FROM `think_article` WHERE ( `raw_id` = 26 ) AND ( `entype` = 'lianluowomen' ) AND ( `model_type` = 'article_model' ) LIMIT 1   [ RunTime:0.000273s ]
SQL: SELECT * FROM `think_column` WHERE ( p_id = 26 ) ORDER BY id  [ RunTime:0.000329s ]
SQL: SELECT * FROM `think_column` WHERE ( p_id = 7 )  [ RunTime:0.000262s ]
SQL: SELECT * FROM `think_model` WHERE ( name ="list1" ) LIMIT 1   [ RunTime:0.000213s ]
SQL: SELECT * FROM `think_column` WHERE ( p_id = 7 ) ORDER BY id  [ RunTime:0.000358s ]
SQL: SELECT * FROM `think_column` WHERE ( p_id = 27 )  [ RunTime:0.000272s ]
SQL: SELECT * FROM `think_model` WHERE ( name ="article1" ) LIMIT 1   [ RunTime:0.000310s ]
SQL: SELECT * FROM `think_article` WHERE ( `raw_id` = 27 ) AND ( `entype` = 'zhanzhuzhichi' ) AND ( `model_type` = 'article_model' ) LIMIT 1   [ RunTime:0.000332s ]
SQL: SELECT * FROM `think_column` WHERE ( p_id = 27 ) ORDER BY id  [ RunTime:0.000279s ]
SQL: SELECT * FROM `think_column` WHERE ( p_id = 28 )  [ RunTime:0.000254s ]
SQL: SELECT * FROM `think_model` WHERE ( name ="article1" ) LIMIT 1   [ RunTime:0.000274s ]
SQL: SELECT * FROM `think_article` WHERE ( `raw_id` = 28 ) AND ( `entype` = 'meitihezuo' ) AND ( `model_type` = 'article_model' ) LIMIT 1   [ RunTime:0.000357s ]
SQL: SELECT * FROM `think_column` WHERE ( p_id = 28 ) ORDER BY id  [ RunTime:0.000311s ]
SQL: SELECT * FROM `think_column` WHERE ( p_id = 29 )  [ RunTime:0.000308s ]
SQL: SELECT * FROM `think_model` WHERE ( name ="article1" ) LIMIT 1   [ RunTime:0.000284s ]
SQL: SELECT * FROM `think_article` WHERE ( `raw_id` = 29 ) AND ( `entype` = 'changdizhichi' ) AND ( `model_type` = 'article_model' ) LIMIT 1   [ RunTime:0.000319s ]
SQL: SELECT * FROM `think_column` WHERE ( p_id = 29 ) ORDER BY id  [ RunTime:0.000295s ]
INFO: [ view_parse ] --START--
INFO: ParseTemplate Behavior ::run [ RunTime:0.012114s ]
INFO: [ view_parse ] --END-- [ RunTime:0.012186s ]
INFO: [ view_filter ] --START--
INFO: ContentReplace Behavior ::run [ RunTime:0.000757s ]
INFO: TokenBuild Behavior ::run [ RunTime:0.000702s ]
INFO: WriteHtmlCache Behavior ::run [ RunTime:0.000706s ]
INFO: ShowRuntime Behavior ::run [ RunTime:0.001112s ]
INFO: [ view_filter ] --END-- [ RunTime:0.003482s ]
INFO: [ view_end ] --START--
INFO: ShowPageTrace Behavior ::run [ RunTime:0.001026s ]
INFO: [ view_end ] --END-- [ RunTime:0.001103s ]

[ 2016-03-29T14:29:11+08:00 ] 0.0.0.0 /~changzhao619/2016/cwff/?m=Index&a=frame_img_show
INFO: [ app_begin ] --START--
INFO: ReadHtmlCache Behavior ::run [ RunTime:0.000408s ]
INFO: [ app_begin ] --END-- [ RunTime:0.000477s ]
NOTIC: [8] Constant THEME_NAME already defined /Users/changzhao619/Sites/2016/cwff/protected/thinkphp/Lib/Core/View.class.php 第 223 行.
NOTIC: [8] Constant THEME_PATH already defined /Users/changzhao619/Sites/2016/cwff/protected/thinkphp/Lib/Core/View.class.php 第 174 行.
NOTIC: [8] Constant APP_TMPL_PATH already defined /Users/changzhao619/Sites/2016/cwff/protected/thinkphp/Lib/Core/View.class.php 第 175 行.
INFO: [ view_parse ] --START--
INFO: ParseTemplate Behavior ::run [ RunTime:0.005208s ]
INFO: [ view_parse ] --END-- [ RunTime:0.005259s ]
INFO: [ view_filter ] --START--
INFO: ContentReplace Behavior ::run [ RunTime:0.000232s ]
INFO: TokenBuild Behavior ::run [ RunTime:0.000200s ]
INFO: WriteHtmlCache Behavior ::run [ RunTime:0.000127s ]
INFO: ShowRuntime Behavior ::run [ RunTime:0.000234s ]
INFO: [ view_filter ] --END-- [ RunTime:0.000889s ]
INFO: [ view_end ] --START--
INFO: ShowPageTrace Behavior ::run [ RunTime:0.000332s ]
INFO: [ view_end ] --END-- [ RunTime:0.000365s ]

